<?xml version="1.0" encoding="UTF-8"?>
<coverage generated="1710470057360" clover="3.2.0">
  <project timestamp="1710470057360" name="All files">
    <metrics statements="3411" coveredstatements="3268" conditionals="427" coveredconditionals="372" methods="175" coveredmethods="162" elements="4013" coveredelements="3802" complexity="0" loc="3411" ncloc="3411" packages="26" files="86" classes="86"/>
    <package name="lib">
      <metrics statements="120" coveredstatements="120" conditionals="25" coveredconditionals="23" methods="7" coveredmethods="7"/>
      <file name="main-stack.ts" path="/codebuild/output/src1414741452/src/source/constructs/lib/main-stack.ts">
        <metrics statements="120" coveredstatements="120" conditionals="25" coveredconditionals="23" methods="7" coveredmethods="7"/>
        <line num="17" count="1" type="stmt"/>
        <line num="38" count="1" type="stmt"/>
        <line num="39" count="1" type="stmt"/>
        <line num="41" count="1" type="stmt"/>
        <line num="42" count="1" type="stmt"/>
        <line num="44" count="1" type="stmt"/>
        <line num="45" count="1" type="stmt"/>
        <line num="46" count="1" type="stmt"/>
        <line num="47" count="1" type="stmt"/>
        <line num="48" count="1" type="stmt"/>
        <line num="49" count="1" type="stmt"/>
        <line num="51" count="1" type="stmt"/>
        <line num="61" count="1" type="stmt"/>
        <line num="65" count="79" type="stmt"/>
        <line num="95" count="1" type="stmt"/>
        <line num="96" count="4" type="stmt"/>
        <line num="97" count="4" type="stmt"/>
        <line num="100" count="4" type="stmt"/>
        <line num="101" count="4" type="stmt"/>
        <line num="102" count="4" type="stmt"/>
        <line num="103" count="4" type="stmt"/>
        <line num="104" count="4" type="stmt"/>
        <line num="105" count="4" type="stmt"/>
        <line num="106" count="4" type="stmt"/>
        <line num="107" count="4" type="stmt"/>
        <line num="108" count="4" type="stmt"/>
        <line num="112" count="4" type="stmt"/>
        <line num="114" count="4" type="cond" truecount="4" falsecount="1"/>
        <line num="115" count="1" type="stmt"/>
        <line num="118" count="4" type="cond" truecount="2" falsecount="0"/>
        <line num="120" count="4" type="cond" truecount="2" falsecount="0"/>
        <line num="121" count="4" type="cond" truecount="2" falsecount="0"/>
        <line num="122" count="4" type="stmt"/>
        <line num="124" count="4" type="stmt"/>
        <line num="126" count="4" type="stmt"/>
        <line num="127" count="4" type="stmt"/>
        <line num="128" count="4" type="stmt"/>
        <line num="129" count="4" type="stmt"/>
        <line num="132" count="4" type="stmt"/>
        <line num="138" count="4" type="stmt"/>
        <line num="139" count="4" type="stmt"/>
        <line num="142" count="4" type="cond" truecount="2" falsecount="0"/>
        <line num="143" count="1" type="stmt"/>
        <line num="149" count="1" type="stmt"/>
        <line num="150" count="1" type="stmt"/>
        <line num="152" count="1" type="stmt"/>
        <line num="157" count="1" type="stmt"/>
        <line num="158" count="1" type="stmt"/>
        <line num="160" count="1" type="stmt"/>
        <line num="168" count="1" type="stmt"/>
        <line num="169" count="1" type="stmt"/>
        <line num="171" count="1" type="stmt"/>
        <line num="178" count="1" type="stmt"/>
        <line num="179" count="1" type="stmt"/>
        <line num="181" count="1" type="stmt"/>
        <line num="188" count="1" type="stmt"/>
        <line num="189" count="1" type="stmt"/>
        <line num="191" count="1" type="stmt"/>
        <line num="196" count="1" type="stmt"/>
        <line num="204" count="3" type="stmt"/>
        <line num="208" count="3" type="stmt"/>
        <line num="209" count="3" type="stmt"/>
        <line num="210" count="3" type="stmt"/>
        <line num="231" count="4" type="stmt"/>
        <line num="232" count="4" type="stmt"/>
        <line num="234" count="4" type="cond" truecount="4" falsecount="1"/>
        <line num="235" count="1" type="stmt"/>
        <line num="240" count="1" type="stmt"/>
        <line num="241" count="1" type="stmt"/>
        <line num="243" count="1" type="stmt"/>
        <line num="248" count="1" type="stmt"/>
        <line num="249" count="1" type="stmt"/>
        <line num="251" count="1" type="stmt"/>
        <line num="256" count="1" type="stmt"/>
        <line num="257" count="1" type="stmt"/>
        <line num="258" count="1" type="stmt"/>
        <line num="266" count="1" type="stmt"/>
        <line num="273" count="1" type="stmt"/>
        <line num="276" count="4" type="stmt"/>
        <line num="281" count="4" type="stmt"/>
        <line num="330" count="4" type="stmt"/>
        <line num="335" count="4" type="stmt"/>
        <line num="344" count="4" type="stmt"/>
        <line num="357" count="4" type="stmt"/>
        <line num="361" count="4" type="stmt"/>
        <line num="377" count="4" type="stmt"/>
        <line num="380" count="4" type="stmt"/>
        <line num="395" count="4" type="stmt"/>
        <line num="440" count="4" type="stmt"/>
        <line num="448" count="4" type="stmt"/>
        <line num="504" count="4" type="stmt"/>
        <line num="507" count="4" type="stmt"/>
        <line num="535" count="4" type="stmt"/>
        <line num="550" count="4" type="stmt"/>
        <line num="561" count="4" type="stmt"/>
        <line num="562" count="4" type="stmt"/>
        <line num="573" count="4" type="cond" truecount="1" falsecount="0"/>
        <line num="574" count="4" type="stmt"/>
        <line num="579" count="4" type="stmt"/>
        <line num="580" count="4" type="cond" truecount="1" falsecount="0"/>
        <line num="581" count="4" type="stmt"/>
        <line num="583" count="4" type="stmt"/>
        <line num="586" count="4" type="stmt"/>
        <line num="592" count="7" type="stmt"/>
        <line num="597" count="4" type="stmt"/>
        <line num="600" count="4" type="stmt"/>
        <line num="617" count="4" type="stmt"/>
        <line num="629" count="4" type="stmt"/>
        <line num="636" count="4" type="stmt"/>
        <line num="639" count="4" type="stmt"/>
        <line num="655" count="4" type="stmt"/>
        <line num="657" count="4" type="stmt"/>
        <line num="664" count="4" type="stmt"/>
        <line num="670" count="4" type="stmt"/>
        <line num="675" count="4" type="stmt"/>
        <line num="684" count="7" type="stmt"/>
        <line num="691" count="12" type="stmt"/>
        <line num="699" count="4" type="stmt"/>
        <line num="703" count="5059" type="cond" truecount="1" falsecount="0"/>
        <line num="707" count="4" type="stmt"/>
      </file>
    </package>
    <package name="lib.api">
      <metrics statements="628" coveredstatements="627" conditionals="51" coveredconditionals="49" methods="25" coveredmethods="25"/>
      <file name="api-stack.ts" path="/codebuild/output/src1414741452/src/source/constructs/lib/api/api-stack.ts">
        <metrics statements="54" coveredstatements="54" conditionals="0" coveredconditionals="0" methods="1" coveredmethods="1"/>
        <line num="17" count="1" type="stmt"/>
        <line num="19" count="1" type="stmt"/>
        <line num="20" count="1" type="stmt"/>
        <line num="22" count="1" type="stmt"/>
        <line num="23" count="1" type="stmt"/>
        <line num="24" count="1" type="stmt"/>
        <line num="25" count="1" type="stmt"/>
        <line num="27" count="1" type="stmt"/>
        <line num="28" count="1" type="stmt"/>
        <line num="29" count="1" type="stmt"/>
        <line num="31" count="1" type="stmt"/>
        <line num="32" count="1" type="stmt"/>
        <line num="33" count="1" type="stmt"/>
        <line num="34" count="1" type="stmt"/>
        <line num="35" count="1" type="stmt"/>
        <line num="37" count="1" type="stmt"/>
        <line num="38" count="1" type="stmt"/>
        <line num="41" count="1" type="stmt"/>
        <line num="42" count="1" type="stmt"/>
        <line num="114" count="1" type="stmt"/>
        <line num="119" count="4" type="stmt"/>
        <line num="121" count="4" type="stmt"/>
        <line num="130" count="4" type="stmt"/>
        <line num="135" count="4" type="stmt"/>
        <line num="138" count="4" type="stmt"/>
        <line num="144" count="4" type="stmt"/>
        <line num="155" count="4" type="stmt"/>
        <line num="158" count="4" type="stmt"/>
        <line num="166" count="4" type="stmt"/>
        <line num="178" count="4" type="stmt"/>
        <line num="186" count="4" type="stmt"/>
        <line num="196" count="4" type="stmt"/>
        <line num="207" count="4" type="stmt"/>
        <line num="210" count="4" type="stmt"/>
        <line num="220" count="4" type="stmt"/>
        <line num="232" count="4" type="stmt"/>
        <line num="239" count="4" type="stmt"/>
        <line num="251" count="4" type="stmt"/>
        <line num="262" count="4" type="stmt"/>
        <line num="268" count="4" type="stmt"/>
        <line num="280" count="4" type="stmt"/>
        <line num="293" count="4" type="stmt"/>
        <line num="305" count="4" type="stmt"/>
        <line num="315" count="4" type="stmt"/>
        <line num="318" count="4" type="stmt"/>
        <line num="328" count="4" type="stmt"/>
        <line num="340" count="4" type="stmt"/>
        <line num="368" count="4" type="stmt"/>
        <line num="374" count="4" type="stmt"/>
        <line num="386" count="4" type="stmt"/>
        <line num="400" count="4" type="stmt"/>
        <line num="410" count="4" type="stmt"/>
        <line num="412" count="4" type="stmt"/>
        <line num="417" count="4" type="stmt"/>
      </file>
      <file name="app-log-ingestion-flow.ts" path="/codebuild/output/src1414741452/src/source/constructs/lib/api/app-log-ingestion-flow.ts">
        <metrics statements="24" coveredstatements="24" conditionals="2" coveredconditionals="2" methods="1" coveredmethods="1"/>
        <line num="16" count="1" type="stmt"/>
        <line num="19" count="1" type="stmt"/>
        <line num="29" count="1" type="stmt"/>
        <line num="32" count="1" type="stmt"/>
        <line num="34" count="1" type="stmt"/>
        <line num="65" count="1" type="stmt"/>
        <line num="70" count="4" type="stmt"/>
        <line num="71" count="4" type="stmt"/>
        <line num="74" count="4" type="stmt"/>
        <line num="75" count="4" type="stmt"/>
        <line num="78" count="4" type="stmt"/>
        <line num="96" count="4" type="stmt"/>
        <line num="97" count="4" type="stmt"/>
        <line num="98" count="4" type="stmt"/>
        <line num="106" count="4" type="stmt"/>
        <line num="112" count="4" type="stmt"/>
        <line num="115" count="4" type="stmt"/>
        <line num="126" count="4" type="stmt"/>
        <line num="131" count="4" type="stmt"/>
        <line num="135" count="4" type="stmt"/>
        <line num="155" count="4" type="stmt"/>
        <line num="164" count="4" type="stmt"/>
        <line num="165" count="4" type="stmt"/>
        <line num="167" count="4" type="stmt"/>
      </file>
      <file name="app-log-ingestion-stack.ts" path="/codebuild/output/src1414741452/src/source/constructs/lib/api/app-log-ingestion-stack.ts">
        <metrics statements="81" coveredstatements="81" conditionals="10" coveredconditionals="10" methods="1" coveredmethods="1"/>
        <line num="16" count="1" type="stmt"/>
        <line num="17" count="1" type="stmt"/>
        <line num="18" count="1" type="stmt"/>
        <line num="31" count="1" type="stmt"/>
        <line num="32" count="1" type="stmt"/>
        <line num="33" count="1" type="stmt"/>
        <line num="35" count="1" type="stmt"/>
        <line num="38" count="1" type="stmt"/>
        <line num="39" count="1" type="stmt"/>
        <line num="96" count="1" type="stmt"/>
        <line num="98" count="4" type="stmt"/>
        <line num="100" count="4" type="stmt"/>
        <line num="103" count="4" type="stmt"/>
        <line num="109" count="4" type="stmt"/>
        <line num="111" count="4" type="stmt"/>
        <line num="184" count="4" type="stmt"/>
        <line num="208" count="4" type="stmt"/>
        <line num="251" count="4" type="stmt"/>
        <line num="267" count="4" type="stmt"/>
        <line num="270" count="4" type="stmt"/>
        <line num="274" count="4" type="stmt"/>
        <line num="277" count="4" type="stmt"/>
        <line num="281" count="4" type="stmt"/>
        <line num="285" count="4" type="stmt"/>
        <line num="289" count="4" type="stmt"/>
        <line num="293" count="4" type="stmt"/>
        <line num="297" count="4" type="stmt"/>
        <line num="301" count="4" type="stmt"/>
        <line num="305" count="4" type="stmt"/>
        <line num="330" count="4" type="stmt"/>
        <line num="337" count="4" type="stmt"/>
        <line num="414" count="4" type="stmt"/>
        <line num="418" count="4" type="stmt"/>
        <line num="420" count="4" type="stmt"/>
        <line num="425" count="4" type="stmt"/>
        <line num="432" count="4" type="stmt"/>
        <line num="476" count="4" type="stmt"/>
        <line num="479" count="4" type="stmt"/>
        <line num="480" count="4" type="stmt"/>
        <line num="481" count="4" type="stmt"/>
        <line num="482" count="4" type="stmt"/>
        <line num="483" count="4" type="stmt"/>
        <line num="484" count="4" type="stmt"/>
        <line num="485" count="4" type="stmt"/>
        <line num="486" count="4" type="stmt"/>
        <line num="488" count="4" type="stmt"/>
        <line num="491" count="4" type="stmt"/>
        <line num="499" count="4" type="stmt"/>
        <line num="507" count="4" type="stmt"/>
        <line num="517" count="4" type="stmt"/>
        <line num="525" count="4" type="stmt"/>
        <line num="528" count="4" type="stmt"/>
        <line num="537" count="4" type="stmt"/>
        <line num="548" count="4" type="stmt"/>
        <line num="558" count="4" type="stmt"/>
        <line num="568" count="4" type="stmt"/>
        <line num="580" count="4" type="stmt"/>
        <line num="592" count="4" type="stmt"/>
        <line num="599" count="4" type="stmt"/>
        <line num="606" count="4" type="stmt"/>
        <line num="630" count="4" type="stmt"/>
        <line num="636" count="4" type="stmt"/>
        <line num="639" count="4" type="stmt"/>
        <line num="641" count="4" type="stmt"/>
        <line num="643" count="4" type="stmt"/>
        <line num="647" count="4" type="stmt"/>
        <line num="651" count="4" type="stmt"/>
        <line num="655" count="4" type="stmt"/>
        <line num="660" count="4" type="stmt"/>
        <line num="687" count="4" type="stmt"/>
        <line num="688" count="4" type="stmt"/>
        <line num="689" count="4" type="stmt"/>
        <line num="690" count="4" type="stmt"/>
        <line num="691" count="4" type="stmt"/>
        <line num="693" count="4" type="stmt"/>
        <line num="695" count="4" type="stmt"/>
        <line num="721" count="4" type="stmt"/>
        <line num="722" count="4" type="stmt"/>
        <line num="741" count="4" type="stmt"/>
        <line num="747" count="4" type="stmt"/>
        <line num="755" count="4" type="stmt"/>
      </file>
      <file name="app-pipeline-flow.ts" path="/codebuild/output/src1414741452/src/source/constructs/lib/api/app-pipeline-flow.ts">
        <metrics statements="40" coveredstatements="40" conditionals="4" coveredconditionals="4" methods="1" coveredmethods="1"/>
        <line num="16" count="1" type="stmt"/>
        <line num="17" count="1" type="stmt"/>
        <line num="27" count="1" type="stmt"/>
        <line num="28" count="1" type="stmt"/>
        <line num="29" count="1" type="stmt"/>
        <line num="32" count="1" type="stmt"/>
        <line num="77" count="1" type="stmt"/>
        <line num="81" count="4" type="stmt"/>
        <line num="83" count="4" type="stmt"/>
        <line num="84" count="4" type="stmt"/>
        <line num="87" count="4" type="stmt"/>
        <line num="88" count="4" type="stmt"/>
        <line num="91" count="4" type="stmt"/>
        <line num="108" count="4" type="stmt"/>
        <line num="109" count="4" type="stmt"/>
        <line num="117" count="4" type="stmt"/>
        <line num="137" count="4" type="stmt"/>
        <line num="138" count="4" type="stmt"/>
        <line num="139" count="4" type="stmt"/>
        <line num="140" count="4" type="stmt"/>
        <line num="142" count="4" type="stmt"/>
        <line num="163" count="4" type="stmt"/>
        <line num="164" count="4" type="stmt"/>
        <line num="175" count="4" type="stmt"/>
        <line num="185" count="4" type="stmt"/>
        <line num="210" count="4" type="stmt"/>
        <line num="215" count="4" type="stmt"/>
        <line num="220" count="4" type="stmt"/>
        <line num="222" count="4" type="stmt"/>
        <line num="234" count="4" type="stmt"/>
        <line num="249" count="4" type="stmt"/>
        <line num="257" count="4" type="stmt"/>
        <line num="261" count="4" type="stmt"/>
        <line num="281" count="4" type="stmt"/>
        <line num="294" count="4" type="stmt"/>
        <line num="307" count="4" type="stmt"/>
        <line num="313" count="4" type="stmt"/>
        <line num="322" count="4" type="stmt"/>
        <line num="323" count="4" type="stmt"/>
        <line num="325" count="4" type="stmt"/>
      </file>
      <file name="app-pipeline-stack.ts" path="/codebuild/output/src1414741452/src/source/constructs/lib/api/app-pipeline-stack.ts">
        <metrics statements="35" coveredstatements="35" conditionals="2" coveredconditionals="2" methods="1" coveredmethods="1"/>
        <line num="16" count="1" type="stmt"/>
        <line num="17" count="1" type="stmt"/>
        <line num="18" count="1" type="stmt"/>
        <line num="28" count="1" type="stmt"/>
        <line num="30" count="1" type="stmt"/>
        <line num="31" count="1" type="stmt"/>
        <line num="61" count="1" type="stmt"/>
        <line num="63" count="4" type="stmt"/>
        <line num="66" count="4" type="stmt"/>
        <line num="76" count="4" type="stmt"/>
        <line num="103" count="4" type="stmt"/>
        <line num="104" count="4" type="stmt"/>
        <line num="106" count="4" type="stmt"/>
        <line num="107" count="4" type="stmt"/>
        <line num="108" count="4" type="stmt"/>
        <line num="109" count="4" type="stmt"/>
        <line num="111" count="4" type="stmt"/>
        <line num="119" count="4" type="stmt"/>
        <line num="127" count="4" type="stmt"/>
        <line num="135" count="4" type="stmt"/>
        <line num="151" count="4" type="stmt"/>
        <line num="161" count="4" type="stmt"/>
        <line num="172" count="4" type="stmt"/>
        <line num="184" count="4" type="stmt"/>
        <line num="198" count="4" type="stmt"/>
        <line num="202" count="4" type="stmt"/>
        <line num="218" count="4" type="stmt"/>
        <line num="227" count="4" type="stmt"/>
        <line num="244" count="4" type="stmt"/>
        <line num="251" count="4" type="stmt"/>
        <line num="258" count="4" type="stmt"/>
        <line num="265" count="4" type="stmt"/>
        <line num="277" count="4" type="stmt"/>
        <line num="289" count="4" type="stmt"/>
        <line num="301" count="4" type="stmt"/>
      </file>
      <file name="app-table-stack.ts" path="/codebuild/output/src1414741452/src/source/constructs/lib/api/app-table-stack.ts">
        <metrics statements="24" coveredstatements="24" conditionals="0" coveredconditionals="0" methods="1" coveredmethods="1"/>
        <line num="17" count="1" type="stmt"/>
        <line num="18" count="1" type="stmt"/>
        <line num="20" count="1" type="stmt"/>
        <line num="29" count="4" type="stmt"/>
        <line num="32" count="4" type="stmt"/>
        <line num="47" count="4" type="stmt"/>
        <line num="48" count="4" type="stmt"/>
        <line num="51" count="4" type="stmt"/>
        <line num="67" count="4" type="stmt"/>
        <line num="73" count="4" type="stmt"/>
        <line num="75" count="4" type="stmt"/>
        <line num="78" count="4" type="stmt"/>
        <line num="88" count="4" type="stmt"/>
        <line num="90" count="4" type="stmt"/>
        <line num="93" count="4" type="stmt"/>
        <line num="104" count="4" type="stmt"/>
        <line num="106" count="4" type="stmt"/>
        <line num="109" count="4" type="stmt"/>
        <line num="120" count="4" type="stmt"/>
        <line num="126" count="4" type="stmt"/>
        <line num="128" count="4" type="stmt"/>
        <line num="131" count="4" type="stmt"/>
        <line num="142" count="4" type="stmt"/>
        <line num="144" count="4" type="stmt"/>
      </file>
      <file name="appsync-stack.ts" path="/codebuild/output/src1414741452/src/source/constructs/lib/api/appsync-stack.ts">
        <metrics statements="30" coveredstatements="29" conditionals="5" coveredconditionals="4" methods="3" coveredmethods="3"/>
        <line num="16" count="1" type="stmt"/>
        <line num="17" count="1" type="stmt"/>
        <line num="32" count="1" type="stmt"/>
        <line num="33" count="1" type="stmt"/>
        <line num="34" count="1" type="stmt"/>
        <line num="78" count="1" type="stmt"/>
        <line num="83" count="4" type="stmt"/>
        <line num="88" count="4" type="stmt"/>
        <line num="91" count="4" type="stmt"/>
        <line num="97" count="4" type="stmt"/>
        <line num="103" count="4" type="stmt"/>
        <line num="107" count="4" type="stmt"/>
        <line num="119" count="4" type="stmt"/>
        <line num="121" count="4" type="stmt"/>
        <line num="122" count="4" type="stmt"/>
        <line num="131" count="4" type="cond" truecount="2" falsecount="0"/>
        <line num="133" count="1" type="stmt"/>
        <line num="143" count="3" type="stmt"/>
        <line num="149" count="3" type="stmt"/>
        <line num="159" count="4" type="stmt"/>
        <line num="181" count="4" type="stmt"/>
        <line num="197" count="4" type="stmt"/>
        <line num="202" count="4" type="stmt"/>
        <line num="204" count="4" type="stmt"/>
        <line num="208" count="4" type="stmt"/>
        <line num="221" count="4" type="stmt"/>
        <line num="223" count="4" type="stmt"/>
        <line num="229" count="4" type="stmt"/>
        <line num="232" count="1087" type="cond" truecount="2" falsecount="1"/>
        <line num="233" count="0" type="stmt"/>
      </file>
      <file name="cluster-flow.ts" path="/codebuild/output/src1414741452/src/source/constructs/lib/api/cluster-flow.ts">
        <metrics statements="30" coveredstatements="30" conditionals="0" coveredconditionals="0" methods="4" coveredmethods="4"/>
        <line num="16" count="1" type="stmt"/>
        <line num="19" count="1" type="stmt"/>
        <line num="26" count="1" type="stmt"/>
        <line num="51" count="1" type="stmt"/>
        <line num="56" count="12" type="stmt"/>
        <line num="78" count="12" type="stmt"/>
        <line num="98" count="8" type="stmt"/>
        <line num="111" count="4" type="stmt"/>
        <line num="113" count="4" type="stmt"/>
        <line num="115" count="4" type="stmt"/>
        <line num="116" count="4" type="stmt"/>
        <line num="117" count="4" type="stmt"/>
        <line num="119" count="4" type="stmt"/>
        <line num="120" count="4" type="stmt"/>
        <line num="121" count="4" type="stmt"/>
        <line num="123" count="4" type="stmt"/>
        <line num="130" count="4" type="stmt"/>
        <line num="140" count="4" type="stmt"/>
        <line num="143" count="4" type="stmt"/>
        <line num="144" count="4" type="stmt"/>
        <line num="146" count="4" type="stmt"/>
        <line num="147" count="4" type="stmt"/>
        <line num="149" count="4" type="stmt"/>
        <line num="155" count="4" type="stmt"/>
        <line num="160" count="4" type="stmt"/>
        <line num="164" count="4" type="stmt"/>
        <line num="184" count="4" type="stmt"/>
        <line num="193" count="4" type="stmt"/>
        <line num="194" count="4" type="stmt"/>
        <line num="196" count="4" type="stmt"/>
      </file>
      <file name="cluster-stack.ts" path="/codebuild/output/src1414741452/src/source/constructs/lib/api/cluster-stack.ts">
        <metrics statements="36" coveredstatements="36" conditionals="2" coveredconditionals="2" methods="1" coveredmethods="1"/>
        <line num="16" count="1" type="stmt"/>
        <line num="17" count="1" type="stmt"/>
        <line num="18" count="1" type="stmt"/>
        <line num="28" count="1" type="stmt"/>
        <line num="30" count="1" type="stmt"/>
        <line num="31" count="1" type="stmt"/>
        <line num="32" count="1" type="stmt"/>
        <line num="82" count="1" type="stmt"/>
        <line num="86" count="4" type="stmt"/>
        <line num="89" count="4" type="stmt"/>
        <line num="100" count="4" type="stmt"/>
        <line num="101" count="4" type="stmt"/>
        <line num="102" count="4" type="stmt"/>
        <line num="115" count="4" type="stmt"/>
        <line num="121" count="4" type="stmt"/>
        <line num="141" count="4" type="stmt"/>
        <line num="168" count="4" type="stmt"/>
        <line num="169" count="4" type="stmt"/>
        <line num="170" count="4" type="stmt"/>
        <line num="172" count="4" type="stmt"/>
        <line num="235" count="4" type="stmt"/>
        <line num="238" count="4" type="stmt"/>
        <line num="239" count="4" type="stmt"/>
        <line num="251" count="4" type="stmt"/>
        <line num="260" count="4" type="stmt"/>
        <line num="269" count="4" type="stmt"/>
        <line num="276" count="4" type="stmt"/>
        <line num="290" count="4" type="stmt"/>
        <line num="299" count="4" type="stmt"/>
        <line num="308" count="4" type="stmt"/>
        <line num="317" count="4" type="stmt"/>
        <line num="329" count="4" type="stmt"/>
        <line num="336" count="4" type="stmt"/>
        <line num="348" count="4" type="stmt"/>
        <line num="356" count="4" type="stmt"/>
        <line num="363" count="4" type="stmt"/>
      </file>
      <file name="common-resource-stack.ts" path="/codebuild/output/src1414741452/src/source/constructs/lib/api/common-resource-stack.ts">
        <metrics statements="20" coveredstatements="20" conditionals="2" coveredconditionals="2" methods="1" coveredmethods="1"/>
        <line num="16" count="1" type="stmt"/>
        <line num="17" count="1" type="stmt"/>
        <line num="18" count="1" type="stmt"/>
        <line num="25" count="1" type="stmt"/>
        <line num="27" count="1" type="stmt"/>
        <line num="28" count="1" type="stmt"/>
        <line num="46" count="1" type="stmt"/>
        <line num="48" count="4" type="stmt"/>
        <line num="51" count="4" type="stmt"/>
        <line num="69" count="4" type="stmt"/>
        <line num="72" count="4" type="stmt"/>
        <line num="172" count="4" type="stmt"/>
        <line num="173" count="4" type="stmt"/>
        <line num="174" count="4" type="stmt"/>
        <line num="185" count="4" type="stmt"/>
        <line num="194" count="4" type="stmt"/>
        <line num="203" count="4" type="stmt"/>
        <line num="215" count="4" type="stmt"/>
        <line num="227" count="4" type="stmt"/>
        <line num="239" count="4" type="stmt"/>
      </file>
      <file name="cross-account-stack.ts" path="/codebuild/output/src1414741452/src/source/constructs/lib/api/cross-account-stack.ts">
        <metrics statements="25" coveredstatements="25" conditionals="6" coveredconditionals="5" methods="1" coveredmethods="1"/>
        <line num="16" count="1" type="stmt"/>
        <line num="17" count="1" type="stmt"/>
        <line num="18" count="1" type="stmt"/>
        <line num="26" count="1" type="stmt"/>
        <line num="28" count="1" type="stmt"/>
        <line num="40" count="1" type="stmt"/>
        <line num="47" count="4" type="stmt"/>
        <line num="48" count="4" type="stmt"/>
        <line num="50" count="4" type="stmt"/>
        <line num="69" count="4" type="stmt"/>
        <line num="85" count="4" type="stmt"/>
        <line num="87" count="4" type="stmt"/>
        <line num="90" count="4" type="stmt"/>
        <line num="108" count="4" type="stmt"/>
        <line num="116" count="4" type="cond" truecount="3" falsecount="1"/>
        <line num="124" count="4" type="stmt"/>
        <line num="127" count="4" type="stmt"/>
        <line num="154" count="4" type="stmt"/>
        <line num="157" count="4" type="stmt"/>
        <line num="177" count="4" type="stmt"/>
        <line num="185" count="4" type="stmt"/>
        <line num="202" count="4" type="stmt"/>
        <line num="219" count="4" type="stmt"/>
        <line num="231" count="4" type="stmt"/>
        <line num="242" count="4" type="stmt"/>
      </file>
      <file name="cwl-stack.ts" path="/codebuild/output/src1414741452/src/source/constructs/lib/api/cwl-stack.ts">
        <metrics statements="30" coveredstatements="30" conditionals="2" coveredconditionals="2" methods="1" coveredmethods="1"/>
        <line num="16" count="1" type="stmt"/>
        <line num="17" count="1" type="stmt"/>
        <line num="18" count="1" type="stmt"/>
        <line num="27" count="1" type="stmt"/>
        <line num="29" count="1" type="stmt"/>
        <line num="30" count="1" type="stmt"/>
        <line num="31" count="1" type="stmt"/>
        <line num="35" count="1" type="stmt"/>
        <line num="53" count="1" type="stmt"/>
        <line num="57" count="4" type="stmt"/>
        <line num="59" count="4" type="stmt"/>
        <line num="64" count="4" type="stmt"/>
        <line num="69" count="4" type="stmt"/>
        <line num="74" count="4" type="stmt"/>
        <line num="81" count="4" type="stmt"/>
        <line num="86" count="4" type="stmt"/>
        <line num="88" count="4" type="stmt"/>
        <line num="95" count="4" type="stmt"/>
        <line num="115" count="4" type="stmt"/>
        <line num="117" count="4" type="stmt"/>
        <line num="135" count="4" type="stmt"/>
        <line num="136" count="4" type="stmt"/>
        <line num="137" count="4" type="stmt"/>
        <line num="138" count="4" type="stmt"/>
        <line num="140" count="4" type="stmt"/>
        <line num="142" count="4" type="stmt"/>
        <line num="150" count="4" type="stmt"/>
        <line num="158" count="4" type="stmt"/>
        <line num="165" count="4" type="stmt"/>
        <line num="172" count="4" type="stmt"/>
      </file>
      <file name="ec2-iam-instance-profile.ts" path="/codebuild/output/src1414741452/src/source/constructs/lib/api/ec2-iam-instance-profile.ts">
        <metrics statements="20" coveredstatements="20" conditionals="0" coveredconditionals="0" methods="1" coveredmethods="1"/>
        <line num="16" count="2" type="stmt"/>
        <line num="22" count="2" type="stmt"/>
        <line num="23" count="2" type="stmt"/>
        <line num="24" count="2" type="stmt"/>
        <line num="36" count="2" type="stmt"/>
        <line num="42" count="5" type="stmt"/>
        <line num="44" count="5" type="stmt"/>
        <line num="45" count="5" type="stmt"/>
        <line num="46" count="5" type="stmt"/>
        <line num="49" count="5" type="stmt"/>
        <line num="99" count="5" type="stmt"/>
        <line num="100" count="5" type="stmt"/>
        <line num="102" count="5" type="stmt"/>
        <line num="109" count="5" type="stmt"/>
        <line num="118" count="5" type="stmt"/>
        <line num="122" count="5" type="stmt"/>
        <line num="124" count="5" type="stmt"/>
        <line num="125" count="5" type="stmt"/>
        <line num="127" count="5" type="stmt"/>
        <line num="130" count="5" type="stmt"/>
      </file>
      <file name="grafana-stack.ts" path="/codebuild/output/src1414741452/src/source/constructs/lib/api/grafana-stack.ts">
        <metrics statements="18" coveredstatements="18" conditionals="2" coveredconditionals="2" methods="1" coveredmethods="1"/>
        <line num="16" count="1" type="stmt"/>
        <line num="17" count="1" type="stmt"/>
        <line num="26" count="1" type="stmt"/>
        <line num="27" count="1" type="stmt"/>
        <line num="28" count="1" type="stmt"/>
        <line num="29" count="1" type="stmt"/>
        <line num="45" count="1" type="stmt"/>
        <line num="53" count="4" type="stmt"/>
        <line num="55" count="4" type="stmt"/>
        <line num="71" count="4" type="stmt"/>
        <line num="94" count="4" type="stmt"/>
        <line num="97" count="4" type="stmt"/>
        <line num="105" count="4" type="stmt"/>
        <line num="114" count="4" type="stmt"/>
        <line num="125" count="4" type="stmt"/>
        <line num="134" count="4" type="stmt"/>
        <line num="141" count="4" type="stmt"/>
        <line num="148" count="4" type="stmt"/>
      </file>
      <file name="instance-stack.ts" path="/codebuild/output/src1414741452/src/source/constructs/lib/api/instance-stack.ts">
        <metrics statements="21" coveredstatements="21" conditionals="2" coveredconditionals="2" methods="1" coveredmethods="1"/>
        <line num="16" count="1" type="stmt"/>
        <line num="17" count="1" type="stmt"/>
        <line num="18" count="1" type="stmt"/>
        <line num="27" count="1" type="stmt"/>
        <line num="28" count="1" type="stmt"/>
        <line num="29" count="1" type="stmt"/>
        <line num="43" count="1" type="stmt"/>
        <line num="47" count="4" type="stmt"/>
        <line num="50" count="4" type="stmt"/>
        <line num="53" count="4" type="stmt"/>
        <line num="59" count="4" type="stmt"/>
        <line num="134" count="4" type="stmt"/>
        <line num="155" count="4" type="stmt"/>
        <line num="156" count="4" type="stmt"/>
        <line num="159" count="4" type="stmt"/>
        <line num="172" count="4" type="stmt"/>
        <line num="173" count="4" type="stmt"/>
        <line num="176" count="4" type="stmt"/>
        <line num="184" count="4" type="stmt"/>
        <line num="201" count="4" type="stmt"/>
        <line num="213" count="4" type="stmt"/>
      </file>
      <file name="log-conf-stack.ts" path="/codebuild/output/src1414741452/src/source/constructs/lib/api/log-conf-stack.ts">
        <metrics statements="16" coveredstatements="16" conditionals="2" coveredconditionals="2" methods="1" coveredmethods="1"/>
        <line num="17" count="1" type="stmt"/>
        <line num="18" count="1" type="stmt"/>
        <line num="19" count="1" type="stmt"/>
        <line num="25" count="1" type="stmt"/>
        <line num="26" count="1" type="stmt"/>
        <line num="40" count="1" type="stmt"/>
        <line num="42" count="4" type="stmt"/>
        <line num="45" count="4" type="stmt"/>
        <line num="63" count="4" type="stmt"/>
        <line num="72" count="4" type="stmt"/>
        <line num="75" count="4" type="stmt"/>
        <line num="85" count="4" type="stmt"/>
        <line num="94" count="4" type="stmt"/>
        <line num="101" count="4" type="stmt"/>
        <line num="110" count="4" type="stmt"/>
        <line num="124" count="4" type="stmt"/>
      </file>
      <file name="log-source-stack.ts" path="/codebuild/output/src1414741452/src/source/constructs/lib/api/log-source-stack.ts">
        <metrics statements="23" coveredstatements="23" conditionals="2" coveredconditionals="2" methods="1" coveredmethods="1"/>
        <line num="16" count="1" type="stmt"/>
        <line num="17" count="1" type="stmt"/>
        <line num="18" count="1" type="stmt"/>
        <line num="25" count="1" type="stmt"/>
        <line num="26" count="1" type="stmt"/>
        <line num="46" count="1" type="stmt"/>
        <line num="50" count="4" type="stmt"/>
        <line num="53" count="4" type="stmt"/>
        <line num="74" count="4" type="stmt"/>
        <line num="95" count="4" type="stmt"/>
        <line num="96" count="4" type="stmt"/>
        <line num="97" count="4" type="stmt"/>
        <line num="98" count="4" type="stmt"/>
        <line num="99" count="4" type="stmt"/>
        <line num="102" count="4" type="stmt"/>
        <line num="117" count="4" type="stmt"/>
        <line num="143" count="4" type="stmt"/>
        <line num="151" count="4" type="stmt"/>
        <line num="158" count="4" type="stmt"/>
        <line num="166" count="4" type="stmt"/>
        <line num="173" count="4" type="stmt"/>
        <line num="180" count="4" type="stmt"/>
        <line num="188" count="4" type="stmt"/>
      </file>
      <file name="pipeline-alarm-stack.ts" path="/codebuild/output/src1414741452/src/source/constructs/lib/api/pipeline-alarm-stack.ts">
        <metrics statements="25" coveredstatements="25" conditionals="2" coveredconditionals="2" methods="1" coveredmethods="1"/>
        <line num="16" count="1" type="stmt"/>
        <line num="17" count="1" type="stmt"/>
        <line num="18" count="1" type="stmt"/>
        <line num="25" count="1" type="stmt"/>
        <line num="27" count="1" type="stmt"/>
        <line num="28" count="1" type="stmt"/>
        <line num="47" count="1" type="stmt"/>
        <line num="49" count="4" type="stmt"/>
        <line num="51" count="4" type="stmt"/>
        <line num="56" count="4" type="stmt"/>
        <line num="61" count="4" type="stmt"/>
        <line num="68" count="4" type="stmt"/>
        <line num="92" count="4" type="stmt"/>
        <line num="93" count="4" type="stmt"/>
        <line num="94" count="4" type="stmt"/>
        <line num="95" count="4" type="stmt"/>
        <line num="96" count="4" type="stmt"/>
        <line num="98" count="4" type="stmt"/>
        <line num="144" count="4" type="stmt"/>
        <line num="145" count="4" type="stmt"/>
        <line num="157" count="4" type="stmt"/>
        <line num="165" count="4" type="stmt"/>
        <line num="172" count="4" type="stmt"/>
        <line num="179" count="4" type="stmt"/>
        <line num="186" count="4" type="stmt"/>
      </file>
      <file name="svc-pipeline-flow.ts" path="/codebuild/output/src1414741452/src/source/constructs/lib/api/svc-pipeline-flow.ts">
        <metrics statements="41" coveredstatements="41" conditionals="4" coveredconditionals="4" methods="1" coveredmethods="1"/>
        <line num="16" count="1" type="stmt"/>
        <line num="19" count="1" type="stmt"/>
        <line num="30" count="1" type="stmt"/>
        <line num="31" count="1" type="stmt"/>
        <line num="32" count="1" type="stmt"/>
        <line num="35" count="1" type="stmt"/>
        <line num="75" count="1" type="stmt"/>
        <line num="80" count="4" type="stmt"/>
        <line num="82" count="4" type="stmt"/>
        <line num="83" count="4" type="stmt"/>
        <line num="86" count="4" type="stmt"/>
        <line num="89" count="4" type="stmt"/>
        <line num="105" count="4" type="stmt"/>
        <line num="106" count="4" type="stmt"/>
        <line num="107" count="4" type="stmt"/>
        <line num="109" count="4" type="stmt"/>
        <line num="118" count="4" type="stmt"/>
        <line num="124" count="4" type="stmt"/>
        <line num="127" count="4" type="stmt"/>
        <line num="138" count="4" type="stmt"/>
        <line num="143" count="4" type="stmt"/>
        <line num="147" count="4" type="stmt"/>
        <line num="166" count="4" type="stmt"/>
        <line num="181" count="4" type="stmt"/>
        <line num="201" count="4" type="stmt"/>
        <line num="202" count="4" type="stmt"/>
        <line num="203" count="4" type="stmt"/>
        <line num="205" count="4" type="stmt"/>
        <line num="233" count="4" type="stmt"/>
        <line num="234" count="4" type="stmt"/>
        <line num="245" count="4" type="stmt"/>
        <line num="251" count="4" type="stmt"/>
        <line num="277" count="4" type="stmt"/>
        <line num="279" count="4" type="stmt"/>
        <line num="284" count="4" type="stmt"/>
        <line num="286" count="4" type="stmt"/>
        <line num="291" count="4" type="stmt"/>
        <line num="294" count="4" type="stmt"/>
        <line num="303" count="4" type="stmt"/>
        <line num="304" count="4" type="stmt"/>
        <line num="306" count="4" type="stmt"/>
      </file>
      <file name="svc-pipeline-stack.ts" path="/codebuild/output/src1414741452/src/source/constructs/lib/api/svc-pipeline-stack.ts">
        <metrics statements="35" coveredstatements="35" conditionals="2" coveredconditionals="2" methods="1" coveredmethods="1"/>
        <line num="16" count="1" type="stmt"/>
        <line num="17" count="1" type="stmt"/>
        <line num="18" count="1" type="stmt"/>
        <line num="28" count="1" type="stmt"/>
        <line num="30" count="1" type="stmt"/>
        <line num="31" count="1" type="stmt"/>
        <line num="32" count="1" type="stmt"/>
        <line num="60" count="1" type="stmt"/>
        <line num="64" count="4" type="stmt"/>
        <line num="67" count="4" type="stmt"/>
        <line num="78" count="4" type="stmt"/>
        <line num="80" count="4" type="stmt"/>
        <line num="81" count="4" type="stmt"/>
        <line num="94" count="4" type="stmt"/>
        <line num="103" count="4" type="stmt"/>
        <line num="131" count="4" type="stmt"/>
        <line num="132" count="4" type="stmt"/>
        <line num="133" count="4" type="stmt"/>
        <line num="134" count="4" type="stmt"/>
        <line num="136" count="4" type="stmt"/>
        <line num="143" count="4" type="stmt"/>
        <line num="151" count="4" type="stmt"/>
        <line num="162" count="4" type="stmt"/>
        <line num="174" count="4" type="stmt"/>
        <line num="188" count="4" type="stmt"/>
        <line num="192" count="4" type="stmt"/>
        <line num="207" count="4" type="stmt"/>
        <line num="210" count="4" type="stmt"/>
        <line num="219" count="4" type="stmt"/>
        <line num="236" count="4" type="stmt"/>
        <line num="248" count="4" type="stmt"/>
        <line num="260" count="4" type="stmt"/>
        <line num="272" count="4" type="stmt"/>
        <line num="279" count="4" type="stmt"/>
        <line num="291" count="4" type="stmt"/>
      </file>
    </package>
    <package name="lib.kinesis">
      <metrics statements="58" coveredstatements="55" conditionals="6" coveredconditionals="4" methods="3" coveredmethods="1"/>
      <file name="kds-stack.ts" path="/codebuild/output/src1414741452/src/source/constructs/lib/kinesis/kds-stack.ts">
        <metrics statements="58" coveredstatements="55" conditionals="6" coveredconditionals="4" methods="3" coveredmethods="1"/>
        <line num="16" count="2" type="stmt"/>
        <line num="17" count="2" type="stmt"/>
        <line num="38" count="2" type="stmt"/>
        <line num="39" count="2" type="stmt"/>
        <line num="40" count="2" type="stmt"/>
        <line num="42" count="2" type="stmt"/>
        <line num="43" count="2" type="stmt"/>
        <line num="137" count="2" type="stmt"/>
        <line num="148" count="5" type="stmt"/>
        <line num="150" count="5" type="stmt"/>
        <line num="154" count="5" type="stmt"/>
        <line num="156" count="5" type="stmt"/>
        <line num="162" count="5" type="stmt"/>
        <line num="173" count="5" type="stmt"/>
        <line num="174" count="5" type="stmt"/>
        <line num="176" count="5" type="stmt"/>
        <line num="204" count="5" type="stmt"/>
        <line num="211" count="5" type="stmt"/>
        <line num="219" count="5" type="stmt"/>
        <line num="220" count="5" type="stmt"/>
        <line num="223" count="5" type="cond" truecount="4" falsecount="1"/>
        <line num="224" count="3" type="stmt"/>
        <line num="225" count="3" type="stmt"/>
        <line num="242" count="3" type="stmt"/>
        <line num="243" count="3" type="stmt"/>
        <line num="260" count="3" type="stmt"/>
        <line num="271" count="3" type="stmt"/>
        <line num="272" count="3" type="stmt"/>
        <line num="283" count="3" type="stmt"/>
        <line num="291" count="3" type="stmt"/>
        <line num="297" count="3" type="stmt"/>
        <line num="372" count="3" type="stmt"/>
        <line num="383" count="3" type="stmt"/>
        <line num="392" count="3" type="stmt"/>
        <line num="398" count="3" type="stmt"/>
        <line num="405" count="3" type="stmt"/>
        <line num="415" count="3" type="stmt"/>
        <line num="425" count="3" type="stmt"/>
        <line num="428" count="3" type="stmt"/>
        <line num="438" count="3" type="stmt"/>
        <line num="442" count="3" type="stmt"/>
        <line num="447" count="3" type="stmt"/>
        <line num="448" count="3" type="stmt"/>
        <line num="451" count="3" type="stmt"/>
        <line num="461" count="3" type="stmt"/>
        <line num="465" count="3" type="stmt"/>
        <line num="468" count="3" type="stmt"/>
        <line num="469" count="3" type="stmt"/>
        <line num="471" count="3" type="stmt"/>
        <line num="484" count="3" type="stmt"/>
        <line num="491" count="3" type="stmt"/>
        <line num="504" count="3" type="stmt"/>
        <line num="513" count="3" type="stmt"/>
        <line num="524" count="3" type="stmt"/>
        <line num="528" count="3" type="stmt"/>
        <line num="546" count="0" type="stmt"/>
        <line num="549" count="0" type="cond" truecount="0" falsecount="1"/>
        <line num="550" count="0" type="stmt"/>
      </file>
    </package>
    <package name="lib.layer">
      <metrics statements="11" coveredstatements="11" conditionals="1" coveredconditionals="1" methods="2" coveredmethods="2"/>
      <file name="layer.ts" path="/codebuild/output/src1414741452/src/source/constructs/lib/layer/layer.ts">
        <metrics statements="11" coveredstatements="11" conditionals="1" coveredconditionals="1" methods="2" coveredmethods="2"/>
        <line num="16" count="3" type="stmt"/>
        <line num="17" count="3" type="stmt"/>
        <line num="20" count="3" type="stmt"/>
        <line num="22" count="104" type="stmt"/>
        <line num="23" count="104" type="stmt"/>
        <line num="24" count="104" type="cond" truecount="1" falsecount="0"/>
        <line num="25" count="20" type="stmt"/>
        <line num="26" count="20" type="stmt"/>
        <line num="28" count="104" type="stmt"/>
        <line num="31" count="3" type="stmt"/>
        <line num="34" count="20" type="stmt"/>
      </file>
    </package>
    <package name="lib.main">
      <metrics statements="159" coveredstatements="158" conditionals="26" coveredconditionals="25" methods="14" coveredmethods="14"/>
      <file name="auth-stack.ts" path="/codebuild/output/src1414741452/src/source/constructs/lib/main/auth-stack.ts">
        <metrics statements="15" coveredstatements="15" conditionals="0" coveredconditionals="0" methods="1" coveredmethods="1"/>
        <line num="16" count="1" type="stmt"/>
        <line num="17" count="1" type="stmt"/>
        <line num="23" count="1" type="stmt"/>
        <line num="37" count="1" type="stmt"/>
        <line num="43" count="3" type="stmt"/>
        <line num="45" count="3" type="stmt"/>
        <line num="48" count="3" type="stmt"/>
        <line num="64" count="3" type="stmt"/>
        <line num="65" count="3" type="stmt"/>
        <line num="70" count="3" type="stmt"/>
        <line num="78" count="3" type="stmt"/>
        <line num="90" count="3" type="stmt"/>
        <line num="97" count="3" type="stmt"/>
        <line num="98" count="3" type="stmt"/>
        <line num="99" count="3" type="stmt"/>
      </file>
      <file name="cfn-flow-stack.ts" path="/codebuild/output/src1414741452/src/source/constructs/lib/main/cfn-flow-stack.ts">
        <metrics statements="35" coveredstatements="35" conditionals="8" coveredconditionals="8" methods="1" coveredmethods="1"/>
        <line num="17" count="1" type="stmt"/>
        <line num="18" count="1" type="stmt"/>
        <line num="29" count="1" type="stmt"/>
        <line num="30" count="1" type="stmt"/>
        <line num="31" count="1" type="stmt"/>
        <line num="32" count="1" type="stmt"/>
        <line num="60" count="1" type="stmt"/>
        <line num="64" count="4" type="stmt"/>
        <line num="66" count="4" type="stmt"/>
        <line num="69" count="4" type="cond" truecount="2" falsecount="0"/>
        <line num="70" count="4" type="cond" truecount="2" falsecount="0"/>
        <line num="73" count="4" type="stmt"/>
        <line num="93" count="4" type="stmt"/>
        <line num="431" count="4" type="stmt"/>
        <line num="439" count="4" type="stmt"/>
        <line num="440" count="4" type="stmt"/>
        <line num="461" count="4" type="stmt"/>
        <line num="476" count="4" type="stmt"/>
        <line num="485" count="4" type="stmt"/>
        <line num="486" count="4" type="stmt"/>
        <line num="493" count="4" type="stmt"/>
        <line num="504" count="4" type="stmt"/>
        <line num="510" count="4" type="stmt"/>
        <line num="515" count="4" type="stmt"/>
        <line num="525" count="4" type="stmt"/>
        <line num="529" count="4" type="stmt"/>
        <line num="536" count="4" type="stmt"/>
        <line num="543" count="4" type="stmt"/>
        <line num="546" count="4" type="stmt"/>
        <line num="554" count="4" type="stmt"/>
        <line num="558" count="4" type="stmt"/>
        <line num="577" count="4" type="stmt"/>
        <line num="585" count="4" type="stmt"/>
        <line num="594" count="4" type="stmt"/>
        <line num="598" count="4" type="stmt"/>
      </file>
      <file name="cr-stack.ts" path="/codebuild/output/src1414741452/src/source/constructs/lib/main/cr-stack.ts">
        <metrics statements="18" coveredstatements="17" conditionals="9" coveredconditionals="8" methods="3" coveredmethods="3"/>
        <line num="17" count="1" type="stmt"/>
        <line num="18" count="1" type="stmt"/>
        <line num="32" count="1" type="stmt"/>
        <line num="120" count="1" type="stmt"/>
        <line num="124" count="4" type="stmt"/>
        <line num="127" count="4" type="cond" truecount="2" falsecount="0"/>
        <line num="128" count="4" type="cond" truecount="2" falsecount="0"/>
        <line num="131" count="4" type="stmt"/>
        <line num="135" count="4" type="stmt"/>
        <line num="141" count="4" type="stmt"/>
        <line num="145" count="4" type="stmt"/>
        <line num="173" count="4" type="stmt"/>
        <line num="186" count="4" type="stmt"/>
        <line num="190" count="4" type="stmt"/>
        <line num="203" count="4" type="stmt"/>
        <line num="208" count="4" type="stmt"/>
        <line num="211" count="100" type="cond" truecount="2" falsecount="1"/>
        <line num="212" count="0" type="stmt"/>
      </file>
      <file name="ecs-cluster-stack.ts" path="/codebuild/output/src1414741452/src/source/constructs/lib/main/ecs-cluster-stack.ts">
        <metrics statements="6" coveredstatements="6" conditionals="0" coveredconditionals="0" methods="1" coveredmethods="1"/>
        <line num="17" count="1" type="stmt"/>
        <line num="18" count="1" type="stmt"/>
        <line num="35" count="1" type="stmt"/>
        <line num="39" count="4" type="stmt"/>
        <line num="41" count="4" type="stmt"/>
        <line num="43" count="4" type="stmt"/>
      </file>
      <file name="portal-stack.ts" path="/codebuild/output/src1414741452/src/source/constructs/lib/main/portal-stack.ts">
        <metrics statements="35" coveredstatements="35" conditionals="3" coveredconditionals="3" methods="2" coveredmethods="2"/>
        <line num="17" count="1" type="stmt"/>
        <line num="18" count="1" type="stmt"/>
        <line num="19" count="1" type="stmt"/>
        <line num="29" count="1" type="stmt"/>
        <line num="30" count="1" type="stmt"/>
        <line num="31" count="1" type="stmt"/>
        <line num="74" count="1" type="stmt"/>
        <line num="80" count="4" type="stmt"/>
        <line num="82" count="4" type="stmt"/>
        <line num="92" count="4" type="stmt"/>
        <line num="102" count="4" type="stmt"/>
        <line num="112" count="4" type="stmt"/>
        <line num="119" count="4" type="stmt"/>
        <line num="120" count="4" type="cond" truecount="1" falsecount="0"/>
        <line num="121" count="3" type="stmt"/>
        <line num="157" count="1" type="stmt"/>
        <line num="161" count="4" type="stmt"/>
        <line num="187" count="4" type="stmt"/>
        <line num="202" count="4" type="stmt"/>
        <line num="203" count="4" type="stmt"/>
        <line num="206" count="4" type="stmt"/>
        <line num="209" count="4" type="stmt"/>
        <line num="214" count="4" type="cond" truecount="1" falsecount="0"/>
        <line num="218" count="1" type="stmt"/>
        <line num="222" count="1" type="stmt"/>
        <line num="231" count="1" type="cond" truecount="1" falsecount="0"/>
        <line num="232" count="1" type="stmt"/>
        <line num="243" count="1" type="stmt"/>
        <line num="247" count="1" type="stmt"/>
        <line num="256" count="1" type="stmt"/>
        <line num="264" count="1" type="stmt"/>
        <line num="276" count="1" type="stmt"/>
        <line num="286" count="4" type="stmt"/>
        <line num="287" count="4" type="stmt"/>
        <line num="291" count="4" type="stmt"/>
      </file>
      <file name="vpc-stack.ts" path="/codebuild/output/src1414741452/src/source/constructs/lib/main/vpc-stack.ts">
        <metrics statements="50" coveredstatements="50" conditionals="6" coveredconditionals="6" methods="6" coveredmethods="6"/>
        <line num="16" count="1" type="stmt"/>
        <line num="17" count="1" type="stmt"/>
        <line num="31" count="1" type="stmt"/>
        <line num="32" count="1" type="stmt"/>
        <line num="33" count="1" type="stmt"/>
        <line num="34" count="1" type="stmt"/>
        <line num="55" count="1" type="stmt"/>
        <line num="63" count="5" type="stmt"/>
        <line num="65" count="5" type="cond" truecount="6" falsecount="0"/>
        <line num="66" count="1" type="stmt"/>
        <line num="67" count="1" type="stmt"/>
        <line num="72" count="4" type="stmt"/>
        <line num="77" count="4" type="stmt"/>
        <line num="78" count="4" type="stmt"/>
        <line num="86" count="4" type="stmt"/>
        <line num="117" count="8" type="stmt"/>
        <line num="119" count="4" type="stmt"/>
        <line num="123" count="4" type="stmt"/>
        <line num="124" count="8" type="stmt"/>
        <line num="125" count="8" type="stmt"/>
        <line num="132" count="4" type="stmt"/>
        <line num="135" count="8" type="stmt"/>
        <line num="139" count="4" type="stmt"/>
        <line num="142" count="8" type="stmt"/>
        <line num="146" count="4" type="stmt"/>
        <line num="149" count="8" type="stmt"/>
        <line num="155" count="5" type="stmt"/>
        <line num="160" count="5" type="stmt"/>
        <line num="165" count="5" type="stmt"/>
        <line num="170" count="5" type="stmt"/>
        <line num="171" count="5" type="stmt"/>
        <line num="172" count="5" type="stmt"/>
        <line num="189" count="5" type="stmt"/>
        <line num="198" count="5" type="stmt"/>
        <line num="203" count="5" type="stmt"/>
        <line num="208" count="5" type="stmt"/>
        <line num="213" count="5" type="stmt"/>
        <line num="218" count="5" type="stmt"/>
        <line num="219" count="5" type="stmt"/>
        <line num="220" count="5" type="stmt"/>
        <line num="228" count="5" type="stmt"/>
        <line num="233" count="5" type="stmt"/>
        <line num="238" count="5" type="stmt"/>
        <line num="243" count="5" type="stmt"/>
        <line num="244" count="5" type="stmt"/>
        <line num="245" count="5" type="stmt"/>
        <line num="252" count="5" type="stmt"/>
        <line num="257" count="5" type="stmt"/>
        <line num="262" count="5" type="stmt"/>
        <line num="267" count="5" type="stmt"/>
      </file>
    </package>
    <package name="lib.microbatch.main">
      <metrics statements="40" coveredstatements="40" conditionals="5" coveredconditionals="4" methods="1" coveredmethods="1"/>
      <file name="microbatch-main-stack.ts" path="/codebuild/output/src1414741452/src/source/constructs/lib/microbatch/main/microbatch-main-stack.ts">
        <metrics statements="40" coveredstatements="40" conditionals="5" coveredconditionals="4" methods="1" coveredmethods="1"/>
        <line num="17" count="1" type="stmt"/>
        <line num="19" count="1" type="stmt"/>
        <line num="21" count="1" type="stmt"/>
        <line num="31" count="1" type="stmt"/>
        <line num="32" count="3" type="stmt"/>
        <line num="33" count="3" type="stmt"/>
        <line num="36" count="3" type="stmt"/>
        <line num="38" count="3" type="stmt"/>
        <line num="39" count="3" type="stmt"/>
        <line num="40" count="3" type="stmt"/>
        <line num="41" count="3" type="stmt"/>
        <line num="43" count="3" type="stmt"/>
        <line num="45" count="3" type="stmt"/>
        <line num="52" count="3" type="stmt"/>
        <line num="53" count="3" type="stmt"/>
        <line num="55" count="3" type="stmt"/>
        <line num="60" count="3" type="stmt"/>
        <line num="61" count="3" type="stmt"/>
        <line num="62" count="3" type="stmt"/>
        <line num="64" count="3" type="cond" truecount="4" falsecount="1"/>
        <line num="65" count="1" type="stmt"/>
        <line num="70" count="1" type="stmt"/>
        <line num="71" count="1" type="stmt"/>
        <line num="73" count="1" type="stmt"/>
        <line num="77" count="1" type="stmt"/>
        <line num="78" count="1" type="stmt"/>
        <line num="80" count="1" type="stmt"/>
        <line num="85" count="1" type="stmt"/>
        <line num="86" count="1" type="stmt"/>
        <line num="88" count="1" type="stmt"/>
        <line num="95" count="1" type="stmt"/>
        <line num="96" count="1" type="stmt"/>
        <line num="98" count="1" type="stmt"/>
        <line num="103" count="1" type="stmt"/>
        <line num="106" count="3" type="stmt"/>
        <line num="113" count="3" type="stmt"/>
        <line num="114" count="3" type="stmt"/>
        <line num="117" count="3" type="stmt"/>
        <line num="122" count="3" type="stmt"/>
        <line num="129" count="3" type="stmt"/>
      </file>
    </package>
    <package name="lib.microbatch.main.services">
      <metrics statements="36" coveredstatements="36" conditionals="0" coveredconditionals="0" methods="1" coveredmethods="1"/>
      <file name="amazon-services-stack.ts" path="/codebuild/output/src1414741452/src/source/constructs/lib/microbatch/main/services/amazon-services-stack.ts">
        <metrics statements="36" coveredstatements="36" conditionals="0" coveredconditionals="0" methods="1" coveredmethods="1"/>
        <line num="17" count="2" type="stmt"/>
        <line num="18" count="2" type="stmt"/>
        <line num="19" count="2" type="stmt"/>
        <line num="20" count="2" type="stmt"/>
        <line num="21" count="2" type="stmt"/>
        <line num="22" count="2" type="stmt"/>
        <line num="23" count="2" type="stmt"/>
        <line num="24" count="2" type="stmt"/>
        <line num="25" count="2" type="stmt"/>
        <line num="26" count="2" type="stmt"/>
        <line num="27" count="2" type="stmt"/>
        <line num="28" count="2" type="stmt"/>
        <line num="29" count="2" type="stmt"/>
        <line num="30" count="2" type="stmt"/>
        <line num="31" count="2" type="stmt"/>
        <line num="44" count="2" type="stmt"/>
        <line num="60" count="7" type="stmt"/>
        <line num="62" count="7" type="stmt"/>
        <line num="63" count="7" type="stmt"/>
        <line num="64" count="7" type="stmt"/>
        <line num="65" count="7" type="stmt"/>
        <line num="66" count="7" type="stmt"/>
        <line num="67" count="7" type="stmt"/>
        <line num="72" count="7" type="stmt"/>
        <line num="75" count="7" type="stmt"/>
        <line num="78" count="7" type="stmt"/>
        <line num="84" count="7" type="stmt"/>
        <line num="91" count="7" type="stmt"/>
        <line num="99" count="7" type="stmt"/>
        <line num="109" count="7" type="stmt"/>
        <line num="115" count="7" type="stmt"/>
        <line num="120" count="7" type="stmt"/>
        <line num="128" count="7" type="stmt"/>
        <line num="135" count="7" type="stmt"/>
        <line num="149" count="7" type="stmt"/>
        <line num="163" count="7" type="stmt"/>
      </file>
    </package>
    <package name="lib.microbatch.main.services.athena">
      <metrics statements="9" coveredstatements="9" conditionals="0" coveredconditionals="0" methods="1" coveredmethods="1"/>
      <file name="init-athena-stack.ts" path="/codebuild/output/src1414741452/src/source/constructs/lib/microbatch/main/services/athena/init-athena-stack.ts">
        <metrics statements="9" coveredstatements="9" conditionals="0" coveredconditionals="0" methods="1" coveredmethods="1"/>
        <line num="17" count="2" type="stmt"/>
        <line num="18" count="2" type="stmt"/>
        <line num="28" count="2" type="stmt"/>
        <line num="32" count="7" type="stmt"/>
        <line num="34" count="7" type="stmt"/>
        <line num="35" count="7" type="stmt"/>
        <line num="36" count="7" type="stmt"/>
        <line num="38" count="7" type="stmt"/>
        <line num="61" count="7" type="stmt"/>
      </file>
    </package>
    <package name="lib.microbatch.main.services.dynamodb">
      <metrics statements="73" coveredstatements="73" conditionals="0" coveredconditionals="0" methods="2" coveredmethods="2"/>
      <file name="init-dynamodb-data-stack.ts" path="/codebuild/output/src1414741452/src/source/constructs/lib/microbatch/main/services/dynamodb/init-dynamodb-data-stack.ts">
        <metrics statements="58" coveredstatements="58" conditionals="0" coveredconditionals="0" methods="1" coveredmethods="1"/>
        <line num="17" count="2" type="stmt"/>
        <line num="18" count="2" type="stmt"/>
        <line num="46" count="2" type="stmt"/>
        <line num="49" count="7" type="stmt"/>
        <line num="51" count="7" type="stmt"/>
        <line num="52" count="7" type="stmt"/>
        <line num="53" count="7" type="stmt"/>
        <line num="54" count="7" type="stmt"/>
        <line num="55" count="7" type="stmt"/>
        <line num="56" count="7" type="stmt"/>
        <line num="57" count="7" type="stmt"/>
        <line num="58" count="7" type="stmt"/>
        <line num="59" count="7" type="stmt"/>
        <line num="60" count="7" type="stmt"/>
        <line num="61" count="7" type="stmt"/>
        <line num="62" count="7" type="stmt"/>
        <line num="64" count="7" type="stmt"/>
        <line num="69" count="7" type="stmt"/>
        <line num="71" count="7" type="stmt"/>
        <line num="79" count="7" type="stmt"/>
        <line num="87" count="7" type="stmt"/>
        <line num="95" count="7" type="stmt"/>
        <line num="103" count="7" type="stmt"/>
        <line num="111" count="7" type="stmt"/>
        <line num="119" count="7" type="stmt"/>
        <line num="125" count="7" type="stmt"/>
        <line num="132" count="7" type="stmt"/>
        <line num="139" count="7" type="stmt"/>
        <line num="146" count="7" type="stmt"/>
        <line num="154" count="7" type="stmt"/>
        <line num="162" count="7" type="stmt"/>
        <line num="170" count="7" type="stmt"/>
        <line num="178" count="7" type="stmt"/>
        <line num="186" count="7" type="stmt"/>
        <line num="193" count="7" type="stmt"/>
        <line num="201" count="7" type="stmt"/>
        <line num="209" count="7" type="stmt"/>
        <line num="217" count="7" type="stmt"/>
        <line num="225" count="7" type="stmt"/>
        <line num="232" count="7" type="stmt"/>
        <line num="238" count="7" type="stmt"/>
        <line num="244" count="7" type="stmt"/>
        <line num="251" count="7" type="stmt"/>
        <line num="258" count="7" type="stmt"/>
        <line num="264" count="7" type="stmt"/>
        <line num="270" count="7" type="stmt"/>
        <line num="276" count="7" type="stmt"/>
        <line num="282" count="7" type="stmt"/>
        <line num="288" count="7" type="stmt"/>
        <line num="294" count="7" type="stmt"/>
        <line num="300" count="7" type="stmt"/>
        <line num="307" count="7" type="stmt"/>
        <line num="310" count="7" type="stmt"/>
        <line num="316" count="7" type="stmt"/>
        <line num="325" count="7" type="stmt"/>
        <line num="333" count="7" type="stmt"/>
        <line num="334" count="7" type="stmt"/>
        <line num="336" count="7" type="stmt"/>
      </file>
      <file name="init-dynamodb-stack.ts" path="/codebuild/output/src1414741452/src/source/constructs/lib/microbatch/main/services/dynamodb/init-dynamodb-stack.ts">
        <metrics statements="15" coveredstatements="15" conditionals="0" coveredconditionals="0" methods="1" coveredmethods="1"/>
        <line num="17" count="2" type="stmt"/>
        <line num="18" count="2" type="stmt"/>
        <line num="26" count="2" type="stmt"/>
        <line num="31" count="7" type="stmt"/>
        <line num="33" count="7" type="stmt"/>
        <line num="36" count="7" type="stmt"/>
        <line num="54" count="7" type="stmt"/>
        <line num="55" count="7" type="stmt"/>
        <line num="58" count="7" type="stmt"/>
        <line num="67" count="7" type="stmt"/>
        <line num="80" count="7" type="stmt"/>
        <line num="81" count="7" type="stmt"/>
        <line num="83" count="7" type="stmt"/>
        <line num="89" count="7" type="stmt"/>
        <line num="90" count="7" type="stmt"/>
      </file>
    </package>
    <package name="lib.microbatch.main.services.glue">
      <metrics statements="15" coveredstatements="15" conditionals="0" coveredconditionals="0" methods="1" coveredmethods="1"/>
      <file name="init-glue-stack.ts" path="/codebuild/output/src1414741452/src/source/constructs/lib/microbatch/main/services/glue/init-glue-stack.ts">
        <metrics statements="15" coveredstatements="15" conditionals="0" coveredconditionals="0" methods="1" coveredmethods="1"/>
        <line num="17" count="2" type="stmt"/>
        <line num="18" count="2" type="stmt"/>
        <line num="19" count="2" type="stmt"/>
        <line num="27" count="2" type="stmt"/>
        <line num="33" count="7" type="stmt"/>
        <line num="35" count="7" type="stmt"/>
        <line num="36" count="7" type="stmt"/>
        <line num="37" count="7" type="stmt"/>
        <line num="39" count="7" type="stmt"/>
        <line num="43" count="7" type="stmt"/>
        <line num="45" count="7" type="stmt"/>
        <line num="49" count="7" type="stmt"/>
        <line num="51" count="7" type="stmt"/>
        <line num="57" count="7" type="stmt"/>
        <line num="58" count="7" type="stmt"/>
      </file>
    </package>
    <package name="lib.microbatch.main.services.iam">
      <metrics statements="35" coveredstatements="35" conditionals="0" coveredconditionals="0" methods="1" coveredmethods="1"/>
      <file name="init-iam-stack.ts" path="/codebuild/output/src1414741452/src/source/constructs/lib/microbatch/main/services/iam/init-iam-stack.ts">
        <metrics statements="35" coveredstatements="35" conditionals="0" coveredconditionals="0" methods="1" coveredmethods="1"/>
        <line num="17" count="2" type="stmt"/>
        <line num="18" count="2" type="stmt"/>
        <line num="32" count="2" type="stmt"/>
        <line num="41" count="7" type="stmt"/>
        <line num="43" count="7" type="stmt"/>
        <line num="44" count="7" type="stmt"/>
        <line num="45" count="7" type="stmt"/>
        <line num="46" count="7" type="stmt"/>
        <line num="48" count="7" type="stmt"/>
        <line num="74" count="7" type="stmt"/>
        <line num="75" count="7" type="stmt"/>
        <line num="77" count="7" type="stmt"/>
        <line num="111" count="7" type="stmt"/>
        <line num="112" count="7" type="stmt"/>
        <line num="114" count="7" type="stmt"/>
        <line num="149" count="7" type="stmt"/>
        <line num="150" count="7" type="stmt"/>
        <line num="152" count="7" type="stmt"/>
        <line num="161" count="7" type="stmt"/>
        <line num="176" count="7" type="stmt"/>
        <line num="177" count="7" type="stmt"/>
        <line num="181" count="7" type="stmt"/>
        <line num="184" count="7" type="stmt"/>
        <line num="186" count="7" type="stmt"/>
        <line num="187" count="7" type="stmt"/>
        <line num="188" count="7" type="stmt"/>
        <line num="189" count="7" type="stmt"/>
        <line num="192" count="7" type="stmt"/>
        <line num="193" count="7" type="stmt"/>
        <line num="195" count="7" type="stmt"/>
        <line num="209" count="7" type="stmt"/>
        <line num="210" count="7" type="stmt"/>
        <line num="212" count="7" type="stmt"/>
        <line num="218" count="7" type="stmt"/>
        <line num="219" count="7" type="stmt"/>
      </file>
    </package>
    <package name="lib.microbatch.main.services.kms">
      <metrics statements="11" coveredstatements="11" conditionals="6" coveredconditionals="5" methods="1" coveredmethods="1"/>
      <file name="init-kms-stack.ts" path="/codebuild/output/src1414741452/src/source/constructs/lib/microbatch/main/services/kms/init-kms-stack.ts">
        <metrics statements="11" coveredstatements="11" conditionals="6" coveredconditionals="5" methods="1" coveredmethods="1"/>
        <line num="17" count="2" type="stmt"/>
        <line num="18" count="2" type="stmt"/>
        <line num="26" count="2" type="stmt"/>
        <line num="30" count="7" type="stmt"/>
        <line num="32" count="7" type="stmt"/>
        <line num="34" count="7" type="cond" truecount="5" falsecount="1"/>
        <line num="35" count="5" type="stmt"/>
        <line num="37" count="2" type="stmt"/>
        <line num="95" count="7" type="stmt"/>
        <line num="101" count="7" type="stmt"/>
        <line num="102" count="7" type="stmt"/>
      </file>
    </package>
    <package name="lib.microbatch.main.services.lambda">
      <metrics statements="285" coveredstatements="285" conditionals="20" coveredconditionals="20" methods="11" coveredmethods="11"/>
      <file name="init-etl-batch-update-partition-stack.ts" path="/codebuild/output/src1414741452/src/source/constructs/lib/microbatch/main/services/lambda/init-etl-batch-update-partition-stack.ts">
        <metrics statements="26" coveredstatements="26" conditionals="2" coveredconditionals="2" methods="1" coveredmethods="1"/>
        <line num="17" count="2" type="stmt"/>
        <line num="18" count="2" type="stmt"/>
        <line num="19" count="2" type="stmt"/>
        <line num="33" count="2" type="stmt"/>
        <line num="38" count="7" type="stmt"/>
        <line num="40" count="7" type="stmt"/>
        <line num="41" count="7" type="stmt"/>
        <line num="42" count="7" type="stmt"/>
        <line num="43" count="7" type="stmt"/>
        <line num="44" count="7" type="stmt"/>
        <line num="47" count="7" type="stmt"/>
        <line num="52" count="7" type="stmt"/>
        <line num="53" count="7" type="stmt"/>
        <line num="55" count="7" type="stmt"/>
        <line num="76" count="7" type="stmt"/>
        <line num="77" count="7" type="stmt"/>
        <line num="79" count="7" type="stmt"/>
        <line num="80" count="7" type="stmt"/>
        <line num="81" count="7" type="stmt"/>
        <line num="82" count="7" type="stmt"/>
        <line num="83" count="7" type="stmt"/>
        <line num="84" count="7" type="stmt"/>
        <line num="85" count="7" type="stmt"/>
        <line num="88" count="7" type="stmt"/>
        <line num="112" count="7" type="stmt"/>
        <line num="113" count="7" type="stmt"/>
      </file>
      <file name="init-etl-date-transform.ts" path="/codebuild/output/src1414741452/src/source/constructs/lib/microbatch/main/services/lambda/init-etl-date-transform.ts">
        <metrics statements="13" coveredstatements="13" conditionals="2" coveredconditionals="2" methods="1" coveredmethods="1"/>
        <line num="17" count="2" type="stmt"/>
        <line num="18" count="2" type="stmt"/>
        <line num="19" count="2" type="stmt"/>
        <line num="25" count="2" type="stmt"/>
        <line num="30" count="7" type="stmt"/>
        <line num="32" count="7" type="stmt"/>
        <line num="35" count="7" type="stmt"/>
        <line num="40" count="7" type="stmt"/>
        <line num="41" count="7" type="stmt"/>
        <line num="44" count="7" type="stmt"/>
        <line num="47" count="7" type="stmt"/>
        <line num="64" count="7" type="stmt"/>
        <line num="65" count="7" type="stmt"/>
      </file>
      <file name="init-etl-helper.ts" path="/codebuild/output/src1414741452/src/source/constructs/lib/microbatch/main/services/lambda/init-etl-helper.ts">
        <metrics statements="26" coveredstatements="26" conditionals="2" coveredconditionals="2" methods="1" coveredmethods="1"/>
        <line num="17" count="2" type="stmt"/>
        <line num="18" count="2" type="stmt"/>
        <line num="19" count="2" type="stmt"/>
        <line num="33" count="2" type="stmt"/>
        <line num="38" count="7" type="stmt"/>
        <line num="40" count="7" type="stmt"/>
        <line num="41" count="7" type="stmt"/>
        <line num="42" count="7" type="stmt"/>
        <line num="43" count="7" type="stmt"/>
        <line num="44" count="7" type="stmt"/>
        <line num="47" count="7" type="stmt"/>
        <line num="52" count="7" type="stmt"/>
        <line num="53" count="7" type="stmt"/>
        <line num="55" count="7" type="stmt"/>
        <line num="76" count="7" type="stmt"/>
        <line num="77" count="7" type="stmt"/>
        <line num="79" count="7" type="stmt"/>
        <line num="80" count="7" type="stmt"/>
        <line num="81" count="7" type="stmt"/>
        <line num="82" count="7" type="stmt"/>
        <line num="83" count="7" type="stmt"/>
        <line num="84" count="7" type="stmt"/>
        <line num="85" count="7" type="stmt"/>
        <line num="88" count="7" type="stmt"/>
        <line num="112" count="7" type="stmt"/>
        <line num="113" count="7" type="stmt"/>
      </file>
      <file name="init-lambda-layer.ts" path="/codebuild/output/src1414741452/src/source/constructs/lib/microbatch/main/services/lambda/init-lambda-layer.ts">
        <metrics statements="23" coveredstatements="23" conditionals="0" coveredconditionals="0" methods="1" coveredmethods="1"/>
        <line num="17" count="2" type="stmt"/>
        <line num="18" count="2" type="stmt"/>
        <line num="19" count="2" type="stmt"/>
        <line num="25" count="2" type="stmt"/>
        <line num="32" count="7" type="stmt"/>
        <line num="34" count="7" type="stmt"/>
        <line num="54" count="7" type="stmt"/>
        <line num="55" count="7" type="stmt"/>
        <line num="57" count="7" type="stmt"/>
        <line num="77" count="7" type="stmt"/>
        <line num="78" count="7" type="stmt"/>
        <line num="81" count="7" type="stmt"/>
        <line num="101" count="7" type="stmt"/>
        <line num="102" count="7" type="stmt"/>
        <line num="104" count="7" type="stmt"/>
        <line num="110" count="7" type="stmt"/>
        <line num="111" count="7" type="stmt"/>
        <line num="114" count="7" type="stmt"/>
        <line num="134" count="7" type="stmt"/>
        <line num="135" count="7" type="stmt"/>
        <line num="137" count="7" type="stmt"/>
        <line num="143" count="7" type="stmt"/>
        <line num="144" count="7" type="stmt"/>
      </file>
      <file name="init-lambda-stack.ts" path="/codebuild/output/src1414741452/src/source/constructs/lib/microbatch/main/services/lambda/init-lambda-stack.ts">
        <metrics statements="31" coveredstatements="31" conditionals="0" coveredconditionals="0" methods="1" coveredmethods="1"/>
        <line num="17" count="2" type="stmt"/>
        <line num="20" count="2" type="stmt"/>
        <line num="21" count="2" type="stmt"/>
        <line num="22" count="2" type="stmt"/>
        <line num="23" count="2" type="stmt"/>
        <line num="24" count="2" type="stmt"/>
        <line num="25" count="2" type="stmt"/>
        <line num="26" count="2" type="stmt"/>
        <line num="27" count="2" type="stmt"/>
        <line num="28" count="2" type="stmt"/>
        <line num="46" count="2" type="stmt"/>
        <line num="58" count="7" type="stmt"/>
        <line num="60" count="7" type="stmt"/>
        <line num="61" count="7" type="stmt"/>
        <line num="62" count="7" type="stmt"/>
        <line num="63" count="7" type="stmt"/>
        <line num="64" count="7" type="stmt"/>
        <line num="65" count="7" type="stmt"/>
        <line num="66" count="7" type="stmt"/>
        <line num="67" count="7" type="stmt"/>
        <line num="68" count="7" type="stmt"/>
        <line num="69" count="7" type="stmt"/>
        <line num="71" count="7" type="stmt"/>
        <line num="72" count="7" type="stmt"/>
        <line num="80" count="7" type="stmt"/>
        <line num="88" count="7" type="stmt"/>
        <line num="95" count="7" type="stmt"/>
        <line num="96" count="7" type="stmt"/>
        <line num="103" count="7" type="stmt"/>
        <line num="114" count="7" type="stmt"/>
        <line num="122" count="7" type="stmt"/>
      </file>
      <file name="init-metadata-writer.ts" path="/codebuild/output/src1414741452/src/source/constructs/lib/microbatch/main/services/lambda/init-metadata-writer.ts">
        <metrics statements="25" coveredstatements="25" conditionals="2" coveredconditionals="2" methods="1" coveredmethods="1"/>
        <line num="17" count="2" type="stmt"/>
        <line num="18" count="2" type="stmt"/>
        <line num="19" count="2" type="stmt"/>
        <line num="35" count="2" type="stmt"/>
        <line num="40" count="7" type="stmt"/>
        <line num="42" count="7" type="stmt"/>
        <line num="43" count="7" type="stmt"/>
        <line num="44" count="7" type="stmt"/>
        <line num="45" count="7" type="stmt"/>
        <line num="46" count="7" type="stmt"/>
        <line num="47" count="7" type="stmt"/>
        <line num="50" count="7" type="stmt"/>
        <line num="55" count="7" type="stmt"/>
        <line num="56" count="7" type="stmt"/>
        <line num="58" count="7" type="stmt"/>
        <line num="86" count="7" type="stmt"/>
        <line num="87" count="7" type="stmt"/>
        <line num="89" count="7" type="stmt"/>
        <line num="90" count="7" type="stmt"/>
        <line num="91" count="7" type="stmt"/>
        <line num="92" count="7" type="stmt"/>
        <line num="95" count="7" type="stmt"/>
        <line num="118" count="7" type="stmt"/>
        <line num="119" count="7" type="stmt"/>
        <line num="121" count="7" type="stmt"/>
      </file>
      <file name="init-pipeline-resources-builder-stack.ts" path="/codebuild/output/src1414741452/src/source/constructs/lib/microbatch/main/services/lambda/init-pipeline-resources-builder-stack.ts">
        <metrics statements="35" coveredstatements="35" conditionals="2" coveredconditionals="2" methods="1" coveredmethods="1"/>
        <line num="17" count="2" type="stmt"/>
        <line num="18" count="2" type="stmt"/>
        <line num="19" count="2" type="stmt"/>
        <line num="34" count="2" type="stmt"/>
        <line num="40" count="7" type="stmt"/>
[...]
        <line num="377" count="0" type="stmt"/>
        <line num="378" count="0" type="stmt"/>
        <line num="380" count="0" type="stmt"/>
        <line num="381" count="0" type="stmt"/>
        <line num="382" count="0" type="stmt"/>
        <line num="390" count="0" type="stmt"/>
        <line num="393" count="0" type="stmt"/>
        <line num="404" count="0" type="stmt"/>
        <line num="413" count="0" type="stmt"/>
        <line num="422" count="0" type="stmt"/>
        <line num="432" count="0" type="stmt"/>
        <line num="453" count="0" type="stmt"/>
        <line num="477" count="0" type="stmt"/>
        <line num="507" count="0" type="stmt"/>
        <line num="510" count="0" type="stmt"/>
        <line num="522" count="0" type="stmt"/>
        <line num="524" count="0" type="stmt"/>
        <line num="527" count="0" type="stmt"/>
        <line num="536" count="0" type="stmt"/>
        <line num="554" count="0" type="stmt"/>
        <line num="569" count="0" type="stmt"/>
        <line num="573" count="0" type="stmt"/>
        <line num="592" count="0" type="stmt"/>
        <line num="603" count="0" type="stmt"/>
        <line num="607" count="0" type="stmt"/>
        <line num="617" count="0" type="stmt"/>
        <line num="627" count="0" type="stmt"/>
        <line num="637" count="0" type="stmt"/>
        <line num="647" count="0" type="stmt"/>
        <line num="656" count="0" type="stmt"/>
        <line num="658" count="0" type="stmt"/>
        <line num="663" count="0" type="stmt"/>
        <line num="685" count="0" type="stmt"/>
        <line num="687" count="0" type="stmt"/>
        <line num="703" count="0" type="cond" truecount="0" falsecount="4"/>
        <line num="705" count="0" type="stmt"/>
        <line num="716" count="0" type="stmt"/>
        <line num="726" count="0" type="stmt"/>
        <line num="734" count="0" type="stmt"/>
        <line num="736" count="0" type="stmt"/>
        <line num="746" count="0" type="stmt"/>
        <line num="748" count="0" type="stmt"/>
        <line num="760" count="0" type="stmt"/>
        <line num="775" count="0" type="stmt"/>
        <line num="777" count="0" type="stmt"/>
        <line num="785" count="0" type="stmt"/>
        <line num="804" count="0" type="stmt"/>
        <line num="807" count="0" type="stmt"/>
        <line num="822" count="0" type="stmt"/>
        <line num="824" count="0" type="stmt"/>
        <line num="832" count="0" type="stmt"/>
        <line num="851" count="0" type="stmt"/>
        <line num="852" count="0" type="stmt"/>
        <line num="853" count="0" type="stmt"/>
        <line num="854" count="0" type="stmt"/>
        <line num="855" count="0" type="stmt"/>
        <line num="856" count="0" type="stmt"/>
        <line num="860" count="0" type="stmt"/>
        <line num="865" count="0" type="stmt"/>
        <line num="868" count="0" type="cond" truecount="0" falsecount="1"/>
        <line num="869" count="0" type="stmt"/>
        <line num="875" count="0" type="stmt"/>
        <line num="878" count="0" type="cond" truecount="0" falsecount="1"/>
        <line num="879" count="0" type="stmt"/>
      </file>
      <file name="s3-to-opensearch-stack.ts" path="/codebuild/output/src1414741452/src/source/constructs/lib/pipeline/service/s3-to-opensearch-stack.ts">
        <metrics statements="82" coveredstatements="82" conditionals="10" coveredconditionals="10" methods="11" coveredmethods="11"/>
        <line num="17" count="2" type="stmt"/>
        <line num="18" count="2" type="stmt"/>
        <line num="40" count="2" type="stmt"/>
        <line num="41" count="2" type="stmt"/>
        <line num="42" count="2" type="stmt"/>
        <line num="43" count="2" type="stmt"/>
        <line num="44" count="2" type="stmt"/>
        <line num="45" count="2" type="stmt"/>
        <line num="58" count="2" type="stmt"/>
        <line num="62" count="9" type="stmt"/>
        <line num="68" count="2" type="stmt"/>
        <line num="74" count="9" type="stmt"/>
        <line num="132" count="9" type="stmt"/>
        <line num="135" count="9" type="stmt"/>
        <line num="141" count="9" type="stmt"/>
        <line num="144" count="9" type="stmt"/>
        <line num="147" count="9" type="stmt"/>
        <line num="168" count="9" type="stmt"/>
        <line num="176" count="9" type="stmt"/>
        <line num="180" count="9" type="stmt"/>
        <line num="182" count="9" type="stmt"/>
        <line num="189" count="9" type="stmt"/>
        <line num="199" count="9" type="stmt"/>
        <line num="201" count="9" type="stmt"/>
        <line num="211" count="9" type="stmt"/>
        <line num="222" count="9" type="stmt"/>
        <line num="224" count="9" type="stmt"/>
        <line num="233" count="9" type="stmt"/>
        <line num="235" count="9" type="stmt"/>
        <line num="237" count="9" type="stmt"/>
        <line num="250" count="9" type="stmt"/>
        <line num="258" count="9" type="stmt"/>
        <line num="269" count="9" type="stmt"/>
        <line num="289" count="9" type="stmt"/>
        <line num="303" count="9" type="stmt"/>
        <line num="317" count="9" type="stmt"/>
        <line num="322" count="9" type="stmt"/>
        <line num="335" count="9" type="stmt"/>
        <line num="339" count="9" type="stmt"/>
        <line num="340" count="9" type="stmt"/>
        <line num="343" count="9" type="stmt"/>
        <line num="348" count="9" type="stmt"/>
        <line num="354" count="9" type="stmt"/>
        <line num="360" count="9" type="stmt"/>
        <line num="362" count="9" type="stmt"/>
        <line num="368" count="9" type="stmt"/>
        <line num="379" count="9" type="stmt"/>
        <line num="380" count="9" type="stmt"/>
        <line num="382" count="9" type="stmt"/>
        <line num="394" count="9" type="stmt"/>
        <line num="395" count="9" type="stmt"/>
        <line num="396" count="9" type="stmt"/>
        <line num="403" count="9" type="stmt"/>
        <line num="408" count="9" type="stmt"/>
        <line num="411" count="9" type="stmt"/>
        <line num="422" count="9" type="stmt"/>
        <line num="428" count="9" type="stmt"/>
        <line num="446" count="9" type="stmt"/>
        <line num="461" count="9" type="stmt"/>
        <line num="495" count="9" type="stmt"/>
        <line num="509" count="9" type="stmt"/>
        <line num="520" count="9" type="stmt"/>
        <line num="527" count="9" type="stmt"/>
        <line num="538" count="9" type="stmt"/>
        <line num="542" count="9" type="stmt"/>
        <line num="550" count="9" type="stmt"/>
        <line num="554" count="9" type="stmt"/>
        <line num="555" count="9" type="stmt"/>
        <line num="559" count="9" type="stmt"/>
        <line num="566" count="36" type="stmt"/>
        <line num="571" count="36" type="stmt"/>
        <line num="574" count="225" type="cond" truecount="1" falsecount="0"/>
        <line num="575" count="72" type="stmt"/>
        <line num="581" count="9" type="stmt"/>
        <line num="584" count="547" type="cond" truecount="1" falsecount="0"/>
        <line num="588" count="9" type="stmt"/>
        <line num="594" count="9" type="stmt"/>
        <line num="597" count="36" type="cond" truecount="1" falsecount="0"/>
        <line num="598" count="9" type="stmt"/>
        <line num="604" count="9" type="stmt"/>
        <line num="607" count="45" type="cond" truecount="1" falsecount="0"/>
        <line num="608" count="9" type="stmt"/>
      </file>
      <file name="service-log-pipeline-stack.ts" path="/codebuild/output/src1414741452/src/source/constructs/lib/pipeline/service/service-log-pipeline-stack.ts">
        <metrics statements="129" coveredstatements="117" conditionals="14" coveredconditionals="12" methods="1" coveredmethods="1"/>
        <line num="17" count="1" type="stmt"/>
        <line num="18" count="1" type="stmt"/>
        <line num="20" count="1" type="stmt"/>
        <line num="24" count="1" type="stmt"/>
        <line num="25" count="1" type="stmt"/>
        <line num="29" count="1" type="stmt"/>
        <line num="32" count="1" type="stmt"/>
        <line num="39" count="1" type="stmt"/>
        <line num="41" count="1" type="stmt"/>
        <line num="52" count="1" type="stmt"/>
        <line num="54" count="9" type="stmt"/>
        <line num="56" count="9" type="stmt"/>
        <line num="58" count="9" type="cond" truecount="2" falsecount="0"/>
        <line num="59" count="9" type="cond" truecount="2" falsecount="0"/>
        <line num="61" count="9" type="cond" truecount="1" falsecount="1"/>
        <line num="62" count="9" type="stmt"/>
        <line num="64" count="9" type="stmt"/>
        <line num="71" count="9" type="stmt"/>
        <line num="73" count="9" type="stmt"/>
        <line num="79" count="9" type="stmt"/>
        <line num="81" count="9" type="stmt"/>
        <line num="86" count="9" type="stmt"/>
        <line num="88" count="9" type="stmt"/>
        <line num="93" count="9" type="stmt"/>
        <line num="95" count="9" type="stmt"/>
        <line num="100" count="9" type="stmt"/>
        <line num="102" count="9" type="stmt"/>
        <line num="107" count="9" type="stmt"/>
        <line num="109" count="9" type="stmt"/>
        <line num="114" count="9" type="stmt"/>
        <line num="116" count="9" type="stmt"/>
        <line num="122" count="9" type="stmt"/>
        <line num="124" count="9" type="stmt"/>
        <line num="130" count="9" type="stmt"/>
        <line num="132" count="9" type="stmt"/>
        <line num="138" count="9" type="stmt"/>
        <line num="140" count="9" type="stmt"/>
        <line num="146" count="9" type="stmt"/>
        <line num="148" count="9" type="stmt"/>
        <line num="154" count="9" type="stmt"/>
        <line num="156" count="9" type="stmt"/>
        <line num="162" count="9" type="stmt"/>
        <line num="164" count="9" type="stmt"/>
        <line num="171" count="9" type="stmt"/>
        <line num="173" count="9" type="stmt"/>
        <line num="179" count="9" type="stmt"/>
        <line num="181" count="9" type="stmt"/>
        <line num="187" count="9" type="stmt"/>
        <line num="189" count="9" type="stmt"/>
        <line num="195" count="9" type="stmt"/>
        <line num="197" count="9" type="stmt"/>
        <line num="198" count="9" type="stmt"/>
        <line num="200" count="9" type="stmt"/>
        <line num="204" count="9" type="stmt"/>
        <line num="209" count="9" type="stmt"/>
        <line num="213" count="9" type="stmt"/>
        <line num="215" count="9" type="stmt"/>
        <line num="223" count="9" type="stmt"/>
        <line num="228" count="9" type="cond" truecount="1" falsecount="0"/>
        <line num="229" count="2" type="stmt"/>
        <line num="235" count="2" type="stmt"/>
        <line num="236" count="2" type="stmt"/>
        <line num="240" count="9" type="stmt"/>
        <line num="246" count="9" type="stmt"/>
        <line num="254" count="9" type="cond" truecount="2" falsecount="0"/>
        <line num="267" count="8" type="stmt"/>
        <line num="275" count="8" type="stmt"/>
        <line num="277" count="8" type="stmt"/>
        <line num="283" count="8" type="stmt"/>
        <line num="285" count="8" type="stmt"/>
        <line num="290" count="8" type="stmt"/>
        <line num="292" count="8" type="stmt"/>
        <line num="297" count="8" type="stmt"/>
        <line num="299" count="8" type="stmt"/>
        <line num="305" count="8" type="stmt"/>
        <line num="307" count="8" type="stmt"/>
        <line num="317" count="8" type="stmt"/>
        <line num="329" count="8" type="stmt"/>
        <line num="353" count="8" type="cond" truecount="1" falsecount="1"/>
        <line num="355" count="0" type="stmt"/>
        <line num="361" count="0" type="stmt"/>
        <line num="367" count="0" type="stmt"/>
        <line num="373" count="0" type="stmt"/>
        <line num="382" count="0" type="stmt"/>
        <line num="386" count="0" type="stmt"/>
        <line num="391" count="0" type="stmt"/>
        <line num="397" count="0" type="stmt"/>
        <line num="416" count="0" type="stmt"/>
        <line num="422" count="0" type="stmt"/>
        <line num="426" count="0" type="stmt"/>
        <line num="427" count="0" type="stmt"/>
        <line num="429" count="8" type="stmt"/>
        <line num="436" count="8" type="stmt"/>
        <line num="444" count="8" type="stmt"/>
        <line num="449" count="8" type="stmt"/>
        <line num="453" count="8" type="stmt"/>
        <line num="454" count="8" type="stmt"/>
        <line num="458" count="8" type="cond" truecount="1" falsecount="0"/>
        <line num="459" count="2" type="stmt"/>
        <line num="466" count="2" type="stmt"/>
        <line num="468" count="2" type="stmt"/>
        <line num="471" count="2" type="stmt"/>
        <line num="481" count="2" type="stmt"/>
        <line num="486" count="2" type="stmt"/>
        <line num="490" count="2" type="stmt"/>
        <line num="495" count="8" type="stmt"/>
        <line num="496" count="1" type="cond" truecount="1" falsecount="0"/>
        <line num="497" count="1" type="stmt"/>
        <line num="502" count="1" type="stmt"/>
        <line num="504" count="1" type="stmt"/>
        <line num="510" count="1" type="stmt"/>
        <line num="512" count="1" type="stmt"/>
        <line num="517" count="1" type="stmt"/>
        <line num="519" count="1" type="stmt"/>
        <line num="527" count="1" type="stmt"/>
        <line num="529" count="1" type="stmt"/>
        <line num="538" count="1" type="stmt"/>
        <line num="552" count="1" type="stmt"/>
        <line num="576" count="1" type="stmt"/>
        <line num="583" count="1" type="stmt"/>
        <line num="589" count="1" type="stmt"/>
        <line num="594" count="1" type="stmt"/>
        <line num="602" count="9" type="stmt"/>
        <line num="610" count="9" type="stmt"/>
        <line num="618" count="9" type="stmt"/>
        <line num="629" count="9" type="cond" truecount="1" falsecount="0"/>
        <line num="630" count="2" type="stmt"/>
        <line num="632" count="9" type="stmt"/>
        <line num="634" count="9" type="stmt"/>
      </file>
      <file name="waf-sampled-stack.ts" path="/codebuild/output/src1414741452/src/source/constructs/lib/pipeline/service/waf-sampled-stack.ts">
        <metrics statements="18" coveredstatements="18" conditionals="0" coveredconditionals="0" methods="1" coveredmethods="1"/>
        <line num="17" count="1" type="stmt"/>
        <line num="30" count="1" type="stmt"/>
        <line num="31" count="1" type="stmt"/>
        <line num="32" count="1" type="stmt"/>
        <line num="33" count="1" type="stmt"/>
        <line num="63" count="1" type="stmt"/>
        <line num="68" count="1" type="stmt"/>
        <line num="71" count="1" type="stmt"/>
        <line num="89" count="1" type="stmt"/>
        <line num="93" count="1" type="stmt"/>
        <line num="95" count="1" type="stmt"/>
        <line num="101" count="1" type="stmt"/>
        <line num="106" count="1" type="stmt"/>
        <line num="114" count="1" type="stmt"/>
        <line num="129" count="1" type="stmt"/>
        <line num="132" count="1" type="stmt"/>
        <line num="135" count="1" type="stmt"/>
        <line num="141" count="1" type="stmt"/>
      </file>
    </package>
    <package name="lib.subaccount">
      <metrics statements="53" coveredstatements="53" conditionals="4" coveredconditionals="4" methods="3" coveredmethods="3"/>
      <file name="cross-account-stack.ts" path="/codebuild/output/src1414741452/src/source/constructs/lib/subaccount/cross-account-stack.ts">
        <metrics statements="53" coveredstatements="53" conditionals="4" coveredconditionals="4" methods="3" coveredmethods="3"/>
        <line num="16" count="1" type="stmt"/>
        <line num="34" count="1" type="stmt"/>
        <line num="35" count="1" type="stmt"/>
        <line num="37" count="1" type="stmt"/>
        <line num="38" count="1" type="stmt"/>
        <line num="48" count="1" type="stmt"/>
        <line num="52" count="2" type="stmt"/>
        <line num="63" count="1" type="stmt"/>
        <line num="64" count="1" type="stmt"/>
        <line num="65" count="1" type="stmt"/>
        <line num="68" count="1" type="stmt"/>
        <line num="71" count="1" type="cond" truecount="2" falsecount="0"/>
        <line num="72" count="1" type="cond" truecount="2" falsecount="0"/>
        <line num="74" count="1" type="stmt"/>
        <line num="76" count="1" type="stmt"/>
        <line num="78" count="1" type="stmt"/>
        <line num="85" count="1" type="stmt"/>
        <line num="91" count="1" type="stmt"/>
        <line num="94" count="1" type="stmt"/>
        <line num="111" count="1" type="stmt"/>
        <line num="163" count="1" type="stmt"/>
        <line num="177" count="1" type="stmt"/>
        <line num="192" count="1" type="stmt"/>
        <line num="202" count="1" type="stmt"/>
        <line num="239" count="1" type="stmt"/>
        <line num="255" count="1" type="stmt"/>
        <line num="262" count="1" type="stmt"/>
        <line num="263" count="1" type="stmt"/>
        <line num="275" count="1" type="stmt"/>
        <line num="286" count="1" type="stmt"/>
        <line num="293" count="1" type="stmt"/>
        <line num="353" count="1" type="stmt"/>
        <line num="363" count="1" type="stmt"/>
        <line num="372" count="1" type="stmt"/>
        <line num="717" count="1" type="stmt"/>
        <line num="718" count="1" type="stmt"/>
        <line num="725" count="1" type="stmt"/>
        <line num="727" count="1" type="stmt"/>
        <line num="739" count="1" type="stmt"/>
        <line num="749" count="1" type="stmt"/>
        <line num="752" count="1" type="stmt"/>
        <line num="758" count="1" type="stmt"/>
        <line num="760" count="1" type="stmt"/>
        <line num="835" count="1" type="stmt"/>
        <line num="908" count="1" type="stmt"/>
        <line num="913" count="1" type="stmt"/>
        <line num="918" count="1" type="stmt"/>
        <line num="923" count="1" type="stmt"/>
        <line num="928" count="1" type="stmt"/>
        <line num="933" count="1" type="stmt"/>
        <line num="938" count="1" type="stmt"/>
        <line num="943" count="1" type="stmt"/>
        <line num="950" count="1" type="stmt"/>
      </file>
    </package>
    <package name="lib.util">
      <metrics statements="21" coveredstatements="21" conditionals="6" coveredconditionals="6" methods="6" coveredmethods="6"/>
      <file name="stack-helper.ts" path="/codebuild/output/src1414741452/src/source/constructs/lib/util/stack-helper.ts">
        <metrics statements="21" coveredstatements="21" conditionals="6" coveredconditionals="6" methods="6" coveredmethods="6"/>
        <line num="17" count="4" type="stmt"/>
        <line num="18" count="4" type="stmt"/>
        <line num="19" count="4" type="stmt"/>
        <line num="31" count="4" type="stmt"/>
        <line num="32" count="4" type="stmt"/>
        <line num="35" count="34" type="stmt"/>
        <line num="36" count="34" type="stmt"/>
        <line num="48" count="4" type="stmt"/>
        <line num="49" count="4" type="stmt"/>
        <line num="52" count="4" type="stmt"/>
        <line num="53" count="4" type="stmt"/>
        <line num="54" count="4" type="stmt"/>
        <line num="56" count="4" type="stmt"/>
        <line num="58" count="4" type="stmt"/>
        <line num="61" count="4" type="stmt"/>
        <line num="63" count="8" type="cond" truecount="1" falsecount="0"/>
        <line num="67" count="4" type="stmt"/>
        <line num="68" count="4" type="stmt"/>
        <line num="73" count="4" type="stmt"/>
        <line num="75" count="5059" type="cond" truecount="1" falsecount="0"/>
        <line num="79" count="4" type="stmt"/>
      </file>
    </package>
  </project>
</coverage>
