{"/codebuild/output/src2689249645/src/source/constructs/lib/main-stack.ts": {"path":"/codebuild/output/src2689249645/src/source/constructs/lib/main-stack.ts","statementMap":{"0":{"start":{"line":17,"column":0},"end":{"line":17,"column":null}},"1":{"start":{"line":36,"column":0},"end":{"line":36,"column":42}},"2":{"start":{"line":37,"column":0},"end":{"line":37,"column":42}},"3":{"start":{"line":39,"column":0},"end":{"line":39,"column":43}},"4":{"start":{"line":40,"column":0},"end":{"line":40,"column":46}},"5":{"start":{"line":42,"column":0},"end":{"line":42,"column":54}},"6":{"start":{"line":43,"column":0},"end":{"line":43,"column":59}},"7":{"start":{"line":44,"column":0},"end":{"line":44,"column":50}},"8":{"start":{"line":45,"column":0},"end":{"line":45,"column":44}},"9":{"start":{"line":46,"column":0},"end":{"line":46,"column":83}},"10":{"start":{"line":48,"column":20},"end":{"line":48,"column":31}},"11":{"start":{"line":62,"column":2},"end":{"line":64,"column":5}},"12":{"start":{"line":58,"column":0},"end":{"line":58,"column":16}},"13":{"start":{"line":109,"column":4},"end":{"line":109,"column":28}},"14":{"start":{"line":93,"column":10},"end":{"line":93,"column":34}},"15":{"start":{"line":94,"column":10},"end":{"line":94,"column":32}},"16":{"start":{"line":97,"column":10},"end":{"line":97,"column":49}},"17":{"start":{"line":98,"column":10},"end":{"line":98,"column":26}},"18":{"start":{"line":99,"column":10},"end":{"line":99,"column":32}},"19":{"start":{"line":100,"column":10},"end":{"line":100,"column":28}},"20":{"start":{"line":101,"column":10},"end":{"line":101,"column":28}},"21":{"start":{"line":102,"column":10},"end":{"line":102,"column":34}},"22":{"start":{"line":103,"column":10},"end":{"line":103,"column":32}},"23":{"start":{"line":104,"column":10},"end":{"line":104,"column":33}},"24":{"start":{"line":105,"column":10},"end":{"line":105,"column":45}},"25":{"start":{"line":111,"column":4},"end":{"line":113,"column":null}},"26":{"start":{"line":112,"column":6},"end":{"line":112,"column":37}},"27":{"start":{"line":115,"column":23},"end":{"line":115,"column":79}},"28":{"start":{"line":117,"column":6},"end":{"line":117,"column":65}},"29":{"start":{"line":118,"column":21},"end":{"line":118,"column":49}},"30":{"start":{"line":119,"column":24},"end":{"line":119,"column":28}},"31":{"start":{"line":121,"column":4},"end":{"line":121,"column":113}},"32":{"start":{"line":123,"column":44},"end":{"line":123,"column":48}},"33":{"start":{"line":124,"column":44},"end":{"line":124,"column":48}},"34":{"start":{"line":125,"column":50},"end":{"line":125,"column":54}},"35":{"start":{"line":126,"column":48},"end":{"line":126,"column":52}},"36":{"start":{"line":129,"column":21},"end":{"line":134,"column":6}},"37":{"start":{"line":135,"column":4},"end":{"line":135,"column":66}},"38":{"start":{"line":136,"column":4},"end":{"line":136,"column":64}},"39":{"start":{"line":139,"column":4},"end":{"line":226,"column":null}},"40":{"start":{"line":140,"column":6},"end":{"line":145,"column":9}},"41":{"start":{"line":146,"column":6},"end":{"line":146,"column":68}},"42":{"start":{"line":147,"column":6},"end":{"line":147,"column":53}},"43":{"start":{"line":149,"column":6},"end":{"line":153,"column":9}},"44":{"start":{"line":154,"column":6},"end":{"line":154,"column":68}},"45":{"start":{"line":155,"column":6},"end":{"line":155,"column":53}},"46":{"start":{"line":157,"column":6},"end":{"line":164,"column":9}},"47":{"start":{"line":165,"column":6},"end":{"line":165,"column":68}},"48":{"start":{"line":166,"column":6},"end":{"line":166,"column":65}},"49":{"start":{"line":168,"column":6},"end":{"line":174,"column":9}},"50":{"start":{"line":175,"column":6},"end":{"line":175,"column":76}},"51":{"start":{"line":176,"column":6},"end":{"line":176,"column":61}},"52":{"start":{"line":178,"column":32},"end":{"line":184,"column":8}},"53":{"start":{"line":185,"column":6},"end":{"line":185,"column":78}},"54":{"start":{"line":186,"column":6},"end":{"line":186,"column":63}},"55":{"start":{"line":188,"column":6},"end":{"line":192,"column":8}},"56":{"start":{"line":193,"column":6},"end":{"line":198,"column":8}},"57":{"start":{"line":201,"column":24},"end":{"line":204,"column":8}},"58":{"start":{"line":205,"column":6},"end":{"line":205,"column":45}},"59":{"start":{"line":206,"column":6},"end":{"line":206,"column":57}},"60":{"start":{"line":207,"column":6},"end":{"line":225,"column":8}},"61":{"start":{"line":228,"column":14},"end":{"line":228,"column":23}},"62":{"start":{"line":229,"column":20},"end":{"line":229,"column":29}},"63":{"start":{"line":231,"column":4},"end":{"line":271,"column":null}},"64":{"start":{"line":232,"column":20},"end":{"line":236,"column":8}},"65":{"start":{"line":237,"column":6},"end":{"line":237,"column":39}},"66":{"start":{"line":238,"column":6},"end":{"line":238,"column":55}},"67":{"start":{"line":240,"column":30},"end":{"line":244,"column":8}},"68":{"start":{"line":245,"column":6},"end":{"line":245,"column":57}},"69":{"start":{"line":246,"column":6},"end":{"line":246,"column":76}},"70":{"start":{"line":248,"column":31},"end":{"line":252,"column":8}},"71":{"start":{"line":253,"column":6},"end":{"line":253,"column":59}},"72":{"start":{"line":254,"column":6},"end":{"line":254,"column":78}},"73":{"start":{"line":255,"column":6},"end":{"line":260,"column":8}},"74":{"start":{"line":263,"column":6},"end":{"line":268,"column":9}},"75":{"start":{"line":270,"column":6},"end":{"line":270,"column":47}},"76":{"start":{"line":273,"column":21},"end":{"line":275,"column":6}},"77":{"start":{"line":278,"column":22},"end":{"line":324,"column":6}},"78":{"start":{"line":327,"column":28},"end":{"line":329,"column":6}},"79":{"start":{"line":332,"column":37},"end":{"line":339,"column":null}},"80":{"start":{"line":341,"column":4},"end":{"line":353,"column":6}},"81":{"start":{"line":354,"column":4},"end":{"line":356,"column":7}},"82":{"start":{"line":358,"column":39},"end":{"line":372,"column":null}},"83":{"start":{"line":374,"column":4},"end":{"line":374,"column":77}},"84":{"start":{"line":377,"column":4},"end":{"line":389,"column":6}},"85":{"start":{"line":392,"column":26},"end":{"line":412,"column":null}},"86":{"start":{"line":415,"column":4},"end":{"line":422,"column":6}},"87":{"start":{"line":423,"column":35},"end":{"line":476,"column":null}},"88":{"start":{"line":479,"column":24},"end":{"line":481,"column":6}},"89":{"start":{"line":482,"column":4},"end":{"line":509,"column":10}},"90":{"start":{"line":510,"column":4},"end":{"line":524,"column":6}},"91":{"start":{"line":525,"column":4},"end":{"line":534,"column":6}},"92":{"start":{"line":536,"column":29},"end":{"line":536,"column":76}},"93":{"start":{"line":537,"column":4},"end":{"line":546,"column":7}},"94":{"start":{"line":549,"column":4},"end":{"line":558,"column":7}},"95":{"start":{"line":555,"column":67},"end":{"line":555,"column":89}},"96":{"start":{"line":560,"column":4},"end":{"line":560,"column":208}},"97":{"start":{"line":563,"column":21},"end":{"line":579,"column":6}},"98":{"start":{"line":580,"column":4},"end":{"line":589,"column":6}},"99":{"start":{"line":592,"column":24},"end":{"line":598,"column":6}},"100":{"start":{"line":599,"column":4},"end":{"line":599,"column":46}},"101":{"start":{"line":602,"column":20},"end":{"line":615,"column":6}},"102":{"start":{"line":618,"column":4},"end":{"line":618,"column":60}},"103":{"start":{"line":620,"column":4},"end":{"line":625,"column":6}},"104":{"start":{"line":627,"column":4},"end":{"line":630,"column":49}},"105":{"start":{"line":633,"column":4},"end":{"line":636,"column":42}},"106":{"start":{"line":638,"column":4},"end":{"line":641,"column":65}},"107":{"start":{"line":647,"column":4},"end":{"line":650,"column":7}},"108":{"start":{"line":654,"column":4},"end":{"line":656,"column":6}},"109":{"start":{"line":92,"column":0},"end":{"line":92,"column":13}}},"fnMap":{"0":{"name":"addCfnNagSuppressRules","decl":{"start":{"line":58,"column":16},"end":{"line":58,"column":38}},"loc":{"start":{"line":60,"column":29},"end":{"line":65,"column":1}}},"1":{"name":"(anonymous_1)","decl":{"start":{"line":108,"column":2},"end":{"line":108,"column":14}},"loc":{"start":{"line":108,"column":60},"end":{"line":644,"column":3}}},"2":{"name":"(anonymous_2)","decl":{"start":{"line":555,"column":54},"end":{"line":555,"column":55}},"loc":{"start":{"line":555,"column":64},"end":{"line":555,"column":90}}},"3":{"name":"(anonymous_3)","decl":{"start":{"line":646,"column":10},"end":{"line":646,"column":26}},"loc":{"start":{"line":646,"column":60},"end":{"line":651,"column":3}}},"4":{"name":"(anonymous_4)","decl":{"start":{"line":653,"column":10},"end":{"line":653,"column":26}},"loc":{"start":{"line":653,"column":55},"end":{"line":657,"column":3}}}},"branchMap":{"0":{"loc":{"start":{"line":111,"column":4},"end":{"line":113,"column":null}},"type":"if","locations":[{"start":{"line":111,"column":4},"end":{"line":113,"column":null}}]},"1":{"loc":{"start":{"line":111,"column":8},"end":{"line":111,"column":23}},"type":"cond-expr","locations":[{"start":{"line":111,"column":13},"end":{"line":111,"column":15}},{"start":{"line":111,"column":8},"end":{"line":111,"column":23}}]},"2":{"loc":{"start":{"line":111,"column":8},"end":{"line":111,"column":15}},"type":"binary-expr","locations":[{"start":{"line":111,"column":8},"end":{"line":111,"column":15}},{"start":{"line":111,"column":8},"end":{"line":111,"column":15}}]},"3":{"loc":{"start":{"line":115,"column":23},"end":{"line":115,"column":79}},"type":"binary-expr","locations":[{"start":{"line":115,"column":23},"end":{"line":115,"column":41}},{"start":{"line":115,"column":45},"end":{"line":115,"column":79}}]},"4":{"loc":{"start":{"line":117,"column":6},"end":{"line":117,"column":65}},"type":"binary-expr","locations":[{"start":{"line":117,"column":6},"end":{"line":117,"column":24}},{"start":{"line":117,"column":28},"end":{"line":117,"column":65}}]},"5":{"loc":{"start":{"line":118,"column":21},"end":{"line":118,"column":49}},"type":"binary-expr","locations":[{"start":{"line":118,"column":21},"end":{"line":118,"column":37}},{"start":{"line":118,"column":41},"end":{"line":118,"column":49}}]},"6":{"loc":{"start":{"line":139,"column":4},"end":{"line":226,"column":null}},"type":"if","locations":[{"start":{"line":139,"column":4},"end":{"line":226,"column":null}},{"start":{"line":199,"column":11},"end":{"line":226,"column":null}}]},"7":{"loc":{"start":{"line":231,"column":4},"end":{"line":271,"column":null}},"type":"if","locations":[{"start":{"line":231,"column":4},"end":{"line":271,"column":null}}]},"8":{"loc":{"start":{"line":231,"column":8},"end":{"line":231,"column":26}},"type":"cond-expr","locations":[{"start":{"line":231,"column":13},"end":{"line":231,"column":15}},{"start":{"line":231,"column":8},"end":{"line":231,"column":26}}]},"9":{"loc":{"start":{"line":231,"column":8},"end":{"line":231,"column":15}},"type":"binary-expr","locations":[{"start":{"line":231,"column":8},"end":{"line":231,"column":15}},{"start":{"line":231,"column":8},"end":{"line":231,"column":15}}]},"10":{"loc":{"start":{"line":569,"column":17},"end":{"line":569,"column":59}},"type":"cond-expr","locations":[{"start":{"line":569,"column":29},"end":{"line":569,"column":38}},{"start":{"line":569,"column":41},"end":{"line":569,"column":59}}]}},"s":{"0":1,"1":1,"2":1,"3":1,"4":1,"5":1,"6":1,"7":1,"8":1,"9":1,"10":1,"11":79,"12":1,"13":4,"14":4,"15":4,"16":4,"17":4,"18":4,"19":4,"20":4,"21":4,"22":4,"23":4,"24":4,"25":4,"26":1,"27":4,"28":4,"29":4,"30":4,"31":4,"32":4,"33":4,"34":4,"35":4,"36":4,"37":4,"38":4,"39":4,"40":1,"41":1,"42":1,"43":1,"44":1,"45":1,"46":1,"47":1,"48":1,"49":1,"50":1,"51":1,"52":1,"53":1,"54":1,"55":1,"56":1,"57":3,"58":3,"59":3,"60":3,"61":4,"62":4,"63":4,"64":1,"65":1,"66":1,"67":1,"68":1,"69":1,"70":1,"71":1,"72":1,"73":1,"74":1,"75":1,"76":4,"77":4,"78":4,"79":4,"80":4,"81":4,"82":4,"83":4,"84":4,"85":4,"86":4,"87":4,"88":4,"89":4,"90":4,"91":4,"92":4,"93":4,"94":4,"95":7,"96":4,"97":4,"98":4,"99":4,"100":4,"101":4,"102":4,"103":4,"104":4,"105":4,"106":4,"107":7,"108":12,"109":1},"f":{"0":79,"1":4,"2":7,"3":7,"4":12},"b":{"0":[1],"1":[0,4],"2":[4,4],"3":[4,4],"4":[4,4],"5":[4,2],"6":[1,3],"7":[1],"8":[0,4],"9":[4,4],"10":[1,3]}}
,"/codebuild/output/src2689249645/src/source/constructs/lib/api/api-stack.ts": {"path":"/codebuild/output/src2689249645/src/source/constructs/lib/api/api-stack.ts","statementMap":{"0":{"start":{"line":17,"column":0},"end":{"line":17,"column":92}},"1":{"start":{"line":19,"column":0},"end":{"line":19,"column":42}},"2":{"start":{"line":20,"column":0},"end":{"line":20,"column":39}},"3":{"start":{"line":22,"column":0},"end":{"line":22,"column":65}},"4":{"start":{"line":23,"column":0},"end":{"line":23,"column":56}},"5":{"start":{"line":24,"column":0},"end":{"line":24,"column":50}},"6":{"start":{"line":25,"column":0},"end":{"line":25,"column":47}},"7":{"start":{"line":27,"column":0},"end":{"line":27,"column":47}},"8":{"start":{"line":28,"column":0},"end":{"line":28,"column":62}},"9":{"start":{"line":29,"column":0},"end":{"line":29,"column":58}},"10":{"start":{"line":31,"column":0},"end":{"line":31,"column":46}},"11":{"start":{"line":32,"column":0},"end":{"line":32,"column":72}},"12":{"start":{"line":33,"column":0},"end":{"line":33,"column":49}},"13":{"start":{"line":34,"column":0},"end":{"line":34,"column":48}},"14":{"start":{"line":35,"column":0},"end":{"line":35,"column":52}},"15":{"start":{"line":37,"column":0},"end":{"line":37,"column":60}},"16":{"start":{"line":38,"column":0},"end":{"line":38,"column":47}},"17":{"start":{"line":41,"column":0},"end":{"line":41,"column":56}},"18":{"start":{"line":42,"column":0},"end":{"line":42,"column":54}},"19":{"start":{"line":119,"column":4},"end":{"line":119,"column":21}},"20":{"start":{"line":121,"column":21},"end":{"line":127,"column":6}},"21":{"start":{"line":130,"column":30},"end":{"line":133,"column":6}},"22":{"start":{"line":135,"column":4},"end":{"line":135,"column":163}},"23":{"start":{"line":138,"column":20},"end":{"line":143,"column":6}},"24":{"start":{"line":144,"column":4},"end":{"line":153,"column":6}},"25":{"start":{"line":155,"column":25},"end":{"line":155,"column":48}},"26":{"start":{"line":158,"column":26},"end":{"line":165,"column":6}},"27":{"start":{"line":166,"column":4},"end":{"line":175,"column":6}},"28":{"start":{"line":178,"column":25},"end":{"line":183,"column":6}},"29":{"start":{"line":186,"column":29},"end":{"line":195,"column":6}},"30":{"start":{"line":196,"column":4},"end":{"line":205,"column":6}},"31":{"start":{"line":207,"column":26},"end":{"line":207,"column":62}},"32":{"start":{"line":210,"column":27},"end":{"line":219,"column":6}},"33":{"start":{"line":220,"column":4},"end":{"line":229,"column":6}},"34":{"start":{"line":232,"column":25},"end":{"line":236,"column":6}},"35":{"start":{"line":239,"column":29},"end":{"line":250,"column":6}},"36":{"start":{"line":251,"column":4},"end":{"line":260,"column":6}},"37":{"start":{"line":262,"column":26},"end":{"line":267,"column":6}},"38":{"start":{"line":268,"column":4},"end":{"line":277,"column":6}},"39":{"start":{"line":280,"column":25},"end":{"line":292,"column":6}},"40":{"start":{"line":293,"column":4},"end":{"line":302,"column":6}},"41":{"start":{"line":305,"column":34},"end":{"line":312,"column":null}},"42":{"start":{"line":315,"column":4},"end":{"line":315,"column":133}},"43":{"start":{"line":318,"column":28},"end":{"line":327,"column":6}},"44":{"start":{"line":328,"column":4},"end":{"line":337,"column":6}},"45":{"start":{"line":340,"column":33},"end":{"line":366,"column":null}},"46":{"start":{"line":368,"column":4},"end":{"line":373,"column":6}},"47":{"start":{"line":374,"column":4},"end":{"line":383,"column":6}},"48":{"start":{"line":386,"column":31},"end":{"line":398,"column":null}},"49":{"start":{"line":400,"column":4},"end":{"line":409,"column":6}},"50":{"start":{"line":410,"column":4},"end":{"line":410,"column":59}},"51":{"start":{"line":412,"column":4},"end":{"line":415,"column":47}},"52":{"start":{"line":417,"column":4},"end":{"line":417,"column":54}},"53":{"start":{"line":114,"column":0},"end":{"line":114,"column":13}}},"fnMap":{"0":{"name":"(anonymous_0)","decl":{"start":{"line":118,"column":2},"end":{"line":118,"column":14}},"loc":{"start":{"line":118,"column":59},"end":{"line":418,"column":3}}}},"branchMap":{},"s":{"0":1,"1":1,"2":1,"3":1,"4":1,"5":1,"6":1,"7":1,"8":1,"9":1,"10":1,"11":1,"12":1,"13":1,"14":1,"15":1,"16":1,"17":1,"18":1,"19":4,"20":4,"21":4,"22":4,"23":4,"24":4,"25":4,"26":4,"27":4,"28":4,"29":4,"30":4,"31":4,"32":4,"33":4,"34":4,"35":4,"36":4,"37":4,"38":4,"39":4,"40":4,"41":4,"42":4,"43":4,"44":4,"45":4,"46":4,"47":4,"48":4,"49":4,"50":4,"51":4,"52":4,"53":1},"f":{"0":4},"b":{}}
,"/codebuild/output/src2689249645/src/source/constructs/lib/api/app-log-ingestion-flow.ts": {"path":"/codebuild/output/src2689249645/src/source/constructs/lib/api/app-log-ingestion-flow.ts","statementMap":{"0":{"start":{"line":16,"column":0},"end":{"line":16,"column":null}},"1":{"start":{"line":19,"column":0},"end":{"line":19,"column":null}},"2":{"start":{"line":29,"column":0},"end":{"line":29,"column":null}},"3":{"start":{"line":32,"column":0},"end":{"line":32,"column":51}},"4":{"start":{"line":34,"column":0},"end":{"line":34,"column":29}},"5":{"start":{"line":70,"column":8},"end":{"line":70,"column":25}},"6":{"start":{"line":71,"column":28},"end":{"line":71,"column":36}},"7":{"start":{"line":74,"column":31},"end":{"line":74,"column":89}},"8":{"start":{"line":75,"column":31},"end":{"line":75,"column":98}},"9":{"start":{"line":78,"column":35},"end":{"line":94,"column":10}},"10":{"start":{"line":96,"column":8},"end":{"line":96,"column":62}},"11":{"start":{"line":97,"column":8},"end":{"line":97,"column":62}},"12":{"start":{"line":98,"column":8},"end":{"line":104,"column":10}},"13":{"start":{"line":106,"column":39},"end":{"line":110,"column":10}},"14":{"start":{"line":112,"column":22},"end":{"line":112,"column":95}},"15":{"start":{"line":115,"column":24},"end":{"line":123,"column":10}},"16":{"start":{"line":126,"column":25},"end":{"line":128,"column":10}},"17":{"start":{"line":131,"column":42},"end":{"line":133,"column":10}},"18":{"start":{"line":135,"column":8},"end":{"line":153,"column":null}},"19":{"start":{"line":155,"column":23},"end":{"line":162,"column":10}},"20":{"start":{"line":164,"column":33},"end":{"line":164,"column":80}},"21":{"start":{"line":165,"column":8},"end":{"line":165,"column":null}},"22":{"start":{"line":167,"column":8},"end":{"line":167,"column":null}},"23":{"start":{"line":65,"column":0},"end":{"line":65,"column":13}}},"fnMap":{"0":{"name":"(anonymous_0)","decl":{"start":{"line":69,"column":4},"end":{"line":69,"column":16}},"loc":{"start":{"line":69,"column":70},"end":{"line":170,"column":5}}}},"branchMap":{"0":{"loc":{"start":{"line":91,"column":34},"end":{"line":91,"column":86}},"type":"cond-expr","locations":[{"start":{"line":91,"column":56},"end":{"line":91,"column":75}},{"start":{"line":91,"column":78},"end":{"line":91,"column":86}}]}},"s":{"0":1,"1":1,"2":1,"3":1,"4":1,"5":4,"6":4,"7":4,"8":4,"9":4,"10":4,"11":4,"12":4,"13":4,"14":4,"15":4,"16":4,"17":4,"18":4,"19":4,"20":4,"21":4,"22":4,"23":1},"f":{"0":4},"b":{"0":[1,3]}}
,"/codebuild/output/src2689249645/src/source/constructs/lib/api/app-log-ingestion-stack.ts": {"path":"/codebuild/output/src2689249645/src/source/constructs/lib/api/app-log-ingestion-stack.ts","statementMap":{"0":{"start":{"line":16,"column":0},"end":{"line":16,"column":29}},"1":{"start":{"line":17,"column":0},"end":{"line":17,"column":54}},"2":{"start":{"line":18,"column":0},"end":{"line":18,"column":null}},"3":{"start":{"line":31,"column":0},"end":{"line":31,"column":73}},"4":{"start":{"line":32,"column":0},"end":{"line":32,"column":50}},"5":{"start":{"line":33,"column":0},"end":{"line":33,"column":39}},"6":{"start":{"line":35,"column":0},"end":{"line":35,"column":70}},"7":{"start":{"line":38,"column":0},"end":{"line":38,"column":51}},"8":{"start":{"line":39,"column":0},"end":{"line":39,"column":55}},"9":{"start":{"line":98,"column":4},"end":{"line":98,"column":21}},"10":{"start":{"line":100,"column":23},"end":{"line":102,"column":6}},"11":{"start":{"line":103,"column":24},"end":{"line":107,"column":16}},"12":{"start":{"line":109,"column":29},"end":{"line":109,"column":38}},"13":{"start":{"line":111,"column":38},"end":{"line":180,"column":null}},"14":{"start":{"line":184,"column":33},"end":{"line":205,"column":null}},"15":{"start":{"line":208,"column":52},"end":{"line":248,"column":null}},"16":{"start":{"line":251,"column":4},"end":{"line":265,"column":6}},"17":{"start":{"line":267,"column":4},"end":{"line":269,"column":6}},"18":{"start":{"line":270,"column":4},"end":{"line":272,"column":6}},"19":{"start":{"line":274,"column":4},"end":{"line":276,"column":6}},"20":{"start":{"line":277,"column":4},"end":{"line":279,"column":6}},"21":{"start":{"line":281,"column":4},"end":{"line":283,"column":6}},"22":{"start":{"line":285,"column":4},"end":{"line":287,"column":6}},"23":{"start":{"line":289,"column":4},"end":{"line":291,"column":6}},"24":{"start":{"line":293,"column":4},"end":{"line":295,"column":6}},"25":{"start":{"line":297,"column":4},"end":{"line":299,"column":6}},"26":{"start":{"line":301,"column":4},"end":{"line":303,"column":6}},"27":{"start":{"line":305,"column":22},"end":{"line":329,"column":6}},"28":{"start":{"line":330,"column":4},"end":{"line":335,"column":7}},"29":{"start":{"line":337,"column":31},"end":{"line":412,"column":6}},"30":{"start":{"line":414,"column":4},"end":{"line":416,"column":6}},"31":{"start":{"line":418,"column":4},"end":{"line":418,"column":80}},"32":{"start":{"line":420,"column":4},"end":{"line":422,"column":6}},"33":{"start":{"line":425,"column":29},"end":{"line":429,"column":6}},"34":{"start":{"line":432,"column":35},"end":{"line":474,"column":null}},"35":{"start":{"line":476,"column":4},"end":{"line":476,"column":73}},"36":{"start":{"line":479,"column":4},"end":{"line":479,"column":74}},"37":{"start":{"line":480,"column":4},"end":{"line":480,"column":70}},"38":{"start":{"line":481,"column":4},"end":{"line":481,"column":66}},"39":{"start":{"line":482,"column":4},"end":{"line":482,"column":67}},"40":{"start":{"line":483,"column":4},"end":{"line":483,"column":66}},"41":{"start":{"line":484,"column":4},"end":{"line":484,"column":68}},"42":{"start":{"line":485,"column":4},"end":{"line":485,"column":68}},"43":{"start":{"line":486,"column":4},"end":{"line":486,"column":82}},"44":{"start":{"line":488,"column":4},"end":{"line":488,"column":72}},"45":{"start":{"line":491,"column":4},"end":{"line":497,"column":6}},"46":{"start":{"line":499,"column":4},"end":{"line":505,"column":6}},"47":{"start":{"line":507,"column":4},"end":{"line":515,"column":6}},"48":{"start":{"line":517,"column":4},"end":{"line":523,"column":6}},"49":{"start":{"line":525,"column":4},"end":{"line":525,"column":77}},"50":{"start":{"line":528,"column":36},"end":{"line":533,"column":null}},"51":{"start":{"line":537,"column":4},"end":{"line":547,"column":7}},"52":{"start":{"line":548,"column":4},"end":{"line":556,"column":6}},"53":{"start":{"line":558,"column":4},"end":{"line":566,"column":6}},"54":{"start":{"line":568,"column":4},"end":{"line":578,"column":7}},"55":{"start":{"line":580,"column":4},"end":{"line":590,"column":7}},"56":{"start":{"line":592,"column":4},"end":{"line":597,"column":7}},"57":{"start":{"line":599,"column":4},"end":{"line":604,"column":7}},"58":{"start":{"line":606,"column":49},"end":{"line":627,"column":null}},"59":{"start":{"line":630,"column":4},"end":{"line":634,"column":6}},"60":{"start":{"line":636,"column":4},"end":{"line":638,"column":6}},"61":{"start":{"line":639,"column":4},"end":{"line":639,"column":77}},"62":{"start":{"line":641,"column":4},"end":{"line":641,"column":80}},"63":{"start":{"line":643,"column":4},"end":{"line":645,"column":6}},"64":{"start":{"line":647,"column":4},"end":{"line":649,"column":6}},"65":{"start":{"line":651,"column":4},"end":{"line":653,"column":6}},"66":{"start":{"line":655,"column":4},"end":{"line":657,"column":6}},"67":{"start":{"line":660,"column":32},"end":{"line":684,"column":null}},"68":{"start":{"line":687,"column":4},"end":{"line":687,"column":67}},"69":{"start":{"line":688,"column":4},"end":{"line":688,"column":63}},"70":{"start":{"line":689,"column":4},"end":{"line":689,"column":71}},"71":{"start":{"line":690,"column":4},"end":{"line":690,"column":65}},"72":{"start":{"line":691,"column":4},"end":{"line":691,"column":65}},"73":{"start":{"line":693,"column":4},"end":{"line":693,"column":74}},"74":{"start":{"line":695,"column":42},"end":{"line":719,"column":null}},"75":{"start":{"line":721,"column":4},"end":{"line":721,"column":80}},"76":{"start":{"line":722,"column":4},"end":{"line":739,"column":6}},"77":{"start":{"line":741,"column":4},"end":{"line":743,"column":6}},"78":{"start":{"line":747,"column":33},"end":{"line":752,"column":null}},"79":{"start":{"line":755,"column":4},"end":{"line":765,"column":7}},"80":{"start":{"line":96,"column":0},"end":{"line":96,"column":13}}},"fnMap":{"0":{"name":"(anonymous_0)","decl":{"start":{"line":97,"column":2},"end":{"line":97,"column":14}},"loc":{"start":{"line":97,"column":76},"end":{"line":766,"column":3}}}},"branchMap":{"0":{"loc":{"start":{"line":230,"column":28},"end":{"line":230,"column":59}},"type":"binary-expr","locations":[{"start":{"line":230,"column":28},"end":{"line":230,"column":47}},{"start":{"line":230,"column":51},"end":{"line":230,"column":59}}]},"1":{"loc":{"start":{"line":465,"column":28},"end":{"line":465,"column":59}},"type":"binary-expr","locations":[{"start":{"line":465,"column":28},"end":{"line":465,"column":47}},{"start":{"line":465,"column":51},"end":{"line":465,"column":59}}]},"2":{"loc":{"start":{"line":623,"column":28},"end":{"line":623,"column":59}},"type":"binary-expr","locations":[{"start":{"line":623,"column":28},"end":{"line":623,"column":47}},{"start":{"line":623,"column":51},"end":{"line":623,"column":59}}]},"3":{"loc":{"start":{"line":680,"column":28},"end":{"line":680,"column":59}},"type":"binary-expr","locations":[{"start":{"line":680,"column":28},"end":{"line":680,"column":47}},{"start":{"line":680,"column":51},"end":{"line":680,"column":59}}]},"4":{"loc":{"start":{"line":714,"column":28},"end":{"line":714,"column":59}},"type":"binary-expr","locations":[{"start":{"line":714,"column":28},"end":{"line":714,"column":47}},{"start":{"line":714,"column":51},"end":{"line":714,"column":59}}]}},"s":{"0":1,"1":1,"2":1,"3":1,"4":1,"5":1,"6":1,"7":1,"8":1,"9":4,"10":4,"11":4,"12":4,"13":4,"14":4,"15":4,"16":4,"17":4,"18":4,"19":4,"20":4,"21":4,"22":4,"23":4,"24":4,"25":4,"26":4,"27":4,"28":4,"29":4,"30":4,"31":4,"32":4,"33":4,"34":4,"35":4,"36":4,"37":4,"38":4,"39":4,"40":4,"41":4,"42":4,"43":4,"44":4,"45":4,"46":4,"47":4,"48":4,"49":4,"50":4,"51":4,"52":4,"53":4,"54":4,"55":4,"56":4,"57":4,"58":4,"59":4,"60":4,"61":4,"62":4,"63":4,"64":4,"65":4,"66":4,"67":4,"68":4,"69":4,"70":4,"71":4,"72":4,"73":4,"74":4,"75":4,"76":4,"77":4,"78":4,"79":4,"80":1},"f":{"0":4},"b":{"0":[4,3],"1":[4,3],"2":[4,3],"3":[4,3],"4":[4,3]}}
,"/codebuild/output/src2689249645/src/source/constructs/lib/api/app-pipeline-flow.ts": {"path":"/codebuild/output/src2689249645/src/source/constructs/lib/api/app-pipeline-flow.ts","statementMap":{"0":{"start":{"line":16,"column":0},"end":{"line":16,"column":39}},"1":{"start":{"line":17,"column":0},"end":{"line":17,"column":null}},"2":{"start":{"line":27,"column":0},"end":{"line":27,"column":49}},"3":{"start":{"line":28,"column":0},"end":{"line":28,"column":51}},"4":{"start":{"line":29,"column":0},"end":{"line":29,"column":55}},"5":{"start":{"line":32,"column":0},"end":{"line":32,"column":29}},"6":{"start":{"line":81,"column":4},"end":{"line":81,"column":21}},"7":{"start":{"line":83,"column":24},"end":{"line":83,"column":32}},"8":{"start":{"line":84,"column":24},"end":{"line":84,"column":28}},"9":{"start":{"line":87,"column":18},"end":{"line":87,"column":67}},"10":{"start":{"line":88,"column":27},"end":{"line":88,"column":94}},"11":{"start":{"line":91,"column":26},"end":{"line":106,"column":6}},"12":{"start":{"line":108,"column":4},"end":{"line":108,"column":44}},"13":{"start":{"line":109,"column":18},"end":{"line":112,"column":null}},"14":{"start":{"line":117,"column":27},"end":{"line":136,"column":6}},"15":{"start":{"line":137,"column":4},"end":{"line":137,"column":45}},"16":{"start":{"line":138,"column":4},"end":{"line":138,"column":54}},"17":{"start":{"line":139,"column":4},"end":{"line":139,"column":90}},"18":{"start":{"line":140,"column":4},"end":{"line":140,"column":88}},"19":{"start":{"line":142,"column":33},"end":{"line":161,"column":6}},"20":{"start":{"line":163,"column":4},"end":{"line":163,"column":66}},"21":{"start":{"line":164,"column":4},"end":{"line":173,"column":6}},"22":{"start":{"line":175,"column":30},"end":{"line":182,"column":null}},"23":{"start":{"line":185,"column":41},"end":{"line":208,"column":6}},"24":{"start":{"line":210,"column":36},"end":{"line":212,"column":null}},"25":{"start":{"line":215,"column":34},"end":{"line":218,"column":41}},"26":{"start":{"line":220,"column":4},"end":{"line":220,"column":null}},"27":{"start":{"line":222,"column":30},"end":{"line":231,"column":39}},"28":{"start":{"line":234,"column":20},"end":{"line":245,"column":null}},"29":{"start":{"line":249,"column":21},"end":{"line":254,"column":6}},"30":{"start":{"line":257,"column":31},"end":{"line":259,"column":6}},"31":{"start":{"line":261,"column":4},"end":{"line":279,"column":6}},"32":{"start":{"line":281,"column":4},"end":{"line":292,"column":6}},"33":{"start":{"line":294,"column":4},"end":{"line":305,"column":6}},"34":{"start":{"line":307,"column":30},"end":{"line":311,"column":6}},"35":{"start":{"line":313,"column":19},"end":{"line":320,"column":6}},"36":{"start":{"line":322,"column":29},"end":{"line":322,"column":76}},"37":{"start":{"line":323,"column":4},"end":{"line":323,"column":60}},"38":{"start":{"line":325,"column":4},"end":{"line":325,"column":50}},"39":{"start":{"line":77,"column":0},"end":{"line":77,"column":13}}},"fnMap":{"0":{"name":"(anonymous_0)","decl":{"start":{"line":80,"column":2},"end":{"line":80,"column":14}},"loc":{"start":{"line":80,"column":68},"end":{"line":326,"column":3}}}},"branchMap":{"0":{"loc":{"start":{"line":103,"column":26},"end":{"line":103,"column":78}},"type":"cond-expr","locations":[{"start":{"line":103,"column":48},"end":{"line":103,"column":67}},{"start":{"line":103,"column":70},"end":{"line":103,"column":78}}]},"1":{"loc":{"start":{"line":129,"column":26},"end":{"line":129,"column":78}},"type":"cond-expr","locations":[{"start":{"line":129,"column":48},"end":{"line":129,"column":67}},{"start":{"line":129,"column":70},"end":{"line":129,"column":78}}]}},"s":{"0":1,"1":1,"2":1,"3":1,"4":1,"5":1,"6":4,"7":4,"8":4,"9":4,"10":4,"11":4,"12":4,"13":4,"14":4,"15":4,"16":4,"17":4,"18":4,"19":4,"20":4,"21":4,"22":4,"23":4,"24":4,"25":4,"26":4,"27":4,"28":4,"29":4,"30":4,"31":4,"32":4,"33":4,"34":4,"35":4,"36":4,"37":4,"38":4,"39":1},"f":{"0":4},"b":{"0":[1,3],"1":[1,3]}}
,"/codebuild/output/src2689249645/src/source/constructs/lib/api/app-pipeline-stack.ts": {"path":"/codebuild/output/src2689249645/src/source/constructs/lib/api/app-pipeline-stack.ts","statementMap":{"0":{"start":{"line":16,"column":0},"end":{"line":16,"column":29}},"1":{"start":{"line":17,"column":0},"end":{"line":17,"column":54}},"2":{"start":{"line":18,"column":0},"end":{"line":18,"column":null}},"3":{"start":{"line":28,"column":0},"end":{"line":28,"column":39}},"4":{"start":{"line":30,"column":0},"end":{"line":30,"column":59}},"5":{"start":{"line":31,"column":0},"end":{"line":31,"column":51}},"6":{"start":{"line":63,"column":4},"end":{"line":63,"column":21}},"7":{"start":{"line":66,"column":21},"end":{"line":73,"column":6}},"8":{"start":{"line":76,"column":31},"end":{"line":102,"column":6}},"9":{"start":{"line":103,"column":4},"end":{"line":103,"column":73}},"10":{"start":{"line":104,"column":4},"end":{"line":104,"column":57}},"11":{"start":{"line":106,"column":4},"end":{"line":106,"column":66}},"12":{"start":{"line":107,"column":4},"end":{"line":107,"column":70}},"13":{"start":{"line":108,"column":4},"end":{"line":108,"column":59}},"14":{"start":{"line":109,"column":4},"end":{"line":109,"column":91}},"15":{"start":{"line":111,"column":4},"end":{"line":117,"column":6}},"16":{"start":{"line":119,"column":4},"end":{"line":125,"column":6}},"17":{"start":{"line":127,"column":4},"end":{"line":133,"column":6}},"18":{"start":{"line":135,"column":4},"end":{"line":149,"column":6}},"19":{"start":{"line":151,"column":4},"end":{"line":159,"column":6}},"20":{"start":{"line":161,"column":4},"end":{"line":170,"column":6}},"21":{"start":{"line":172,"column":4},"end":{"line":182,"column":6}},"22":{"start":{"line":184,"column":4},"end":{"line":196,"column":6}},"23":{"start":{"line":198,"column":23},"end":{"line":200,"column":6}},"24":{"start":{"line":202,"column":4},"end":{"line":215,"column":6}},"25":{"start":{"line":218,"column":28},"end":{"line":223,"column":null}},"26":{"start":{"line":227,"column":4},"end":{"line":242,"column":7}},"27":{"start":{"line":244,"column":4},"end":{"line":249,"column":7}},"28":{"start":{"line":251,"column":4},"end":{"line":256,"column":7}},"29":{"start":{"line":258,"column":4},"end":{"line":263,"column":7}},"30":{"start":{"line":265,"column":4},"end":{"line":275,"column":7}},"31":{"start":{"line":277,"column":4},"end":{"line":287,"column":7}},"32":{"start":{"line":289,"column":4},"end":{"line":299,"column":7}},"33":{"start":{"line":301,"column":4},"end":{"line":306,"column":7}},"34":{"start":{"line":61,"column":0},"end":{"line":61,"column":13}}},"fnMap":{"0":{"name":"(anonymous_0)","decl":{"start":{"line":62,"column":2},"end":{"line":62,"column":14}},"loc":{"start":{"line":62,"column":72},"end":{"line":308,"column":3}}}},"branchMap":{"0":{"loc":{"start":{"line":91,"column":26},"end":{"line":91,"column":57}},"type":"binary-expr","locations":[{"start":{"line":91,"column":26},"end":{"line":91,"column":45}},{"start":{"line":91,"column":49},"end":{"line":91,"column":57}}]}},"s":{"0":1,"1":1,"2":1,"3":1,"4":1,"5":1,"6":4,"7":4,"8":4,"9":4,"10":4,"11":4,"12":4,"13":4,"14":4,"15":4,"16":4,"17":4,"18":4,"19":4,"20":4,"21":4,"22":4,"23":4,"24":4,"25":4,"26":4,"27":4,"28":4,"29":4,"30":4,"31":4,"32":4,"33":4,"34":1},"f":{"0":4},"b":{"0":[4,3]}}
,"/codebuild/output/src2689249645/src/source/constructs/lib/api/app-table-stack.ts": {"path":"/codebuild/output/src2689249645/src/source/constructs/lib/api/app-table-stack.ts","statementMap":{"0":{"start":{"line":17,"column":0},"end":{"line":17,"column":65}},"1":{"start":{"line":18,"column":0},"end":{"line":18,"column":39}},"2":{"start":{"line":29,"column":4},"end":{"line":29,"column":21}},"3":{"start":{"line":32,"column":4},"end":{"line":45,"column":7}},"4":{"start":{"line":47,"column":28},"end":{"line":47,"column":79}},"5":{"start":{"line":48,"column":4},"end":{"line":48,"column":49}},"6":{"start":{"line":51,"column":4},"end":{"line":65,"column":7}},"7":{"start":{"line":67,"column":4},"end":{"line":71,"column":7}},"8":{"start":{"line":73,"column":29},"end":{"line":74,"column":35}},"9":{"start":{"line":75,"column":4},"end":{"line":75,"column":51}},"10":{"start":{"line":78,"column":4},"end":{"line":87,"column":7}},"11":{"start":{"line":88,"column":30},"end":{"line":89,"column":35}},"12":{"start":{"line":90,"column":4},"end":{"line":90,"column":53}},"13":{"start":{"line":93,"column":4},"end":{"line":102,"column":7}},"14":{"start":{"line":104,"column":32},"end":{"line":105,"column":35}},"15":{"start":{"line":106,"column":4},"end":{"line":106,"column":57}},"16":{"start":{"line":109,"column":4},"end":{"line":118,"column":7}},"17":{"start":{"line":120,"column":4},"end":{"line":124,"column":7}},"18":{"start":{"line":126,"column":36},"end":{"line":127,"column":35}},"19":{"start":{"line":128,"column":4},"end":{"line":128,"column":65}},"20":{"start":{"line":131,"column":4},"end":{"line":140,"column":7}},"21":{"start":{"line":142,"column":44},"end":{"line":143,"column":35}},"22":{"start":{"line":144,"column":4},"end":{"line":144,"column":81}},"23":{"start":{"line":20,"column":0},"end":{"line":20,"column":13}}},"fnMap":{"0":{"name":"(anonymous_0)","decl":{"start":{"line":28,"column":2},"end":{"line":28,"column":14}},"loc":{"start":{"line":28,"column":42},"end":{"line":145,"column":3}}}},"branchMap":{},"s":{"0":1,"1":1,"2":4,"3":4,"4":4,"5":4,"6":4,"7":4,"8":4,"9":4,"10":4,"11":4,"12":4,"13":4,"14":4,"15":4,"16":4,"17":4,"18":4,"19":4,"20":4,"21":4,"22":4,"23":1},"f":{"0":4},"b":{}}
,"/codebuild/output/src2689249645/src/source/constructs/lib/api/appsync-stack.ts": {"path":"/codebuild/output/src2689249645/src/source/constructs/lib/api/appsync-stack.ts","statementMap":{"0":{"start":{"line":16,"column":0},"end":{"line":16,"column":51}},"1":{"start":{"line":17,"column":0},"end":{"line":17,"column":null}},"2":{"start":{"line":32,"column":0},"end":{"line":32,"column":54}},"3":{"start":{"line":33,"column":0},"end":{"line":33,"column":29}},"4":{"start":{"line":34,"column":0},"end":{"line":34,"column":65}},"5":{"start":{"line":83,"column":8},"end":{"line":83,"column":25}},"6":{"start":{"line":88,"column":21},"end":{"line":90,"column":10}},"7":{"start":{"line":91,"column":38},"end":{"line":95,"column":20}},"8":{"start":{"line":97,"column":8},"end":{"line":99,"column":10}},"9":{"start":{"line":103,"column":27},"end":{"line":105,"column":10}},"10":{"start":{"line":107,"column":29},"end":{"line":118,"column":10}},"11":{"start":{"line":119,"column":8},"end":{"line":119,"column":52}},"12":{"start":{"line":121,"column":31},"end":{"line":121,"column":78}},"13":{"start":{"line":122,"column":8},"end":{"line":128,"column":11}},"14":{"start":{"line":131,"column":8},"end":{"line":157,"column":null}},"15":{"start":{"line":133,"column":12},"end":{"line":139,"column":14}},"16":{"start":{"line":143,"column":29},"end":{"line":146,"column":null}},"17":{"start":{"line":149,"column":12},"end":{"line":156,"column":14}},"18":{"start":{"line":159,"column":8},"end":{"line":177,"column":11}},"19":{"start":{"line":181,"column":41},"end":{"line":193,"column":null}},"20":{"start":{"line":197,"column":26},"end":{"line":201,"column":10}},"21":{"start":{"line":202,"column":8},"end":{"line":202,"column":60}},"22":{"start":{"line":204,"column":49},"end":{"line":206,"column":10}},"23":{"start":{"line":208,"column":43},"end":{"line":219,"column":10}},"24":{"start":{"line":221,"column":8},"end":{"line":221,"column":80}},"25":{"start":{"line":223,"column":8},"end":{"line":223,"column":71}},"26":{"start":{"line":78,"column":0},"end":{"line":78,"column":13}},"27":{"start":{"line":229,"column":31},"end":{"line":229,"column":60}},"28":{"start":{"line":232,"column":8},"end":{"line":237,"column":null}},"29":{"start":{"line":233,"column":12},"end":{"line":236,"column":14}}},"fnMap":{"0":{"name":"(anonymous_0)","decl":{"start":{"line":82,"column":4},"end":{"line":82,"column":16}},"loc":{"start":{"line":82,"column":74},"end":{"line":225,"column":5}}},"1":{"name":"(anonymous_1)","decl":{"start":{"line":229,"column":4},"end":{"line":229,"column":31}},"loc":{"start":{"line":229,"column":60},"end":{"line":229,"column":65}}},"2":{"name":"(anonymous_2)","decl":{"start":{"line":231,"column":11},"end":{"line":231,"column":16}},"loc":{"start":{"line":231,"column":33},"end":{"line":238,"column":5}}}},"branchMap":{"0":{"loc":{"start":{"line":131,"column":8},"end":{"line":157,"column":null}},"type":"if","locations":[{"start":{"line":131,"column":8},"end":{"line":157,"column":null}},{"start":{"line":142,"column":15},"end":{"line":157,"column":null}}]},"1":{"loc":{"start":{"line":232,"column":8},"end":{"line":237,"column":null}},"type":"if","locations":[{"start":{"line":232,"column":8},"end":{"line":237,"column":null}}]},"2":{"loc":{"start":{"line":232,"column":12},"end":{"line":232,"column":81}},"type":"binary-expr","locations":[{"start":{"line":232,"column":12},"end":{"line":232,"column":39}},{"start":{"line":232,"column":43},"end":{"line":232,"column":81}}]}},"s":{"0":1,"1":1,"2":1,"3":1,"4":1,"5":4,"6":4,"7":4,"8":4,"9":4,"10":4,"11":4,"12":4,"13":4,"14":4,"15":1,"16":3,"17":3,"18":4,"19":4,"20":4,"21":4,"22":4,"23":4,"24":4,"25":4,"26":1,"27":4,"28":1087,"29":0},"f":{"0":4,"1":4,"2":1087},"b":{"0":[1,3],"1":[0],"2":[1087,492]}}
,"/codebuild/output/src2689249645/src/source/constructs/lib/api/cluster-flow.ts": {"path":"/codebuild/output/src2689249645/src/source/constructs/lib/api/cluster-flow.ts","statementMap":{"0":{"start":{"line":16,"column":0},"end":{"line":16,"column":null}},"1":{"start":{"line":19,"column":0},"end":{"line":19,"column":null}},"2":{"start":{"line":26,"column":0},"end":{"line":26,"column":null}},"3":{"start":{"line":56,"column":8},"end":{"line":74,"column":null}},"4":{"start":{"line":78,"column":8},"end":{"line":94,"column":null}},"5":{"start":{"line":98,"column":8},"end":{"line":106,"column":11}},"6":{"start":{"line":111,"column":8},"end":{"line":111,"column":25}},"7":{"start":{"line":113,"column":22},"end":{"line":113,"column":71}},"8":{"start":{"line":115,"column":34},"end":{"line":115,"column":132}},"9":{"start":{"line":116,"column":35},"end":{"line":116,"column":80}},"10":{"start":{"line":117,"column":33},"end":{"line":117,"column":75}},"11":{"start":{"line":119,"column":34},"end":{"line":119,"column":132}},"12":{"start":{"line":120,"column":35},"end":{"line":120,"column":80}},"13":{"start":{"line":121,"column":33},"end":{"line":121,"column":75}},"14":{"start":{"line":123,"column":33},"end":{"line":128,"column":40}},"15":{"start":{"line":130,"column":33},"end":{"line":135,"column":40}},"16":{"start":{"line":140,"column":22},"end":{"line":140,"column":95}},"17":{"start":{"line":143,"column":29},"end":{"line":143,"column":63}},"18":{"start":{"line":144,"column":29},"end":{"line":144,"column":63}},"19":{"start":{"line":146,"column":8},"end":{"line":146,"column":null}},"20":{"start":{"line":147,"column":8},"end":{"line":147,"column":null}},"21":{"start":{"line":149,"column":26},"end":{"line":152,"column":36}},"22":{"start":{"line":155,"column":25},"end":{"line":157,"column":10}},"23":{"start":{"line":160,"column":34},"end":{"line":162,"column":10}},"24":{"start":{"line":164,"column":8},"end":{"line":182,"column":null}},"25":{"start":{"line":184,"column":26},"end":{"line":191,"column":10}},"26":{"start":{"line":193,"column":29},"end":{"line":193,"column":79}},"27":{"start":{"line":194,"column":8},"end":{"line":194,"column":null}},"28":{"start":{"line":196,"column":8},"end":{"line":196,"column":null}},"29":{"start":{"line":51,"column":0},"end":{"line":51,"column":13}}},"fnMap":{"0":{"name":"(anonymous_0)","decl":{"start":{"line":55,"column":12},"end":{"line":55,"column":29}},"loc":{"start":{"line":55,"column":72},"end":{"line":75,"column":5}}},"1":{"name":"(anonymous_1)","decl":{"start":{"line":77,"column":12},"end":{"line":77,"column":29}},"loc":{"start":{"line":77,"column":72},"end":{"line":95,"column":5}}},"2":{"name":"(anonymous_2)","decl":{"start":{"line":97,"column":12},"end":{"line":97,"column":25}},"loc":{"start":{"line":97,"column":64},"end":{"line":107,"column":5}}},"3":{"name":"(anonymous_3)","decl":{"start":{"line":110,"column":4},"end":{"line":110,"column":16}},"loc":{"start":{"line":110,"column":69},"end":{"line":199,"column":5}}}},"branchMap":{},"s":{"0":1,"1":1,"2":1,"3":12,"4":12,"5":8,"6":4,"7":4,"8":4,"9":4,"10":4,"11":4,"12":4,"13":4,"14":4,"15":4,"16":4,"17":4,"18":4,"19":4,"20":4,"21":4,"22":4,"23":4,"24":4,"25":4,"26":4,"27":4,"28":4,"29":1},"f":{"0":12,"1":12,"2":8,"3":4},"b":{}}
,"/codebuild/output/src2689249645/src/source/constructs/lib/api/cluster-stack.ts": {"path":"/codebuild/output/src2689249645/src/source/constructs/lib/api/cluster-stack.ts","statementMap":{"0":{"start":{"line":16,"column":0},"end":{"line":16,"column":29}},"1":{"start":{"line":17,"column":0},"end":{"line":17,"column":54}},"2":{"start":{"line":18,"column":0},"end":{"line":18,"column":null}},"3":{"start":{"line":28,"column":0},"end":{"line":28,"column":39}},"4":{"start":{"line":30,"column":0},"end":{"line":30,"column":51}},"5":{"start":{"line":31,"column":0},"end":{"line":31,"column":55}},"6":{"start":{"line":32,"column":0},"end":{"line":32,"column":50}},"7":{"start":{"line":86,"column":4},"end":{"line":86,"column":21}},"8":{"start":{"line":89,"column":4},"end":{"line":98,"column":7}},"9":{"start":{"line":100,"column":28},"end":{"line":100,"column":79}},"10":{"start":{"line":101,"column":4},"end":{"line":101,"column":58}},"11":{"start":{"line":102,"column":4},"end":{"line":112,"column":7}},"12":{"start":{"line":115,"column":24},"end":{"line":118,"column":6}},"13":{"start":{"line":121,"column":25},"end":{"line":138,"column":6}},"14":{"start":{"line":141,"column":27},"end":{"line":165,"column":6}},"15":{"start":{"line":168,"column":4},"end":{"line":168,"column":57}},"16":{"start":{"line":169,"column":4},"end":{"line":169,"column":57}},"17":{"start":{"line":170,"column":4},"end":{"line":170,"column":57}},"18":{"start":{"line":172,"column":33},"end":{"line":234,"column":6}},"19":{"start":{"line":235,"column":4},"end":{"line":235,"column":69}},"20":{"start":{"line":238,"column":4},"end":{"line":238,"column":66}},"21":{"start":{"line":239,"column":4},"end":{"line":248,"column":6}},"22":{"start":{"line":251,"column":28},"end":{"line":256,"column":null}},"23":{"start":{"line":260,"column":4},"end":{"line":267,"column":7}},"24":{"start":{"line":269,"column":4},"end":{"line":274,"column":7}},"25":{"start":{"line":276,"column":4},"end":{"line":288,"column":7}},"26":{"start":{"line":290,"column":4},"end":{"line":297,"column":7}},"27":{"start":{"line":299,"column":4},"end":{"line":306,"column":7}},"28":{"start":{"line":308,"column":4},"end":{"line":315,"column":7}},"29":{"start":{"line":317,"column":4},"end":{"line":327,"column":7}},"30":{"start":{"line":329,"column":4},"end":{"line":334,"column":7}},"31":{"start":{"line":336,"column":4},"end":{"line":346,"column":7}},"32":{"start":{"line":348,"column":4},"end":{"line":353,"column":7}},"33":{"start":{"line":356,"column":4},"end":{"line":361,"column":7}},"34":{"start":{"line":363,"column":4},"end":{"line":368,"column":7}},"35":{"start":{"line":82,"column":0},"end":{"line":82,"column":13}}},"fnMap":{"0":{"name":"(anonymous_0)","decl":{"start":{"line":85,"column":2},"end":{"line":85,"column":14}},"loc":{"start":{"line":85,"column":68},"end":{"line":369,"column":3}}}},"branchMap":{"0":{"loc":{"start":{"line":156,"column":26},"end":{"line":156,"column":57}},"type":"binary-expr","locations":[{"start":{"line":156,"column":26},"end":{"line":156,"column":45}},{"start":{"line":156,"column":49},"end":{"line":156,"column":57}}]}},"s":{"0":1,"1":1,"2":1,"3":1,"4":1,"5":1,"6":1,"7":4,"8":4,"9":4,"10":4,"11":4,"12":4,"13":4,"14":4,"15":4,"16":4,"17":4,"18":4,"19":4,"20":4,"21":4,"22":4,"23":4,"24":4,"25":4,"26":4,"27":4,"28":4,"29":4,"30":4,"31":4,"32":4,"33":4,"34":4,"35":1},"f":{"0":4},"b":{"0":[4,3]}}
,"/codebuild/output/src2689249645/src/source/constructs/lib/api/common-resource-stack.ts": {"path":"/codebuild/output/src2689249645/src/source/constructs/lib/api/common-resource-stack.ts","statementMap":{"0":{"start":{"line":16,"column":0},"end":{"line":16,"column":29}},"1":{"start":{"line":17,"column":0},"end":{"line":17,"column":54}},"2":{"start":{"line":18,"column":0},"end":{"line":18,"column":null}},"3":{"start":{"line":25,"column":0},"end":{"line":25,"column":39}},"4":{"start":{"line":27,"column":0},"end":{"line":27,"column":51}},"5":{"start":{"line":28,"column":0},"end":{"line":28,"column":55}},"6":{"start":{"line":48,"column":8},"end":{"line":48,"column":25}},"7":{"start":{"line":51,"column":32},"end":{"line":68,"column":10}},"8":{"start":{"line":69,"column":8},"end":{"line":69,"column":65}},"9":{"start":{"line":72,"column":38},"end":{"line":169,"column":null}},"10":{"start":{"line":172,"column":8},"end":{"line":172,"column":72}},"11":{"start":{"line":173,"column":8},"end":{"line":173,"column":74}},"12":{"start":{"line":174,"column":8},"end":{"line":182,"column":10}},"13":{"start":{"line":185,"column":33},"end":{"line":190,"column":null}},"14":{"start":{"line":194,"column":8},"end":{"line":201,"column":11}},"15":{"start":{"line":203,"column":8},"end":{"line":213,"column":11}},"16":{"start":{"line":215,"column":8},"end":{"line":225,"column":11}},"17":{"start":{"line":227,"column":8},"end":{"line":237,"column":11}},"18":{"start":{"line":239,"column":8},"end":{"line":249,"column":11}},"19":{"start":{"line":46,"column":0},"end":{"line":46,"column":13}}},"fnMap":{"0":{"name":"(anonymous_0)","decl":{"start":{"line":47,"column":4},"end":{"line":47,"column":16}},"loc":{"start":{"line":47,"column":77},"end":{"line":250,"column":5}}}},"branchMap":{"0":{"loc":{"start":{"line":62,"column":34},"end":{"line":62,"column":65}},"type":"binary-expr","locations":[{"start":{"line":62,"column":34},"end":{"line":62,"column":53}},{"start":{"line":62,"column":57},"end":{"line":62,"column":65}}]}},"s":{"0":1,"1":1,"2":1,"3":1,"4":1,"5":1,"6":4,"7":4,"8":4,"9":4,"10":4,"11":4,"12":4,"13":4,"14":4,"15":4,"16":4,"17":4,"18":4,"19":1},"f":{"0":4},"b":{"0":[4,3]}}
,"/codebuild/output/src2689249645/src/source/constructs/lib/api/cross-account-stack.ts": {"path":"/codebuild/output/src2689249645/src/source/constructs/lib/api/cross-account-stack.ts","statementMap":{"0":{"start":{"line":16,"column":0},"end":{"line":16,"column":29}},"1":{"start":{"line":17,"column":0},"end":{"line":17,"column":54}},"2":{"start":{"line":18,"column":0},"end":{"line":18,"column":null}},"3":{"start":{"line":26,"column":0},"end":{"line":26,"column":39}},"4":{"start":{"line":28,"column":0},"end":{"line":28,"column":51}},"5":{"start":{"line":47,"column":4},"end":{"line":47,"column":21}},"6":{"start":{"line":48,"column":24},"end":{"line":48,"column":28}},"7":{"start":{"line":50,"column":4},"end":{"line":67,"column":6}},"8":{"start":{"line":69,"column":4},"end":{"line":83,"column":7}},"9":{"start":{"line":85,"column":35},"end":{"line":86,"column":35}},"10":{"start":{"line":87,"column":4},"end":{"line":87,"column":59}},"11":{"start":{"line":90,"column":28},"end":{"line":106,"column":6}},"12":{"start":{"line":108,"column":4},"end":{"line":115,"column":7}},"13":{"start":{"line":116,"column":4},"end":{"line":122,"column":6}},"14":{"start":{"line":124,"column":4},"end":{"line":124,"column":59}},"15":{"start":{"line":127,"column":32},"end":{"line":150,"column":null}},"16":{"start":{"line":154,"column":4},"end":{"line":154,"column":69}},"17":{"start":{"line":157,"column":4},"end":{"line":174,"column":6}},"18":{"start":{"line":177,"column":33},"end":{"line":182,"column":null}},"19":{"start":{"line":185,"column":4},"end":{"line":200,"column":7}},"20":{"start":{"line":202,"column":4},"end":{"line":217,"column":7}},"21":{"start":{"line":219,"column":4},"end":{"line":229,"column":7}},"22":{"start":{"line":231,"column":4},"end":{"line":241,"column":7}},"23":{"start":{"line":242,"column":4},"end":{"line":252,"column":7}},"24":{"start":{"line":40,"column":0},"end":{"line":40,"column":13}}},"fnMap":{"0":{"name":"(anonymous_0)","decl":{"start":{"line":46,"column":2},"end":{"line":46,"column":14}},"loc":{"start":{"line":46,"column":73},"end":{"line":253,"column":3}}}},"branchMap":{"0":{"loc":{"start":{"line":116,"column":4},"end":{"line":121,"column":null}},"type":"cond-expr","locations":[{"start":{"line":116,"column":39},"end":{"line":116,"column":41}},{"start":{"line":116,"column":39},"end":{"line":121,"column":null}}]},"1":{"loc":{"start":{"line":116,"column":4},"end":{"line":116,"column":41}},"type":"binary-expr","locations":[{"start":{"line":116,"column":4},"end":{"line":116,"column":41}},{"start":{"line":116,"column":39},"end":{"line":116,"column":41}}]},"2":{"loc":{"start":{"line":146,"column":28},"end":{"line":146,"column":59}},"type":"binary-expr","locations":[{"start":{"line":146,"column":28},"end":{"line":146,"column":47}},{"start":{"line":146,"column":51},"end":{"line":146,"column":59}}]}},"s":{"0":1,"1":1,"2":1,"3":1,"4":1,"5":4,"6":4,"7":4,"8":4,"9":4,"10":4,"11":4,"12":4,"13":4,"14":4,"15":4,"16":4,"17":4,"18":4,"19":4,"20":4,"21":4,"22":4,"23":4,"24":1},"f":{"0":4},"b":{"0":[0,4],"1":[4,4],"2":[4,3]}}
,"/codebuild/output/src2689249645/src/source/constructs/lib/api/cwl-stack.ts": {"path":"/codebuild/output/src2689249645/src/source/constructs/lib/api/cwl-stack.ts","statementMap":{"0":{"start":{"line":16,"column":0},"end":{"line":16,"column":29}},"1":{"start":{"line":17,"column":0},"end":{"line":17,"column":54}},"2":{"start":{"line":18,"column":0},"end":{"line":18,"column":null}},"3":{"start":{"line":27,"column":0},"end":{"line":27,"column":39}},"4":{"start":{"line":29,"column":0},"end":{"line":29,"column":51}},"5":{"start":{"line":30,"column":0},"end":{"line":30,"column":55}},"6":{"start":{"line":31,"column":0},"end":{"line":31,"column":null}},"7":{"start":{"line":35,"column":0},"end":{"line":35,"column":56}},"8":{"start":{"line":57,"column":4},"end":{"line":57,"column":21}},"9":{"start":{"line":59,"column":29},"end":{"line":62,"column":null}},"10":{"start":{"line":64,"column":29},"end":{"line":67,"column":null}},"11":{"start":{"line":69,"column":33},"end":{"line":72,"column":null}},"12":{"start":{"line":74,"column":27},"end":{"line":77,"column":null}},"13":{"start":{"line":81,"column":21},"end":{"line":84,"column":6}},"14":{"start":{"line":86,"column":4},"end":{"line":86,"column":51}},"15":{"start":{"line":88,"column":4},"end":{"line":92,"column":7}},"16":{"start":{"line":95,"column":25},"end":{"line":114,"column":6}},"17":{"start":{"line":115,"column":4},"end":{"line":115,"column":67}},"18":{"start":{"line":117,"column":4},"end":{"line":134,"column":6}},"19":{"start":{"line":135,"column":4},"end":{"line":135,"column":49}},"20":{"start":{"line":136,"column":4},"end":{"line":136,"column":49}},"21":{"start":{"line":137,"column":4},"end":{"line":137,"column":53}},"22":{"start":{"line":138,"column":4},"end":{"line":138,"column":47}},"23":{"start":{"line":140,"column":28},"end":{"line":141,"column":41}},"24":{"start":{"line":142,"column":4},"end":{"line":147,"column":7}},"25":{"start":{"line":150,"column":24},"end":{"line":155,"column":null}},"26":{"start":{"line":158,"column":4},"end":{"line":163,"column":7}},"27":{"start":{"line":165,"column":4},"end":{"line":170,"column":7}},"28":{"start":{"line":172,"column":4},"end":{"line":177,"column":7}},"29":{"start":{"line":53,"column":0},"end":{"line":53,"column":13}}},"fnMap":{"0":{"name":"(anonymous_0)","decl":{"start":{"line":56,"column":2},"end":{"line":56,"column":14}},"loc":{"start":{"line":56,"column":71},"end":{"line":178,"column":3}}}},"branchMap":{"0":{"loc":{"start":{"line":105,"column":26},"end":{"line":105,"column":57}},"type":"binary-expr","locations":[{"start":{"line":105,"column":26},"end":{"line":105,"column":45}},{"start":{"line":105,"column":49},"end":{"line":105,"column":57}}]}},"s":{"0":1,"1":1,"2":1,"3":1,"4":1,"5":1,"6":1,"7":1,"8":4,"9":4,"10":4,"11":4,"12":4,"13":4,"14":4,"15":4,"16":4,"17":4,"18":4,"19":4,"20":4,"21":4,"22":4,"23":4,"24":4,"25":4,"26":4,"27":4,"28":4,"29":1},"f":{"0":4},"b":{"0":[4,3]}}
,"/codebuild/output/src2689249645/src/source/constructs/lib/api/ec2-iam-instance-profile.ts": {"path":"/codebuild/output/src2689249645/src/source/constructs/lib/api/ec2-iam-instance-profile.ts","statementMap":{"0":{"start":{"line":16,"column":0},"end":{"line":16,"column":null}},"1":{"start":{"line":22,"column":0},"end":{"line":22,"column":42}},"2":{"start":{"line":23,"column":0},"end":{"line":23,"column":39}},"3":{"start":{"line":24,"column":0},"end":{"line":24,"column":75}},"4":{"start":{"line":42,"column":4},"end":{"line":42,"column":21}},"5":{"start":{"line":44,"column":26},"end":{"line":44,"column":45}},"6":{"start":{"line":45,"column":22},"end":{"line":45,"column":37}},"7":{"start":{"line":46,"column":24},"end":{"line":46,"column":41}},"8":{"start":{"line":49,"column":4},"end":{"line":96,"column":7}},"9":{"start":{"line":99,"column":43},"end":{"line":99,"column":117}},"10":{"start":{"line":100,"column":4},"end":{"line":100,"column":84}},"11":{"start":{"line":102,"column":4},"end":{"line":107,"column":7}},"12":{"start":{"line":109,"column":4},"end":{"line":116,"column":6}},"13":{"start":{"line":118,"column":4},"end":{"line":120,"column":7}},"14":{"start":{"line":122,"column":4},"end":{"line":122,"column":86}},"15":{"start":{"line":124,"column":41},"end":{"line":124,"column":104}},"16":{"start":{"line":125,"column":4},"end":{"line":125,"column":80}},"17":{"start":{"line":127,"column":4},"end":{"line":129,"column":7}},"18":{"start":{"line":130,"column":4},"end":{"line":130,"column":77}},"19":{"start":{"line":36,"column":0},"end":{"line":36,"column":13}}},"fnMap":{"0":{"name":"(anonymous_0)","decl":{"start":{"line":41,"column":2},"end":{"line":41,"column":14}},"loc":{"start":{"line":41,"column":77},"end":{"line":132,"column":3}}}},"branchMap":{},"s":{"0":2,"1":2,"2":2,"3":2,"4":5,"5":5,"6":5,"7":5,"8":5,"9":5,"10":5,"11":5,"12":5,"13":5,"14":5,"15":5,"16":5,"17":5,"18":5,"19":2},"f":{"0":5},"b":{}}
,"/codebuild/output/src2689249645/src/source/constructs/lib/api/grafana-stack.ts": {"path":"/codebuild/output/src2689249645/src/source/constructs/lib/api/grafana-stack.ts","statementMap":{"0":{"start":{"line":16,"column":0},"end":{"line":16,"column":73}},"1":{"start":{"line":17,"column":0},"end":{"line":17,"column":null}},"2":{"start":{"line":26,"column":0},"end":{"line":26,"column":39}},"3":{"start":{"line":27,"column":0},"end":{"line":27,"column":30}},"4":{"start":{"line":28,"column":0},"end":{"line":28,"column":51}},"5":{"start":{"line":29,"column":0},"end":{"line":29,"column":67}},"6":{"start":{"line":53,"column":4},"end":{"line":53,"column":21}},"7":{"start":{"line":55,"column":4},"end":{"line":68,"column":6}},"8":{"start":{"line":71,"column":27},"end":{"line":91,"column":6}},"9":{"start":{"line":94,"column":4},"end":{"line":94,"column":57}},"10":{"start":{"line":97,"column":28},"end":{"line":102,"column":null}},"11":{"start":{"line":105,"column":4},"end":{"line":112,"column":7}},"12":{"start":{"line":114,"column":4},"end":{"line":123,"column":7}},"13":{"start":{"line":125,"column":4},"end":{"line":132,"column":7}},"14":{"start":{"line":134,"column":4},"end":{"line":139,"column":7}},"15":{"start":{"line":141,"column":4},"end":{"line":146,"column":7}},"16":{"start":{"line":148,"column":4},"end":{"line":153,"column":7}},"17":{"start":{"line":45,"column":0},"end":{"line":45,"column":13}}},"fnMap":{"0":{"name":"(anonymous_0)","decl":{"start":{"line":48,"column":2},"end":{"line":48,"column":null}},"loc":{"start":{"line":51,"column":79},"end":{"line":154,"column":3}}}},"branchMap":{"0":{"loc":{"start":{"line":84,"column":26},"end":{"line":84,"column":57}},"type":"binary-expr","locations":[{"start":{"line":84,"column":26},"end":{"line":84,"column":45}},{"start":{"line":84,"column":49},"end":{"line":84,"column":57}}]}},"s":{"0":1,"1":1,"2":1,"3":1,"4":1,"5":1,"6":4,"7":4,"8":4,"9":4,"10":4,"11":4,"12":4,"13":4,"14":4,"15":4,"16":4,"17":1},"f":{"0":4},"b":{"0":[4,3]}}
,"/codebuild/output/src2689249645/src/source/constructs/lib/api/instance-stack.ts": {"path":"/codebuild/output/src2689249645/src/source/constructs/lib/api/instance-stack.ts","statementMap":{"0":{"start":{"line":16,"column":0},"end":{"line":16,"column":29}},"1":{"start":{"line":17,"column":0},"end":{"line":17,"column":54}},"2":{"start":{"line":18,"column":0},"end":{"line":18,"column":null}},"3":{"start":{"line":27,"column":0},"end":{"line":27,"column":50}},"4":{"start":{"line":28,"column":0},"end":{"line":28,"column":39}},"5":{"start":{"line":29,"column":0},"end":{"line":29,"column":51}},"6":{"start":{"line":47,"column":4},"end":{"line":47,"column":21}},"7":{"start":{"line":50,"column":17},"end":{"line":52,"column":6}},"8":{"start":{"line":53,"column":22},"end":{"line":57,"column":16}},"9":{"start":{"line":59,"column":4},"end":{"line":131,"column":6}},"10":{"start":{"line":134,"column":28},"end":{"line":153,"column":null}},"11":{"start":{"line":155,"column":4},"end":{"line":155,"column":69}},"12":{"start":{"line":156,"column":4},"end":{"line":156,"column":61}},"13":{"start":{"line":159,"column":33},"end":{"line":171,"column":6}},"14":{"start":{"line":172,"column":4},"end":{"line":172,"column":58}},"15":{"start":{"line":173,"column":4},"end":{"line":173,"column":70}},"16":{"start":{"line":176,"column":23},"end":{"line":181,"column":null}},"17":{"start":{"line":184,"column":4},"end":{"line":199,"column":7}},"18":{"start":{"line":201,"column":4},"end":{"line":211,"column":7}},"19":{"start":{"line":213,"column":4},"end":{"line":223,"column":7}},"20":{"start":{"line":43,"column":0},"end":{"line":43,"column":13}}},"fnMap":{"0":{"name":"(anonymous_0)","decl":{"start":{"line":46,"column":2},"end":{"line":46,"column":14}},"loc":{"start":{"line":46,"column":69},"end":{"line":224,"column":3}}}},"branchMap":{"0":{"loc":{"start":{"line":148,"column":28},"end":{"line":148,"column":59}},"type":"binary-expr","locations":[{"start":{"line":148,"column":28},"end":{"line":148,"column":47}},{"start":{"line":148,"column":51},"end":{"line":148,"column":59}}]}},"s":{"0":1,"1":1,"2":1,"3":1,"4":1,"5":1,"6":4,"7":4,"8":4,"9":4,"10":4,"11":4,"12":4,"13":4,"14":4,"15":4,"16":4,"17":4,"18":4,"19":4,"20":1},"f":{"0":4},"b":{"0":[4,3]}}
,"/codebuild/output/src2689249645/src/source/constructs/lib/api/log-conf-stack.ts": {"path":"/codebuild/output/src2689249645/src/source/constructs/lib/api/log-conf-stack.ts","statementMap":{"0":{"start":{"line":17,"column":0},"end":{"line":17,"column":29}},"1":{"start":{"line":18,"column":0},"end":{"line":18,"column":54}},"2":{"start":{"line":19,"column":0},"end":{"line":19,"column":null}},"3":{"start":{"line":25,"column":0},"end":{"line":25,"column":39}},"4":{"start":{"line":26,"column":0},"end":{"line":26,"column":51}},"5":{"start":{"line":42,"column":8},"end":{"line":42,"column":25}},"6":{"start":{"line":45,"column":31},"end":{"line":60,"column":10}},"7":{"start":{"line":63,"column":32},"end":{"line":68,"column":null}},"8":{"start":{"line":72,"column":8},"end":{"line":72,"column":62}},"9":{"start":{"line":75,"column":8},"end":{"line":83,"column":11}},"10":{"start":{"line":85,"column":8},"end":{"line":92,"column":11}},"11":{"start":{"line":94,"column":8},"end":{"line":99,"column":11}},"12":{"start":{"line":101,"column":8},"end":{"line":108,"column":11}},"13":{"start":{"line":110,"column":8},"end":{"line":122,"column":11}},"14":{"start":{"line":124,"column":8},"end":{"line":129,"column":11}},"15":{"start":{"line":40,"column":0},"end":{"line":40,"column":13}}},"fnMap":{"0":{"name":"(anonymous_0)","decl":{"start":{"line":41,"column":4},"end":{"line":41,"column":16}},"loc":{"start":{"line":41,"column":70},"end":{"line":130,"column":5}}}},"branchMap":{"0":{"loc":{"start":{"line":56,"column":34},"end":{"line":56,"column":65}},"type":"binary-expr","locations":[{"start":{"line":56,"column":34},"end":{"line":56,"column":53}},{"start":{"line":56,"column":57},"end":{"line":56,"column":65}}]}},"s":{"0":1,"1":1,"2":1,"3":1,"4":1,"5":4,"6":4,"7":4,"8":4,"9":4,"10":4,"11":4,"12":4,"13":4,"14":4,"15":1},"f":{"0":4},"b":{"0":[4,3]}}
,"/codebuild/output/src2689249645/src/source/constructs/lib/api/log-source-stack.ts": {"path":"/codebuild/output/src2689249645/src/source/constructs/lib/api/log-source-stack.ts","statementMap":{"0":{"start":{"line":16,"column":0},"end":{"line":16,"column":29}},"1":{"start":{"line":17,"column":0},"end":{"line":17,"column":54}},"2":{"start":{"line":18,"column":0},"end":{"line":18,"column":null}},"3":{"start":{"line":25,"column":0},"end":{"line":25,"column":39}},"4":{"start":{"line":26,"column":0},"end":{"line":26,"column":51}},"5":{"start":{"line":50,"column":4},"end":{"line":50,"column":21}},"6":{"start":{"line":53,"column":21},"end":{"line":71,"column":6}},"7":{"start":{"line":74,"column":29},"end":{"line":94,"column":6}},"8":{"start":{"line":95,"column":4},"end":{"line":95,"column":62}},"9":{"start":{"line":96,"column":4},"end":{"line":96,"column":61}},"10":{"start":{"line":97,"column":4},"end":{"line":97,"column":63}},"11":{"start":{"line":98,"column":4},"end":{"line":98,"column":62}},"12":{"start":{"line":99,"column":4},"end":{"line":99,"column":71}},"13":{"start":{"line":102,"column":4},"end":{"line":114,"column":6}},"14":{"start":{"line":117,"column":4},"end":{"line":140,"column":6}},"15":{"start":{"line":143,"column":30},"end":{"line":148,"column":null}},"16":{"start":{"line":151,"column":4},"end":{"line":156,"column":7}},"17":{"start":{"line":158,"column":4},"end":{"line":163,"column":7}},"18":{"start":{"line":166,"column":4},"end":{"line":171,"column":7}},"19":{"start":{"line":173,"column":4},"end":{"line":178,"column":7}},"20":{"start":{"line":180,"column":4},"end":{"line":185,"column":7}},"21":{"start":{"line":188,"column":4},"end":{"line":193,"column":7}},"22":{"start":{"line":46,"column":0},"end":{"line":46,"column":13}}},"fnMap":{"0":{"name":"(anonymous_0)","decl":{"start":{"line":49,"column":2},"end":{"line":49,"column":14}},"loc":{"start":{"line":49,"column":70},"end":{"line":194,"column":3}}}},"branchMap":{"0":{"loc":{"start":{"line":91,"column":26},"end":{"line":91,"column":57}},"type":"binary-expr","locations":[{"start":{"line":91,"column":26},"end":{"line":91,"column":45}},{"start":{"line":91,"column":49},"end":{"line":91,"column":57}}]}},"s":{"0":1,"1":1,"2":1,"3":1,"4":1,"5":4,"6":4,"7":4,"8":4,"9":4,"10":4,"11":4,"12":4,"13":4,"14":4,"15":4,"16":4,"17":4,"18":4,"19":4,"20":4,"21":4,"22":1},"f":{"0":4},"b":{"0":[4,3]}}
,"/codebuild/output/src2689249645/src/source/constructs/lib/api/pipeline-alarm-stack.ts": {"path":"/codebuild/output/src2689249645/src/source/constructs/lib/api/pipeline-alarm-stack.ts","statementMap":{"0":{"start":{"line":16,"column":0},"end":{"line":16,"column":29}},"1":{"start":{"line":17,"column":0},"end":{"line":17,"column":54}},"2":{"start":{"line":18,"column":0},"end":{"line":18,"column":null}},"3":{"start":{"line":25,"column":0},"end":{"line":25,"column":39}},"4":{"start":{"line":27,"column":0},"end":{"line":27,"column":51}},"5":{"start":{"line":28,"column":0},"end":{"line":28,"column":55}},"6":{"start":{"line":49,"column":4},"end":{"line":49,"column":21}},"7":{"start":{"line":51,"column":29},"end":{"line":54,"column":null}},"8":{"start":{"line":56,"column":29},"end":{"line":59,"column":null}},"9":{"start":{"line":61,"column":33},"end":{"line":64,"column":null}},"10":{"start":{"line":68,"column":32},"end":{"line":90,"column":null}},"11":{"start":{"line":92,"column":4},"end":{"line":92,"column":61}},"12":{"start":{"line":93,"column":4},"end":{"line":93,"column":61}},"13":{"start":{"line":94,"column":4},"end":{"line":94,"column":60}},"14":{"start":{"line":95,"column":4},"end":{"line":95,"column":95}},"15":{"start":{"line":96,"column":4},"end":{"line":96,"column":93}},"16":{"start":{"line":98,"column":38},"end":{"line":141,"column":null}},"17":{"start":{"line":144,"column":4},"end":{"line":144,"column":76}},"18":{"start":{"line":145,"column":4},"end":{"line":154,"column":6}},"19":{"start":{"line":157,"column":33},"end":{"line":162,"column":null}},"20":{"start":{"line":165,"column":4},"end":{"line":170,"column":7}},"21":{"start":{"line":172,"column":4},"end":{"line":177,"column":7}},"22":{"start":{"line":179,"column":4},"end":{"line":184,"column":7}},"23":{"start":{"line":186,"column":4},"end":{"line":191,"column":7}},"24":{"start":{"line":47,"column":0},"end":{"line":47,"column":13}}},"fnMap":{"0":{"name":"(anonymous_0)","decl":{"start":{"line":48,"column":2},"end":{"line":48,"column":14}},"loc":{"start":{"line":48,"column":74},"end":{"line":192,"column":3}}}},"branchMap":{"0":{"loc":{"start":{"line":81,"column":28},"end":{"line":81,"column":59}},"type":"binary-expr","locations":[{"start":{"line":81,"column":28},"end":{"line":81,"column":47}},{"start":{"line":81,"column":51},"end":{"line":81,"column":59}}]}},"s":{"0":1,"1":1,"2":1,"3":1,"4":1,"5":1,"6":4,"7":4,"8":4,"9":4,"10":4,"11":4,"12":4,"13":4,"14":4,"15":4,"16":4,"17":4,"18":4,"19":4,"20":4,"21":4,"22":4,"23":4,"24":1},"f":{"0":4},"b":{"0":[4,3]}}
,"/codebuild/output/src2689249645/src/source/constructs/lib/api/svc-pipeline-flow.ts": {"path":"/codebuild/output/src2689249645/src/source/constructs/lib/api/svc-pipeline-flow.ts","statementMap":{"0":{"start":{"line":16,"column":0},"end":{"line":16,"column":null}},"1":{"start":{"line":19,"column":0},"end":{"line":19,"column":null}},"2":{"start":{"line":30,"column":0},"end":{"line":30,"column":49}},"3":{"start":{"line":31,"column":0},"end":{"line":31,"column":51}},"4":{"start":{"line":32,"column":0},"end":{"line":32,"column":55}},"5":{"start":{"line":35,"column":0},"end":{"line":35,"column":29}},"6":{"start":{"line":80,"column":8},"end":{"line":80,"column":25}},"7":{"start":{"line":82,"column":28},"end":{"line":82,"column":36}},"8":{"start":{"line":83,"column":28},"end":{"line":83,"column":32}},"9":{"start":{"line":86,"column":22},"end":{"line":86,"column":71}},"10":{"start":{"line":89,"column":34},"end":{"line":104,"column":10}},"11":{"start":{"line":105,"column":8},"end":{"line":105,"column":52}},"12":{"start":{"line":106,"column":8},"end":{"line":106,"column":97}},"13":{"start":{"line":107,"column":8},"end":{"line":107,"column":95}},"14":{"start":{"line":109,"column":8},"end":{"line":116,"column":null}},"15":{"start":{"line":118,"column":38},"end":{"line":122,"column":10}},"16":{"start":{"line":124,"column":22},"end":{"line":124,"column":95}},"17":{"start":{"line":127,"column":24},"end":{"line":135,"column":10}},"18":{"start":{"line":138,"column":25},"end":{"line":140,"column":10}},"19":{"start":{"line":143,"column":35},"end":{"line":145,"column":10}},"20":{"start":{"line":147,"column":8},"end":{"line":165,"column":10}},"21":{"start":{"line":166,"column":8},"end":{"line":177,"column":10}},"22":{"start":{"line":181,"column":31},"end":{"line":200,"column":10}},"23":{"start":{"line":201,"column":8},"end":{"line":201,"column":49}},"24":{"start":{"line":202,"column":8},"end":{"line":202,"column":94}},"25":{"start":{"line":203,"column":8},"end":{"line":203,"column":92}},"26":{"start":{"line":205,"column":37},"end":{"line":230,"column":null}},"27":{"start":{"line":233,"column":8},"end":{"line":233,"column":70}},"28":{"start":{"line":234,"column":8},"end":{"line":243,"column":10}},"29":{"start":{"line":245,"column":34},"end":{"line":249,"column":10}},"30":{"start":{"line":251,"column":45},"end":{"line":274,"column":10}},"31":{"start":{"line":277,"column":40},"end":{"line":277,"column":91}},"32":{"start":{"line":279,"column":38},"end":{"line":282,"column":47}},"33":{"start":{"line":284,"column":8},"end":{"line":284,"column":null}},"34":{"start":{"line":286,"column":34},"end":{"line":289,"column":45}},"35":{"start":{"line":291,"column":8},"end":{"line":291,"column":null}},"36":{"start":{"line":294,"column":23},"end":{"line":301,"column":10}},"37":{"start":{"line":303,"column":28},"end":{"line":303,"column":75}},"38":{"start":{"line":304,"column":8},"end":{"line":304,"column":null}},"39":{"start":{"line":306,"column":8},"end":{"line":306,"column":null}},"40":{"start":{"line":75,"column":0},"end":{"line":75,"column":13}}},"fnMap":{"0":{"name":"(anonymous_0)","decl":{"start":{"line":79,"column":4},"end":{"line":79,"column":16}},"loc":{"start":{"line":79,"column":73},"end":{"line":309,"column":5}}}},"branchMap":{"0":{"loc":{"start":{"line":101,"column":34},"end":{"line":101,"column":86}},"type":"cond-expr","locations":[{"start":{"line":101,"column":56},"end":{"line":101,"column":75}},{"start":{"line":101,"column":78},"end":{"line":101,"column":86}}]},"1":{"loc":{"start":{"line":193,"column":34},"end":{"line":193,"column":86}},"type":"cond-expr","locations":[{"start":{"line":193,"column":56},"end":{"line":193,"column":75}},{"start":{"line":193,"column":78},"end":{"line":193,"column":86}}]}},"s":{"0":1,"1":1,"2":1,"3":1,"4":1,"5":1,"6":4,"7":4,"8":4,"9":4,"10":4,"11":4,"12":4,"13":4,"14":4,"15":4,"16":4,"17":4,"18":4,"19":4,"20":4,"21":4,"22":4,"23":4,"24":4,"25":4,"26":4,"27":4,"28":4,"29":4,"30":4,"31":4,"32":4,"33":4,"34":4,"35":4,"36":4,"37":4,"38":4,"39":4,"40":1},"f":{"0":4},"b":{"0":[1,3],"1":[1,3]}}
,"/codebuild/output/src2689249645/src/source/constructs/lib/api/svc-pipeline-stack.ts": {"path":"/codebuild/output/src2689249645/src/source/constructs/lib/api/svc-pipeline-stack.ts","statementMap":{"0":{"start":{"line":16,"column":0},"end":{"line":16,"column":29}},"1":{"start":{"line":17,"column":0},"end":{"line":17,"column":54}},"2":{"start":{"line":18,"column":0},"end":{"line":18,"column":null}},"3":{"start":{"line":28,"column":0},"end":{"line":28,"column":39}},"4":{"start":{"line":30,"column":0},"end":{"line":30,"column":51}},"5":{"start":{"line":31,"column":0},"end":{"line":31,"column":55}},"6":{"start":{"line":32,"column":0},"end":{"line":32,"column":59}},"7":{"start":{"line":64,"column":8},"end":{"line":64,"column":25}},"8":{"start":{"line":67,"column":8},"end":{"line":76,"column":11}},"9":{"start":{"line":78,"column":33},"end":{"line":79,"column":41}},"10":{"start":{"line":80,"column":8},"end":{"line":80,"column":58}},"11":{"start":{"line":81,"column":8},"end":{"line":91,"column":11}},"12":{"start":{"line":94,"column":25},"end":{"line":100,"column":10}},"13":{"start":{"line":103,"column":32},"end":{"line":128,"column":10}},"14":{"start":{"line":131,"column":8},"end":{"line":131,"column":66}},"15":{"start":{"line":132,"column":8},"end":{"line":132,"column":65}},"16":{"start":{"line":133,"column":8},"end":{"line":133,"column":58}},"17":{"start":{"line":134,"column":8},"end":{"line":134,"column":92}},"18":{"start":{"line":136,"column":8},"end":{"line":142,"column":10}},"19":{"start":{"line":143,"column":8},"end":{"line":149,"column":10}},"20":{"start":{"line":151,"column":8},"end":{"line":160,"column":10}},"21":{"start":{"line":162,"column":8},"end":{"line":172,"column":10}},"22":{"start":{"line":174,"column":8},"end":{"line":186,"column":10}},"23":{"start":{"line":188,"column":27},"end":{"line":190,"column":10}},"24":{"start":{"line":192,"column":8},"end":{"line":205,"column":10}},"25":{"start":{"line":207,"column":8},"end":{"line":207,"column":74}},"26":{"start":{"line":210,"column":29},"end":{"line":215,"column":null}},"27":{"start":{"line":219,"column":8},"end":{"line":234,"column":11}},"28":{"start":{"line":236,"column":8},"end":{"line":246,"column":11}},"29":{"start":{"line":248,"column":8},"end":{"line":258,"column":11}},"30":{"start":{"line":260,"column":8},"end":{"line":270,"column":11}},"31":{"start":{"line":272,"column":8},"end":{"line":277,"column":11}},"32":{"start":{"line":279,"column":8},"end":{"line":289,"column":11}},"33":{"start":{"line":291,"column":8},"end":{"line":301,"column":11}},"34":{"start":{"line":60,"column":0},"end":{"line":60,"column":13}}},"fnMap":{"0":{"name":"(anonymous_0)","decl":{"start":{"line":63,"column":4},"end":{"line":63,"column":16}},"loc":{"start":{"line":63,"column":74},"end":{"line":302,"column":5}}}},"branchMap":{"0":{"loc":{"start":{"line":120,"column":34},"end":{"line":120,"column":65}},"type":"binary-expr","locations":[{"start":{"line":120,"column":34},"end":{"line":120,"column":53}},{"start":{"line":120,"column":57},"end":{"line":120,"column":65}}]}},"s":{"0":1,"1":1,"2":1,"3":1,"4":1,"5":1,"6":1,"7":4,"8":4,"9":4,"10":4,"11":4,"12":4,"13":4,"14":4,"15":4,"16":4,"17":4,"18":4,"19":4,"20":4,"21":4,"22":4,"23":4,"24":4,"25":4,"26":4,"27":4,"28":4,"29":4,"30":4,"31":4,"32":4,"33":4,"34":1},"f":{"0":4},"b":{"0":[4,3]}}
,"/codebuild/output/src2689249645/src/source/constructs/lib/kinesis/kds-stack.ts": {"path":"/codebuild/output/src2689249645/src/source/constructs/lib/kinesis/kds-stack.ts","statementMap":{"0":{"start":{"line":16,"column":0},"end":{"line":16,"column":29}},"1":{"start":{"line":17,"column":0},"end":{"line":17,"column":null}},"2":{"start":{"line":38,"column":0},"end":{"line":38,"column":74}},"3":{"start":{"line":39,"column":0},"end":{"line":39,"column":42}},"4":{"start":{"line":40,"column":0},"end":{"line":40,"column":51}},"5":{"start":{"line":42,"column":0},"end":{"line":42,"column":76}},"6":{"start":{"line":43,"column":0},"end":{"line":43,"column":56}},"7":{"start":{"line":148,"column":4},"end":{"line":148,"column":21}},"8":{"start":{"line":150,"column":23},"end":{"line":153,"column":6}},"9":{"start":{"line":154,"column":4},"end":{"line":154,"column":47}},"10":{"start":{"line":156,"column":26},"end":{"line":160,"column":6}},"11":{"start":{"line":162,"column":26},"end":{"line":171,"column":6}},"12":{"start":{"line":173,"column":4},"end":{"line":173,"column":52}},"13":{"start":{"line":174,"column":4},"end":{"line":174,"column":54}},"14":{"start":{"line":176,"column":25},"end":{"line":203,"column":6}},"15":{"start":{"line":204,"column":4},"end":{"line":209,"column":7}},"16":{"start":{"line":211,"column":4},"end":{"line":217,"column":6}},"17":{"start":{"line":219,"column":4},"end":{"line":219,"column":73}},"18":{"start":{"line":220,"column":4},"end":{"line":221,"column":56}},"19":{"start":{"line":223,"column":4},"end":{"line":532,"column":null}},"20":{"start":{"line":224,"column":29},"end":{"line":224,"column":59}},"21":{"start":{"line":225,"column":23},"end":{"line":240,"column":8}},"22":{"start":{"line":242,"column":28},"end":{"line":242,"column":57}},"23":{"start":{"line":243,"column":22},"end":{"line":257,"column":8}},"24":{"start":{"line":260,"column":19},"end":{"line":267,"column":null}},"25":{"start":{"line":271,"column":27},"end":{"line":271,"column":59}},"26":{"start":{"line":272,"column":21},"end":{"line":282,"column":8}},"27":{"start":{"line":283,"column":6},"end":{"line":288,"column":9}},"28":{"start":{"line":291,"column":32},"end":{"line":293,"column":null}},"29":{"start":{"line":297,"column":18},"end":{"line":371,"column":8}},"30":{"start":{"line":372,"column":6},"end":{"line":381,"column":8}},"31":{"start":{"line":383,"column":21},"end":{"line":391,"column":8}},"32":{"start":{"line":392,"column":6},"end":{"line":397,"column":9}},"33":{"start":{"line":398,"column":6},"end":{"line":404,"column":8}},"34":{"start":{"line":405,"column":6},"end":{"line":414,"column":8}},"35":{"start":{"line":415,"column":6},"end":{"line":423,"column":8}},"36":{"start":{"line":425,"column":6},"end":{"line":425,"column":46}},"37":{"start":{"line":428,"column":30},"end":{"line":436,"column":null}},"38":{"start":{"line":438,"column":6},"end":{"line":441,"column":9}},"39":{"start":{"line":442,"column":6},"end":{"line":444,"column":8}},"40":{"start":{"line":447,"column":33},"end":{"line":447,"column":97}},"41":{"start":{"line":448,"column":6},"end":{"line":448,"column":62}},"42":{"start":{"line":451,"column":29},"end":{"line":459,"column":null}},"43":{"start":{"line":461,"column":6},"end":{"line":464,"column":9}},"44":{"start":{"line":465,"column":6},"end":{"line":465,"column":79}},"45":{"start":{"line":468,"column":32},"end":{"line":468,"column":95}},"46":{"start":{"line":469,"column":6},"end":{"line":469,"column":60}},"47":{"start":{"line":471,"column":6},"end":{"line":483,"column":8}},"48":{"start":{"line":484,"column":6},"end":{"line":490,"column":8}},"49":{"start":{"line":491,"column":6},"end":{"line":503,"column":8}},"50":{"start":{"line":504,"column":6},"end":{"line":512,"column":8}},"51":{"start":{"line":513,"column":6},"end":{"line":522,"column":8}},"52":{"start":{"line":524,"column":6},"end":{"line":527,"column":9}},"53":{"start":{"line":528,"column":6},"end":{"line":531,"column":9}},"54":{"start":{"line":137,"column":0},"end":{"line":137,"column":13}},"55":{"start":{"line":546,"column":29},"end":{"line":546,"column":52}},"56":{"start":{"line":549,"column":4},"end":{"line":551,"column":null}},"57":{"start":{"line":550,"column":6},"end":{"line":550,"column":49}}},"fnMap":{"0":{"name":"(anonymous_0)","decl":{"start":{"line":147,"column":2},"end":{"line":147,"column":14}},"loc":{"start":{"line":147,"column":64},"end":{"line":536,"column":3}}},"1":{"name":"(anonymous_1)","decl":{"start":{"line":546,"colum
[...]
":{"start":{"line":64,"column":23},"end":{"line":70,"column":6}},"16":{"start":{"line":71,"column":4},"end":{"line":71,"column":63}},"17":{"start":{"line":73,"column":21},"end":{"line":78,"column":6}},"18":{"start":{"line":79,"column":4},"end":{"line":79,"column":69}},"19":{"start":{"line":81,"column":23},"end":{"line":85,"column":6}},"20":{"start":{"line":86,"column":4},"end":{"line":86,"column":74}},"21":{"start":{"line":88,"column":18},"end":{"line":92,"column":6}},"22":{"start":{"line":93,"column":4},"end":{"line":93,"column":53}},"23":{"start":{"line":95,"column":22},"end":{"line":99,"column":6}},"24":{"start":{"line":100,"column":4},"end":{"line":100,"column":61}},"25":{"start":{"line":102,"column":28},"end":{"line":106,"column":6}},"26":{"start":{"line":107,"column":4},"end":{"line":107,"column":74}},"27":{"start":{"line":109,"column":24},"end":{"line":113,"column":6}},"28":{"start":{"line":114,"column":4},"end":{"line":114,"column":65}},"29":{"start":{"line":116,"column":24},"end":{"line":121,"column":6}},"30":{"start":{"line":122,"column":4},"end":{"line":122,"column":65}},"31":{"start":{"line":124,"column":28},"end":{"line":129,"column":6}},"32":{"start":{"line":130,"column":4},"end":{"line":130,"column":80}},"33":{"start":{"line":132,"column":20},"end":{"line":137,"column":6}},"34":{"start":{"line":138,"column":4},"end":{"line":138,"column":68}},"35":{"start":{"line":140,"column":20},"end":{"line":145,"column":6}},"36":{"start":{"line":146,"column":4},"end":{"line":146,"column":68}},"37":{"start":{"line":148,"column":22},"end":{"line":153,"column":6}},"38":{"start":{"line":154,"column":4},"end":{"line":154,"column":64}},"39":{"start":{"line":156,"column":25},"end":{"line":161,"column":6}},"40":{"start":{"line":162,"column":4},"end":{"line":162,"column":73}},"41":{"start":{"line":164,"column":18},"end":{"line":170,"column":6}},"42":{"start":{"line":171,"column":4},"end":{"line":171,"column":63}},"43":{"start":{"line":173,"column":28},"end":{"line":178,"column":6}},"44":{"start":{"line":179,"column":4},"end":{"line":179,"column":73}},"45":{"start":{"line":181,"column":25},"end":{"line":186,"column":6}},"46":{"start":{"line":187,"column":4},"end":{"line":187,"column":70}},"47":{"start":{"line":189,"column":27},"end":{"line":194,"column":6}},"48":{"start":{"line":195,"column":4},"end":{"line":195,"column":74}},"49":{"start":{"line":197,"column":21},"end":{"line":197,"column":23}},"50":{"start":{"line":198,"column":44},"end":{"line":198,"column":53}},"51":{"start":{"line":200,"column":31},"end":{"line":203,"column":6}},"52":{"start":{"line":204,"column":4},"end":{"line":207,"column":6}},"53":{"start":{"line":209,"column":28},"end":{"line":212,"column":6}},"54":{"start":{"line":213,"column":4},"end":{"line":213,"column":74}},"55":{"start":{"line":215,"column":39},"end":{"line":221,"column":null}},"56":{"start":{"line":223,"column":4},"end":{"line":226,"column":6}},"57":{"start":{"line":228,"column":4},"end":{"line":237,"column":null}},"58":{"start":{"line":229,"column":6},"end":{"line":234,"column":9}},"59":{"start":{"line":235,"column":6},"end":{"line":235,"column":58}},"60":{"start":{"line":236,"column":6},"end":{"line":236,"column":41}},"61":{"start":{"line":240,"column":23},"end":{"line":244,"column":6}},"62":{"start":{"line":246,"column":22},"end":{"line":249,"column":null}},"63":{"start":{"line":254,"column":4},"end":{"line":600,"column":null}},"64":{"start":{"line":267,"column":31},"end":{"line":274,"column":8}},"65":{"start":{"line":275,"column":6},"end":{"line":275,"column":76}},"66":{"start":{"line":277,"column":28},"end":{"line":282,"column":8}},"67":{"start":{"line":283,"column":6},"end":{"line":283,"column":72}},"68":{"start":{"line":285,"column":30},"end":{"line":289,"column":8}},"69":{"start":{"line":290,"column":6},"end":{"line":290,"column":76}},"70":{"start":{"line":292,"column":33},"end":{"line":296,"column":8}},"71":{"start":{"line":297,"column":6},"end":{"line":297,"column":73}},"72":{"start":{"line":299,"column":31},"end":{"line":304,"column":8}},"73":{"start":{"line":305,"column":6},"end":{"line":305,"column":100}},"74":{"start":{"line":307,"column":6},"end":{"line":316,"column":8}},"75":{"start":{"line":317,"column":24},"end":{"line":326,"column":8}},"76":{"start":{"line":329,"column":43},"end":{"line":351,"column":8}},"77":{"start":{"line":353,"column":6},"end":{"line":455,"column":null}},"78":{"start":{"line":355,"column":32},"end":{"line":359,"column":10}},"79":{"start":{"line":361,"column":28},"end":{"line":365,"column":10}},"80":{"start":{"line":367,"column":28},"end":{"line":371,"column":10}},"81":{"start":{"line":373,"column":8},"end":{"line":379,"column":10}},"82":{"start":{"line":382,"column":33},"end":{"line":384,"column":10}},"83":{"start":{"line":386,"column":30},"end":{"line":390,"column":null}},"84":{"start":{"line":391,"column":28},"end":{"line":394,"column":null}},"85":{"start":{"line":397,"column":59},"end":{"line":414,"column":10}},"86":{"start":{"line":416,"column":30},"end":{"line":419,"column":null}},"87":{"start":{"line":422,"column":8},"end":{"line":425,"column":10}},"88":{"start":{"line":426,"column":8},"end":{"line":426,"column":75}},"89":{"start":{"line":427,"column":8},"end":{"line":427,"column":77}},"90":{"start":{"line":429,"column":36},"end":{"line":432,"column":null}},"91":{"start":{"line":436,"column":56},"end":{"line":442,"column":10}},"92":{"start":{"line":444,"column":30},"end":{"line":447,"column":null}},"93":{"start":{"line":449,"column":8},"end":{"line":452,"column":10}},"94":{"start":{"line":453,"column":8},"end":{"line":453,"column":75}},"95":{"start":{"line":454,"column":8},"end":{"line":454,"column":77}},"96":{"start":{"line":458,"column":6},"end":{"line":494,"column":null}},"97":{"start":{"line":459,"column":30},"end":{"line":465,"column":10}},"98":{"start":{"line":466,"column":8},"end":{"line":466,"column":74}},"99":{"start":{"line":468,"column":8},"end":{"line":468,"column":77}},"100":{"start":{"line":471,"column":66},"end":{"line":480,"column":10}},"101":{"start":{"line":481,"column":38},"end":{"line":484,"column":null}},"102":{"start":{"line":486,"column":8},"end":{"line":489,"column":10}},"103":{"start":{"line":490,"column":8},"end":{"line":493,"column":10}},"104":{"start":{"line":495,"column":6},"end":{"line":495,"column":75}},"105":{"start":{"line":496,"column":11},"end":{"line":600,"column":null}},"106":{"start":{"line":497,"column":26},"end":{"line":501,"column":8}},"107":{"start":{"line":502,"column":6},"end":{"line":502,"column":67}},"108":{"start":{"line":504,"column":26},"end":{"line":509,"column":8}},"109":{"start":{"line":510,"column":6},"end":{"line":510,"column":68}},"110":{"start":{"line":512,"column":23},"end":{"line":516,"column":8}},"111":{"start":{"line":517,"column":6},"end":{"line":517,"column":60}},"112":{"start":{"line":519,"column":31},"end":{"line":526,"column":8}},"113":{"start":{"line":527,"column":6},"end":{"line":527,"column":76}},"114":{"start":{"line":529,"column":6},"end":{"line":536,"column":8}},"115":{"start":{"line":538,"column":24},"end":{"line":549,"column":8}},"116":{"start":{"line":552,"column":43},"end":{"line":574,"column":8}},"117":{"start":{"line":576,"column":34},"end":{"line":579,"column":null}},"118":{"start":{"line":583,"column":50},"end":{"line":587,"column":8}},"119":{"start":{"line":589,"column":28},"end":{"line":592,"column":null}},"120":{"start":{"line":594,"column":6},"end":{"line":597,"column":8}},"121":{"start":{"line":602,"column":4},"end":{"line":609,"column":6}},"122":{"start":{"line":610,"column":4},"end":{"line":615,"column":6}},"123":{"start":{"line":618,"column":26},"end":{"line":628,"column":6}},"124":{"start":{"line":629,"column":4},"end":{"line":631,"column":null}},"125":{"start":{"line":630,"column":6},"end":{"line":630,"column":46}},"126":{"start":{"line":632,"column":4},"end":{"line":632,"column":66}},"127":{"start":{"line":634,"column":4},"end":{"line":634,"column":23}},"128":{"start":{"line":52,"column":0},"end":{"line":52,"column":13}}},"fnMap":{"0":{"name":"(anonymous_0)","decl":{"start":{"line":53,"column":2},"end":{"line":53,"column":14}},"loc":{"start":{"line":53,"column":69},"end":{"line":635,"column":3}}}},"branchMap":{"0":{"loc":{"start":{"line":58,"column":6},"end":{"line":58,"column":65}},"type":"binary-expr","locations":[{"start":{"line":58,"column":6},"end":{"line":58,"column":24}},{"start":{"line":58,"column":28},"end":{"line":58,"column":65}}]},"1":{"loc":{"start":{"line":59,"column":21},"end":{"line":59,"column":49}},"type":"binary-expr","locations":[{"start":{"line":59,"column":21},"end":{"line":59,"column":37}},{"start":{"line":59,"column":41},"end":{"line":59,"column":49}}]},"2":{"loc":{"start":{"line":61,"column":16},"end":{"line":61,"column":67}},"type":"cond-expr","locations":[{"start":{"line":61,"column":28},"end":{"line":61,"column":37}},{"start":{"line":61,"column":40},"end":{"line":61,"column":67}}]},"3":{"loc":{"start":{"line":228,"column":4},"end":{"line":237,"column":null}},"type":"if","locations":[{"start":{"line":228,"column":4},"end":{"line":237,"column":null}}]},"4":{"loc":{"start":{"line":254,"column":4},"end":{"line":600,"column":null}},"type":"if","locations":[{"start":{"line":254,"column":4},"end":{"line":600,"column":null}},{"start":{"line":496,"column":11},"end":{"line":600,"column":null}}]},"5":{"loc":{"start":{"line":353,"column":6},"end":{"line":455,"column":null}},"type":"if","locations":[{"start":{"line":353,"column":6},"end":{"line":455,"column":null}},{"start":{"line":428,"column":13},"end":{"line":455,"column":null}}]},"6":{"loc":{"start":{"line":458,"column":6},"end":{"line":494,"column":null}},"type":"if","locations":[{"start":{"line":458,"column":6},"end":{"line":494,"column":null}}]},"7":{"loc":{"start":{"line":496,"column":11},"end":{"line":600,"column":null}},"type":"if","locations":[{"start":{"line":496,"column":11},"end":{"line":600,"column":null}}]},"8":{"loc":{"start":{"line":629,"column":4},"end":{"line":631,"column":null}},"type":"if","locations":[{"start":{"line":629,"column":4},"end":{"line":631,"column":null}}]}},"s":{"0":1,"1":1,"2":1,"3":1,"4":1,"5":1,"6":1,"7":1,"8":1,"9":9,"10":9,"11":9,"12":9,"13":9,"14":9,"15":9,"16":9,"17":9,"18":9,"19":9,"20":9,"21":9,"22":9,"23":9,"24":9,"25":9,"26":9,"27":9,"28":9,"29":9,"30":9,"31":9,"32":9,"33":9,"34":9,"35":9,"36":9,"37":9,"38":9,"39":9,"40":9,"41":9,"42":9,"43":9,"44":9,"45":9,"46":9,"47":9,"48":9,"49":9,"50":9,"51":9,"52":9,"53":9,"54":9,"55":9,"56":9,"57":9,"58":2,"59":2,"60":2,"61":9,"62":9,"63":9,"64":8,"65":8,"66":8,"67":8,"68":8,"69":8,"70":8,"71":8,"72":8,"73":8,"74":8,"75":8,"76":8,"77":8,"78":0,"79":0,"80":0,"81":0,"82":0,"83":0,"84":0,"85":0,"86":0,"87":0,"88":0,"89":0,"90":8,"91":8,"92":8,"93":8,"94":8,"95":8,"96":8,"97":2,"98":2,"99":2,"100":2,"101":2,"102":2,"103":2,"104":8,"105":1,"106":1,"107":1,"108":1,"109":1,"110":1,"111":1,"112":1,"113":1,"114":1,"115":1,"116":1,"117":1,"118":1,"119":1,"120":1,"121":9,"122":9,"123":9,"124":9,"125":2,"126":9,"127":9,"128":1},"f":{"0":9},"b":{"0":[9,9],"1":[9,9],"2":[0,9],"3":[2],"4":[8,1],"5":[0,8],"6":[2],"7":[1],"8":[2]}}
,"/codebuild/output/src2689249645/src/source/constructs/lib/pipeline/service/waf-sampled-stack.ts": {"path":"/codebuild/output/src2689249645/src/source/constructs/lib/pipeline/service/waf-sampled-stack.ts","statementMap":{"0":{"start":{"line":17,"column":0},"end":{"line":17,"column":null}},"1":{"start":{"line":30,"column":0},"end":{"line":30,"column":56}},"2":{"start":{"line":31,"column":0},"end":{"line":31,"column":39}},"3":{"start":{"line":32,"column":0},"end":{"line":32,"column":78}},"4":{"start":{"line":33,"column":0},"end":{"line":33,"column":59}},"5":{"start":{"line":68,"column":4},"end":{"line":68,"column":21}},"6":{"start":{"line":71,"column":41},"end":{"line":85,"column":null}},"7":{"start":{"line":89,"column":21},"end":{"line":92,"column":6}},"8":{"start":{"line":93,"column":4},"end":{"line":93,"column":58}},"9":{"start":{"line":95,"column":4},"end":{"line":99,"column":7}},"10":{"start":{"line":101,"column":4},"end":{"line":103,"column":6}},"11":{"start":{"line":106,"column":27},"end":{"line":113,"column":6}},"12":{"start":{"line":114,"column":4},"end":{"line":127,"column":6}},"13":{"start":{"line":129,"column":4},"end":{"line":129,"column":66}},"14":{"start":{"line":132,"column":17},"end":{"line":134,"column":6}},"15":{"start":{"line":135,"column":4},"end":{"line":139,"column":6}},"16":{"start":{"line":141,"column":4},"end":{"line":144,"column":56}},"17":{"start":{"line":63,"column":0},"end":{"line":63,"column":13}}},"fnMap":{"0":{"name":"(anonymous_0)","decl":{"start":{"line":67,"column":2},"end":{"line":67,"column":14}},"loc":{"start":{"line":67,"column":71},"end":{"line":145,"column":3}}}},"branchMap":{},"s":{"0":1,"1":1,"2":1,"3":1,"4":1,"5":1,"6":1,"7":1,"8":1,"9":1,"10":1,"11":1,"12":1,"13":1,"14":1,"15":1,"16":1,"17":1},"f":{"0":1},"b":{}}
,"/codebuild/output/src2689249645/src/source/constructs/lib/subaccount/cross-account-stack.ts": {"path":"/codebuild/output/src2689249645/src/source/constructs/lib/subaccount/cross-account-stack.ts","statementMap":{"0":{"start":{"line":16,"column":0},"end":{"line":16,"column":null}},"1":{"start":{"line":34,"column":0},"end":{"line":34,"column":50}},"2":{"start":{"line":35,"column":0},"end":{"line":35,"column":42}},"3":{"start":{"line":37,"column":0},"end":{"line":37,"column":77}},"4":{"start":{"line":38,"column":20},"end":{"line":38,"column":31}},"5":{"start":{"line":52,"column":2},"end":{"line":54,"column":5}},"6":{"start":{"line":48,"column":0},"end":{"line":48,"column":16}},"7":{"start":{"line":68,"column":4},"end":{"line":68,"column":21}},"8":{"start":{"line":64,"column":10},"end":{"line":64,"column":34}},"9":{"start":{"line":65,"column":10},"end":{"line":65,"column":32}},"10":{"start":{"line":71,"column":6},"end":{"line":71,"column":65}},"11":{"start":{"line":72,"column":21},"end":{"line":72,"column":49}},"12":{"start":{"line":74,"column":24},"end":{"line":74,"column":28}},"13":{"start":{"line":76,"column":4},"end":{"line":76,"column":123}},"14":{"start":{"line":78,"column":4},"end":{"line":83,"column":6}},"15":{"start":{"line":85,"column":28},"end":{"line":90,"column":6}},"16":{"start":{"line":91,"column":4},"end":{"line":91,"column":74}},"17":{"start":{"line":94,"column":26},"end":{"line":110,"column":6}},"18":{"start":{"line":111,"column":35},"end":{"line":161,"column":null}},"19":{"start":{"line":163,"column":4},"end":{"line":176,"column":6}},"20":{"start":{"line":177,"column":4},"end":{"line":191,"column":6}},"21":{"start":{"line":192,"column":4},"end":{"line":201,"column":6}},"22":{"start":{"line":202,"column":4},"end":{"line":237,"column":6}},"23":{"start":{"line":239,"column":4},"end":{"line":254,"column":6}},"24":{"start":{"line":255,"column":4},"end":{"line":260,"column":7}},"25":{"start":{"line":262,"column":29},"end":{"line":262,"column":76}},"26":{"start":{"line":263,"column":4},"end":{"line":272,"column":7}},"27":{"start":{"line":275,"column":34},"end":{"line":282,"column":null}},"28":{"start":{"line":286,"column":29},"end":{"line":291,"column":6}},"29":{"start":{"line":293,"column":22},"end":{"line":349,"column":6}},"30":{"start":{"line":353,"column":47},"end":{"line":360,"column":null}},"31":{"start":{"line":363,"column":4},"end":{"line":370,"column":6}},"32":{"start":{"line":372,"column":31},"end":{"line":715,"column":6}},"33":{"start":{"line":716,"column":4},"end":{"line":716,"column":60}},"34":{"start":{"line":717,"column":4},"end":{"line":722,"column":7}},"35":{"start":{"line":724,"column":34},"end":{"line":725,"column":36}},"36":{"start":{"line":726,"column":4},"end":{"line":735,"column":7}},"37":{"start":{"line":738,"column":4},"end":{"line":745,"column":6}},"38":{"start":{"line":748,"column":17},"end":{"line":750,"column":6}},"39":{"start":{"line":751,"column":22},"end":{"line":755,"column":16}},"40":{"start":{"line":757,"column":29},"end":{"line":757,"column":38}},"41":{"start":{"line":759,"column":36},"end":{"line":831,"column":null}},"42":{"start":{"line":834,"column":38},"end":{"line":904,"column":null}},"43":{"start":{"line":907,"column":4},"end":{"line":910,"column":49}},"44":{"start":{"line":912,"column":4},"end":{"line":915,"column":49}},"45":{"start":{"line":917,"column":4},"end":{"line":920,"column":48}},"46":{"start":{"line":922,"column":4},"end":{"line":925,"column":50}},"47":{"start":{"line":927,"column":4},"end":{"line":930,"column":49}},"48":{"start":{"line":932,"column":4},"end":{"line":935,"column":51}},"49":{"start":{"line":937,"column":4},"end":{"line":940,"column":63}},"50":{"start":{"line":942,"column":4},"end":{"line":946,"column":77}},"51":{"start":{"line":949,"column":4},"end":{"line":951,"column":6}},"52":{"start":{"line":63,"column":0},"end":{"line":63,"column":13}}},"fnMap":{"0":{"name":"addCfnNagSuppressRules","decl":{"start":{"line":48,"column":16},"end":{"line":48,"column":38}},"loc":{"start":{"line":50,"column":29},"end":{"line":55,"column":1}}},"1":{"name":"(anonymous_1)","decl":{"start":{"line":67,"column":2},"end":{"line":67,"column":14}},"loc":{"start":{"line":67,"column":68},"end":{"line":947,"column":3}}},"2":{"name":"(anonymous_2)","decl":{"start":{"line":948,"column":10},"end":{"line":948,"column":26}},"loc":{"start":{"line":948,"column":55},"end":{"line":952,"column":3}}}},"branchMap":{"0":{"loc":{"start":{"line":71,"column":6},"end":{"line":71,"column":65}},"type":"binary-expr","locations":[{"start":{"line":71,"column":6},"end":{"line":71,"column":24}},{"start":{"line":71,"column":28},"end":{"line":71,"column":65}}]},"1":{"loc":{"start":{"line":72,"column":21},"end":{"line":72,"column":49}},"type":"binary-expr","locations":[{"start":{"line":72,"column":21},"end":{"line":72,"column":37}},{"start":{"line":72,"column":41},"end":{"line":72,"column":49}}]}},"s":{"0":1,"1":1,"2":1,"3":1,"4":1,"5":2,"6":1,"7":1,"8":1,"9":1,"10":1,"11":1,"12":1,"13":1,"14":1,"15":1,"16":1,"17":1,"18":1,"19":1,"20":1,"21":1,"22":1,"23":1,"24":1,"25":1,"26":1,"27":1,"28":1,"29":1,"30":1,"31":1,"32":1,"33":1,"34":1,"35":1,"36":1,"37":1,"38":1,"39":1,"40":1,"41":1,"42":1,"43":1,"44":1,"45":1,"46":1,"47":1,"48":1,"49":1,"50":1,"51":1,"52":1},"f":{"0":2,"1":1,"2":1},"b":{"0":[1,1],"1":[1,1]}}
,"/codebuild/output/src2689249645/src/source/constructs/lib/util/stack-helper.ts": {"path":"/codebuild/output/src2689249645/src/source/constructs/lib/util/stack-helper.ts","statementMap":{"0":{"start":{"line":30,"column":2},"end":{"line":35,"column":3}},"1":{"start":{"line":33,"column":2},"end":{"line":35,"column":3}},"2":{"start":{"line":34,"column":4},"end":{"line":34,"column":41}},"3":{"start":{"line":29,"column":13},"end":{"line":29,"column":null}},"4":{"start":{"line":47,"column":2},"end":{"line":57,"column":3}},"5":{"start":{"line":50,"column":2},"end":{"line":57,"column":3}},"6":{"start":{"line":51,"column":22},"end":{"line":51,"column":51}},"7":{"start":{"line":52,"column":23},"end":{"line":52,"column":64}},"8":{"start":{"line":54,"column":4},"end":{"line":54,"column":44}},"9":{"start":{"line":56,"column":4},"end":{"line":56,"column":21}},"10":{"start":{"line":46,"column":13},"end":{"line":46,"column":null}}},"fnMap":{"0":{"name":"(anonymous_0)","decl":{"start":{"line":30,"column":2},"end":{"line":30,"column":null}},"loc":{"start":{"line":33,"column":2},"end":{"line":35,"column":3}}},"1":{"name":"(anonymous_1)","decl":{"start":{"line":33,"column":2},"end":{"line":33,"column":3}},"loc":{"start":{"line":33,"column":22},"end":{"line":35,"column":3}}},"2":{"name":"(anonymous_2)","decl":{"start":{"line":47,"column":2},"end":{"line":47,"column":null}},"loc":{"start":{"line":50,"column":2},"end":{"line":57,"column":3}}},"3":{"name":"(anonymous_3)","decl":{"start":{"line":50,"column":2},"end":{"line":50,"column":3}},"loc":{"start":{"line":50,"column":22},"end":{"line":57,"column":3}}}},"branchMap":{},"s":{"0":4,"1":34,"2":34,"3":4,"4":4,"5":4,"6":4,"7":4,"8":4,"9":4,"10":4},"f":{"0":34,"1":34,"2":4,"3":4},"b":{}}
}
