{"/codebuild/output/src783251565/src/source/constructs/lib/main-stack.ts": {"path":"/codebuild/output/src783251565/src/source/constructs/lib/main-stack.ts","statementMap":{"0":{"start":{"line":17,"column":0},"end":{"line":17,"column":null}},"1":{"start":{"line":33,"column":0},"end":{"line":33,"column":42}},"2":{"start":{"line":34,"column":0},"end":{"line":34,"column":42}},"3":{"start":{"line":36,"column":0},"end":{"line":36,"column":43}},"4":{"start":{"line":37,"column":0},"end":{"line":37,"column":69}},"5":{"start":{"line":38,"column":0},"end":{"line":38,"column":60}},"6":{"start":{"line":39,"column":0},"end":{"line":39,"column":58}},"7":{"start":{"line":40,"column":0},"end":{"line":40,"column":64}},"8":{"start":{"line":41,"column":0},"end":{"line":41,"column":62}},"9":{"start":{"line":42,"column":0},"end":{"line":42,"column":52}},"10":{"start":{"line":43,"column":0},"end":{"line":43,"column":56}},"11":{"start":{"line":44,"column":0},"end":{"line":44,"column":46}},"12":{"start":{"line":45,"column":0},"end":{"line":45,"column":53}},"13":{"start":{"line":46,"column":0},"end":{"line":46,"column":54}},"14":{"start":{"line":47,"column":0},"end":{"line":47,"column":59}},"15":{"start":{"line":48,"column":0},"end":{"line":48,"column":50}},"16":{"start":{"line":49,"column":0},"end":{"line":49,"column":44}},"17":{"start":{"line":51,"column":20},"end":{"line":51,"column":31}},"18":{"start":{"line":65,"column":2},"end":{"line":67,"column":5}},"19":{"start":{"line":61,"column":0},"end":{"line":61,"column":16}},"20":{"start":{"line":110,"column":4},"end":{"line":110,"column":28}},"21":{"start":{"line":96,"column":10},"end":{"line":96,"column":34}},"22":{"start":{"line":97,"column":10},"end":{"line":97,"column":32}},"23":{"start":{"line":100,"column":10},"end":{"line":100,"column":49}},"24":{"start":{"line":101,"column":10},"end":{"line":101,"column":26}},"25":{"start":{"line":102,"column":10},"end":{"line":102,"column":32}},"26":{"start":{"line":103,"column":10},"end":{"line":103,"column":28}},"27":{"start":{"line":104,"column":10},"end":{"line":104,"column":28}},"28":{"start":{"line":105,"column":10},"end":{"line":105,"column":34}},"29":{"start":{"line":106,"column":10},"end":{"line":106,"column":32}},"30":{"start":{"line":107,"column":10},"end":{"line":107,"column":33}},"31":{"start":{"line":112,"column":4},"end":{"line":114,"column":null}},"32":{"start":{"line":113,"column":6},"end":{"line":113,"column":37}},"33":{"start":{"line":116,"column":23},"end":{"line":116,"column":79}},"34":{"start":{"line":118,"column":6},"end":{"line":118,"column":65}},"35":{"start":{"line":119,"column":21},"end":{"line":119,"column":49}},"36":{"start":{"line":120,"column":24},"end":{"line":120,"column":28}},"37":{"start":{"line":121,"column":28},"end":{"line":121,"column":36}},"38":{"start":{"line":123,"column":4},"end":{"line":123,"column":113}},"39":{"start":{"line":125,"column":44},"end":{"line":125,"column":48}},"40":{"start":{"line":126,"column":44},"end":{"line":126,"column":48}},"41":{"start":{"line":127,"column":50},"end":{"line":127,"column":54}},"42":{"start":{"line":128,"column":48},"end":{"line":128,"column":52}},"43":{"start":{"line":130,"column":4},"end":{"line":225,"column":null}},"44":{"start":{"line":131,"column":6},"end":{"line":136,"column":9}},"45":{"start":{"line":137,"column":6},"end":{"line":137,"column":68}},"46":{"start":{"line":138,"column":6},"end":{"line":138,"column":53}},"47":{"start":{"line":140,"column":6},"end":{"line":144,"column":9}},"48":{"start":{"line":145,"column":6},"end":{"line":145,"column":68}},"49":{"start":{"line":146,"column":6},"end":{"line":146,"column":53}},"50":{"start":{"line":148,"column":6},"end":{"line":155,"column":9}},"51":{"start":{"line":156,"column":6},"end":{"line":156,"column":68}},"52":{"start":{"line":157,"column":6},"end":{"line":157,"column":65}},"53":{"start":{"line":159,"column":6},"end":{"line":164,"column":9}},"54":{"start":{"line":165,"column":6},"end":{"line":165,"column":76}},"55":{"start":{"line":166,"column":6},"end":{"line":166,"column":61}},"56":{"start":{"line":168,"column":32},"end":{"line":174,"column":8}},"57":{"start":{"line":175,"column":6},"end":{"line":175,"column":78}},"58":{"start":{"line":176,"column":6},"end":{"line":176,"column":63}},"59":{"start":{"line":178,"column":6},"end":{"line":182,"column":8}},"60":{"start":{"line":183,"column":6},"end":{"line":188,"column":8}},"61":{"start":{"line":190,"column":23},"end":{"line":195,"column":8}},"62":{"start":{"line":196,"column":6},"end":{"line":196,"column":68}},"63":{"start":{"line":197,"column":6},"end":{"line":197,"column":66}},"64":{"start":{"line":200,"column":24},"end":{"line":203,"column":8}},"65":{"start":{"line":204,"column":6},"end":{"line":204,"column":45}},"66":{"start":{"line":205,"column":6},"end":{"line":205,"column":57}},"67":{"start":{"line":206,"column":6},"end":{"line":224,"column":8}},"68":{"start":{"line":227,"column":14},"end":{"line":227,"column":23}},"69":{"start":{"line":228,"column":20},"end":{"line":228,"column":29}},"70":{"start":{"line":230,"column":4},"end":{"line":270,"column":null}},"71":{"start":{"line":231,"column":20},"end":{"line":235,"column":8}},"72":{"start":{"line":236,"column":6},"end":{"line":236,"column":39}},"73":{"start":{"line":237,"column":6},"end":{"line":237,"column":55}},"74":{"start":{"line":239,"column":30},"end":{"line":243,"column":8}},"75":{"start":{"line":244,"column":6},"end":{"line":244,"column":57}},"76":{"start":{"line":245,"column":6},"end":{"line":245,"column":76}},"77":{"start":{"line":247,"column":31},"end":{"line":251,"column":8}},"78":{"start":{"line":252,"column":6},"end":{"line":252,"column":59}},"79":{"start":{"line":253,"column":6},"end":{"line":253,"column":78}},"80":{"start":{"line":254,"column":6},"end":{"line":259,"column":8}},"81":{"start":{"line":262,"column":6},"end":{"line":267,"column":9}},"82":{"start":{"line":269,"column":6},"end":{"line":269,"column":47}},"83":{"start":{"line":272,"column":21},"end":{"line":274,"column":6}},"84":{"start":{"line":277,"column":22},"end":{"line":318,"column":6}},"85":{"start":{"line":321,"column":32},"end":{"line":330,"column":6}},"86":{"start":{"line":332,"column":35},"end":{"line":333,"column":35}},"87":{"start":{"line":334,"column":4},"end":{"line":334,"column":68}},"88":{"start":{"line":335,"column":4},"end":{"line":345,"column":7}},"89":{"start":{"line":348,"column":20},"end":{"line":352,"column":6}},"90":{"start":{"line":353,"column":4},"end":{"line":362,"column":6}},"91":{"start":{"line":365,"column":26},"end":{"line":384,"column":null}},"92":{"start":{"line":386,"column":35},"end":{"line":436,"column":null}},"93":{"start":{"line":439,"column":4},"end":{"line":452,"column":6}},"94":{"start":{"line":453,"column":4},"end":{"line":467,"column":6}},"95":{"start":{"line":468,"column":4},"end":{"line":477,"column":6}},"96":{"start":{"line":479,"column":29},"end":{"line":479,"column":76}},"97":{"start":{"line":480,"column":4},"end":{"line":489,"column":7}},"98":{"start":{"line":492,"column":21},"end":{"line":506,"column":6}},"99":{"start":{"line":507,"column":4},"end":{"line":516,"column":6}},"100":{"start":{"line":518,"column":30},"end":{"line":526,"column":null}},"101":{"start":{"line":528,"column":4},"end":{"line":537,"column":6}},"102":{"start":{"line":540,"column":29},"end":{"line":550,"column":null}},"103":{"start":{"line":552,"column":4},"end":{"line":561,"column":6}},"104":{"start":{"line":564,"column":31},"end":{"line":575,"column":null}},"105":{"start":{"line":577,"column":4},"end":{"line":577,"column":61}},"106":{"start":{"line":578,"column":4},"end":{"line":587,"column":6}},"107":{"start":{"line":590,"column":25},"end":{"line":593,"column":6}},"108":{"start":{"line":596,"column":27},"end":{"line":606,"column":null}},"109":{"start":{"line":608,"column":4},"end":{"line":617,"column":6}},"110":{"start":{"line":620,"column":28},"end":{"line":632,"column":null}},"111":{"start":{"line":634,"column":4},"end":{"line":643,"column":6}},"112":{"start":{"line":646,"column":28},"end":{"line":651,"column":null}},"113":{"start":{"line":655,"column":33},"end":{"line":681,"column":null}},"114":{"start":{"line":683,"column":4},"end":{"line":690,"column":6}},"115":{"start":{"line":691,"column":4},"end":{"line":700,"column":6}},"116":{"start":{"line":703,"column":24},"end":{"line":709,"column":6}},"117":{"start":{"line":710,"column":4},"end":{"line":710,"column":46}},"118":{"start":{"line":713,"column":20},"end":{"line":732,"column":6}},"119":{"start":{"line":735,"column":4},"end":{"line":735,"column":60}},"120":{"start":{"line":736,"column":4},"end":{"line":736,"column":79}},"121":{"start":{"line":737,"column":4},"end":{"line":739,"column":6}},"122":{"start":{"line":740,"column":4},"end":{"line":740,"column":71}},"123":{"start":{"line":741,"column":4},"end":{"line":741,"column":68}},"124":{"start":{"line":742,"column":4},"end":{"line":742,"column":null}},"125":{"start":{"line":744,"column":4},"end":{"line":749,"column":6}},"126":{"start":{"line":751,"column":4},"end":{"line":754,"column":49}},"127":{"start":{"line":757,"column":4},"end":{"line":760,"column":42}},"128":{"start":{"line":764,"column":4},"end":{"line":767,"column":7}},"129":{"start":{"line":771,"column":4},"end":{"line":773,"column":6}},"130":{"start":{"line":95,"column":0},"end":{"line":95,"column":13}}},"fnMap":{"0":{"name":"addCfnNagSuppressRules","decl":{"start":{"line":61,"column":16},"end":{"line":61,"column":38}},"loc":{"start":{"line":63,"column":29},"end":{"line":68,"column":1}}},"1":{"name":"(anonymous_1)","decl":{"start":{"line":109,"column":2},"end":{"line":109,"column":14}},"loc":{"start":{"line":109,"column":60},"end":{"line":761,"column":3}}},"2":{"name":"(anonymous_2)","decl":{"start":{"line":763,"column":10},"end":{"line":763,"column":26}},"loc":{"start":{"line":763,"column":60},"end":{"line":768,"column":3}}},"3":{"name":"(anonymous_3)","decl":{"start":{"line":770,"column":10},"end":{"line":770,"column":26}},"loc":{"start":{"line":770,"column":55},"end":{"line":774,"column":3}}}},"branchMap":{"0":{"loc":{"start":{"line":112,"column":4},"end":{"line":114,"column":null}},"type":"if","locations":[{"start":{"line":112,"column":4},"end":{"line":114,"column":null}}]},"1":{"loc":{"start":{"line":112,"column":8},"end":{"line":112,"column":23}},"type":"cond-expr","locations":[{"start":{"line":112,"column":13},"end":{"line":112,"column":15}},{"start":{"line":112,"column":8},"end":{"line":112,"column":23}}]},"2":{"loc":{"start":{"line":112,"column":8},"end":{"line":112,"column":15}},"type":"binary-expr","locations":[{"start":{"line":112,"column":8},"end":{"line":112,"column":15}},{"start":{"line":112,"column":8},"end":{"line":112,"column":15}}]},"3":{"loc":{"start":{"line":116,"column":23},"end":{"line":116,"column":79}},"type":"binary-expr","locations":[{"start":{"line":116,"column":23},"end":{"line":116,"column":41}},{"start":{"line":116,"column":45},"end":{"line":116,"column":79}}]},"4":{"loc":{"start":{"line":118,"column":6},"end":{"line":118,"column":65}},"type":"binary-expr","locations":[{"start":{"line":118,"column":6},"end":{"line":118,"column":24}},{"start":{"line":118,"column":28},"end":{"line":118,"column":65}}]},"5":{"loc":{"start":{"line":119,"column":21},"end":{"line":119,"column":49}},"type":"binary-expr","locations":[{"start":{"line":119,"column":21},"end":{"line":119,"column":37}},{"start":{"line":119,"column":41},"end":{"line":119,"column":49}}]},"6":{"loc":{"start":{"line":130,"column":4},"end":{"line":225,"column":null}},"type":"if","locations":[{"start":{"line":130,"column":4},"end":{"line":225,"column":null}},{"start":{"line":189,"column":11},"end":{"line":225,"column":null}}]},"7":{"loc":{"start":{"line":230,"column":4},"end":{"line":270,"column":null}},"type":"if","locations":[{"start":{"line":230,"column":4},"end":{"line":270,"column":null}}]},"8":{"loc":{"start":{"line":230,"column":8},"end":{"line":230,"column":26}},"type":"cond-expr","locations":[{"start":{"line":230,"column":13},"end":{"line":230,"column":15}},{"start":{"line":230,"column":8},"end":{"line":230,"column":26}}]},"9":{"loc":{"start":{"line":230,"column":8},"end":{"line":230,"column":15}},"type":"binary-expr","locations":[{"start":{"line":230,"column":8},"end":{"line":230,"column":15}},{"start":{"line":230,"column":8},"end":{"line":230,"column":15}}]},"10":{"loc":{"start":{"line":500,"column":17},"end":{"line":500,"column":59}},"type":"cond-expr","locations":[{"start":{"line":500,"column":29},"end":{"line":500,"column":38}},{"start":{"line":500,"column":41},"end":{"line":500,"column":59}}]},"11":{"loc":{"start":{"line":604,"column":30},"end":{"line":604,"column":72}},"type":"cond-expr","locations":[{"start":{"line":604,"column":42},"end":{"line":604,"column":51}},{"start":{"line":604,"column":54},"end":{"line":604,"column":72}}]},"12":{"loc":{"start":{"line":662,"column":30},"end":{"line":662,"column":72}},"type":"cond-expr","locations":[{"start":{"line":662,"column":42},"end":{"line":662,"column":51}},{"start":{"line":662,"column":54},"end":{"line":662,"column":72}}]}},"s":{"0":1,"1":1,"2":1,"3":1,"4":1,"5":1,"6":1,"7":1,"8":1,"9":1,"10":1,"11":1,"12":1,"13":1,"14":1,"15":1,"16":1,"17":1,"18":112,"19":1,"20":4,"21":4,"22":4,"23":4,"24":4,"25":4,"26":4,"27":4,"28":4,"29":4,"30":4,"31":4,"32":1,"33":4,"34":4,"35":4,"36":4,"37":4,"38":4,"39":4,"40":4,"41":4,"42":4,"43":4,"44":1,"45":1,"46":1,"47":1,"48":1,"49":1,"50":1,"51":1,"52":1,"53":1,"54":1,"55":1,"56":1,"57":1,"58":1,"59":1,"60":1,"61":3,"62":3,"63":3,"64":3,"65":3,"66":3,"67":3,"68":4,"69":4,"70":4,"71":1,"72":1,"73":1,"74":1,"75":1,"76":1,"77":1,"78":1,"79":1,"80":1,"81":1,"82":1,"83":4,"84":4,"85":4,"86":4,"87":4,"88":4,"89":4,"90":4,"91":4,"92":4,"93":4,"94":4,"95":4,"96":4,"97":4,"98":4,"99":4,"100":4,"101":4,"102":4,"103":4,"104":4,"105":4,"106":4,"107":4,"108":4,"109":4,"110":4,"111":4,"112":4,"113":4,"114":4,"115":4,"116":4,"117":4,"118":4,"119":4,"120":4,"121":4,"122":4,"123":4,"124":4,"125":4,"126":4,"127":4,"128":6,"129":11,"130":1},"f":{"0":112,"1":4,"2":6,"3":11},"b":{"0":[1],"1":[0,4],"2":[4,4],"3":[4,4],"4":[4,4],"5":[4,2],"6":[1,3],"7":[1],"8":[0,4],"9":[4,4],"10":[1,3],"11":[1,3],"12":[1,3]}}
,"/codebuild/output/src783251565/src/source/constructs/lib/api/api-stack.ts": {"path":"/codebuild/output/src783251565/src/source/constructs/lib/api/api-stack.ts","statementMap":{"0":{"start":{"line":16,"column":0},"end":{"line":16,"column":39}},"1":{"start":{"line":17,"column":0},"end":{"line":17,"column":null}},"2":{"start":{"line":32,"column":0},"end":{"line":32,"column":54}},"3":{"start":{"line":34,"column":0},"end":{"line":34,"column":29}},"4":{"start":{"line":35,"column":0},"end":{"line":35,"column":65}},"5":{"start":{"line":36,"column":0},"end":{"line":36,"column":52}},"6":{"start":{"line":37,"column":0},"end":{"line":37,"column":50}},"7":{"start":{"line":38,"column":0},"end":{"line":38,"column":58}},"8":{"start":{"line":39,"column":0},"end":{"line":39,"column":42}},"9":{"start":{"line":137,"column":4},"end":{"line":137,"column":21}},"10":{"start":{"line":139,"column":4},"end":{"line":230,"column":null}},"11":{"start":{"line":141,"column":6},"end":{"line":147,"column":8}},"12":{"start":{"line":150,"column":25},"end":{"line":152,"column":8}},"13":{"start":{"line":154,"column":27},"end":{"line":165,"column":8}},"14":{"start":{"line":166,"column":6},"end":{"line":166,"column":50}},"15":{"start":{"line":168,"column":29},"end":{"line":168,"column":76}},"16":{"start":{"line":169,"column":6},"end":{"line":175,"column":9}},"17":{"start":{"line":176,"column":6},"end":{"line":194,"column":9}},"18":{"start":{"line":196,"column":23},"end":{"line":199,"column":null}},"19":{"start":{"line":202,"column":6},"end":{"line":209,"column":8}},"20":{"start":{"line":212,"column":6},"end":{"line":229,"column":9}},"21":{"start":{"line":232,"column":37},"end":{"line":244,"column":null}},"22":{"start":{"line":248,"column":22},"end":{"line":252,"column":6}},"23":{"start":{"line":253,"column":4},"end":{"line":253,"column":56}},"24":{"start":{"line":255,"column":45},"end":{"line":260,"column":null}},"25":{"start":{"line":263,"column":4},"end":{"line":265,"column":6}},"26":{"start":{"line":267,"column":44},"end":{"line":272,"column":null}},"27":{"start":{"line":275,"column":4},"end":{"line":277,"column":6}},"28":{"start":{"line":278,"column":4},"end":{"line":278,"column":72}},"29":{"start":{"line":281,"column":4},"end":{"line":290,"column":7}},"30":{"start":{"line":292,"column":29},"end":{"line":293,"column":35}},"31":{"start":{"line":294,"column":4},"end":{"line":294,"column":56}},"32":{"start":{"line":295,"column":4},"end":{"line":305,"column":7}},"33":{"start":{"line":308,"column":4},"end":{"line":321,"column":6}},"34":{"start":{"line":323,"column":40},"end":{"line":324,"column":35}},"35":{"start":{"line":325,"column":4},"end":{"line":325,"column":78}},"36":{"start":{"line":326,"column":4},"end":{"line":336,"column":7}},"37":{"start":{"line":339,"column":30},"end":{"line":343,"column":6}},"38":{"start":{"line":344,"column":4},"end":{"line":344,"column":77}},"39":{"start":{"line":345,"column":4},"end":{"line":345,"column":79}},"40":{"start":{"line":348,"column":4},"end":{"line":357,"column":7}},"41":{"start":{"line":359,"column":32},"end":{"line":360,"column":35}},"42":{"start":{"line":361,"column":4},"end":{"line":361,"column":62}},"43":{"start":{"line":362,"column":4},"end":{"line":372,"column":7}},"44":{"start":{"line":375,"column":4},"end":{"line":384,"column":7}},"45":{"start":{"line":386,"column":28},"end":{"line":386,"column":79}},"46":{"start":{"line":387,"column":4},"end":{"line":387,"column":54}},"47":{"start":{"line":388,"column":4},"end":{"line":398,"column":7}},"48":{"start":{"line":401,"column":4},"end":{"line":410,"column":7}},"49":{"start":{"line":412,"column":29},"end":{"line":413,"column":35}},"50":{"start":{"line":414,"column":4},"end":{"line":414,"column":56}},"51":{"start":{"line":415,"column":4},"end":{"line":425,"column":7}},"52":{"start":{"line":428,"column":24},"end":{"line":431,"column":6}},"53":{"start":{"line":434,"column":25},"end":{"line":450,"column":6}},"54":{"start":{"line":453,"column":27},"end":{"line":478,"column":6}},"55":{"start":{"line":481,"column":4},"end":{"line":481,"column":57}},"56":{"start":{"line":482,"column":4},"end":{"line":482,"column":56}},"57":{"start":{"line":483,"column":4},"end":{"line":483,"column":53}},"58":{"start":{"line":484,"column":4},"end":{"line":484,"column":64}},"59":{"start":{"line":486,"column":33},"end":{"line":543,"column":6}},"60":{"start":{"line":544,"column":4},"end":{"line":544,"column":68}},"61":{"start":{"line":547,"column":4},"end":{"line":547,"column":66}},"62":{"start":{"line":548,"column":4},"end":{"line":557,"column":6}},"63":{"start":{"line":560,"column":28},"end":{"line":565,"column":null}},"64":{"start":{"line":569,"column":4},"end":{"line":576,"column":7}},"65":{"start":{"line":578,"column":4},"end":{"line":583,"column":7}},"66":{"start":{"line":585,"column":4},"end":{"line":597,"column":7}},"67":{"start":{"line":599,"column":4},"end":{"line":606,"column":7}},"68":{"start":{"line":608,"column":4},"end":{"line":615,"column":7}},"69":{"start":{"line":617,"column":4},"end":{"line":624,"column":7}},"70":{"start":{"line":626,"column":4},"end":{"line":636,"column":7}},"71":{"start":{"line":638,"column":4},"end":{"line":643,"column":7}},"72":{"start":{"line":645,"column":4},"end":{"line":655,"column":7}},"73":{"start":{"line":657,"column":4},"end":{"line":662,"column":7}},"74":{"start":{"line":665,"column":4},"end":{"line":670,"column":7}},"75":{"start":{"line":673,"column":21},"end":{"line":676,"column":6}},"76":{"start":{"line":679,"column":28},"end":{"line":697,"column":6}},"77":{"start":{"line":700,"column":4},"end":{"line":700,"column":59}},"78":{"start":{"line":701,"column":4},"end":{"line":701,"column":61}},"79":{"start":{"line":702,"column":4},"end":{"line":708,"column":6}},"80":{"start":{"line":709,"column":4},"end":{"line":715,"column":6}},"81":{"start":{"line":716,"column":4},"end":{"line":716,"column":69}},"82":{"start":{"line":719,"column":25},"end":{"line":724,"column":null}},"83":{"start":{"line":728,"column":25},"end":{"line":733,"column":null}},"84":{"start":{"line":737,"column":4},"end":{"line":752,"column":7}},"85":{"start":{"line":754,"column":4},"end":{"line":767,"column":7}},"86":{"start":{"line":769,"column":4},"end":{"line":779,"column":7}},"87":{"start":{"line":781,"column":4},"end":{"line":786,"column":7}},"88":{"start":{"line":789,"column":28},"end":{"line":807,"column":6}},"89":{"start":{"line":808,"column":4},"end":{"line":808,"column":61}},"90":{"start":{"line":811,"column":34},"end":{"line":963,"column":null}},"91":{"start":{"line":966,"column":4},"end":{"line":966,"column":68}},"92":{"start":{"line":967,"column":4},"end":{"line":967,"column":69}},"93":{"start":{"line":968,"column":4},"end":{"line":976,"column":6}},"94":{"start":{"line":979,"column":29},"end":{"line":984,"column":null}},"95":{"start":{"line":988,"column":4},"end":{"line":995,"column":7}},"96":{"start":{"line":997,"column":4},"end":{"line":1007,"column":7}},"97":{"start":{"line":1009,"column":4},"end":{"line":1019,"column":7}},"98":{"start":{"line":1021,"column":4},"end":{"line":1031,"column":7}},"99":{"start":{"line":1033,"column":4},"end":{"line":1043,"column":7}},"100":{"start":{"line":1046,"column":38},"end":{"line":1050,"column":6}},"101":{"start":{"line":1051,"column":4},"end":{"line":1063,"column":6}},"102":{"start":{"line":1064,"column":4},"end":{"line":1069,"column":7}},"103":{"start":{"line":1071,"column":41},"end":{"line":1072,"column":35}},"104":{"start":{"line":1073,"column":4},"end":{"line":1073,"column":80}},"105":{"start":{"line":1076,"column":31},"end":{"line":1087,"column":null}},"106":{"start":{"line":1089,"column":4},"end":{"line":1101,"column":6}},"107":{"start":{"line":1103,"column":4},"end":{"line":1103,"column":58}},"108":{"start":{"line":1106,"column":4},"end":{"line":1109,"column":47}},"109":{"start":{"line":1111,"column":4},"end":{"line":1111,"column":50}},"110":{"start":{"line":121,"column":0},"end":{"line":121,"column":13}}},"fnMap":{"0":{"name":"(anonymous_0)","decl":{"start":{"line":136,"column":2},"end":{"line":136,"column":14}},"loc":{"start":{"line":136,"column":59},"end":{"line":1112,"column":3}}}},"branchMap":{"0":{"loc":{"start":{"line":139,"column":4},"end":{"line":230,"column":null}},"type":"if","locations":[{"start":{"line":139,"column":4},"end":{"line":230,"column":null}},{"start":{"line":195,"column":11},"end":{"line":230,"column":null}}]},"1":{"loc":{"start":{"line":469,"column":26},"end":{"line":469,"column":57}},"type":"binary-expr","locations":[{"start":{"line":469,"column":26},"end":{"line":469,"column":45}},{"start":{"line":469,"column":49},"end":{"line":469,"column":57}}]},"2":{"loc":{"start":{"line":692,"column":26},"end":{"line":692,"column":57}},"type":"binary-expr","locations":[{"start":{"line":692,"column":26},"end":{"line":692,"column":45}},{"start":{"line":692,"column":49},"end":{"line":692,"column":57}}]},"3":{"loc":{"start":{"line":800,"column":26},"end":{"line":800,"column":57}},"type":"binary-expr","locations":[{"start":{"line":800,"column":26},"end":{"line":800,"column":45}},{"start":{"line":800,"column":49},"end":{"line":800,"column":57}}]}},"s":{"0":1,"1":1,"2":1,"3":1,"4":1,"5":1,"6":1,"7":1,"8":1,"9":4,"10":4,"11":1,"12":1,"13":1,"14":1,"15":1,"16":1,"17":1,"18":3,"19":3,"20":3,"21":4,"22":4,"23":4,"24":4,"25":4,"26":4,"27":4,"28":4,"29":4,"30":4,"31":4,"32":4,"33":4,"34":4,"35":4,"36":4,"37":4,"38":4,"39":4,"40":4,"41":4,"42":4,"43":4,"44":4,"45":4,"46":4,"47":4,"48":4,"49":4,"50":4,"51":4,"52":4,"53":4,"54":4,"55":4,"56":4,"57":4,"58":4,"59":4,"60":4,"61":4,"62":4,"63":4,"64":4,"65":4,"66":4,"67":4,"68":4,"69":4,"70":4,"71":4,"72":4,"73":4,"74":4,"75":4,"76":4,"77":4,"78":4,"79":4,"80":4,"81":4,"82":4,"83":4,"84":4,"85":4,"86":4,"87":4,"88":4,"89":4,"90":4,"91":4,"92":4,"93":4,"94":4,"95":4,"96":4,"97":4,"98":4,"99":4,"100":4,"101":4,"102":4,"103":4,"104":4,"105":4,"106":4,"107":4,"108":4,"109":4,"110":1},"f":{"0":4},"b":{"0":[1,3],"1":[4,3],"2":[4,3],"3":[4,3]}}
,"/codebuild/output/src783251565/src/source/constructs/lib/api/app-log-ingestion-flow.ts": {"path":"/codebuild/output/src783251565/src/source/constructs/lib/api/app-log-ingestion-flow.ts","statementMap":{"0":{"start":{"line":16,"column":0},"end":{"line":16,"column":null}},"1":{"start":{"line":19,"column":0},"end":{"line":19,"column":null}},"2":{"start":{"line":26,"column":0},"end":{"line":26,"column":null}},"3":{"start":{"line":76,"column":8},"end":{"line":76,"column":25}},"4":{"start":{"line":79,"column":22},"end":{"line":79,"column":71}},"5":{"start":{"line":82,"column":29},"end":{"line":82,"column":63}},"6":{"start":{"line":83,"column":28},"end":{"line":83,"column":61}},"7":{"start":{"line":84,"column":31},"end":{"line":84,"column":67}},"8":{"start":{"line":86,"column":28},"end":{"line":91,"column":35}},"9":{"start":{"line":94,"column":22},"end":{"line":94,"column":95}},"10":{"start":{"line":97,"column":24},"end":{"line":105,"column":10}},"11":{"start":{"line":108,"column":25},"end":{"line":110,"column":10}},"12":{"start":{"line":113,"column":42},"end":{"line":115,"column":10}},"13":{"start":{"line":117,"column":8},"end":{"line":135,"column":null}},"14":{"start":{"line":137,"column":23},"end":{"line":144,"column":10}},"15":{"start":{"line":146,"column":33},"end":{"line":146,"column":80}},"16":{"start":{"line":147,"column":8},"end":{"line":147,"column":null}},"17":{"start":{"line":149,"column":8},"end":{"line":149,"column":null}},"18":{"start":{"line":57,"column":8},"end":{"line":72,"column":null}},"19":{"start":{"line":52,"column":0},"end":{"line":52,"column":13}}},"fnMap":{"0":{"name":"(anonymous_0)","decl":{"start":{"line":75,"column":4},"end":{"line":75,"column":16}},"loc":{"start":{"line":75,"column":70},"end":{"line":152,"column":5}}},"1":{"name":"(anonymous_1)","decl":{"start":{"line":56,"column":12},"end":{"line":56,"column":24}},"loc":{"start":{"line":56,"column":54},"end":{"line":73,"column":5}}}},"branchMap":{},"s":{"0":1,"1":1,"2":1,"3":4,"4":4,"5":4,"6":4,"7":4,"8":4,"9":4,"10":4,"11":4,"12":4,"13":4,"14":4,"15":4,"16":4,"17":4,"18":12,"19":1},"f":{"0":4,"1":12},"b":{}}
,"/codebuild/output/src783251565/src/source/constructs/lib/api/app-log-ingestion-stack.ts": {"path":"/codebuild/output/src783251565/src/source/constructs/lib/api/app-log-ingestion-stack.ts","statementMap":{"0":{"start":{"line":16,"column":0},"end":{"line":16,"column":39}},"1":{"start":{"line":17,"column":0},"end":{"line":17,"column":null}},"2":{"start":{"line":29,"column":0},"end":{"line":29,"column":50}},"3":{"start":{"line":30,"column":0},"end":{"line":30,"column":54}},"4":{"start":{"line":31,"column":0},"end":{"line":31,"column":69}},"5":{"start":{"line":32,"column":0},"end":{"line":32,"column":29}},"6":{"start":{"line":34,"column":0},"end":{"line":34,"column":70}},"7":{"start":{"line":37,"column":0},"end":{"line":37,"column":55}},"8":{"start":{"line":96,"column":4},"end":{"line":96,"column":21}},"9":{"start":{"line":98,"column":38},"end":{"line":162,"column":null}},"10":{"start":{"line":166,"column":43},"end":{"line":197,"column":null}},"11":{"start":{"line":199,"column":4},"end":{"line":201,"column":6}},"12":{"start":{"line":204,"column":4},"end":{"line":206,"column":6}},"13":{"start":{"line":207,"column":4},"end":{"line":207,"column":79}},"14":{"start":{"line":208,"column":4},"end":{"line":208,"column":78}},"15":{"start":{"line":209,"column":4},"end":{"line":209,"column":74}},"16":{"start":{"line":210,"column":4},"end":{"line":210,"column":80}},"17":{"start":{"line":211,"column":4},"end":{"line":211,"column":74}},"18":{"start":{"line":212,"column":4},"end":{"line":212,"column":79}},"19":{"start":{"line":213,"column":4},"end":{"line":213,"column":78}},"20":{"start":{"line":214,"column":4},"end":{"line":214,"column":76}},"21":{"start":{"line":215,"column":4},"end":{"line":217,"column":6}},"22":{"start":{"line":218,"column":4},"end":{"line":218,"column":76}},"23":{"start":{"line":220,"column":4},"end":{"line":226,"column":6}},"24":{"start":{"line":227,"column":4},"end":{"line":238,"column":6}},"25":{"start":{"line":239,"column":4},"end":{"line":250,"column":6}},"26":{"start":{"line":252,"column":4},"end":{"line":254,"column":6}},"27":{"start":{"line":257,"column":52},"end":{"line":293,"column":null}},"28":{"start":{"line":295,"column":4},"end":{"line":297,"column":6}},"29":{"start":{"line":298,"column":4},"end":{"line":300,"column":6}},"30":{"start":{"line":301,"column":4},"end":{"line":303,"column":6}},"31":{"start":{"line":304,"column":4},"end":{"line":306,"column":6}},"32":{"start":{"line":307,"column":4},"end":{"line":309,"column":6}},"33":{"start":{"line":310,"column":4},"end":{"line":312,"column":6}},"34":{"start":{"line":313,"column":4},"end":{"line":315,"column":6}},"35":{"start":{"line":316,"column":4},"end":{"line":318,"column":6}},"36":{"start":{"line":319,"column":4},"end":{"line":321,"column":6}},"37":{"start":{"line":322,"column":4},"end":{"line":324,"column":6}},"38":{"start":{"line":325,"column":4},"end":{"line":327,"column":6}},"39":{"start":{"line":328,"column":4},"end":{"line":330,"column":6}},"40":{"start":{"line":331,"column":4},"end":{"line":333,"column":6}},"41":{"start":{"line":334,"column":4},"end":{"line":336,"column":6}},"42":{"start":{"line":338,"column":4},"end":{"line":340,"column":6}},"43":{"start":{"line":342,"column":35},"end":{"line":360,"column":6}},"44":{"start":{"line":361,"column":4},"end":{"line":361,"column":93}},"45":{"start":{"line":363,"column":4},"end":{"line":371,"column":6}},"46":{"start":{"line":373,"column":4},"end":{"line":375,"column":6}},"47":{"start":{"line":378,"column":42},"end":{"line":409,"column":null}},"48":{"start":{"line":411,"column":4},"end":{"line":411,"column":80}},"49":{"start":{"line":414,"column":4},"end":{"line":416,"column":6}},"50":{"start":{"line":417,"column":4},"end":{"line":417,"column":78}},"51":{"start":{"line":418,"column":4},"end":{"line":418,"column":77}},"52":{"start":{"line":419,"column":4},"end":{"line":419,"column":73}},"53":{"start":{"line":420,"column":4},"end":{"line":420,"column":79}},"54":{"start":{"line":421,"column":4},"end":{"line":421,"column":73}},"55":{"start":{"line":422,"column":4},"end":{"line":422,"column":78}},"56":{"start":{"line":423,"column":4},"end":{"line":423,"column":77}},"57":{"start":{"line":424,"column":4},"end":{"line":424,"column":75}},"58":{"start":{"line":425,"column":4},"end":{"line":427,"column":6}},"59":{"start":{"line":428,"column":4},"end":{"line":428,"column":75}},"60":{"start":{"line":430,"column":4},"end":{"line":436,"column":6}},"61":{"start":{"line":437,"column":4},"end":{"line":448,"column":6}},"62":{"start":{"line":449,"column":4},"end":{"line":460,"column":6}},"63":{"start":{"line":461,"column":4},"end":{"line":463,"column":6}},"64":{"start":{"line":466,"column":46},"end":{"line":496,"column":null}},"65":{"start":{"line":500,"column":4},"end":{"line":502,"column":6}},"66":{"start":{"line":503,"column":4},"end":{"line":505,"column":6}},"67":{"start":{"line":506,"column":4},"end":{"line":506,"column":77}},"68":{"start":{"line":507,"column":4},"end":{"line":507,"column":77}},"69":{"start":{"line":508,"column":4},"end":{"line":508,"column":79}},"70":{"start":{"line":509,"column":4},"end":{"line":509,"column":79}},"71":{"start":{"line":511,"column":4},"end":{"line":517,"column":6}},"72":{"start":{"line":518,"column":4},"end":{"line":529,"column":6}},"73":{"start":{"line":530,"column":4},"end":{"line":541,"column":6}},"74":{"start":{"line":542,"column":4},"end":{"line":544,"column":6}},"75":{"start":{"line":547,"column":29},"end":{"line":550,"column":6}},"76":{"start":{"line":553,"column":35},"end":{"line":594,"column":null}},"77":{"start":{"line":596,"column":4},"end":{"line":600,"column":6}},"78":{"start":{"line":603,"column":4},"end":{"line":603,"column":74}},"79":{"start":{"line":604,"column":4},"end":{"line":604,"column":71}},"80":{"start":{"line":605,"column":4},"end":{"line":605,"column":70}},"81":{"start":{"line":606,"column":4},"end":{"line":606,"column":66}},"82":{"start":{"line":607,"column":4},"end":{"line":607,"column":72}},"83":{"start":{"line":608,"column":4},"end":{"line":608,"column":66}},"84":{"start":{"line":609,"column":4},"end":{"line":609,"column":70}},"85":{"start":{"line":610,"column":4},"end":{"line":610,"column":78}},"86":{"start":{"line":611,"column":4},"end":{"line":611,"column":68}},"87":{"start":{"line":612,"column":4},"end":{"line":612,"column":68}},"88":{"start":{"line":614,"column":22},"end":{"line":623,"column":6}},"89":{"start":{"line":624,"column":4},"end":{"line":624,"column":54}},"90":{"start":{"line":625,"column":4},"end":{"line":631,"column":6}},"91":{"start":{"line":632,"column":4},"end":{"line":638,"column":6}},"92":{"start":{"line":639,"column":4},"end":{"line":650,"column":6}},"93":{"start":{"line":652,"column":4},"end":{"line":658,"column":6}},"94":{"start":{"line":660,"column":4},"end":{"line":669,"column":6}},"95":{"start":{"line":670,"column":4},"end":{"line":670,"column":77}},"96":{"start":{"line":673,"column":36},"end":{"line":678,"column":null}},"97":{"start":{"line":680,"column":4},"end":{"line":693,"column":7}},"98":{"start":{"line":696,"column":36},"end":{"line":701,"column":null}},"99":{"start":{"line":705,"column":4},"end":{"line":715,"column":7}},"100":{"start":{"line":717,"column":4},"end":{"line":727,"column":7}},"101":{"start":{"line":729,"column":4},"end":{"line":734,"column":7}},"102":{"start":{"line":737,"column":53},"end":{"line":770,"column":null}},"103":{"start":{"line":772,"column":4},"end":{"line":778,"column":6}},"104":{"start":{"line":779,"column":4},"end":{"line":790,"column":6}},"105":{"start":{"line":792,"column":4},"end":{"line":798,"column":6}},"106":{"start":{"line":801,"column":4},"end":{"line":803,"column":6}},"107":{"start":{"line":804,"column":4},"end":{"line":806,"column":6}},"108":{"start":{"line":808,"column":4},"end":{"line":810,"column":6}},"109":{"start":{"line":812,"column":4},"end":{"line":814,"column":6}},"110":{"start":{"line":815,"column":4},"end":{"line":817,"column":6}},"111":{"start":{"line":819,"column":4},"end":{"line":821,"column":6}},"112":{"start":{"line":823,"column":4},"end":{"line":825,"column":6}},"113":{"start":{"line":828,"column":37},"end":{"line":863,"column":null}},"114":{"start":{"line":866,"column":4},"end":{"line":866,"column":72}},"115":{"start":{"line":867,"column":4},"end":{"line":867,"column":68}},"116":{"start":{"line":868,"column":4},"end":{"line":868,"column":76}},"117":{"start":{"line":870,"column":4},"end":{"line":870,"column":80}},"118":{"start":{"line":871,"column":4},"end":{"line":871,"column":70}},"119":{"start":{"line":872,"column":4},"end":{"line":872,"column":70}},"120":{"start":{"line":874,"column":4},"end":{"line":880,"column":6}},"121":{"start":{"line":883,"column":4},"end":{"line":890,"column":6}},"122":{"start":{"line":892,"column":4},"end":{"line":892,"column":79}},"123":{"start":{"line":895,"column":38},"end":{"line":900,"column":null}},"124":{"start":{"line":903,"column":4},"end":{"line":913,"column":7}},"125":{"start":{"line":914,"column":4},"end":{"line":924,"column":7}},"126":{"start":{"line":927,"column":32},"end":{"line":957,"column":null}},"127":{"start":{"line":960,"column":4},"end":{"line":960,"column":67}},"128":{"start":{"line":961,"column":4},"end":{"line":961,"column":63}},"129":{"start":{"line":962,"column":4},"end":{"line":962,"column":71}},"130":{"start":{"line":963,"column":4},"end":{"line":963,"column":69}},"131":{"start":{"line":965,"column":4},"end":{"line":965,"column":65}},"132":{"start":{"line":966,"column":4},"end":{"line":966,"column":65}},"133":{"start":{"line":968,"column":4},"end":{"line":968,"column":74}},"134":{"start":{"line":971,"column":33},"end":{"line":976,"column":null}},"135":{"start":{"line":979,"column":4},"end":{"line":989,"column":7}},"136":{"start":{"line":94,"column":0},"end":{"line":94,"column":13}}},"fnMap":{"0":{"name":"(anonymous_0)","decl":{"start":{"line":95,"column":2},"end":{"line":95,"column":14}},"loc":{"start":{"line":95,"column":76},"end":{"line":990,"column":3}}}},"branchMap":{"0":{"loc":{"start":{"line":192,"column":28},"end":{"line":192,"column":59}},"type":"binary-expr","locations":[{"start":{"line":192,"column":28},"end":{"line":192,"column":47}},{"start":{"line":192,"column":51},"end":{"line":192,"column":59}}]},"1":{"loc":{"start":{"line":288,"column":28},"end":{"line":288,"column":59}},"type":"binary-expr","locations":[{"start":{"line":288,"column":28},"end":{"line":288,"column":47}},{"start":{"line":288,"column":51},"end":{"line":288,"column":59}}]},"2":{"loc":{"start":{"line":404,"column":28},"end":{"line":404,"column":59}},"type":"binary-expr","locations":[{"start":{"line":404,"column":28},"end":{"line":404,"column":47}},{"start":{"line":404,"column":51},"end":{"line":404,"column":59}}]},"3":{"loc":{"start":{"line":491,"column":28},"end":{"line":491,"column":59}},"type":"binary-expr","locations":[{"start":{"line":491,"column":28},"end":{"line":491,"column":47}},{"start":{"line":491,"column":51},"end":{"line":491,"column":59}}]},"4":{"loc":{"start":{"line":589,"column":28},"end":{"line":589,"column":59}},"type":"binary-expr","locations":[{"start":{"line":589,"column":28},"end":{"line":589,"column":47}},{"start":{"line":589,"column":51},"end":{"line":589,"column":59}}]},"5":{"loc":{"start":{"line":766,"column":28},"end":{"line":766,"column":59}},"type":"binary-expr","locations":[{"start":{"line":766,"column":28},"end":{"line":766,"column":47}},{"start":{"line":766,"column":51},"end":{"line":766,"column":59}}]},"6":{"loc":{"start":{"line":858,"column":28},"end":{"line":858,"column":59}},"type":"binary-expr","locations":[{"start":{"line":858,"column":28},"end":{"line":858,"column":47}},{"start":{"line":858,"column":51},"end":{"line":858,"column":59}}]},"7":{"loc":{"start":{"line":953,"column":28},"end":{"line":953,"column":59}},"type":"binary-expr","locations":[{"start":{"line":953,"column":28},"end":{"line":953,"column":47}},{"start":{"line":953,"column":51},"end":{"line":953,"column":59}}]}},"s":{"0":1,"1":1,"2":1,"3":1,"4":1,"5":1,"6":1,"7":1,"8":4,"9":4,"10":4,"11":4,"12":4,"13":4,"14":4,"15":4,"16":4,"17":4,"18":4,"19":4,"20":4,"21":4,"22":4,"23":4,"24":4,"25":4,"26":4,"27":4,"28":4,"29":4,"30":4,"31":4,"32":4,"33":4,"34":4,"35":4,"36":4,"37":4,"38":4,"39":4,"40":4,"41":4,"42":4,"43":4,"44":4,"45":4,"46":4,"47":4,"48":4,"49":4,"50":4,"51":4,"52":4,"53":4,"54":4,"55":4,"56":4,"57":4,"58":4,"59":4,"60":4,"61":4,"62":4,"63":4,"64":4,"65":4,"66":4,"67":4,"68":4,"69":4,"70":4,"71":4,"72":4,"73":4,"74":4,"75":4,"76":4,"77":4,"78":4,"79":4,"80":4,"81":4,"82":4,"83":4,"84":4,"85":4,"86":4,"87":4,"88":4,"89":4,"90":4,"91":4,"92":4,"93":4,"94":4,"95":4,"96":4,"97":4,"98":4,"99":4,"100":4,"101":4,"102":4,"103":4,"104":4,"105":4,"106":4,"107":4,"108":4,"109":4,"110":4,"111":4,"112":4,"113":4,"114":4,"115":4,"116":4,"117":4,"118":4,"119":4,"120":4,"121":4,"122":4,"123":4,"124":4,"125":4,"126":4,"127":4,"128":4,"129":4,"130":4,"131":4,"132":4,"133":4,"134":4,"135":4,"136":1},"f":{"0":4},"b":{"0":[4,3],"1":[4,3],"2":[4,3],"3":[4,3],"4":[4,3],"5":[4,3],"6":[4,3],"7":[4,3]}}
,"/codebuild/output/src783251565/src/source/constructs/lib/api/app-pipeline-flow.ts": {"path":"/codebuild/output/src783251565/src/source/constructs/lib/api/app-pipeline-flow.ts","statementMap":{"0":{"start":{"line":16,"column":0},"end":{"line":16,"column":39}},"1":{"start":{"line":17,"column":0},"end":{"line":17,"column":null}},"2":{"start":{"line":28,"column":0},"end":{"line":28,"column":49}},"3":{"start":{"line":30,"column":0},"end":{"line":30,"column":29}},"4":{"start":{"line":63,"column":4},"end":{"line":63,"column":21}},"5":{"start":{"line":65,"column":24},"end":{"line":65,"column":32}},"6":{"start":{"line":68,"column":18},"end":{"line":68,"column":67}},"7":{"start":{"line":71,"column":26},"end":{"line":86,"column":6}},"8":{"start":{"line":88,"column":4},"end":{"line":88,"column":44}},"9":{"start":{"line":89,"column":18},"end":{"line":92,"column":null}},"10":{"start":{"line":96,"column":20},"end":{"line":107,"column":null}},"11":{"start":{"line":111,"column":21},"end":{"line":116,"column":6}},"12":{"start":{"line":119,"column":31},"end":{"line":124,"column":null}},"13":{"start":{"line":127,"column":4},"end":{"line":145,"column":6}},"14":{"start":{"line":147,"column":30},"end":{"line":151,"column":6}},"15":{"start":{"line":153,"column":19},"end":{"line":160,"column":6}},"16":{"start":{"line":162,"column":29},"end":{"line":162,"column":76}},"17":{"start":{"line":163,"column":4},"end":{"line":163,"column":null}},"18":{"start":{"line":165,"column":4},"end":{"line":165,"column":50}},"19":{"start":{"line":59,"column":0},"end":{"line":59,"column":13}}},"fnMap":{"0":{"name":"(anonymous_0)","decl":{"start":{"line":62,"column":2},"end":{"line":62,"column":14}},"loc":{"start":{"line":62,"column":68},"end":{"line":166,"column":3}}}},"branchMap":{"0":{"loc":{"start":{"line":83,"column":26},"end":{"line":83,"column":78}},"type":"cond-expr","locations":[{"start":{"line":83,"column":48},"end":{"line":83,"column":67}},{"start":{"line":83,"column":70},"end":{"line":83,"column":78}}]}},"s":{"0":1,"1":1,"2":1,"3":1,"4":4,"5":4,"6":4,"7":4,"8":4,"9":4,"10":4,"11":4,"12":4,"13":4,"14":4,"15":4,"16":4,"17":4,"18":4,"19":1},"f":{"0":4},"b":{"0":[1,3]}}
,"/codebuild/output/src783251565/src/source/constructs/lib/api/app-pipeline-stack.ts": {"path":"/codebuild/output/src783251565/src/source/constructs/lib/api/app-pipeline-stack.ts","statementMap":{"0":{"start":{"line":16,"column":0},"end":{"line":16,"column":39}},"1":{"start":{"line":17,"column":0},"end":{"line":17,"column":null}},"2":{"start":{"line":26,"column":0},"end":{"line":26,"column":54}},"3":{"start":{"line":27,"column":0},"end":{"line":27,"column":29}},"4":{"start":{"line":29,"column":0},"end":{"line":29,"column":55}},"5":{"start":{"line":30,"column":0},"end":{"line":30,"column":59}},"6":{"start":{"line":56,"column":4},"end":{"line":56,"column":21}},"7":{"start":{"line":59,"column":4},"end":{"line":68,"column":7}},"8":{"start":{"line":70,"column":36},"end":{"line":71,"column":35}},"9":{"start":{"line":72,"column":4},"end":{"line":72,"column":70}},"10":{"start":{"line":73,"column":4},"end":{"line":83,"column":7}},"11":{"start":{"line":86,"column":21},"end":{"line":90,"column":6}},"12":{"start":{"line":93,"column":31},"end":{"line":111,"column":6}},"13":{"start":{"line":112,"column":4},"end":{"line":112,"column":73}},"14":{"start":{"line":115,"column":4},"end":{"line":115,"column":66}},"15":{"start":{"line":116,"column":4},"end":{"line":116,"column":69}},"16":{"start":{"line":117,"column":4},"end":{"line":123,"column":6}},"17":{"start":{"line":125,"column":4},"end":{"line":131,"column":6}},"18":{"start":{"line":133,"column":4},"end":{"line":139,"column":6}},"19":{"start":{"line":142,"column":28},"end":{"line":147,"column":null}},"20":{"start":{"line":151,"column":4},"end":{"line":166,"column":7}},"21":{"start":{"line":168,"column":4},"end":{"line":178,"column":7}},"22":{"start":{"line":180,"column":4},"end":{"line":185,"column":7}},"23":{"start":{"line":187,"column":4},"end":{"line":197,"column":7}},"24":{"start":{"line":52,"column":0},"end":{"line":52,"column":13}}},"fnMap":{"0":{"name":"(anonymous_0)","decl":{"start":{"line":55,"column":2},"end":{"line":55,"column":14}},"loc":{"start":{"line":55,"column":72},"end":{"line":199,"column":3}}}},"branchMap":{"0":{"loc":{"start":{"line":106,"column":26},"end":{"line":106,"column":57}},"type":"binary-expr","locations":[{"start":{"line":106,"column":26},"end":{"line":106,"column":45}},{"start":{"line":106,"column":49},"end":{"line":106,"column":57}}]}},"s":{"0":1,"1":1,"2":1,"3":1,"4":1,"5":1,"6":4,"7":4,"8":4,"9":4,"10":4,"11":4,"12":4,"13":4,"14":4,"15":4,"16":4,"17":4,"18":4,"19":4,"20":4,"21":4,"22":4,"23":4,"24":1},"f":{"0":4},"b":{"0":[4,3]}}
,"/codebuild/output/src783251565/src/source/constructs/lib/api/cluster-flow.ts": {"path":"/codebuild/output/src783251565/src/source/constructs/lib/api/cluster-flow.ts","statementMap":{"0":{"start":{"line":16,"column":0},"end":{"line":16,"column":null}},"1":{"start":{"line":19,"column":0},"end":{"line":19,"column":null}},"2":{"start":{"line":26,"column":0},"end":{"line":26,"column":null}},"3":{"start":{"line":111,"column":8},"end":{"line":111,"column":25}},"4":{"start":{"line":113,"column":22},"end":{"line":113,"column":71}},"5":{"start":{"line":115,"column":34},"end":{"line":115,"column":132}},"6":{"start":{"line":116,"column":35},"end":{"line":116,"column":80}},"7":{"start":{"line":117,"column":33},"end":{"line":117,"column":75}},"8":{"start":{"line":119,"column":34},"end":{"line":119,"column":132}},"9":{"start":{"line":120,"column":35},"end":{"line":120,"column":80}},"10":{"start":{"line":121,"column":33},"end":{"line":121,"column":75}},"11":{"start":{"line":123,"column":33},"end":{"line":128,"column":40}},"12":{"start":{"line":130,"column":33},"end":{"line":135,"column":40}},"13":{"start":{"line":140,"column":22},"end":{"line":140,"column":95}},"14":{"start":{"line":143,"column":29},"end":{"line":143,"column":63}},"15":{"start":{"line":144,"column":29},"end":{"line":144,"column":63}},"16":{"start":{"line":146,"column":8},"end":{"line":146,"column":null}},"17":{"start":{"line":147,"column":8},"end":{"line":147,"column":null}},"18":{"start":{"line":149,"column":26},"end":{"line":152,"column":36}},"19":{"start":{"line":155,"column":25},"end":{"line":157,"column":10}},"20":{"start":{"line":160,"column":34},"end":{"line":162,"column":10}},"21":{"start":{"line":164,"column":8},"end":{"line":182,"column":null}},"22":{"start":{"line":184,"column":26},"end":{"line":191,"column":10}},"23":{"start":{"line":193,"column":29},"end":{"line":193,"column":79}},"24":{"start":{"line":194,"column":8},"end":{"line":194,"column":null}},"25":{"start":{"line":196,"column":8},"end":{"line":196,"column":null}},"26":{"start":{"line":56,"column":8},"end":{"line":74,"column":null}},"27":{"start":{"line":78,"column":8},"end":{"line":94,"column":null}},"28":{"start":{"line":98,"column":8},"end":{"line":106,"column":11}},"29":{"start":{"line":51,"column":0},"end":{"line":51,"column":13}}},"fnMap":{"0":{"name":"(anonymous_0)","decl":{"start":{"line":110,"column":4},"end":{"line":110,"column":16}},"loc":{"start":{"line":110,"column":69},"end":{"line":199,"column":5}}},"1":{"name":"(anonymous_1)","decl":{"start":{"line":55,"column":12},"end":{"line":55,"column":29}},"loc":{"start":{"line":55,"column":72},"end":{"line":75,"column":5}}},"2":{"name":"(anonymous_2)","decl":{"start":{"line":77,"column":12},"end":{"line":77,"column":29}},"loc":{"start":{"line":77,"column":72},"end":{"line":95,"column":5}}},"3":{"name":"(anonymous_3)","decl":{"start":{"line":97,"column":12},"end":{"line":97,"column":25}},"loc":{"start":{"line":97,"column":64},"end":{"line":107,"column":5}}}},"branchMap":{},"s":{"0":1,"1":1,"2":1,"3":4,"4":4,"5":4,"6":4,"7":4,"8":4,"9":4,"10":4,"11":4,"12":4,"13":4,"14":4,"15":4,"16":4,"17":4,"18":4,"19":4,"20":4,"21":4,"22":4,"23":4,"24":4,"25":4,"26":12,"27":12,"28":8,"29":1},"f":{"0":4,"1":12,"2":12,"3":8},"b":{}}
,"/codebuild/output/src783251565/src/source/constructs/lib/api/cross-account-stack.ts": {"path":"/codebuild/output/src783251565/src/source/constructs/lib/api/cross-account-stack.ts","statementMap":{"0":{"start":{"line":16,"column":0},"end":{"line":16,"column":39}},"1":{"start":{"line":17,"column":0},"end":{"line":17,"column":null}},"2":{"start":{"line":25,"column":0},"end":{"line":25,"column":54}},"3":{"start":{"line":26,"column":0},"end":{"line":26,"column":29}},"4":{"start":{"line":46,"column":4},"end":{"line":46,"column":21}},"5":{"start":{"line":48,"column":4},"end":{"line":65,"column":6}},"6":{"start":{"line":68,"column":4},"end":{"line":89,"column":6}},"7":{"start":{"line":92,"column":4},"end":{"line":92,"column":80}},"8":{"start":{"line":95,"column":4},"end":{"line":106,"column":6}},"9":{"start":{"line":109,"column":33},"end":{"line":114,"column":null}},"10":{"start":{"line":116,"column":4},"end":{"line":129,"column":7}},"11":{"start":{"line":132,"column":33},"end":{"line":137,"column":null}},"12":{"start":{"line":140,"column":4},"end":{"line":155,"column":7}},"13":{"start":{"line":157,"column":4},"end":{"line":168,"column":7}},"14":{"start":{"line":170,"column":4},"end":{"line":180,"column":7}},"15":{"start":{"line":182,"column":4},"end":{"line":192,"column":7}},"16":{"start":{"line":194,"column":4},"end":{"line":204,"column":7}},"17":{"start":{"line":40,"column":0},"end":{"line":40,"column":13}}},"fnMap":{"0":{"name":"(anonymous_0)","decl":{"start":{"line":45,"column":2},"end":{"line":45,"column":14}},"loc":{"start":{"line":45,"column":73},"end":{"line":205,"column":3}}}},"branchMap":{"0":{"loc":{"start":{"line":84,"column":28},"end":{"line":84,"column":59}},"type":"binary-expr","locations":[{"start":{"line":84,"column":28},"end":{"line":84,"column":47}},{"start":{"line":84,"column":51},"end":{"line":84,"column":59}}]}},"s":{"0":1,"1":1,"2":1,"3":1,"4":4,"5":4,"6":4,"7":4,"8":4,"9":4,"10":4,"11":4,"12":4,"13":4,"14":4,"15":4,"16":4,"17":1},"f":{"0":4},"b":{"0":[4,3]}}
,"/codebuild/output/src783251565/src/source/constructs/lib/api/eks-cluster-stack.ts": {"path":"/codebuild/output/src783251565/src/source/constructs/lib/api/eks-cluster-stack.ts","statementMap":{"0":{"start":{"line":16,"column":0},"end":{"line":16,"column":39}},"1":{"start":{"line":17,"column":0},"end":{"line":17,"column":null}},"2":{"start":{"line":26,"column":0},"end":{"line":26,"column":54}},"3":{"start":{"line":27,"column":0},"end":{"line":27,"column":29}},"4":{"start":{"line":28,"column":0},"end":{"line":28,"column":55}},"5":{"start":{"line":52,"column":4},"end":{"line":52,"column":21}},"6":{"start":{"line":58,"column":4},"end":{"line":71,"column":6}},"7":{"start":{"line":73,"column":46},"end":{"line":74,"column":63}},"8":{"start":{"line":75,"column":4},"end":{"line":77,"column":6}},"9":{"start":{"line":78,"column":4},"end":{"line":88,"column":7}},"10":{"start":{"line":91,"column":21},"end":{"line":109,"column":6}},"11":{"start":{"line":112,"column":39},"end":{"line":137,"column":null}},"12":{"start":{"line":141,"column":4},"end":{"line":153,"column":6}},"13":{"start":{"line":155,"column":4},"end":{"line":178,"column":6}},"14":{"start":{"line":181,"column":4},"end":{"line":183,"column":6}},"15":{"start":{"line":184,"column":4},"end":{"line":184,"column":67}},"16":{"start":{"line":185,"column":4},"end":{"line":185,"column":73}},"17":{"start":{"line":186,"column":4},"end":{"line":186,"column":72}},"18":{"start":{"line":187,"column":4},"end":{"line":189,"column":6}},"19":{"start":{"line":192,"column":40},"end":{"line":197,"column":null}},"20":{"start":{"line":200,"column":4},"end":{"line":215,"column":7}},"21":{"start":{"line":218,"column":4},"end":{"line":228,"column":7}},"22":{"start":{"line":230,"column":4},"end":{"line":245,"column":7}},"23":{"start":{"line":247,"column":4},"end":{"line":257,"column":7}},"24":{"start":{"line":259,"column":4},"end":{"line":269,"column":7}},"25":{"start":{"line":48,"column":0},"end":{"line":48,"column":13}}},"fnMap":{"0":{"name":"(anonymous_0)","decl":{"start":{"line":51,"column":2},"end":{"line":51,"column":14}},"loc":{"start":{"line":51,"column":64},"end":{"line":270,"column":3}}}},"branchMap":{"0":{"loc":{"start":{"line":132,"column":28},"end":{"line":132,"column":59}},"type":"binary-expr","locations":[{"start":{"line":132,"column":28},"end":{"line":132,"column":47}},{"start":{"line":132,"column":51},"end":{"line":132,"column":59}}]}},"s":{"0":1,"1":1,"2":1,"3":1,"4":1,"5":4,"6":4,"7":4,"8":4,"9":4,"10":4,"11":4,"12":4,"13":4,"14":4,"15":4,"16":4,"17":4,"18":4,"19":4,"20":4,"21":4,"22":4,"23":4,"24":4,"25":1},"f":{"0":4},"b":{"0":[4,3]}}
,"/codebuild/output/src783251565/src/source/constructs/lib/api/instance-group-stack.ts": {"path":"/codebuild/output/src783251565/src/source/constructs/lib/api/instance-group-stack.ts","statementMap":{"0":{"start":{"line":17,"column":0},"end":{"line":17,"column":39}},"1":{"start":{"line":18,"column":0},"end":{"line":18,"column":null}},"2":{"start":{"line":26,"column":0},"end":{"line":26,"column":54}},"3":{"start":{"line":27,"column":0},"end":{"line":27,"column":29}},"4":{"start":{"line":29,"column":0},"end":{"line":29,"column":55}},"5":{"start":{"line":51,"column":4},"end":{"line":51,"column":21}},"6":{"start":{"line":54,"column":4},"end":{"line":63,"column":7}},"7":{"start":{"line":65,"column":34},"end":{"line":66,"column":35}},"8":{"start":{"line":67,"column":4},"end":{"line":67,"column":66}},"9":{"start":{"line":68,"column":4},"end":{"line":78,"column":7}},"10":{"start":{"line":81,"column":33},"end":{"line":102,"column":null}},"11":{"start":{"line":105,"column":4},"end":{"line":111,"column":6}},"12":{"start":{"line":114,"column":4},"end":{"line":114,"column":69}},"13":{"start":{"line":115,"column":4},"end":{"line":115,"column":null}},"14":{"start":{"line":116,"column":4},"end":{"line":116,"column":null}},"15":{"start":{"line":117,"column":4},"end":{"line":117,"column":66}},"16":{"start":{"line":120,"column":30},"end":{"line":128,"column":6}},"17":{"start":{"line":129,"column":4},"end":{"line":129,"column":60}},"18":{"start":{"line":130,"column":4},"end":{"line":130,"column":75}},"19":{"start":{"line":133,"column":34},"end":{"line":138,"column":null}},"20":{"start":{"line":141,"column":4},"end":{"line":154,"column":7}},"21":{"start":{"line":157,"column":34},"end":{"line":162,"column":null}},"22":{"start":{"line":166,"column":4},"end":{"line":181,"column":7}},"23":{"start":{"line":183,"column":4},"end":{"line":198,"column":7}},"24":{"start":{"line":200,"column":4},"end":{"line":210,"column":7}},"25":{"start":{"line":212,"column":4},"end":{"line":222,"column":7}},"26":{"start":{"line":224,"column":4},"end":{"line":229,"column":7}},"27":{"start":{"line":231,"column":4},"end":{"line":241,"column":7}},"28":{"start":{"line":243,"column":4},"end":{"line":253,"column":7}},"29":{"start":{"line":47,"column":0},"end":{"line":47,"column":13}}},"fnMap":{"0":{"name":"(anonymous_0)","decl":{"start":{"line":50,"column":2},"end":{"line":50,"column":14}},"loc":{"start":{"line":50,"column":74},"end":{"line":254,"column":3}}}},"branchMap":{"0":{"loc":{"start":{"line":98,"column":28},"end":{"line":98,"column":59}},"type":"binary-expr","locations":[{"start":{"line":98,"column":28},"end":{"line":98,"column":47}},{"start":{"line":98,"column":51},"end":{"line":98,"column":59}}]}},"s":{"0":1,"1":1,"2":1,"3":1,"4":1,"5":4,"6":4,"7":4,"8":4,"9":4,"10":4,"11":4,"12":4,"13":4,"14":4,"15":4,"16":4,"17":4,"18":4,"19":4,"20":4,"21":4,"22":4,"23":4,"24":4,"25":4,"26":4,"27":4,"28":4,"29":1},"f":{"0":4},"b":{"0":[4,3]}}
,"/codebuild/output/src783251565/src/source/constructs/lib/api/instance-meta-stack.ts": {"path":"/codebuild/output/src783251565/src/source/constructs/lib/api/instance-meta-stack.ts","statementMap":{"0":{"start":{"line":16,"column":0},"end":{"line":16,"column":null}},"1":{"start":{"line":19,"column":0},"end":{"line":19,"column":null}},"2":{"start":{"line":30,"column":0},"end":{"line":30,"column":54}},"3":{"start":{"line":31,"column":0},"end":{"line":31,"column":29}},"4":{"start":{"line":32,"column":0},"end":{"line":32,"column":50}},"5":{"start":{"line":33,"column":0},"end":{"line":33,"column":55}},"6":{"start":{"line":55,"column":8},"end":{"line":55,"column":25}},"7":{"start":{"line":58,"column":8},"end":{"line":67,"column":null}},"8":{"start":{"line":69,"column":8},"end":{"line":73,"column":null}},"9":{"start":{"line":75,"column":8},"end":{"line":84,"column":null}},"10":{"start":{"line":86,"column":37},"end":{"line":86,"column":93}},"11":{"start":{"line":87,"column":8},"end":{"line":87,"column":null}},"12":{"start":{"line":88,"column":8},"end":{"line":97,"column":null}},"13":{"start":{"line":99,"column":39},"end":{"line":99,"column":97}},"14":{"start":{"line":100,"column":8},"end":{"line":100,"column":null}},"15":{"start":{"line":101,"column":8},"end":{"line":110,"column":null}},"16":{"start":{"line":113,"column":21},"end":{"line":115,"column":10}},"17":{"start":{"line":116,"column":26},"end":{"line":116,"column":167}},"18":{"start":{"line":118,"column":8},"end":{"line":188,"column":null}},"19":{"start":{"line":191,"column":36},"end":{"line":207,"column":10}},"20":{"start":{"line":208,"column":8},"end":{"line":208,"column":null}},"21":{"start":{"line":211,"column":8},"end":{"line":211,"column":null}},"22":{"start":{"line":212,"column":8},"end":{"line":212,"column":null}},"23":{"start":{"line":213,"column":8},"end":{"line":213,"column":null}},"24":{"start":{"line":216,"column":26},"end":{"line":227,"column":10}},"25":{"start":{"line":228,"column":8},"end":{"line":228,"column":null}},"26":{"start":{"line":229,"column":8},"end":{"line":229,"column":null}},"27":{"start":{"line":232,"column":43},"end":{"line":246,"column":10}},"28":{"start":{"line":247,"column":8},"end":{"line":247,"column":null}},"29":{"start":{"line":248,"column":8},"end":{"line":248,"column":null}},"30":{"start":{"line":249,"column":8},"end":{"line":249,"column":null}},"31":{"start":{"line":252,"column":37},"end":{"line":262,"column":10}},"32":{"start":{"line":263,"column":8},"end":{"line":263,"column":null}},"33":{"start":{"line":264,"column":8},"end":{"line":264,"column":null}},"34":{"start":{"line":268,"column":24},"end":{"line":271,"column":10}},"35":{"start":{"line":272,"column":8},"end":{"line":272,"column":null}},"36":{"start":{"line":273,"column":8},"end":{"line":273,"column":null}},"37":{"start":{"line":276,"column":37},"end":{"line":278,"column":10}},"38":{"start":{"line":281,"column":8},"end":{"line":291,"column":null}},"39":{"start":{"line":293,"column":8},"end":{"line":298,"column":null}},"40":{"start":{"line":300,"column":8},"end":{"line":305,"column":null}},"41":{"start":{"line":48,"column":0},"end":{"line":48,"column":13}}},"fnMap":{"0":{"name":"(anonymous_0)","decl":{"start":{"line":54,"column":4},"end":{"line":54,"column":16}},"loc":{"start":{"line":54,"column":71},"end":{"line":309,"column":5}}}},"branchMap":{"0":{"loc":{"start":{"line":203,"column":34},"end":{"line":203,"column":65}},"type":"binary-expr","locations":[{"start":{"line":203,"column":34},"end":{"line":203,"column":53}},{"start":{"line":203,"column":57},"end":{"line":203,"column":65}}]},"1":{"loc":{"start":{"line":242,"column":34},"end":{"line":242,"column":65}},"type":"binary-expr","locations":[{"start":{"line":242,"column":34},"end":{"line":242,"column":53}},{"start":{"line":242,"column":57},"end":{"line":242,"column":65}}]}},"s":{"0":1,"1":1,"2":1,"3":1,"4":1,"5":1,"6":4,"7":4,"8":4,"9":4,"10":4,"11":4,"12":4,"13":4,"14":4,"15":4,"16":4,"17":4,"18":4,"19":4,"20":4,"21":4,"22":4,"23":4,"24":4,"25":4,"26":4,"27":4,"28":4,"29":4,"30":4,"31":4,"32":4,"33":4,"34":4,"35":4,"36":4,"37":4,"38":4,"39":4,"40":4,"41":1},"f":{"0":4},"b":{"0":[4,3],"1":[4,3]}}
,"/codebuild/output/src783251565/src/source/constructs/lib/api/log-conf-stack.ts": {"path":"/codebuild/output/src783251565/src/source/constructs/lib/api/log-conf-stack.ts","statementMap":{"0":{"start":{"line":17,"column":0},"end":{"line":17,"column":null}},"1":{"start":{"line":20,"column":0},"end":{"line":20,"column":null}},"2":{"start":{"line":28,"column":0},"end":{"line":28,"column":54}},"3":{"start":{"line":29,"column":0},"end":{"line":29,"column":29}},"4":{"start":{"line":30,"column":0},"end":{"line":30,"column":55}},"5":{"start":{"line":48,"column":8},"end":{"line":48,"column":25}},"6":{"start":{"line":51,"column":8},"end":{"line":60,"column":null}},"7":{"start":{"line":62,"column":32},"end":{"line":62,"column":83}},"8":{"start":{"line":63,"column":8},"end":{"line":63,"column":null}},"9":{"start":{"line":64,"column":8},"end":{"line":73,"column":null}},"10":{"start":{"line":78,"column":31},"end":{"line":90,"column":10}},"11":{"start":{"line":93,"column":8},"end":{"line":93,"column":null}},"12":{"start":{"line":97,"column":32},"end":{"line":99,"column":10}},"13":{"start":{"line":101,"column":8},"end":{"line":106,"column":null}},"14":{"start":{"line":109,"column":32},"end":{"line":111,"column":10}},"15":{"start":{"line":114,"column":8},"end":{"line":119,"column":null}},"16":{"start":{"line":121,"column":8},"end":{"line":126,"column":null}},"17":{"start":{"line":128,"column":8},"end":{"line":133,"column":null}},"18":{"start":{"line":135,"column":8},"end":{"line":140,"column":null}},"19":{"start":{"line":142,"column":8},"end":{"line":147,"column":null}},"20":{"start":{"line":44,"column":0},"end":{"line":44,"column":13}}},"fnMap":{"0":{"name":"(anonymous_0)","decl":{"start":{"line":47,"column":4},"end":{"line":47,"column":16}},"loc":{"start":{"line":47,"column":70},"end":{"line":149,"column":5}}}},"branchMap":{"0":{"loc":{"start":{"line":86,"column":34},"end":{"line":86,"column":65}},"type":"binary-expr","locations":[{"start":{"line":86,"column":34},"end":{"line":86,"column":53}},{"start":{"line":86,"column":57},"end":{"line":86,"column":65}}]}},"s":{"0":1,"1":1,"2":1,"3":1,"4":1,"5":4,"6":4,"7":4,"8":4,"9":4,"10":4,"11":4,"12":4,"13":4,"14":4,"15":4,"16":4,"17":4,"18":4,"19":4,"20":1},"f":{"0":4},"b":{"0":[4,3]}}
,"/codebuild/output/src783251565/src/source/constructs/lib/api/log-source-stack.ts": {"path":"/codebuild/output/src783251565/src/source/constructs/lib/api/log-source-stack.ts","statementMap":{"0":{"start":{"line":16,"column":0},"end":{"line":16,"column":null}},"1":{"start":{"line":19,"column":0},"end":{"line":19,"column":null}},"2":{"start":{"line":28,"column":0},"end":{"line":28,"column":54}},"3":{"start":{"line":29,"column":0},"end":{"line":29,"column":29}},"4":{"start":{"line":30,"column":0},"end":{"line":30,"column":55}},"5":{"start":{"line":65,"column":8},"end":{"line":65,"column":25}},"6":{"start":{"line":67,"column":28},"end":{"line":67,"column":36}},"7":{"start":{"line":70,"column":8},"end":{"line":79,"column":null}},"8":{"start":{"line":80,"column":34},"end":{"line":80,"column":87}},"9":{"start":{"line":81,"column":8},"end":{"line":81,"column":null}},"10":{"start":{"line":82,"column":8},"end":{"line":91,"column":null}},"11":{"start":{"line":94,"column":8},"end":{"line":103,"column":null}},"12":{"start":{"line":105,"column":37},"end":{"line":105,"column":93}},"13":{"start":{"line":106,"column":8},"end":{"line":106,"column":null}},"14":{"start":{"line":107,"column":8},"end":{"line":116,"column":null}},"15":{"start":{"line":119,"column":8},"end":{"line":128,"column":null}},"16":{"start":{"line":130,"column":36},"end":{"line":130,"column":91}},"17":{"start":{"line":131,"column":8},"end":{"line":131,"column":null}},"18":{"start":{"line":132,"column":8},"end":{"line":141,"column":null}},"19":{"start":{"line":144,"column":33},"end":{"line":162,"column":10}},"20":{"start":{"line":165,"column":8},"end":{"line":165,"column":null}},"21":{"start":{"line":166,"column":8},"end":{"line":166,"column":null}},"22":{"start":{"line":167,"column":8},"end":{"line":167,"column":null}},"23":{"start":{"line":168,"column":8},"end":{"line":168,"column":null}},"24":{"start":{"line":169,"column":8},"end":{"line":169,"column":null}},"25":{"start":{"line":170,"column":8},"end":{"line":176,"column":10}},"26":{"start":{"line":179,"column":34},"end":{"line":181,"column":10}},"27":{"start":{"line":184,"column":8},"end":{"line":189,"column":null}},"28":{"start":{"line":192,"column":8},"end":{"line":197,"column":null}},"29":{"start":{"line":200,"column":8},"end":{"line":205,"column":null}},"30":{"start":{"line":59,"column":0},"end":{"line":59,"column":13}}},"fnMap":{"0":{"name":"(anonymous_0)","decl":{"start":{"line":64,"column":4},"end":{"line":64,"column":16}},"loc":{"start":{"line":64,"column":72},"end":{"line":207,"column":5}}}},"branchMap":{"0":{"loc":{"start":{"line":159,"column":34},"end":{"line":159,"column":86}},"type":"cond-expr","locations":[{"start":{"line":159,"column":56},"end":{"line":159,"column":75}},{"start":{"line":159,"column":78},"end":{"line":159,"column":86}}]}},"s":{"0":1,"1":1,"2":1,"3":1,"4":1,"5":4,"6":4,"7":4,"8":4,"9":4,"10":4,"11":4,"12":4,"13":4,"14":4,"15":4,"16":4,"17":4,"18":4,"19":4,"20":4,"21":4,"22":4,"23":4,"24":4,"25":4,"26":4,"27":4,"28":4,"29":4,"30":1},"f":{"0":4},"b":{"0":[1,3]}}
,"/codebuild/output/src783251565/src/source/constructs/lib/api/pipeline-flow.ts": {"path":"/codebuild/output/src783251565/src/source/constructs/lib/api/pipeline-flow.ts","statementMap":{"0":{"start":{"line":16,"column":0},"end":{"line":16,"column":null}},"1":{"start":{"line":19,"column":0},"end":{"line":19,"column":null}},"2":{"start":{"line":28,"column":0},"end":{"line":28,"column":57}},"3":{"start":{"line":118,"column":8},"end":{"line":118,"column":25}},"4":{"start":{"line":121,"column":22},"end":{"line":121,"column":71}},"5":{"start":{"line":124,"column":29},"end":{"line":126,"column":10}},"6":{"start":{"line":127,"column":28},"end":{"line":127,"column":61}},"7":{"start":{"line":128,"column":31},"end":{"line":128,"column":67}},"8":{"start":{"line":130,"column":28},"end":{"line":135,"column":35}},"9":{"start":{"line":138,"column":22},"end":{"line":138,"column":95}},"10":{"start":{"line":141,"column":24},"end":{"line":149,"column":10}},"11":{"start":{"line":154,"column":25},"end":{"line":156,"column":10}},"12":{"start":{"line":159,"column":35},"end":{"line":161,"column":10}},"13":{"start":{"line":163,"column":8},"end":{"line":181,"column":null}},"14":{"start":{"line":183,"column":23},"end":{"line":190,"column":10}},"15":{"start":{"line":192,"column":28},"end":{"line":192,"column":75}},"16":{"start":{"line":193,"column":8},"end":{"line":193,"column":null}},"17":{"start":{"line":195,"column":8},"end":{"line":195,"column":null}},"18":{"start":{"line":60,"column":21},"end":{"line":64,"column":10}},"19":{"start":{"line":71,"column":23},"end":{"line":71,"column":49}},"20":{"start":{"line":72,"column":22},"end":{"line":88,"column":27}},"21":{"start":{"line":73,"column":26},"end":{"line":73,"column":38}},"22":{"start":{"line":74,"column":22},"end":{"line":86,"column":14}},"23":{"start":{"line":75,"column":35},"end":{"line":78,"column":18}},"24":{"start":{"line":79,"column":16},"end":{"line":84,"column":null}},"25":{"start":{"line":80,"column":20},"end":{"line":80,"column":46}},"26":{"start":{"line":81,"column":20},"end":{"line":81,"column":54}},"27":{"start":{"line":83,"column":20},"end":{"line":83,"column":46}},"28":{"start":{"line":85,"column":16},"end":{"line":85,"column":25}},"29":{"start":{"line":87,"column":12},"end":{"line":87,"column":33}},"30":{"start":{"line":90,"column":41},"end":{"line":92,"column":32}},"31":{"start":{"line":91,"column":12},"end":{"line":91,"column":48}},"32":{"start":{"line":94,"column":42},"end":{"line":96,"column":52}},"33":{"start":{"line":95,"column":12},"end":{"line":95,"column":48}},"34":{"start":{"line":98,"column":23},"end":{"line":101,"column":10}},"35":{"start":{"line":99,"column":26},"end":{"line":99,"column":38}},"36":{"start":{"line":100,"column":12},"end":{"line":100,"column":null}},"37":{"start":{"line":103,"column":33},"end":{"line":103,"column":59}},"38":{"start":{"line":105,"column":8},"end":{"line":114,"column":null}},"39":{"start":{"line":55,"column":0},"end":{"line":55,"column":13}}},"fnMap":{"0":{"name":"(anonymous_0)","decl":{"start":{"line":117,"column":4},"end":{"line":117,"column":16}},"loc":{"start":{"line":117,"column":70},"end":{"line":198,"column":5}}},"1":{"name":"(anonymous_1)","decl":{"start":{"line":59,"column":12},"end":{"line":59,"column":24}},"loc":{"start":{"line":59,"column":98},"end":{"line":115,"column":5}}},"2":{"name":"(anonymous_2)","decl":{"start":{"line":72,"column":52},"end":{"line":72,"column":53}},"loc":{"start":{"line":72,"column":68},"end":{"line":88,"column":9}}},"3":{"name":"(anonymous_3)","decl":{"start":{"line":74,"column":41},"end":{"line":74,"column":42}},"loc":{"start":{"line":74,"column":57},"end":{"line":86,"column":13}}},"4":{"name":"(anonymous_4)","decl":{"start":{"line":90,"column":54},"end":{"line":90,"column":55}},"loc":{"start":{"line":90,"column":67},"end":{"line":92,"column":9}}},"5":{"name":"(anonymous_5)","decl":{"start":{"line":94,"column":55},"end":{"line":94,"column":56}},"loc":{"start":{"line":94,"column":68},"end":{"line":96,"column":9}}},"6":{"name":"(anonymous_6)","decl":{"start":{"line":98,"column":50},"end":{"line":98,"column":51}},"loc":{"start":{"line":98,"column":61},"end":{"line":101,"column":9}}}},"branchMap":{"0":{"loc":{"start":{"line":79,"column":16},"end":{"line":84,"column":null}},"type":"if","locations":[{"start":{"line":79,"column":16},"end":{"line":84,"column":null}},{"start":{"line":82,"column":23},"end":{"line":84,"column":null}}]}},"s":{"0":1,"1":1,"2":1,"3":4,"4":4,"5":4,"6":4,"7":4,"8":4,"9":4,"10":4,"11":4,"12":4,"13":4,"14":4,"15":4,"16":4,"17":4,"18":12,"19":12,"20":12,"21":40,"22":40,"23":40,"24":40,"25":40,"26":40,"27":0,"28":40,"29":40,"30":12,"31":40,"32":12,"33":40,"34":12,"35":40,"36":40,"37":12,"38":12,"39":1},"f":{"0":4,"1":12,"2":40,"3":40,"4":40,"5":40,"6":40},"b":{"0":[40,0]}}
,"/codebuild/output/src783251565/src/source/constructs/lib/kinesis/kds-stack.ts": {"path":"/codebuild/output/src783251565/src/source/constructs/lib/kinesis/kds-stack.ts","statementMap":{"0":{"start":{"line":16,"column":0},"end":{"line":16,"column":51}},"1":{"start":{"line":17,"column":0},"end":{"line":17,"column":null}},"2":{"start":{"line":34,"column":0},"end":{"line":34,"column":29}},"3":{"start":{"line":35,"column":0},"end":{"line":35,"column":74}},"4":{"start":{"line":37,"column":0},"end":{"line":37,"column":42}},"5":{"start":{"line":39,"column":0},"end":{"line":39,"column":76}},"6":{"start":{"line":106,"column":4},"end":{"line":106,"column":21}},"7":{"start":{"line":108,"column":26},"end":{"line":110,"column":6}},"8":{"start":{"line":112,"column":4},"end":{"line":112,"column":null}},"9":{"start":{"line":113,"column":4},"end":{"line":113,"column":null}},"10":{"start":{"line":115,"column":25},"end":{"line":124,"column":6}},"11":{"start":{"line":125,"column":4},"end":{"line":130,"column":7}},"12":{"start":{"line":132,"column":4},"end":{"line":138,"column":6}},"13":{"start":{"line":140,"column":4},"end":{"line":140,"column":null}},"14":{"start":{"line":142,"column":4},"end":{"line":434,"column":null}},"15":{"start":{"line":143,"column":29},"end":{"line":143,"column":59}},"16":{"start":{"line":144,"column":23},"end":{"line":159,"column":8}},"17":{"start":{"line":161,"column":28},"end":{"line":161,"column":57}},"18":{"start":{"line":162,"column":22},"end":{"line":176,"column":8}},"19":{"start":{"line":179,"column":19},"end":{"line":186,"column":null}},"20":{"start":{"line":190,"column":27},"end":{"line":190,"column":59}},"21":{"start":{"line":191,"column":21},"end":{"line":201,"column":8}},"22":{"start":{"line":202,"column":6},"end":{"line":207,"column":9}},"23":{"start":{"line":210,"column":32},"end":{"line":210,"column":83}},"24":{"start":{"line":213,"column":18},"end":{"line":285,"column":8}},"25":{"start":{"line":286,"column":6},"end":{"line":291,"column":9}},"26":{"start":{"line":293,"column":21},"end":{"line":301,"column":8}},"27":{"start":{"line":302,"column":6},"end":{"line":307,"column":9}},"28":{"start":{"line":308,"column":6},"end":{"line":314,"column":8}},"29":{"start":{"line":315,"column":6},"end":{"line":324,"column":8}},"30":{"start":{"line":325,"column":6},"end":{"line":333,"column":8}},"31":{"start":{"line":335,"column":6},"end":{"line":335,"column":46}},"32":{"start":{"line":338,"column":30},"end":{"line":346,"column":null}},"33":{"start":{"line":348,"column":6},"end":{"line":351,"column":9}},"34":{"start":{"line":352,"column":6},"end":{"line":354,"column":8}},"35":{"start":{"line":357,"column":29},"end":{"line":365,"column":null}},"36":{"start":{"line":367,"column":6},"end":{"line":370,"column":9}},"37":{"start":{"line":371,"column":6},"end":{"line":371,"column":79}},"38":{"start":{"line":373,"column":6},"end":{"line":385,"column":8}},"39":{"start":{"line":386,"column":6},"end":{"line":392,"column":8}},"40":{"start":{"line":393,"column":6},"end":{"line":405,"column":8}},"41":{"start":{"line":406,"column":6},"end":{"line":414,"column":8}},"42":{"start":{"line":415,"column":6},"end":{"line":424,"column":8}},"43":{"start":{"line":426,"column":6},"end":{"line":429,"column":9}},"44":{"start":{"line":430,"column":6},"end":{"line":433,"column":9}},"45":{"start":{"line":96,"column":0},"end":{"line":96,"column":13}},"46":{"start":{"line":448,"column":29},"end":{"line":448,"column":52}},"47":{"start":{"line":451,"column":4},"end":{"line":453,"column":null}},"48":{"start":{"line":452,"column":6},"end":{"line":452,"column":49}}},"fnMap":{"0":{"name":"(anonymous_0)","decl":{"start":{"line":105,"column":2},"end":{"line":105,"column":14}},"loc":{"start":{"line":105,"column":64},"end":{"line":438,"column":3}}},"1":{"name":"(anonymous_1)","decl":{"start":{"line":448,"column":2},"end":{"line":448,"column":29}},"loc":{"start":{"line":448,"column":52},"end":{"line":448,"column":57}}},"2":{"name":"(anonymous_2)","decl":{"start":{"line":450,"column":9},"end":{"line":450,"column":14}},"loc":{"start":{"line":450,"column":31},"end":{"line":454,"column":3}}}},"branchMap":{"0":{"loc":{"start":{"line":116,"column":14},"end":{"line":116,"column":35}},"type":"binary-expr","locations":[{"start":{"line":116,"column":14},"end":{"line":116,"column":26}},{"start":{"line":116,"column":30},"end":{"line":116,"column":35}}]},"1":{"loc":{"start":{"line":142,"column":4},"end":{"line":434,"column":null}},"type":"if","locations":[{"start":{"line":142,"column":4},"end":{"line":434,"column":null}}]},"2":{"loc":{"start":{"line":142,"column":8},"end":{"line":142,"column":32}},"type":"cond-expr","locations":[{"start":{"line":142,"column":13},"end":{"line":142,"column":15}},{"start":{"line":142,"column":8},"end":{"line":142,"column":32}}]},"3":{"loc":{"start":{"line":142,"column":8},"end":{"line":142,"column":15}},"type":"binary-expr","locations":[{"start":{"line":142,"column":8},"end":{"line":142,"column":15}},{"start":{"line":142,"column":8},"end":{"line":142,"column":15}}]},"4":{"loc":{"start":{"line":451,"column":4},"end":{"line":453,"column":null}},"type":"if","locations":[{"start":{"line":451,"column":4},"end":{"line":453,"column":null}}]}},"s":{"0":2,"1":2,"2":2,"3":2,"4":2,"5":2,"6":5,"7":5,"8":5,"9":5,"10":5,"11":5,"12":5,"13":5,"14":5,"15":3,"16":3,"17":3,"18":3,"19":3,"20":3,"21":3,"22":3,"23":3,"24":3,"25":3,"26":3,"27":3,"28":3,"29":3,"30":3,"31":3,"32":3,"33":3,"34":3,"35":3,"36":3,"37":3,"38":3,"39":3,"40":3,"41":3,"42":3,"43":3,"44":3,"45":2,"46":0,"47":0,"48":0},"f":{"0":5,"1":0,"2":0},"b":{"0":[5,3],"1":[3],"2":[0,5],"3":[5,5],"4":[0]}}
,"/codebuild/output/src783251565/src/source/constructs/lib/main/auth-stack.ts": {"path":"/codebuild/output/src783251565/src/source/constructs/lib/main/auth-stack.ts","statementMap":{"0":{"start":{"line":16,"column":0},"end":{"line":16,"column":39}},"1":{"start":{"line":17,"column":0},"end":{"line":17,"column":null}},"2":{"start":{"line":42,"column":4},"end":{"line":42,"column":21}},"3":{"start":{"line":45,"column":21},"end":{"line":59,"column":6}},"4":{"start":{"line":61,"column":24},"end":{"line":61,"column":73}},"5":{"start":{"line":62,"column":4},"end":{"line":64,"column":6}},"6":{"start":{"line":67,"column":27},"end":{"line":72,"column":6}},"7":{"start":{"line":75,"column":4},"end":{"line":84,"column":7}},"8":{"start":{"line":87,"column":27},"end":{"line":92,"column":6}},"9":{"start":{"line":94,"column":4},"end":{"line":94,"column":42}},"10":{"start":{"line":95,"column":4},"end":{"line":95,"column":60}},"11":{"start":{"line":96,"column":4},"end":{"line":96,"column":62}},"12":{"start":{"line":36,"column":0},"end":{"line":36,"column":13}}},"fnMap":{"0":{"name":"(anonymous_0)","decl":{"start":{"line":41,"column":2},"end":{"line":41,"column":14}},"loc":{"start":{"line":41,"column":60},"end":{"line":97,"column":3}}}},"branchMap":{},"s":{"0":1,"1":1,"2":3,"3":3,"4":3,"5":3,"6":3,"7":3,"8":3,"9":3,"10":3,"11":3,"12":1},"f":{"0":3},"b":{}}
,"/codebuild/output/src783251565/src/source/constructs/lib/main/cfn-flow-stack.ts": {"path":"/codebuild/output/src783251565/src/source/constructs/lib/main/cfn-flow-stack.ts","statementMap":{"0":{"start":{"line":17,"column":0},"end":{"line":17,"column":39}},"1":{"start":{"line":18,"column":0},"end":{"line":18,"column":null}},"2":{"start":{"line":30,"column":0},"end":{"line":30,"column":29}},"3":{"start":{"line":31,"column":0},"end":{"line":31,"column":55}},"4":{"start":{"line":32,"column":0},"end":{"line":32,"column":42}},"5":{"start":{"line":61,"column":4},"end":{"line":61,"column":21}},"6":{"start":{"line":63,"column":27},"end":{"line":63,"column":35}},"7":{"start":{"line":65,"column":21},"end":{"line":65,"column":118}},"8":{"start":{"line":66,"column":24},"end":{"line":66,"column":118}},"9":{"start":{"line":68,"column":6},"end":{"line":68,"column":63}},"10":{"start":{"line":69,"column":25},"end":{"line":69,"column":74}},"11":{"start":{"line":72,"column":23},"end":{"line":90,"column":6}},"12":{"start":{"line":93,"column":29},"end":{"line":504,"column":6}},"13":{"start":{"line":506,"column":4},"end":{"line":512,"column":7}},"14":{"start":{"line":514,"column":4},"end":{"line":514,"column":58}},"15":{"start":{"line":515,"column":4},"end":{"line":534,"column":6}},"16":{"start":{"line":536,"column":23},"end":{"line":549,"column":6}},"17":{"start":{"line":551,"column":29},"end":{"line":559,"column":6}},"18":{"start":{"line":560,"column":4},"end":{"line":560,"column":58}},"19":{"start":{"line":561,"column":4},"end":{"line":567,"column":7}},"20":{"start":{"line":568,"column":4},"end":{"line":576,"column":6}},"21":{"start":{"line":579,"column":20},"end":{"line":583,"column":6}},"22":{"start":{"line":585,"column":25},"end":{"line":588,"column":6}},"23":{"start":{"line":590,"column":26},"end":{"line":598,"column":6}},"24":{"start":{"line":600,"column":17},"end":{"line":602,"column":6}},"25":{"start":{"line":604,"column":27},"end":{"line":609,"column":31}},"26":{"start":{"line":611,"column":24},"end":{"line":616,"column":31}},"27":{"start":{"line":618,"column":18},"end":{"line":618,"column":43}},"28":{"start":{"line":621,"column":21},"end":{"line":626,"column":6}},"29":{"start":{"line":629,"column":26},"end":{"line":631,"column":6}},"30":{"start":{"line":633,"column":4},"end":{"line":651,"column":6}},"31":{"start":{"line":652,"column":4},"end":{"line":657,"column":7}},"32":{"start":{"line":660,"column":22},"end":{"line":668,"column":6}},"33":{"start":{"line":669,"column":4},"end":{"line":671,"column":7}},"34":{"start":{"line":673,"column":4},"end":{"line":673,"column":53}},"35":{"start":{"line":57,"column":0},"end":{"line":57,"column":13}}},"fnMap":{"0":{"name":"(anonymous_0)","decl":{"start":{"line":60,"column":2},"end":{"line":60,"column":14}},"loc":{"start":{"line":60,"column":63},"end":{"line":674,"column":3}}}},"branchMap":{"0":{"loc":{"start":{"line":68,"column":6},"end":{"line":68,"column":63}},"type":"binary-expr","locations":[{"start":{"line":68,"column":6},"end":{"line":68,"column":40}},{"start":{"line":68,"column":44},"end":{"line":68,"column":63}}]},"1":{"loc":{"start":{"line":69,"column":25},"end":{"line":69,"column":74}},"type":"binary-expr","locations":[{"start":{"line":69,"column":25},"end":{"line":69,"column":61}},{"start":{"line":69,"column":65},"end":{"line":69,"column":74}}]},"2":{"loc":{"start":{"line":86,"column":26},"end":{"line":86,"column":57}},"type":"binary-expr","locations":[{"start":{"line":86,"column":26},"end":{"line":86,"column":45}},{"start":{"line":86,"column":49},"end":{"line":86,"column":57}}]},"3":{"loc":{"start":{"line":545,"column":26},"end":{"line":545,"column":57}},"type":"binary-expr","locations":[{"start":{"line":545,"column":26},"end":{"line":545,"column":45}},{"start":{"line":545,"column":49},"end":{"line":545,"column":57}}]}},"s":{"0":1,"1":1,"2":1,"3":1,"4":1,"5
[...]
,"/codebuild/output/src783251565/src/source/constructs/lib/pipeline/service/service-log-pipeline-stack.ts": {"path":"/codebuild/output/src783251565/src/source/constructs/lib/pipeline/service/service-log-pipeline-stack.ts","statementMap":{"0":{"start":{"line":18,"column":0},"end":{"line":18,"column":66}},"1":{"start":{"line":19,"column":0},"end":{"line":19,"column":57}},"2":{"start":{"line":20,"column":0},"end":{"line":20,"column":null}},"3":{"start":{"line":24,"column":0},"end":{"line":24,"column":null}},"4":{"start":{"line":28,"column":0},"end":{"line":28,"column":null}},"5":{"start":{"line":32,"column":0},"end":{"line":32,"column":76}},"6":{"start":{"line":34,"column":20},"end":{"line":34,"column":31}},"7":{"start":{"line":69,"column":4},"end":{"line":69,"column":28}},"8":{"start":{"line":45,"column":10},"end":{"line":45,"column":34}},"9":{"start":{"line":46,"column":10},"end":{"line":46,"column":32}},"10":{"start":{"line":72,"column":6},"end":{"line":72,"column":65}},"11":{"start":{"line":73,"column":21},"end":{"line":73,"column":49}},"12":{"start":{"line":75,"column":16},"end":{"line":75,"column":67}},"13":{"start":{"line":76,"column":4},"end":{"line":76,"column":153}},"14":{"start":{"line":78,"column":4},"end":{"line":83,"column":6}},"15":{"start":{"line":85,"column":23},"end":{"line":91,"column":6}},"16":{"start":{"line":92,"column":4},"end":{"line":92,"column":63}},"17":{"start":{"line":94,"column":21},"end":{"line":99,"column":6}},"18":{"start":{"line":100,"column":4},"end":{"line":100,"column":69}},"19":{"start":{"line":102,"column":23},"end":{"line":106,"column":6}},"20":{"start":{"line":107,"column":4},"end":{"line":107,"column":74}},"21":{"start":{"line":109,"column":18},"end":{"line":113,"column":6}},"22":{"start":{"line":114,"column":4},"end":{"line":114,"column":53}},"23":{"start":{"line":116,"column":22},"end":{"line":120,"column":6}},"24":{"start":{"line":121,"column":4},"end":{"line":121,"column":61}},"25":{"start":{"line":123,"column":28},"end":{"line":127,"column":6}},"26":{"start":{"line":128,"column":4},"end":{"line":128,"column":74}},"27":{"start":{"line":130,"column":24},"end":{"line":134,"column":6}},"28":{"start":{"line":135,"column":4},"end":{"line":135,"column":65}},"29":{"start":{"line":137,"column":24},"end":{"line":142,"column":6}},"30":{"start":{"line":143,"column":4},"end":{"line":143,"column":65}},"31":{"start":{"line":145,"column":28},"end":{"line":150,"column":6}},"32":{"start":{"line":151,"column":4},"end":{"line":151,"column":80}},"33":{"start":{"line":153,"column":20},"end":{"line":158,"column":6}},"34":{"start":{"line":159,"column":4},"end":{"line":159,"column":68}},"35":{"start":{"line":161,"column":20},"end":{"line":166,"column":6}},"36":{"start":{"line":167,"column":4},"end":{"line":167,"column":68}},"37":{"start":{"line":169,"column":22},"end":{"line":174,"column":6}},"38":{"start":{"line":175,"column":4},"end":{"line":175,"column":64}},"39":{"start":{"line":177,"column":25},"end":{"line":182,"column":6}},"40":{"start":{"line":183,"column":4},"end":{"line":183,"column":73}},"41":{"start":{"line":185,"column":18},"end":{"line":191,"column":6}},"42":{"start":{"line":192,"column":4},"end":{"line":192,"column":63}},"43":{"start":{"line":194,"column":28},"end":{"line":199,"column":6}},"44":{"start":{"line":200,"column":4},"end":{"line":200,"column":73}},"45":{"start":{"line":202,"column":25},"end":{"line":207,"column":6}},"46":{"start":{"line":208,"column":4},"end":{"line":208,"column":70}},"47":{"start":{"line":210,"column":27},"end":{"line":215,"column":6}},"48":{"start":{"line":216,"column":4},"end":{"line":216,"column":74}},"49":{"start":{"line":218,"column":21},"end":{"line":218,"column":23}},"50":{"start":{"line":219,"column":44},"end":{"line":219,"column":53}},"51":{"start":{"line":221,"column":31},"end":{"line":224,"column":6}},"52":{"start":{"line":225,"column":4},"end":{"line":228,"column":6}},"53":{"start":{"line":230,"column":28},"end":{"line":233,"column":6}},"54":{"start":{"line":234,"column":4},"end":{"line":234,"column":74}},"55":{"start":{"line":236,"column":39},"end":{"line":242,"column":null}},"56":{"start":{"line":244,"column":4},"end":{"line":247,"column":6}},"57":{"start":{"line":249,"column":4},"end":{"line":258,"column":null}},"58":{"start":{"line":250,"column":6},"end":{"line":255,"column":9}},"59":{"start":{"line":256,"column":6},"end":{"line":256,"column":58}},"60":{"start":{"line":257,"column":6},"end":{"line":257,"column":41}},"61":{"start":{"line":261,"column":23},"end":{"line":265,"column":6}},"62":{"start":{"line":267,"column":22},"end":{"line":270,"column":null}},"63":{"start":{"line":273,"column":22},"end":{"line":282,"column":6}},"64":{"start":{"line":284,"column":4},"end":{"line":466,"column":null}},"65":{"start":{"line":297,"column":31},"end":{"line":304,"column":8}},"66":{"start":{"line":305,"column":6},"end":{"line":305,"column":76}},"67":{"start":{"line":307,"column":28},"end":{"line":312,"column":8}},"68":{"start":{"line":313,"column":6},"end":{"line":313,"column":72}},"69":{"start":{"line":315,"column":30},"end":{"line":319,"column":8}},"70":{"start":{"line":320,"column":6},"end":{"line":320,"column":76}},"71":{"start":{"line":322,"column":33},"end":{"line":326,"column":8}},"72":{"start":{"line":327,"column":6},"end":{"line":327,"column":73}},"73":{"start":{"line":329,"column":6},"end":{"line":337,"column":8}},"74":{"start":{"line":340,"column":54},"end":{"line":350,"column":8}},"75":{"start":{"line":352,"column":28},"end":{"line":355,"column":null}},"76":{"start":{"line":359,"column":43},"end":{"line":373,"column":8}},"77":{"start":{"line":375,"column":6},"end":{"line":375,"column":58}},"78":{"start":{"line":377,"column":6},"end":{"line":405,"column":null}},"79":{"start":{"line":378,"column":30},"end":{"line":384,"column":10}},"80":{"start":{"line":385,"column":8},"end":{"line":385,"column":74}},"81":{"start":{"line":387,"column":8},"end":{"line":387,"column":77}},"82":{"start":{"line":390,"column":66},"end":{"line":399,"column":10}},"83":{"start":{"line":400,"column":8},"end":{"line":404,"column":10}},"84":{"start":{"line":406,"column":6},"end":{"line":406,"column":75}},"85":{"start":{"line":407,"column":11},"end":{"line":466,"column":null}},"86":{"start":{"line":408,"column":26},"end":{"line":412,"column":8}},"87":{"start":{"line":413,"column":6},"end":{"line":413,"column":67}},"88":{"start":{"line":415,"column":23},"end":{"line":419,"column":8}},"89":{"start":{"line":420,"column":6},"end":{"line":420,"column":60}},"90":{"start":{"line":422,"column":6},"end":{"line":429,"column":8}},"91":{"start":{"line":432,"column":50},"end":{"line":440,"column":8}},"92":{"start":{"line":442,"column":28},"end":{"line":445,"column":null}},"93":{"start":{"line":449,"column":43},"end":{"line":463,"column":8}},"94":{"start":{"line":465,"column":6},"end":{"line":465,"column":58}},"95":{"start":{"line":468,"column":4},"end":{"line":475,"column":6}},"96":{"start":{"line":476,"column":4},"end":{"line":481,"column":6}},"97":{"start":{"line":484,"column":26},"end":{"line":494,"column":6}},"98":{"start":{"line":495,"column":4},"end":{"line":497,"column":null}},"99":{"start":{"line":496,"column":6},"end":{"line":496,"column":46}},"100":{"start":{"line":498,"column":4},"end":{"line":498,"column":66}},"101":{"start":{"line":49,"column":19},"end":{"line":51,"column":6}},"102":{"start":{"line":50,"column":6},"end":{"line":50,"column":42}},"103":{"start":{"line":52,"column":4},"end":{"line":59,"column":null}},"104":{"start":{"line":53,"column":6},"end":{"line":56,"column":9}},"105":{"start":{"line":58,"column":6},"end":{"line":58,"column":57}},"106":{"start":{"line":63,"column":4},"end":{"line":65,"column":6}},"107":{"start":{"line":44,"column":0},"end":{"line":44,"column":13}}},"fnMap":{"0":{"name":"(anonymous_0)","decl":{"start":{"line":68,"column":2},"end":{"line":68,"column":14}},"loc":{"start":{"line":68,"column":69},"end":{"line":499,"column":3}}},"1":{"name":"(anonymous_1)","decl":{"start":{"line":48,"column":10},"end":{"line":48,"column":26}},"loc":{"start":{"line":48,"column":60},"end":{"line":60,"column":3}}},"2":{"name":"(anonymous_2)","decl":{"start":{"line":49,"column":46},"end":{"line":49,"column":47}},"loc":{"start":{"line":49,"column":56},"end":{"line":51,"column":5}}},"3":{"name":"(anonymous_3)","decl":{"start":{"line":62,"column":10},"end":{"line":62,"column":26}},"loc":{"start":{"line":62,"column":55},"end":{"line":66,"column":3}}}},"branchMap":{"0":{"loc":{"start":{"line":72,"column":6},"end":{"line":72,"column":65}},"type":"binary-expr","locations":[{"start":{"line":72,"column":6},"end":{"line":72,"column":24}},{"start":{"line":72,"column":28},"end":{"line":72,"column":65}}]},"1":{"loc":{"start":{"line":73,"column":21},"end":{"line":73,"column":49}},"type":"binary-expr","locations":[{"start":{"line":73,"column":21},"end":{"line":73,"column":37}},{"start":{"line":73,"column":41},"end":{"line":73,"column":49}}]},"2":{"loc":{"start":{"line":75,"column":16},"end":{"line":75,"column":67}},"type":"cond-expr","locations":[{"start":{"line":75,"column":28},"end":{"line":75,"column":37}},{"start":{"line":75,"column":40},"end":{"line":75,"column":67}}]},"3":{"loc":{"start":{"line":249,"column":4},"end":{"line":258,"column":null}},"type":"if","locations":[{"start":{"line":249,"column":4},"end":{"line":258,"column":null}}]},"4":{"loc":{"start":{"line":284,"column":4},"end":{"line":466,"column":null}},"type":"if","locations":[{"start":{"line":284,"column":4},"end":{"line":466,"column":null}},{"start":{"line":407,"column":11},"end":{"line":466,"column":null}}]},"5":{"loc":{"start":{"line":377,"column":6},"end":{"line":405,"column":null}},"type":"if","locations":[{"start":{"line":377,"column":6},"end":{"line":405,"column":null}}]},"6":{"loc":{"start":{"line":407,"column":11},"end":{"line":466,"column":null}},"type":"if","locations":[{"start":{"line":407,"column":11},"end":{"line":466,"column":null}}]},"7":{"loc":{"start":{"line":495,"column":4},"end":{"line":497,"column":null}},"type":"if","locations":[{"start":{"line":495,"column":4},"end":{"line":497,"column":null}}]},"8":{"loc":{"start":{"line":52,"column":4},"end":{"line":59,"column":null}},"type":"if","locations":[{"start":{"line":52,"column":4},"end":{"line":59,"column":null}},{"start":{"line":57,"column":11},"end":{"line":59,"column":null}}]}},"s":{"0":1,"1":1,"2":1,"3":1,"4":1,"5":1,"6":1,"7":9,"8":9,"9":9,"10":9,"11":9,"12":9,"13":9,"14":9,"15":9,"16":9,"17":9,"18":9,"19":9,"20":9,"21":9,"22":9,"23":9,"24":9,"25":9,"26":9,"27":9,"28":9,"29":9,"30":9,"31":9,"32":9,"33":9,"34":9,"35":9,"36":9,"37":9,"38":9,"39":9,"40":9,"41":9,"42":9,"43":9,"44":9,"45":9,"46":9,"47":9,"48":9,"49":9,"50":9,"51":9,"52":9,"53":9,"54":9,"55":9,"56":9,"57":9,"58":2,"59":2,"60":2,"61":9,"62":9,"63":9,"64":9,"65":8,"66":8,"67":8,"68":8,"69":8,"70":8,"71":8,"72":8,"73":8,"74":8,"75":8,"76":8,"77":8,"78":8,"79":2,"80":2,"81":2,"82":2,"83":2,"84":8,"85":1,"86":1,"87":1,"88":1,"89":1,"90":1,"91":1,"92":1,"93":1,"94":1,"95":9,"96":9,"97":9,"98":9,"99":2,"100":9,"101":46,"102":88,"103":46,"104":44,"105":2,"106":218,"107":1},"f":{"0":9,"1":46,"2":88,"3":218},"b":{"0":[9,9],"1":[9,9],"2":[0,9],"3":[2],"4":[8,1],"5":[2],"6":[1],"7":[2],"8":[44,2]}}
,"/codebuild/output/src783251565/src/source/constructs/lib/pipeline/service/waf-sampled-stack.ts": {"path":"/codebuild/output/src783251565/src/source/constructs/lib/pipeline/service/waf-sampled-stack.ts","statementMap":{"0":{"start":{"line":17,"column":0},"end":{"line":17,"column":39}},"1":{"start":{"line":18,"column":0},"end":{"line":18,"column":null}},"2":{"start":{"line":32,"column":0},"end":{"line":32,"column":56}},"3":{"start":{"line":33,"column":0},"end":{"line":33,"column":29}},"4":{"start":{"line":122,"column":4},"end":{"line":122,"column":21}},"5":{"start":{"line":125,"column":41},"end":{"line":150,"column":null}},"6":{"start":{"line":155,"column":22},"end":{"line":171,"column":6}},"7":{"start":{"line":174,"column":37},"end":{"line":207,"column":null}},"8":{"start":{"line":209,"column":4},"end":{"line":211,"column":6}},"9":{"start":{"line":214,"column":27},"end":{"line":221,"column":6}},"10":{"start":{"line":222,"column":4},"end":{"line":235,"column":6}},"11":{"start":{"line":237,"column":4},"end":{"line":237,"column":70}},"12":{"start":{"line":240,"column":17},"end":{"line":242,"column":6}},"13":{"start":{"line":243,"column":4},"end":{"line":247,"column":6}},"14":{"start":{"line":249,"column":4},"end":{"line":252,"column":56}},"15":{"start":{"line":118,"column":0},"end":{"line":118,"column":13}}},"fnMap":{"0":{"name":"(anonymous_0)","decl":{"start":{"line":121,"column":2},"end":{"line":121,"column":14}},"loc":{"start":{"line":121,"column":71},"end":{"line":253,"column":3}}}},"branchMap":{"0":{"loc":{"start":{"line":198,"column":28},"end":{"line":198,"column":59}},"type":"binary-expr","locations":[{"start":{"line":198,"column":28},"end":{"line":198,"column":47}},{"start":{"line":198,"column":51},"end":{"line":198,"column":59}}]}},"s":{"0":1,"1":1,"2":1,"3":1,"4":1,"5":1,"6":1,"7":1,"8":1,"9":1,"10":1,"11":1,"12":1,"13":1,"14":1,"15":1},"f":{"0":1},"b":{"0":[1,1]}}
,"/codebuild/output/src783251565/src/source/constructs/lib/subaccount/cross-account-stack.ts": {"path":"/codebuild/output/src783251565/src/source/constructs/lib/subaccount/cross-account-stack.ts","statementMap":{"0":{"start":{"line":17,"column":0},"end":{"line":17,"column":null}},"1":{"start":{"line":33,"column":0},"end":{"line":33,"column":50}},"2":{"start":{"line":34,"column":0},"end":{"line":34,"column":42}},"3":{"start":{"line":35,"column":20},"end":{"line":35,"column":31}},"4":{"start":{"line":49,"column":2},"end":{"line":51,"column":5}},"5":{"start":{"line":45,"column":0},"end":{"line":45,"column":16}},"6":{"start":{"line":71,"column":4},"end":{"line":71,"column":21}},"7":{"start":{"line":67,"column":10},"end":{"line":67,"column":34}},"8":{"start":{"line":68,"column":10},"end":{"line":68,"column":32}},"9":{"start":{"line":73,"column":23},"end":{"line":73,"column":79}},"10":{"start":{"line":75,"column":6},"end":{"line":75,"column":65}},"11":{"start":{"line":76,"column":21},"end":{"line":76,"column":49}},"12":{"start":{"line":78,"column":24},"end":{"line":78,"column":28}},"13":{"start":{"line":79,"column":28},"end":{"line":79,"column":36}},"14":{"start":{"line":81,"column":4},"end":{"line":81,"column":123}},"15":{"start":{"line":83,"column":4},"end":{"line":88,"column":6}},"16":{"start":{"line":90,"column":28},"end":{"line":95,"column":6}},"17":{"start":{"line":96,"column":4},"end":{"line":99,"column":6}},"18":{"start":{"line":102,"column":26},"end":{"line":120,"column":null}},"19":{"start":{"line":122,"column":35},"end":{"line":172,"column":null}},"20":{"start":{"line":174,"column":4},"end":{"line":187,"column":6}},"21":{"start":{"line":188,"column":4},"end":{"line":202,"column":6}},"22":{"start":{"line":203,"column":4},"end":{"line":212,"column":6}},"23":{"start":{"line":213,"column":4},"end":{"line":248,"column":6}},"24":{"start":{"line":250,"column":4},"end":{"line":265,"column":6}},"25":{"start":{"line":266,"column":4},"end":{"line":271,"column":7}},"26":{"start":{"line":273,"column":29},"end":{"line":273,"column":76}},"27":{"start":{"line":274,"column":4},"end":{"line":283,"column":7}},"28":{"start":{"line":286,"column":29},"end":{"line":291,"column":6}},"29":{"start":{"line":293,"column":31},"end":{"line":582,"column":6}},"30":{"start":{"line":583,"column":4},"end":{"line":583,"column":60}},"31":{"start":{"line":584,"column":4},"end":{"line":589,"column":7}},"32":{"start":{"line":591,"column":34},"end":{"line":592,"column":36}},"33":{"start":{"line":593,"column":4},"end":{"line":602,"column":7}},"34":{"start":{"line":604,"column":22},"end":{"line":659,"column":6}},"35":{"start":{"line":662,"column":17},"end":{"line":664,"column":6}},"36":{"start":{"line":665,"column":22},"end":{"line":669,"column":16}},"37":{"start":{"line":671,"column":36},"end":{"line":742,"column":null}},"38":{"start":{"line":745,"column":38},"end":{"line":810,"column":null}},"39":{"start":{"line":813,"column":4},"end":{"line":816,"column":49}},"40":{"start":{"line":818,"column":4},"end":{"line":821,"column":49}},"41":{"start":{"line":823,"column":4},"end":{"line":826,"column":48}},"42":{"start":{"line":828,"column":4},"end":{"line":831,"column":50}},"43":{"start":{"line":833,"column":4},"end":{"line":836,"column":49}},"44":{"start":{"line":838,"column":4},"end":{"line":841,"column":51}},"45":{"start":{"line":62,"column":4},"end":{"line":64,"column":6}},"46":{"start":{"line":60,"column":0},"end":{"line":60,"column":13}}},"fnMap":{"0":{"name":"addCfnNagSuppressRules","decl":{"start":{"line":45,"column":16},"end":{"line":45,"column":38}},"loc":{"start":{"line":47,"column":29},"end":{"line":52,"column":1}}},"1":{"name":"(anonymous_1)","decl":{"start":{"line":70,"column":2},"end":{"line":70,"column":14}},"loc":{"start":{"line":70,"column":68},"end":{"line":842,"column":3}}},"2":{"name":"(anonymous_2)","decl":{"start":{"line":61,"column":10},"end":{"line":61,"column":26}},"loc":{"start":{"line":61,"column":55},"end":{"line":65,"column":3}}}},"branchMap":{"0":{"loc":{"start":{"line":73,"column":23},"end":{"line":73,"column":79}},"type":"binary-expr","locations":[{"start":{"line":73,"column":23},"end":{"line":73,"column":41}},{"start":{"line":73,"column":45},"end":{"line":73,"column":79}}]},"1":{"loc":{"start":{"line":75,"column":6},"end":{"line":75,"column":65}},"type":"binary-expr","locations":[{"start":{"line":75,"column":6},"end":{"line":75,"column":24}},{"start":{"line":75,"column":28},"end":{"line":75,"column":65}}]},"2":{"loc":{"start":{"line":76,"column":21},"end":{"line":76,"column":49}},"type":"binary-expr","locations":[{"start":{"line":76,"column":21},"end":{"line":76,"column":37}},{"start":{"line":76,"column":41},"end":{"line":76,"column":49}}]}},"s":{"0":1,"1":1,"2":1,"3":1,"4":2,"5":1,"6":1,"7":1,"8":1,"9":1,"10":1,"11":1,"12":1,"13":1,"14":1,"15":1,"16":1,"17":1,"18":1,"19":1,"20":1,"21":1,"22":1,"23":1,"24":1,"25":1,"26":1,"27":1,"28":1,"29":1,"30":1,"31":1,"32":1,"33":1,"34":1,"35":1,"36":1,"37":1,"38":1,"39":1,"40":1,"41":1,"42":1,"43":1,"44":1,"45":1,"46":1},"f":{"0":2,"1":1,"2":1},"b":{"0":[1,1],"1":[1,1],"2":[1,1]}}
}
