TN:
SF:lib/main-stack.ts
FN:53,addCfnNagSuppressRules
FN:101,(anonymous_1)
FN:520,(anonymous_2)
FN:527,(anonymous_3)
FNF:4
FNH:4
FNDA:79,addCfnNagSuppressRules
FNDA:4,(anonymous_1)
FNDA:6,(anonymous_2)
FNDA:11,(anonymous_3)
DA:17,1
DA:32,1
DA:33,1
DA:35,1
DA:36,1
DA:38,1
DA:39,1
DA:40,1
DA:41,1
DA:43,1
DA:53,1
DA:57,79
DA:87,1
DA:88,4
DA:89,4
DA:92,4
DA:93,4
DA:94,4
DA:95,4
DA:96,4
DA:97,4
DA:98,4
DA:99,4
DA:102,4
DA:104,4
DA:105,1
DA:108,4
DA:110,4
DA:111,4
DA:112,4
DA:114,4
DA:116,4
DA:117,4
DA:118,4
DA:119,4
DA:121,4
DA:122,1
DA:128,1
DA:129,1
DA:131,1
DA:136,1
DA:137,1
DA:139,1
DA:147,1
DA:148,1
DA:150,1
DA:157,1
DA:158,1
DA:160,1
DA:167,1
DA:168,1
DA:170,1
DA:175,1
DA:182,3
DA:188,3
DA:189,3
DA:192,3
DA:196,3
DA:197,3
DA:198,3
DA:219,4
DA:220,4
DA:222,4
DA:223,1
DA:228,1
DA:229,1
DA:231,1
DA:236,1
DA:237,1
DA:239,1
DA:244,1
DA:245,1
DA:246,1
DA:254,1
DA:261,1
DA:264,4
DA:269,4
DA:313,4
DA:318,4
DA:340,4
DA:393,4
DA:407,4
DA:422,4
DA:433,4
DA:434,4
DA:446,4
DA:461,4
DA:473,4
DA:480,4
DA:483,4
DA:499,4
DA:501,4
DA:508,4
DA:514,4
DA:521,6
DA:528,11
LF:96
LH:96
BRDA:104,0,0,1
BRDA:104,1,0,0
BRDA:104,1,1,4
BRDA:104,2,0,4
BRDA:104,2,1,4
BRDA:108,3,0,4
BRDA:108,3,1,4
BRDA:110,4,0,4
BRDA:110,4,1,4
BRDA:111,5,0,4
BRDA:111,5,1,2
BRDA:121,6,0,1
BRDA:121,6,1,3
BRDA:222,7,0,1
BRDA:222,8,0,0
BRDA:222,8,1,4
BRDA:222,9,0,4
BRDA:222,9,1,4
BRDA:452,10,0,1
BRDA:452,10,1,3
BRF:20
BRH:18
end_of_record
TN:
SF:lib/api/api-stack.ts
FN:109,(anonymous_0)
FNF:1
FNH:1
FNDA:4,(anonymous_0)
DA:16,1
DA:18,1
DA:19,1
DA:21,1
DA:22,1
DA:23,1
DA:24,1
DA:26,1
DA:27,1
DA:28,1
DA:30,1
DA:31,1
DA:32,1
DA:33,1
DA:34,1
DA:36,1
DA:37,1
DA:38,1
DA:105,1
DA:110,4
DA:112,4
DA:121,4
DA:127,4
DA:132,4
DA:143,4
DA:146,4
DA:154,4
DA:166,4
DA:174,4
DA:185,4
DA:188,4
DA:198,4
DA:210,4
DA:217,4
DA:227,4
DA:238,4
DA:244,4
DA:256,4
DA:269,4
DA:281,4
DA:292,4
DA:302,4
DA:314,4
DA:339,4
DA:345,4
DA:357,4
DA:370,4
DA:380,4
DA:382,4
DA:387,4
LF:50
LH:50
BRF:0
BRH:0
end_of_record
TN:
SF:lib/api/app-log-ingestion-flow.ts
FN:69,(anonymous_0)
FNF:1
FNH:1
FNDA:4,(anonymous_0)
DA:16,1
DA:19,1
DA:29,1
DA:32,1
DA:34,1
DA:65,1
DA:70,4
DA:71,4
DA:74,4
DA:75,4
DA:78,4
DA:96,4
DA:97,4
DA:98,4
DA:106,4
DA:112,4
DA:115,4
DA:126,4
DA:131,4
DA:135,4
DA:155,4
DA:164,4
DA:165,4
DA:167,4
LF:24
LH:24
BRDA:91,0,0,1
BRDA:91,0,1,3
BRF:2
BRH:2
end_of_record
TN:
SF:lib/api/app-log-ingestion-stack.ts
FN:93,(anonymous_0)
FNF:1
FNH:1
FNDA:4,(anonymous_0)
DA:16,1
DA:17,1
DA:18,1
DA:29,1
DA:30,1
DA:31,1
DA:33,1
DA:36,1
DA:37,1
DA:92,1
DA:94,4
DA:96,4
DA:99,4
DA:105,4
DA:107,4
DA:180,4
DA:203,4
DA:245,4
DA:261,4
DA:265,4
DA:268,4
DA:272,4
DA:276,4
DA:280,4
DA:284,4
DA:288,4
DA:292,4
DA:296,4
DA:321,4
DA:328,4
DA:405,4
DA:409,4
DA:411,4
DA:416,4
DA:423,4
DA:466,4
DA:469,4
DA:470,4
DA:471,4
DA:472,4
DA:473,4
DA:474,4
DA:475,4
DA:477,4
DA:480,4
DA:488,4
DA:496,4
DA:506,4
DA:514,4
DA:517,4
DA:526,4
DA:537,4
DA:547,4
DA:557,4
DA:569,4
DA:581,4
DA:588,4
DA:631,4
DA:647,4
DA:650,4
DA:652,4
DA:656,4
DA:659,4
DA:661,4
DA:663,4
DA:667,4
DA:671,4
DA:675,4
DA:677,4
DA:681,4
DA:686,4
DA:713,4
DA:714,4
DA:715,4
DA:716,4
DA:717,4
DA:719,4
DA:722,4
DA:730,4
LF:79
LH:79
BRDA:224,0,0,4
BRDA:224,0,1,3
BRDA:455,1,0,4
BRDA:455,1,1,3
BRDA:610,2,0,4
BRDA:610,2,1,3
BRDA:706,3,0,4
BRDA:706,3,1,3
BRF:8
BRH:8
end_of_record
TN:
SF:lib/api/app-pipeline-flow.ts
FN:77,(anonymous_0)
FNF:1
FNH:1
FNDA:4,(anonymous_0)
DA:16,1
DA:17,1
DA:27,1
DA:28,1
DA:29,1
DA:31,1
DA:74,1
DA:78,4
DA:80,4
DA:81,4
DA:84,4
DA:85,4
DA:88,4
DA:105,4
DA:106,4
DA:114,4
DA:133,4
DA:134,4
DA:136,4
DA:157,4
DA:158,4
DA:169,4
DA:179,4
DA:183,4
DA:185,4
DA:197,4
DA:212,4
DA:220,4
DA:224,4
DA:244,4
DA:257,4
DA:263,4
DA:272,4
DA:273,4
DA:275,4
LF:35
LH:35
BRDA:100,0,0,1
BRDA:100,0,1,3
BRDA:126,1,0,1
BRDA:126,1,1,3
BRF:4
BRH:4
end_of_record
TN:
SF:lib/api/app-pipeline-stack.ts
FN:55,(anonymous_0)
FNF:1
FNH:1
FNDA:4,(anonymous_0)
DA:16,1
DA:17,1
DA:18,1
DA:25,1
DA:27,1
DA:28,1
DA:54,1
DA:56,4
DA:59,4
DA:68,4
DA:88,4
DA:91,4
DA:92,4
DA:93,4
DA:94,4
DA:102,4
DA:110,4
DA:118,4
DA:132,4
DA:141,4
DA:158,4
DA:165,4
DA:172,4
LF:23
LH:23
BRDA:82,0,0,4
BRDA:82,0,1,3
BRF:2
BRH:2
end_of_record
TN:
SF:lib/api/app-table-stack.ts
FN:27,(anonymous_0)
FNF:1
FNH:1
FNDA:4,(anonymous_0)
DA:17,1
DA:18,1
DA:20,1
DA:28,4
DA:31,4
DA:46,4
DA:47,4
DA:50,4
DA:66,4
DA:72,4
DA:74,4
DA:77,4
DA:87,4
DA:89,4
DA:92,4
DA:103,4
DA:105,4
DA:108,4
DA:120,4
DA:126,4
DA:128,4
LF:21
LH:21
BRF:0
BRH:0
end_of_record
TN:
SF:lib/api/appsync-stack.ts
FN:77,(anonymous_0)
FNF:1
FNH:1
FNDA:4,(anonymous_0)
DA:16,1
DA:17,1
DA:27,1
DA:28,1
DA:29,1
DA:73,1
DA:78,4
DA:84,4
DA:88,4
DA:100,4
DA:102,4
DA:103,4
DA:112,4
DA:114,1
DA:124,3
DA:130,3
DA:140,4
DA:162,4
DA:178,4
DA:183,4
DA:185,4
DA:193,4
DA:197,4
DA:205,4
DA:208,4
LF:25
LH:25
BRDA:112,0,0,1
BRDA:112,0,1,3
BRF:2
BRH:2
end_of_record
TN:
SF:lib/api/cluster-flow.ts
FN:55,(anonymous_0)
FN:77,(anonymous_1)
FN:97,(anonymous_2)
FN:110,(anonymous_3)
FNF:4
FNH:4
FNDA:12,(anonymous_0)
FNDA:12,(anonymous_1)
FNDA:8,(anonymous_2)
FNDA:4,(anonymous_3)
DA:16,1
DA:19,1
DA:26,1
DA:51,1
DA:56,12
DA:78,12
DA:98,8
DA:111,4
DA:113,4
DA:115,4
DA:116,4
DA:117,4
DA:119,4
DA:120,4
DA:121,4
DA:123,4
DA:130,4
DA:140,4
DA:143,4
DA:144,4
DA:146,4
DA:147,4
DA:149,4
DA:155,4
DA:160,4
DA:164,4
DA:184,4
DA:193,4
DA:194,4
DA:196,4
LF:30
LH:30
BRF:0
BRH:0
end_of_record
TN:
SF:lib/api/cluster-stack.ts
FN:85,(anonymous_0)
FNF:1
FNH:1
FNDA:4,(anonymous_0)
DA:16,1
DA:17,1
DA:18,1
DA:28,1
DA:30,1
DA:31,1
DA:32,1
DA:82,1
DA:86,4
DA:89,4
DA:100,4
DA:101,4
DA:102,4
DA:115,4
DA:121,4
DA:140,4
DA:167,4
DA:168,4
DA:169,4
DA:171,4
DA:234,4
DA:237,4
DA:238,4
DA:250,4
DA:259,4
DA:268,4
DA:275,4
DA:289,4
DA:298,4
DA:307,4
DA:316,4
DA:328,4
DA:335,4
DA:347,4
DA:355,4
DA:362,4
LF:36
LH:36
BRDA:155,0,0,4
BRDA:155,0,1,3
BRF:2
BRH:2
end_of_record
TN:
SF:lib/api/common-resource-stack.ts
FN:47,(anonymous_0)
FNF:1
FNH:1
FNDA:4,(anonymous_0)
DA:16,1
DA:17,1
DA:18,1
DA:25,1
DA:27,1
DA:28,1
DA:46,1
DA:48,4
DA:51,4
DA:69,4
DA:72,4
DA:172,4
DA:173,4
DA:174,4
DA:185,4
DA:194,4
DA:203,4
DA:215,4
DA:227,4
DA:239,4
LF:20
LH:20
BRDA:62,0,0,4
BRDA:62,0,1,3
BRF:2
BRH:2
end_of_record
TN:
SF:lib/api/cross-account-stack.ts
FN:46,(anonymous_0)
FNF:1
FNH:1
FNDA:4,(anonymous_0)
DA:16,1
DA:17,1
DA:18,1
DA:26,1
DA:28,1
DA:40,1
DA:47,4
DA:48,4
DA:50,4
DA:69,4
DA:84,4
DA:86,4
DA:89,4
DA:107,4
DA:115,4
DA:123,4
DA:126,4
DA:153,4
DA:156,4
DA:176,4
DA:184,4
DA:201,4
DA:218,4
DA:229,4
LF:24
LH:24
BRDA:115,0,0,0
BRDA:115,0,1,4
BRDA:115,1,0,4
BRDA:115,1,1,4
BRDA:145,2,0,4
BRDA:145,2,1,3
BRF:6
BRH:5
end_of_record
TN:
SF:lib/api/cwl-stack.ts
FN:56,(anonymous_0)
FNF:1
FNH:1
FNDA:4,(anonymous_0)
DA:16,1
DA:17,1
DA:18,1
DA:27,1
DA:29,1
DA:30,1
DA:31,1
DA:35,1
DA:53,1
DA:57,4
DA:59,4
DA:64,4
DA:69,4
DA:74,4
DA:81,4
DA:86,4
DA:88,4
DA:95,4
DA:115,4
DA:117,4
DA:134,4
DA:135,4
DA:136,4
DA:137,4
DA:139,4
DA:141,4
DA:149,4
DA:157,4
DA:164,4
DA:171,4
LF:30
LH:30
BRDA:105,0,0,4
BRDA:105,0,1,3
BRF:2
BRH:2
end_of_record
TN:
SF:lib/api/ec2-iam-instance-profile.ts
FN:41,(anonymous_0)
FNF:1
FNH:1
FNDA:5,(anonymous_0)
DA:16,2
DA:22,2
DA:23,2
DA:24,2
DA:36,2
DA:42,5
DA:44,5
DA:45,5
DA:46,5
DA:49,5
DA:99,5
DA:100,5
DA:102,5
DA:109,5
DA:118,5
DA:122,5
DA:124,5
DA:125,5
DA:127,5
DA:130,5
LF:20
LH:20
BRF:0
BRH:0
end_of_record
TN:
SF:lib/api/instance-stack.ts
FN:46,(anonymous_0)
FNF:1
FNH:1
FNDA:4,(anonymous_0)
DA:16,1
DA:17,1
DA:18,1
DA:27,1
DA:28,1
DA:29,1
DA:43,1
DA:47,4
DA:50,4
DA:53,4
DA:59,4
DA:134,4
DA:155,4
DA:156,4
DA:159,4
DA:172,4
DA:173,4
DA:176,4
DA:184,4
DA:201,4
DA:213,4
LF:21
LH:21
BRDA:148,0,0,4
BRDA:148,0,1,3
BRF:2
BRH:2
end_of_record
TN:
SF:lib/api/log-conf-stack.ts
FN:41,(anonymous_0)
FNF:1
FNH:1
FNDA:4,(anonymous_0)
DA:17,1
DA:18,1
DA:19,1
DA:25,1
DA:26,1
DA:40,1
DA:42,4
DA:45,4
DA:63,4
DA:72,4
DA:75,4
DA:85,4
DA:94,4
DA:101,4
DA:110,4
DA:124,4
LF:16
LH:16
BRDA:56,0,0,4
BRDA:56,0,1,3
BRF:2
BRH:2
end_of_record
TN:
SF:lib/api/log-source-stack.ts
FN:49,(anonymous_0)
FNF:1
FNH:1
FNDA:4,(anonymous_0)
DA:16,1
DA:17,1
DA:18,1
DA:25,1
DA:26,1
DA:46,1
DA:50,4
DA:53,4
DA:72,4
DA:93,4
DA:94,4
DA:95,4
DA:96,4
DA:97,4
DA:100,4
DA:115,4
DA:141,4
DA:149,4
DA:156,4
DA:164,4
DA:171,4
DA:178,4
DA:186,4
LF:23
LH:23
BRDA:89,0,0,4
BRDA:89,0,1,3
BRF:2
BRH:2
end_of_record
TN:
SF:lib/api/pipeline-alarm-stack.ts
FN:46,(anonymous_0)
FNF:1
FNH:1
FNDA:4,(anonymous_0)
DA:16,1
DA:17,1
DA:18,1
DA:25,1
DA:27,1
DA:28,1
DA:45,1
DA:47,4
DA:49,4
DA:54,4
DA:59,4
DA:66,4
DA:89,4
DA:90,4
DA:91,4
DA:93,4
DA:122,4
DA:123,4
DA:135,4
DA:143,4
DA:150,4
DA:157,4
DA:164,4
LF:23
LH:23
BRDA:79,0,0,4
BRDA:79,0,1,3
BRF:2
BRH:2
end_of_record
TN:
SF:lib/api/svc-pipeline-flow.ts
FN:69,(anonymous_0)
FNF:1
FNH:1
FNDA:4,(anonymous_0)
DA:16,1
DA:19,1
DA:30,1
DA:31,1
DA:32,1
DA:34,1
DA:65,1
DA:70,4
DA:72,4
DA:73,4
DA:76,4
DA:79,4
DA:95,4
DA:97,4
DA:106,4
DA:112,4
DA:115,4
DA:126,4
DA:131,4
DA:135,4
DA:157,4
DA:176,4
DA:178,4
DA:206,4
DA:207,4
DA:218,4
DA:224,4
DA:225,4
DA:227,4
DA:232,4
DA:241,4
DA:242,4
DA:244,4
LF:33
LH:33
BRDA:91,0,0,1
BRDA:91,0,1,3
BRDA:169,1,0,1
BRDA:169,1,1,3
BRF:4
BRH:4
end_of_record
TN:
SF:lib/api/svc-pipeline-stack.ts
FN:56,(anonymous_0)
FNF:1
FNH:1
FNDA:4,(anonymous_0)
DA:16,1
DA:17,1
DA:18,1
DA:26,1
DA:28,1
DA:29,1
DA:30,1
DA:53,1
DA:57,4
DA:60,4
DA:71,4
DA:73,4
DA:74,4
DA:87,4
DA:94,4
DA:115,4
DA:116,4
DA:117,4
DA:124,4
DA:132,4
DA:135,4
DA:144,4
DA:161,4
DA:173,4
DA:185,4
LF:25
LH:25
BRDA:107,0,0,4
BRDA:107,0,1,3
BRF:2
BRH:2
end_of_record
TN:
SF:lib/kinesis/kds-stack.ts
FN:109,(anonymous_0)
FN:492,(anonymous_1)
FN:494,(anonymous_2)
FNF:3
FNH:1
FNDA:5,(anonymous_0)
FNDA:0,(anonymous_1)
FNDA:0,(anonymous_2)
DA:16,2
DA:17,2
DA:38,2
DA:39,2
DA:40,2
DA:42,2
DA:43,2
DA:100,2
DA:110,5
DA:112,5
DA:116,5
DA:118,5
DA:124,5
DA:135,5
DA:136,5
DA:138,5
DA:150,5
DA:157,5
DA:165,5
DA:166,5
DA:169,5
DA:170,3
DA:171,3
DA:188,3
DA:189,3
DA:206,3
DA:217,3
DA:218,3
DA:229,3
DA:237,3
DA:243,3
DA:318,3
DA:329,3
DA:338,3
DA:344,3
DA:351,3
DA:361,3
DA:371,3
DA:374,3
DA:384,3
DA:388,3
DA:393,3
DA:394,3
DA:397,3
DA:407,3
DA:411,3
DA:414,3
DA:415,3
DA:417,3
DA:430,3
DA:437,3
DA:450,3
DA:459,3
DA:470,3
DA:474,3
DA:492,0
DA:495,0
DA:496,0
LF:58
LH:55
BRDA:169,0,0,3
BRDA:169,1,0,0
BRDA:169,1,1,5
BRDA:169,2,0,5
BRDA:169,2,1,5
BRDA:495,3,0,0
BRF:6
BRH:4
end_of_record
TN:
SF:lib/layer/layer.ts
FN:22,(anonymous_0)
FN:34,(anonymous_1)
FNF:2
FNH:2
FNDA:112,(anonymous_0)
FNDA:20,(anonymous_1)
DA:17,3
DA:18,3
DA:21,3
DA:23,112
DA:24,112
DA:25,112
DA:26,20
DA:27,20
DA:29,112
DA:32,3
DA:35,20
LF:11
LH:11
BRDA:25,0,0,20
BRF:1
BRH:1
end_of_record
TN:
SF:lib/main/auth-stack.ts
FN:42,(anonymous_0)
FNF:1
FNH:1
FNDA:3,(anonymous_0)
DA:16,1
DA:17,1
DA:23,1
DA:37,1
DA:43,3
DA:45,3
DA:48,3
DA:64,3
DA:65,3
DA:70,3
DA:78,3
DA:90,3
DA:97,3
DA:98,3
DA:99,3
LF:15
LH:15
BRF:0
BRH:0
end_of_record
TN:
SF:lib/main/cfn-flow-stack.ts
FN:60,(anonymous_0)
FNF:1
FNH:1
FNDA:4,(anonymous_0)
DA:17,1
DA:18,1
DA:29,1
DA:30,1
DA:31,1
DA:32,1
DA:57,1
DA:61,4
DA:63,4
DA:66,4
DA:67,4
DA:70,4
DA:90,4
DA:421,4
DA:429,4
DA:430,4
DA:451,4
DA:466,4
DA:475,4
DA:476,4
DA:483,4
DA:494,4
DA:500,4
DA:505,4
DA:515,4
DA:519,4
DA:526,4
DA:533,4
DA:536,4
DA:544,4
DA:548,4
DA:567,4
DA:575,4
DA:584,4
DA:588,4
LF:35
LH:35
BRDA:66,0,0,4
BRDA:66,0,1,3
BRDA:67,1,0,4
BRDA:67,1,1,4
BRDA:84,2,0,4
BRDA:84,2,1,3
BRDA:460,3,0,4
BRDA:460,3,1,3
BRF:8
BRH:8
end_of_record
TN:
SF:lib/main/cr-stack.ts
FN:122,(anonymous_0)
FN:209,(anonymous_1)
FN:211,(anonymous_2)
FNF:3
FNH:3
FNDA:4,(anonymous_0)
FNDA:4,(anonymous_1)
FNDA:72,(anonymous_2)
DA:17,1
DA:18,1
DA:31,1
DA:119,1
DA:123,4
DA:126,4
DA:127,4
DA:130,4
DA:134,4
DA:140,4
DA:144,4
DA:172,4
DA:185,4
DA:204,4
DA:209,4
DA:212,72
DA:213,0
LF:17
LH:16
BRDA:126,0,0,4
BRDA:126,0,1,3
BRDA:127,1,0,4
BRDA:127,1,1,4
BRDA:165,2,0,4
BRDA:165,2,1,3
BRDA:212,3,0,0
BRDA:212,4,0,72
BRDA:212,4,1,0
BRF:9
BRH:7
end_of_record
TN:
SF:lib/main/ecs-cluster-stack.ts
FN:38,(anonymous_0)
FNF:1
FNH:1
FNDA:4,(anonymous_0)
DA:17,1
DA:18,1
DA:35,1
DA:39,4
DA:41,4
DA:43,4
LF:6
LH:6
BRF:0
BRH:0
end_of_record
TN:
SF:lib/main/portal-stack.ts
FN:79,(anonymous_0)
FN:118,(anonymous_1)
FNF:2
FNH:2
FNDA:4,(anonymous_0)
FNDA:4,(anonymous_1)
DA:17,1
DA:18,1
DA:19,1
DA:29,1
DA:30,1
DA:31,1
DA:74,1
DA:80,4
DA:82,4
DA:91,4
DA:101,4
DA:111,4
DA:118,4
DA:119,4
DA:120,3
DA:156,1
DA:160,4
DA:186,4
DA:201,4
DA:202,4
DA:205,4
DA:208,4
DA:213,4
DA:217,1
DA:221,1
DA:230,1
DA:231,1
DA:242,1
DA:246,1
DA:255,1
DA:263,1
DA:275,1
DA:285,4
DA:286,4
DA:290,4
LF:35
LH:35
BRDA:119,0,0,3
BRDA:213,1,0,1
BRDA:230,2,0,1
BRF:3
BRH:3
end_of_record
TN:
SF:lib/main/vpc-stack.ts
FN:62,(anonymous_0)
FN:117,(anonymous_1)
FN:123,(anonymous_2)
FN:135,(anonymous_3)
FN:142,(anonymous_4)
FN:149,(anonymous_5)
FNF:6
FNH:6
FNDA:5,(anonymous_0)
FNDA:8,(anonymous_1)
FNDA:8,(anonymous_2)
FNDA:8,(anonymous_3)
FNDA:8,(anonymous_4)
FNDA:8,(anonymous_5)
DA:16,1
DA:17,1
DA:31,1
DA:32,1
DA:33,1
DA:34,1
DA:55,1
DA:63,5
DA:65,5
DA:66,1
DA:67,1
DA:72,4
DA:77,4
DA:78,4
DA:86,4
DA:117,8
DA:119,4
DA:123,4
DA:124,8
DA:125,8
DA:132,4
DA:135,8
DA:139,4
DA:142,8
DA:146,4
DA:149,8
DA:155,5
DA:160,5
DA:165,5
DA:170,5
DA:171,5
DA:172,5
DA:189,5
DA:198,5
DA:203,5
DA:208,5
DA:213,5
DA:218,5
DA:219,5
DA:220,5
DA:228,5
DA:233,5
DA:238,5
DA:243,5
DA:244,5
DA:245,5
DA:252,5
DA:257,5
DA:262,5
DA:267,5
LF:50
LH:50
BRDA:65,0,0,1
BRDA:65,0,1,4
BRDA:65,1,0,1
BRDA:65,1,1,4
BRDA:65,2,0,5
BRDA:65,2,1,5
BRF:6
BRH:6
end_of_record
TN:
SF:lib/opensearch/alarm-for-opensearch-stack.ts
FN:55,createOpenSearchAlarm
FN:113,createSubscription
FN:141,(anonymous_2)
FN:148,(anonymous_3)
FN:154,(anonymous_4)
FNF:5
FNH:5
FNDA:14,createOpenSearchAlarm
FNDA:1,createSubscription
FNDA:3,(anonymous_2)
FNDA:15,(anonymous_3)
FNDA:1,(anonymous_4)
DA:17,1
DA:32,1
DA:40,1
DA:70,14
DA:71,14
DA:75,14
DA:80,14
DA:93,14
DA:108,14
DA:109,14
DA:121,1
DA:135,1
DA:136,1
DA:137,1
DA:138,1
DA:139,1
DA:142,3
DA:149,15
DA:155,1
DA:158,1
DA:159,1
DA:161,1
DA:163,1
DA:172,1
DA:178,1
DA:180,1
DA:185,1
DA:189,1
DA:196,1
DA:198,1
DA:205,1
DA:207,1
DA:213,1
DA:215,1
DA:225,1
DA:230,1
DA:240,1
DA:245,1
DA:256,1
DA:261,1
DA:268,1
DA:270,1
DA:277,1
DA:279,1
DA:290,1
DA:295,1
DA:306,1
DA:311,1
DA:318,1
DA:320,1
DA:327,1
DA:329,1
DA:335,1
DA:337,1
DA:342,1
DA:343,1
DA:359,1
DA:360,1
DA:362,1
DA:371,1
DA:413,1
DA:419,1
DA:430,1
DA:440,1
DA:458,1
DA:468,1
DA:486,1
DA:496,1
DA:514,1
DA:524,1
DA:542,1
DA:548,1
DA:566,1
DA:576,1
DA:594,1
DA:604,1
DA:620,1
DA:638,1
DA:648,1
DA:663,1
DA:681,1
DA:691,1
DA:709,1
DA:719,1
DA:737,1
DA:747,1
DA:765,1
DA:775,1
LF:88
LH:88
BRDA:158,0,0,1
BRDA:158,0,1,1
BRDA:159,1,0,1
BRDA:159,1,1,1
BRF:4
BRH:4
end_of_record
TN:
SF:lib/opensearch/nginx-for-opensearch-stack.ts
FN:55,(anonymous_0)
FN:62,(anonymous_1)
FN:68,(anonymous_2)
FN:501,(anonymous_3)
FN:503,(anonymous_4)
FNF:5
FNH:5
FNDA:3,(anonymous_0)
FNDA:14,(anonymous_1)
FNDA:1,(anonymous_2)
FNDA:1,(anonymous_3)
FNDA:45,(anonymous_4)
DA:18,1
DA:35,1
DA:36,1
DA:37,1
DA:39,1
DA:47,1
DA:48,1
DA:49,1
DA:50,1
DA:51,1
DA:52,1
DA:53,1
DA:56,3
DA:63,14
DA:69,1
DA:72,1
DA:73,1
DA:74,1
DA:76,1
DA:83,1
DA:89,1
DA:91,1
DA:97,1
DA:99,1
DA:105,1
DA:107,1
DA:117,1
DA:122,1
DA:128,1
DA:130,1
DA:135,1
DA:137,1
DA:143,1
DA:145,1
DA:151,1
DA:153,1
DA:163,1
DA:168,1
DA:174,1
DA:176,1
DA:185,1
DA:190,1
DA:197,1
DA:200,1
DA:206,1
DA:209,1
DA:214,1
DA:216,1
DA:226,1
DA:232,1
DA:241,1
DA:249,1
DA:254,1
DA:262,1
DA:267,1
DA:280,1
DA:283,1
DA:286,1
DA:289,1
DA:296,1
DA:304,1
DA:330,1
DA:346,1
DA:355,1
DA:362,1
DA:370,1
DA:378,1
DA:379,1
DA:380,1
DA:383,1
DA:394,1
DA:406,1
DA:408,1
DA:412,1
DA:417,1
DA:424,1
DA:432,1
DA:438,1
DA:455,1
DA:479,1
DA:487,1
DA:493,1
DA:501,1
DA:504,45
DA:508,1
DA:512,1
LF:86
LH:86
BRDA:72,0,0,1
BRDA:72,0,1,1
BRDA:73,1,0,1
BRDA:73,1,1,1
BRDA:504,2,0,1
BRDA:505,3,0,45
BRDA:505,3,1,10
BRF:7
BRH:7
end_of_record
TN:
SF:lib/pipeline/application/app-log-pipeline-stack.ts
FN:47,(anonymous_0)
FNF:1
FNH:1
FNDA:5,(anonymous_0)
DA:17,1
DA:18,1
DA:20,1
DA:21,1
DA:23,1
DA:27,1
DA:28,1
DA:32,1
DA:46,1
DA:48,5
DA:51,5
DA:52,5
DA:53,5
DA:55,5
DA:57,5
DA:61,5
DA:68,5
DA:70,5
DA:76,5
DA:78,5
DA:83,5
DA:85,5
DA:91,5
DA:93,5
DA:99,5
DA:101,5
DA:107,5
DA:109,5
DA:115,5
DA:117,5
DA:123,5
DA:125,5
DA:131,5
DA:133,5
DA:139,5
DA:141,5
DA:148,5
DA:150,5
DA:157,5
DA:159,5
DA:165,5
DA:167,5
DA:172,5
DA:174,5
DA:180,5
DA:182,5
DA:187,5
DA:189,5
DA:195,5
DA:197,5
DA:202,5
DA:207,5
DA:212,5
DA:217,5
DA:223,5
DA:229,5
DA:235,5
DA:236,5
DA:238,5
DA:248,5
DA:249,1
DA:256,1
DA:258,1
DA:264,1
DA:266,1
DA:271,1
DA:273,1
DA:278,1
DA:280,1
DA:286,1
DA:288,1
DA:298,1
DA:301,1
DA:319,1
DA:325,1
DA:326,1
DA:329,1
DA:341,1
DA:345,1
DA:346,1
DA:347,1
DA:348,1
DA:349,1
DA:350,4
DA:351,3
DA:357,3
DA:363,3
DA:369,3
DA:377,3
DA:385,3
DA:396,3
DA:398,3
DA:399,3
DA:401,3
DA:411,3
DA:412,3
DA:413,3
DA:414,1
DA:415,1
DA:423,1
DA:428,1
DA:430,1
DA:435,1
DA:437,1
DA:442,1
DA:447,1
DA:454,1
DA:464,1
DA:466,1
DA:467,1
DA:469,1
DA:470,1
DA:471,1
DA:474,0
DA:497,5
DA:498,4
DA:504,4
DA:506,4
DA:507,4
DA:512,5
DA:534,5
DA:540,5
DA:541,5
DA:546,5
DA:554,5
DA:561,5
DA:574,5
LF:127
LH:126
BRDA:51,0,0,5
BRDA:51,0,1,5
BRDA:52,1,0,5
BRDA:52,1,1,5
BRDA:55,2,0,0
BRDA:55,2,1,5
BRDA:248,3,0,1
BRDA:248,3,1,4
BRDA:350,4,0,3
BRDA:350,4,1,1
BRDA:414,5,0,1
BRDA:414,5,1,0
BRDA:497,6,0,4
BRDA:517,7,0,0
BRDA:517,7,1,5
BRF:15
BRH:12
end_of_record
TN:
SF:lib/pipeline/application/app-log-processor.ts
FN:78,(anonymous_0)
FNF:1
FNH:1
FNDA:6,(anonymous_0)
DA:16,2
DA:17,2
DA:28,2
DA:29,2
DA:30,2
DA:31,2
DA:32,2
DA:74,2
DA:79,6
DA:82,6
DA:101,6
DA:106,6
DA:113,6
DA:143,6
DA:155,6
DA:165,6
DA:180,6
DA:187,6
DA:192,6
LF:19
LH:19
BRDA:131,0,0,6
BRDA:131,0,1,0
BRDA:131,1,0,6
BRDA:131,1,1,6
BRDA:134,2,0,6
BRDA:134,2,1,2
BRF:6
BRH:5
end_of_record
TN:
SF:lib/pipeline/application/msk-stack.ts
FN:92,(anonymous_0)
FNF:1
FNH:1
FNDA:1,(anonymous_0)
DA:17,1
DA:18,1
DA:24,1
DA:26,1
DA:88,1
DA:93,1
DA:96,1
DA:111,1
DA:113,1
DA:121,1
DA:123,1
DA:124,1
LF:12
LH:12
BRF:0
BRH:0
end_of_record
TN:
SF:lib/pipeline/application/s3-source-stack.ts
FN:106,(anonymous_0)
FN:374,(anonymous_1)
FN:380,(anonymous_2)
FN:382,(anonymous_3)
FN:390,(anonymous_4)
FN:395,(anonymous_5)
FN:409,(anonymous_6)
FN:440,(anonymous_7)
FN:442,(anonymous_8)
FNF:9
FNH:9
FNDA:1,(anonymous_0)
FNDA:9,(anonymous_1)
FNDA:9,(anonymous_2)
FNDA:31,(anonymous_3)
FNDA:1,(anonymous_4)
FNDA:98,(anonymous_5)
FNDA:1,(anonymous_6)
FNDA:1,(anonymous_7)
FNDA:98,(anonymous_8)
DA:17,1
DA:18,1
DA:38,1
DA:39,1
DA:40,1
DA:45,1
DA:46,1
DA:47,1
DA:54,1
DA:55,1
DA:60,1
DA:65,1
DA:70,1
DA:75,1
DA:80,1
DA:87,1
DA:93,1
DA:100,1
DA:107,1
DA:110,1
DA:113,1
DA:119,1
DA:124,1
DA:125,1
DA:126,1
DA:128,1
DA:132,1
DA:138,1
DA:144,1
DA:150,1
DA:154,1
DA:169,1
DA:174,1
DA:191,1
DA:198,1
DA:205,1
DA:211,1
DA:213,1
DA:219,1
DA:229,1
DA:235,1
DA:244,1
DA:249,1
DA:256,1
DA:267,1
DA:277,1
DA:290,1
DA:299,1
DA:300,1
DA:318,1
DA:337,1
DA:358,1
DA:366,6
DA:369,1
DA:370,2
DA:375,9
DA:380,9
DA:383,31
DA:384,12
DA:391,1
DA:392,1
DA:396,98
DA:400,1
DA:401,1
DA:410,1
DA:412,1
DA:440,1
DA:443,98
DA:444,1
LF:69
LH:69
BRDA:124,0,0,1
BRDA:124,0,1,1
BRDA:125,1,0,1
BRDA:125,1,1,1
BRDA:383,2,0,12
BRDA:396,3,0,1
BRDA:397,4,0,98
BRDA:397,4,1,27
BRDA:443,5,0,1
BRDA:443,6,0,98
BRDA:443,6,1,27
BRF:11
BRH:11
end_of_record
TN:
SF:lib/pipeline/application/syslog-to-ecs-stack.ts
FN:57,(anonymous_0)
FN:330,(anonymous_1)
FN:377,(anonymous_2)
FN:383,(anonymous_3)
FN:385,(anonymous_4)
FN:393,(anonymous_5)
FNF:6
FNH:3
FNDA:1,(anonymous_0)
FNDA:1,(anonymous_1)
FNDA:0,(anonymous_2)
FNDA:0,(anonymous_3)
FNDA:0,(anonymous_4)
FNDA:45,(anonymous_5)
DA:17,1
DA:35,1
DA:36,1
DA:37,1
DA:44,1
DA:45,1
DA:46,1
DA:47,1
DA:48,1
DA:56,1
DA:58,1
DA:61,1
DA:62,1
DA:63,1
DA:65,1
DA:69,1
DA:75,1
DA:81,1
DA:87,1
DA:93,1
DA:99,1
DA:104,1
DA:113,1
DA:119,1
DA:126,1
DA:132,1
DA:140,1
DA:151,1
DA:156,1
DA:158,1
DA:168,1
DA:174,1
DA:179,1
DA:184,1
DA:189,1
DA:194,1
DA:199,1
DA:206,1
DA:207,1
DA:208,1
DA:230,1
DA:239,1
DA:246,1
DA:251,1
DA:258,1
DA:274,1
DA:284,1
DA:300,1
DA:311,1
DA:314,1
DA:315,1
DA:317,1
DA:325,1
DA:327,1
DA:333,1
DA:347,1
DA:370,1
DA:372,1
DA:374,1
DA:378,0
DA:383,0
DA:386,0
DA:387,0
DA:394,45
DA:398,1
LF:65
LH:61
BRDA:61,0,0,1
BRDA:61,0,1,1
BRDA:62,1,0,1
BRDA:62,1,1,1
BRDA:386,2,0,0
BRDA:394,3,0,1
BRDA:395,4,0,45
BRDA:395,4,1,12
BRF:8
BRH:7
end_of_record
TN:
SF:lib/pipeline/common/cwl-metric-stack.ts
FN:36,(anonymous_0)
FNF:1
FNH:1
FNDA:20,(anonymous_0)
DA:17,3
DA:18,3
DA:35,3
DA:37,20
DA:40,20
DA:42,8
DA:44,8
DA:52,8
DA:60,8
DA:68,8
DA:75,12
DA:80,1
DA:82,1
DA:90,1
DA:98,1
DA:105,11
DA:109,7
DA:111,7
DA:119,7
DA:127,7
DA:134,4
DA:136,4
DA:148,4
DA:160,4
DA:172,4
DA:184,4
DA:196,4
DA:208,4
DA:220,4
DA:232,4
LF:30
LH:30
BRDA:40,0,0,8
BRDA:40,0,1,12
BRDA:75,1,0,1
BRDA:75,1,1,11
BRDA:105,2,0,7
BRDA:105,2,1,4
BRDA:134,3,0,4
BRF:7
BRH:7
end_of_record
TN:
SF:lib/pipeline/common/opensearch-init-stack.ts
FN:124,(anonymous_0)
FN:264,(anonymous_1)
FN:266,(anonymous_2)
FNF:3
FNH:3
FNDA:16,(anonymous_0)
FNDA:16,(anonymous_1)
FNDA:336,(anonymous_2)
DA:17,2
DA:18,2
DA:30,2
DA:31,2
DA:32,2
DA:34,2
DA:121,2
DA:125,16
DA:128,16
DA:131,16
DA:137,16
DA:142,16
DA:180,16
DA:187,16
DA:190,16
DA:193,16
DA:233,16
DA:235,16
DA:237,16
DA:238,16
DA:240,16
DA:259,16
DA:264,16
DA:267,336
DA:268,5
LF:25
LH:25
BRDA:212,0,0,16
BRDA:212,0,1,0
BRDA:214,1,0,16
BRDA:214,1,1,0
BRDA:216,2,0,16
BRDA:216,2,1,0
BRDA:217,3,0,16
BRDA:217,3,1,0
BRDA:219,4,0,16
BRDA:219,4,1,0
BRDA:220,5,0,16
BRDA:220,5,1,0
BRDA:221,6,0,16
BRDA:221,6,1,0
BRDA:222,7,0,16
BRDA:222,7,1,0
BRDA:223,8,0,16
BRDA:223,8,1,0
BRDA:224,9,0,16
BRDA:224,9,1,0
BRDA:225,10,0,16
BRDA:225,10,1,0
BRDA:226,11,0,16
BRDA:226,11,1,0
BRDA:227,12,0,16
BRDA:227,12,1,0
BRDA:228,13,0,16
BRDA:228,13,1,10
BRDA:230,14,0,16
BRDA:230,14,1,11
BRDA:267,15,0,5
BRDA:267,16,0,336
BRDA:267,16,1,30
BRF:33
BRH:20
end_of_record
TN:
SF:lib/pipeline/common/solution-stack.ts
FN:32,(anonymous_0)
FN:36,(anonymous_1)
FN:39,(anonymous_2)
FN:57,(anonymous_3)
FN:63,(anonymous_4)
FN:83,(anonymous_5)
FN:94,(anonymous_6)
FN:96,(anonymous_7)
FNF:8
FNH:8
FNDA:18,(anonymous_0)
FNDA:9,(anonymous_1)
FNDA:191,(anonymous_2)
FNDA:368,(anonymous_3)
FNDA:17,(anonymous_4)
FNDA:1,(anonymous_5)
FNDA:6,(anonymous_6)
FNDA:17,(anonymous_7)
DA:17,4
DA:32,4
DA:33,18
DA:34,18
DA:37,9
DA:40,191
DA:58,368
DA:64,17
DA:87,1
DA:93,4
DA:94,6
DA:97,17
DA:98,2
LF:13
LH:13
BRDA:97,0,0,2
BRF:1
BRH:1
end_of_record
TN:
SF:lib/pipeline/service/cloudfront-realtime-log-stack.ts
FN:50,(anonymous_0)
FN:440,(anonymous_1)
FN:505,(anonymous_2)
FN:516,(anonymous_3)
FNF:4
FNH:4
FNDA:1,(anonymous_0)
FNDA:1,(anonymous_1)
FNDA:1,(anonymous_2)
FNDA:1,(anonymous_3)
DA:17,1
DA:18,1
DA:19,1
DA:20,1
DA:24,1
DA:25,1
DA:36,1
DA:37,1
DA:38,1
DA:39,1
DA:41,1
DA:49,1
DA:51,1
DA:54,1
DA:55,1
DA:56,1
DA:58,1
DA:62,1
DA:67,1
DA:72,1
DA:80,1
DA:82,1
DA:87,1
DA:92,1
DA:99,1
DA:101,1
DA:107,1
DA:109,1
DA:114,1
DA:116,1
DA:122,1
DA:124,1
DA:130,1
DA:132,1
DA:138,1
DA:140,1
DA:146,1
DA:148,1
DA:154,1
DA:156,1
DA:162,1
DA:164,1
DA:170,1
DA:172,1
DA:179,1
DA:181,1
DA:188,1
DA:190,1
DA:196,1
DA:198,1
DA:203,1
DA:205,1
DA:211,1
DA:213,1
DA:218,1
DA:220,1
DA:226,1
DA:228,1
DA:232,1
DA:237,1
DA:244,1
DA:249,1
DA:255,1
DA:261,1
DA:269,1
DA:275,1
DA:281,1
DA:287,1
DA:295,1
DA:303,1
DA:318,1
DA:320,1
DA:321,1
DA:323,1
DA:333,1
DA:334,1
DA:335,1
DA:337,1
DA:343,1
DA:351,1
DA:353,1
DA:354,1
DA:356,1
DA:377,1
DA:384,1
DA:390,1
DA:391,1
DA:393,1
DA:400,1
DA:408,1
DA:415,1
DA:428,1
DA:439,1
DA:441,1
DA:443,1
DA:446,1
DA:471,1
DA:490,1
DA:506,1
DA:507,1
DA:509,1
DA:511,1
DA:517,1
DA:519,1
LF:104
LH:104
BRDA:54,0,0,1
BRDA:54,0,1,1
BRDA:55,1,0,1
BRDA:55,1,1,1
BRDA:361,2,0,0
BRDA:361,2,1,1
BRDA:509,3,0,1
BRDA:509,3,1,1
BRF:8
BRH:7
end_of_record
TN:
SF:lib/pipeline/service/cloudwatch-log-stack.ts
FN:48,(anonymous_0)
FNF:1
FNH:1
FNDA:1,(anonymous_0)
DA:18,1
DA:19,1
DA:20,1
DA:24,1
DA:25,1
DA:35,1
DA:36,1
DA:37,1
DA:39,1
DA:47,1
DA:49,1
DA:52,1
DA:53,1
DA:54,1
DA:56,1
DA:60,1
DA:66,1
DA:68,1
DA:74,1
DA:76,1
DA:82,1
DA:84,1
DA:91,1
DA:93,1
DA:99,1
DA:101,1
DA:106,1
DA:108,1
DA:114,1
DA:116,1
DA:122,1
DA:124,1
DA:130,1
DA:132,1
DA:138,1
DA:140,1
DA:146,1
DA:148,1
DA:154,1
DA:156,1
DA:162,1
DA:164,1
DA:171,1
DA:173,1
DA:180,1
DA:182,1
DA:188,1
DA:190,1
DA:195,1
DA:197,1
DA:203,1
DA:205,1
DA:210,1
DA:212,1
DA:218,1
DA:220,1
DA:224,1
DA:228,1
DA:232,1
DA:233,1
DA:240,1
DA:245,1
DA:251,1
DA:257,1
DA:265,1
DA:271,1
DA:277,1
DA:283,1
DA:291,1
DA:299,1
DA:314,1
DA:316,1
DA:317,1
DA:319,1
DA:329,1
DA:330,1
DA:331,1
DA:333,1
DA:339,1
DA:347,1
DA:349,1
DA:350,1
DA:352,1
DA:373,1
DA:379,1
DA:380,1
DA:382,1
DA:389,1
DA:397,1
DA:404,1
DA:417,1
DA:421,1
DA:432,1
DA:456,1
DA:461,1
DA:471,1
DA:499,1
DA:502,1
DA:503,1
DA:514,1
DA:540,1
DA:555,1
DA:563,1
DA:566,1
DA:572,1
DA:582,1
DA:596,1
DA:598,1
DA:606,1
DA:607,1
LF:110
LH:110
BRDA:52,0,0,1
BRDA:52,0,1,1
BRDA:53,1,0,1
BRDA:53,1,1,1
BRDA:357,2,0,0
BRDA:357,2,1,1
BRDA:531,3,0,1
BRDA:531,3,1,0
BRF:8
BRH:6
end_of_record
TN:
SF:lib/pipeline/service/cw-to-firehose-to-s3-stack.ts
FN:46,addCfnNagSuppressRules
FN:77,(anonymous_1)
FNF:2
FNH:1
FNDA:0,addCfnNagSuppressRules
FNDA:2,(anonymous_1)
DA:17,1
DA:19,1
DA:34,1
DA:35,1
DA:36,1
DA:37,1
DA:46,1
DA:50,0
DA:73,1
DA:78,2
DA:81,2
DA:88,2
DA:94,2
DA:98,2
DA:108,2
DA:109,2
DA:112,2
DA:116,2
DA:125,2
DA:149,2
DA:155,2
DA:166,2
DA:194,2
DA:197,2
DA:198,2
DA:209,2
DA:235,2
DA:250,2
DA:258,2
DA:262,2
DA:268,2
DA:278,2
DA:292,2
DA:294,2
DA:302,2
DA:304,2
DA:309,2
LF:37
LH:36
BRDA:226,0,0,2
BRDA:226,0,1,2
BRF:2
BRH:2
end_of_record
TN:
SF:lib/pipeline/service/s3-to-opensearch-stack.ts
FN:58,addCfnNagSuppressRules
FN:212,(anonymous_1)
FN:371,(anonymous_2)
FN:735,(anonymous_3)
FN:741,(anonymous_4)
FN:743,(anonymous_5)
FN:751,(anonymous_6)
FN:753,(anonymous_7)
FN:764,(anonymous_8)
FN:766,(anonymous_9)
FN:774,(anonymous_10)
FN:776,(anonymous_11)
FNF:12
FNH:12
FNDA:9,addCfnNagSuppressRules
FNDA:9,(anonymous_1)
FNDA:9,(anonymous_2)
FNDA:36,(anonymous_3)
FNDA:36,(anonymous_4)
FNDA:225,(anonymous_5)
FNDA:9,(anonymous_6)
FNDA:710,(anonymous_7)
FNDA:9,(anonymous_8)
FNDA:36,(anonymous_9)
FNDA:9,(anonymous_10)
FNDA:45,(anonymous_11)
DA:17,2
DA:18,2
DA:42,2
DA:43,2
DA:44,2
DA:45,2
DA:46,2
DA:47,2
DA:48,2
DA:58,2
DA:62,9
DA:149,2
DA:155,9
DA:213,9
DA:216,9
DA:222,9
DA:225,9
DA:228,9
DA:260,9
DA:268,9
DA:272,9
DA:274,9
DA:282,9
DA:291,9
DA:293,9
DA:303,9
DA:313,9
DA:315,9
DA:325,9
DA:344,9
DA:372,9
DA:373,1
DA:378,1
DA:379,1
DA:381,8
DA:388,9
DA:399,9
DA:401,9
DA:403,9
DA:416,9
DA:424,9
DA:435,9
DA:455,9
DA:469,9
DA:480,9
DA:483,9
DA:488,9
DA:501,9
DA:505,9
DA:506,9
DA:509,9
DA:514,9
DA:520,9
DA:525,9
DA:527,9
DA:533,9
DA:544,9
DA:545,9
DA:547,9
DA:559,9
DA:560,9
DA:561,9
DA:568,9
DA:575,9
DA:586,9
DA:591,9
DA:596,9
DA:598,9
DA:616,9
DA:631,9
DA:665,9
DA:679,9
DA:690,9
DA:697,9
DA:708,9
DA:712,9
DA:720,9
DA:724,9
DA:725,9
DA:729,9
DA:736,36
DA:741,36
DA:744,225
DA:745,16
DA:751,9
DA:754,710
DA:758,1
DA:764,9
DA:767,36
DA:768,1
DA:774,9
DA:777,45
DA:778,1
LF:93
LH:93
BRDA:275,0,0,9
BRDA:275,0,1,8
BRDA:365,1,0,9
BRDA:365,1,1,7
BRDA:372,2,0,1
BRDA:649,3,0,9
BRDA:649,3,1,7
BRDA:744,4,0,16
BRDA:754,5,0,1
BRDA:755,6,0,710
BRDA:755,6,1,31
BRDA:767,7,0,1
BRDA:777,8,0,1
BRF:13
BRH:13
end_of_record
TN:
SF:lib/pipeline/service/service-log-pipeline-stack.ts
FN:46,(anonymous_0)
FNF:1
FNH:1
FNDA:9,(anonymous_0)
DA:17,1
DA:18,1
DA:20,1
DA:24,1
DA:25,1
DA:29,1
DA:33,1
DA:35,1
DA:45,1
DA:47,9
DA:49,9
DA:51,9
DA:52,9
DA:54,9
DA:55,9
DA:57,9
DA:64,9
DA:66,9
DA:72,9
DA:74,9
DA:79,9
DA:81,9
DA:86,9
DA:88,9
DA:93,9
DA:95,9
DA:100,9
DA:102,9
DA:107,9
DA:109,9
DA:115,9
DA:117,9
DA:123,9
DA:125,9
DA:131,9
DA:133,9
DA:139,9
DA:141,9
DA:147,9
DA:149,9
DA:155,9
DA:157,9
DA:164,9
DA:166,9
DA:172,9
DA:174,9
DA:180,9
DA:182,9
DA:188,9
DA:190,9
DA:191,9
DA:193,9
DA:197,9
DA:202,9
DA:206,9
DA:208,9
DA:216,9
DA:221,9
DA:222,2
DA:228,2
DA:229,2
DA:233,9
DA:239,9
DA:245,9
DA:256,9
DA:269,8
DA:277,8
DA:279,8
DA:285,8
DA:287,8
DA:292,8
DA:294,8
DA:299,8
DA:301,8
DA:312,8
DA:325,8
DA:330,8
DA:334,8
DA:335,8
DA:338,8
DA:354,8
DA:359,8
DA:364,8
DA:365,2
DA:372,2
DA:374,2
DA:377,2
DA:387,2
DA:392,2
DA:396,2
DA:401,8
DA:402,1
DA:403,1
DA:408,1
DA:410,1
DA:416,1
DA:418,1
DA:423,1
DA:425,1
DA:433,1
DA:435,1
DA:445,1
DA:458,1
DA:463,1
DA:469,1
DA:485,1
DA:490,1
DA:496,9
DA:504,9
DA:512,9
DA:523,9
DA:524,2
DA:526,9
DA:528,9
LF:114
LH:114
BRDA:51,0,0,9
BRDA:51,0,1,9
BRDA:52,1,0,9
BRDA:52,1,1,9
BRDA:54,2,0,0
BRDA:54,2,1,9
BRDA:221,3,0,2
BRDA:256,4,0,8
BRDA:256,4,1,1
BRDA:364,5,0,2
BRDA:402,6,0,1
BRDA:523,7,0,2
BRF:12
BRH:11
end_of_record
TN:
SF:lib/pipeline/service/waf-sampled-stack.ts
FN:127,(anonymous_0)
FNF:1
FNH:1
FNDA:1,(anonymous_0)
DA:17,1
DA:18,1
DA:34,1
DA:35,1
DA:36,1
DA:37,1
DA:38,1
DA:123,1
DA:128,1
DA:131,1
DA:160,1
DA:164,1
DA:166,1
DA:174,1
DA:193,1
DA:228,1
DA:233,1
DA:238,1
DA:241,1
DA:249,1
DA:264,1
DA:267,1
DA:270,1
DA:276,1
LF:24
LH:24
BRDA:215,0,0,1
BRDA:215,0,1,1
BRF:2
BRH:2
end_of_record
TN:
SF:lib/subaccount/cross-account-stack.ts
FN:46,addCfnNagSuppressRules
FN:62,(anonymous_1)
FN:71,(anonymous_2)
FNF:3
FNH:3
FNDA:2,addCfnNagSuppressRules
FNDA:1,(anonymous_1)
FNDA:1,(anonymous_2)
DA:16,1
DA:32,1
DA:33,1
DA:35,1
DA:36,1
DA:46,1
DA:50,2
DA:61,1
DA:63,1
DA:68,1
DA:69,1
DA:72,1
DA:75,1
DA:76,1
DA:78,1
DA:80,1
DA:82,1
DA:89,1
DA:95,1
DA:98,1
DA:115,1
DA:167,1
DA:181,1
DA:196,1
DA:206,1
DA:243,1
DA:259,1
DA:266,1
DA:267,1
DA:279,1
DA:290,1
DA:297,1
DA:624,1
DA:625,1
DA:632,1
DA:634,1
DA:645,1
DA:703,1
DA:706,1
DA:712,1
DA:714,1
DA:788,1
DA:861,1
DA:866,1
DA:871,1
DA:876,1
DA:881,1
DA:886,1
DA:891,1
LF:49
LH:49
BRDA:75,0,0,1
BRDA:75,0,1,1
BRDA:76,1,0,1
BRDA:76,1,1,1
BRF:4
BRH:4
end_of_record
TN:
SF:lib/util/stack-helper.ts
FN:29,(anonymous_0)
FN:32,(anonymous_1)
FNF:2
FNH:2
FNDA:34,(anonymous_0)
FNDA:34,(anonymous_1)
DA:28,4
DA:29,4
DA:32,34
DA:33,34
LF:4
LH:4
BRF:0
BRH:0
end_of_record
