TN:
SF:src/API.ts
FNF:0
FNH:0
LF:0
LH:0
BRF:0
BRH:0
end_of_record
TN:
SF:src/App.tsx
FN:33,(anonymous_0)
FN:44,(anonymous_1)
FN:67,(anonymous_2)
FN:77,(anonymous_3)
FN:86,(anonymous_4)
FN:92,(anonymous_5)
FNF:6
FNH:0
FNDA:0,(anonymous_0)
FNDA:0,(anonymous_1)
FNDA:0,(anonymous_2)
FNDA:0,(anonymous_3)
FNDA:0,(anonymous_4)
FNDA:0,(anonymous_5)
DA:33,0
DA:34,0
DA:35,0
DA:36,0
DA:39,0
DA:40,0
DA:41,0
DA:42,0
DA:44,0
DA:45,0
DA:49,0
DA:50,0
DA:51,0
DA:61,0
DA:63,0
DA:67,0
DA:68,0
DA:69,0
DA:72,0
DA:73,0
DA:75,0
DA:76,0
DA:77,0
DA:78,0
DA:79,0
DA:80,0
DA:81,0
DA:86,0
DA:87,0
DA:88,0
DA:89,0
DA:90,0
DA:91,0
DA:92,0
DA:93,0
DA:94,0
DA:95,0
DA:96,0
DA:99,0
DA:102,0
DA:106,0
DA:107,0
DA:114,0
DA:115,0
DA:122,0
LF:45
LH:0
BRDA:50,0,0,0
BRDA:50,0,1,0
BRDA:57,1,0,0
BRDA:57,1,1,0
BRDA:68,2,0,0
BRDA:68,2,1,0
BRDA:88,3,0,0
BRDA:88,3,1,0
BRDA:89,4,0,0
BRDA:89,4,1,0
BRDA:106,5,0,0
BRDA:106,5,1,0
BRDA:114,6,0,0
BRDA:114,6,1,0
BRF:14
BRH:0
end_of_record
TN:
SF:src/Router.tsx
FN:71,(anonymous_0)
FNF:1
FNH:0
FNDA:0,(anonymous_0)
DA:71,1
DA:72,0
DA:73,0
LF:3
LH:1
BRF:0
BRH:0
end_of_record
TN:
SF:src/i18n.ts
FNF:0
FNH:0
DA:22,2
LF:1
LH:1
BRF:0
BRH:0
end_of_record
TN:
SF:src/index.tsx
FN:27,(anonymous_0)
FN:28,(anonymous_1)
FN:29,(anonymous_2)
FNF:3
FNH:0
FNDA:0,(anonymous_0)
FNDA:0,(anonymous_1)
FNDA:0,(anonymous_2)
DA:26,0
DA:27,0
DA:28,0
DA:29,0
DA:32,0
DA:35,0
DA:46,0
LF:7
LH:0
BRDA:26,0,0,0
BRDA:26,0,1,0
BRF:2
BRH:0
end_of_record
TN:
SF:src/react-app-env.d.ts
FNF:0
FNH:0
LF:0
LH:0
BRF:0
BRH:0
end_of_record
TN:
SF:src/reportWebVitals.ts
FN:19,(anonymous_0)
FN:21,(anonymous_1)
FNF:2
FNH:0
FNDA:0,(anonymous_0)
FNDA:0,(anonymous_1)
DA:19,0
DA:20,0
DA:21,0
DA:22,0
DA:23,0
DA:24,0
DA:25,0
DA:26,0
LF:8
LH:0
BRDA:20,0,0,0
BRDA:20,0,1,0
BRDA:20,1,0,0
BRDA:20,1,1,0
BRF:4
BRH:0
end_of_record
TN:
SF:src/assets/js/alert.ts
FN:21,(anonymous_0)
FN:29,(anonymous_1)
FNF:2
FNH:0
FNDA:0,(anonymous_0)
FNDA:0,(anonymous_1)
DA:21,1
DA:26,0
DA:29,1
DA:30,0
DA:32,0
DA:36,0
DA:41,0
DA:44,0
DA:46,0
DA:47,0
DA:50,0
DA:51,0
DA:54,0
DA:59,0
DA:62,0
DA:63,0
DA:66,0
DA:67,0
DA:70,0
DA:71,0
DA:74,0
DA:79,0
DA:82,0
DA:83,0
DA:86,0
DA:87,0
DA:90,0
LF:27
LH:2
BRDA:26,0,0,0
BRDA:26,0,1,0
BRDA:26,1,0,0
BRDA:26,1,1,0
BRDA:26,2,0,0
BRDA:26,2,1,0
BRDA:32,3,0,0
BRDA:32,3,1,0
BRDA:33,4,0,0
BRDA:33,4,1,0
BRDA:44,5,0,0
BRDA:44,5,1,0
BRDA:44,5,2,0
BRDA:44,5,3,0
BRDA:44,5,4,0
BRDA:44,5,5,0
BRDA:44,5,6,0
BRDA:44,5,7,0
BRDA:44,5,8,0
BRDA:44,5,9,0
BRF:20
BRH:0
end_of_record
TN:
SF:src/assets/js/applog.ts
FN:21,(anonymous_0)
FN:34,(anonymous_1)
FN:40,(anonymous_2)
FN:46,(anonymous_3)
FN:48,(anonymous_4)
FN:49,(anonymous_5)
FN:57,ParamListToObj
FN:61,(anonymous_7)
FN:67,(anonymous_8)
FN:69,(anonymous_9)
FN:83,(anonymous_10)
FN:124,(anonymous_11)
FNF:12
FNH:12
FNDA:3,(anonymous_0)
FNDA:2,(anonymous_1)
FNDA:3,(anonymous_2)
FNDA:2,(anonymous_3)
FNDA:5,(anonymous_4)
FNDA:3,(anonymous_5)
FNDA:2,ParamListToObj
FNDA:2,(anonymous_7)
FNDA:2,(anonymous_8)
FNDA:3,(anonymous_9)
FNDA:3,(anonymous_10)
FNDA:2,(anonymous_11)
DA:21,2
DA:25,3
DA:26,1
DA:28,2
DA:29,1
DA:31,1
DA:34,2
DA:38,2
DA:39,2
DA:40,3
DA:43,0
DA:46,2
DA:47,2
DA:48,5
DA:50,3
DA:60,2
DA:61,2
DA:62,2
DA:64,2
DA:67,2
DA:68,2
DA:69,3
DA:71,0
DA:83,2
DA:86,3
DA:87,3
DA:88,3
DA:89,3
DA:90,3
DA:91,3
DA:93,3
DA:94,0
DA:97,3
DA:98,0
DA:101,3
DA:105,3
DA:106,3
DA:109,3
DA:110,3
DA:114,3
DA:124,2
DA:125,2
DA:129,1
DA:130,1
DA:134,2
LF:45
LH:41
BRDA:25,0,0,1
BRDA:25,0,1,2
BRDA:28,1,0,1
BRDA:28,1,1,1
BRDA:38,2,0,2
BRDA:38,2,1,0
BRDA:40,3,0,2
BRDA:40,3,1,1
BRDA:68,4,0,2
BRDA:68,4,1,0
BRDA:69,5,0,2
BRDA:69,5,1,1
BRDA:93,6,0,0
BRDA:93,6,1,3
BRDA:97,7,0,0
BRDA:97,7,1,3
BRDA:101,8,0,3
BRDA:101,8,1,0
BRDA:102,9,0,3
BRDA:102,9,1,1
BRDA:105,10,0,3
BRDA:105,10,1,0
BRDA:109,11,0,3
BRDA:109,11,1,0
BRDA:109,12,0,3
BRDA:109,12,1,0
BRDA:125,13,0,1
BRDA:125,13,1,1
BRDA:126,14,0,2
BRDA:126,14,1,1
BRF:30
BRH:22
end_of_record
TN:
SF:src/assets/js/const.ts
FN:81,(anonymous_0)
FN:644,(anonymous_1)
FNF:2
FNH:0
FNDA:0,(anonymous_0)
FNDA:0,(anonymous_1)
DA:36,10
DA:37,10
DA:39,10
DA:41,10
DA:42,10
DA:43,10
DA:44,10
DA:46,10
DA:47,10
DA:48,10
DA:50,10
DA:51,10
DA:52,10
DA:53,10
DA:54,10
DA:55,10
DA:56,10
DA:57,10
DA:58,10
DA:60,10
DA:61,10
DA:63,10
DA:64,10
DA:65,10
DA:66,10
DA:68,10
DA:69,10
DA:72,10
DA:73,10
DA:76,10
DA:79,10
DA:81,10
DA:82,0
DA:86,10
DA:88,10
DA:90,10
DA:92,10
DA:94,10
DA:96,10
DA:98,10
DA:100,10
DA:103,10
DA:106,10
DA:109,10
DA:112,10
DA:115,10
DA:118,10
DA:121,10
DA:124,10
DA:127,10
DA:130,10
DA:133,10
DA:136,10
DA:139,10
DA:142,10
DA:145,10
DA:148,10
DA:151,10
DA:154,10
DA:155,10
DA:157,10
DA:159,10
DA:162,10
DA:165,10
DA:168,10
DA:171,10
DA:174,10
DA:177,10
DA:180,10
DA:183,10
DA:186,10
DA:189,10
DA:192,10
DA:195,10
DA:198,10
DA:201,10
DA:204,10
DA:207,10
DA:232,10
DA:288,10
DA:301,10
DA:314,10
DA:326,10
DA:393,10
DA:407,10
DA:426,10
DA:435,10
DA:441,10
DA:446,10
DA:452,10
DA:530,10
DA:535,10
DA:542,10
DA:622,10
DA:633,10
DA:644,10
DA:645,0
DA:646,0
DA:647,0
DA:658,0
DA:661,10
DA:673,10
DA:675,10
DA:676,10
DA:678,10
DA:680,10
DA:740,10
DA:788,10
DA:799,10
LF:109
LH:104
BRDA:649,0,0,0
BRDA:649,0,1,0
BRDA:653,1,0,0
BRDA:653,1,1,0
BRF:4
BRH:0
end_of_record
TN:
SF:src/assets/js/init.ts
FN:40,(anonymous_0)
FNF:1
FNH:1
FNDA:2,(anonymous_0)
DA:32,2
DA:40,2
DA:43,2
LF:3
LH:3
BRF:0
BRH:0
end_of_record
TN:
SF:src/assets/js/request.ts
FN:38,(anonymous_0)
FN:46,(anonymous_1)
FN:55,(anonymous_2)
FN:62,getOIDCUser
FN:81,(anonymous_4)
FN:96,(anonymous_5)
FN:105,(anonymous_6)
FN:122,(anonymous_7)
FN:140,(anonymous_8)
FN:150,(anonymous_9)
FN:159,(anonymous_10)
FNF:11
FNH:0
FNDA:0,(anonymous_0)
FNDA:0,(anonymous_1)
FNDA:0,(anonymous_2)
FNDA:0,getOIDCUser
FNDA:0,(anonymous_4)
FNDA:0,(anonymous_5)
FNDA:0,(anonymous_6)
FNDA:0,(anonymous_7)
FNDA:0,(anonymous_8)
FNDA:0,(anonymous_9)
FNDA:0,(anonymous_10)
DA:35,1
DA:38,1
DA:39,0
DA:40,0
DA:41,0
DA:42,0
DA:43,0
DA:46,0
DA:47,0
DA:49,0
DA:55,1
DA:56,0
DA:63,0
DA:66,0
DA:67,0
DA:69,0
DA:72,0
DA:73,0
DA:74,0
DA:76,0
DA:81,0
DA:84,0
DA:86,0
DA:93,0
DA:96,1
DA:97,0
DA:98,0
DA:105,0
DA:106,0
DA:107,0
DA:112,0
DA:113,0
DA:115,0
DA:116,0
DA:117,0
DA:123,0
DA:124,0
DA:127,0
DA:129,0
DA:132,0
DA:133,0
DA:135,0
DA:140,1
DA:141,0
DA:142,0
DA:149,0
DA:151,0
DA:152,0
DA:154,0
DA:159,0
DA:160,0
DA:162,0
DA:163,0
DA:168,0
DA:170,0
DA:171,0
DA:174,0
DA:175,0
DA:177,0
LF:59
LH:5
BRDA:40,0,0,0
BRDA:40,0,1,0
BRDA:42,1,0,0
BRDA:42,1,1,0
BRDA:42,2,0,0
BRDA:42,2,1,0
BRDA:56,3,0,0
BRDA:56,3,1,0
BRDA:59,4,0,0
BRDA:59,4,1,0
BRDA:66,5,0,0
BRDA:66,5,1,0
BRDA:79,6,0,0
BRDA:79,6,1,0
BRDA:116,7,0,0
BRDA:116,7,1,0
BRDA:123,8,0,0
BRDA:123,8,1,0
BRDA:130,9,0,0
BRDA:130,9,1,0
BRDA:132,10,0,0
BRDA:132,10,1,0
BRDA:151,11,0,0
BRDA:151,11,1,0
BRDA:172,12,0,0
BRDA:172,12,1,0
BRDA:174,13,0,0
BRDA:174,13,1,0
BRF:28
BRH:0
end_of_record
TN:
SF:src/assets/js/useAsyncData.tsx
FN:15,useAsyncData
FN:27,(anonymous_1)
FN:35,(anonymous_2)
FN:68,(anonymous_3)
FN:77,(anonymous_4)
FN:77,(anonymous_5)
FNF:6
FNH:0
FNDA:0,useAsyncData
FNDA:0,(anonymous_1)
FNDA:0,(anonymous_2)
FNDA:0,(anonymous_3)
FNDA:0,(anonymous_4)
FNDA:0,(anonymous_5)
DA:20,0
DA:21,0
DA:22,0
DA:23,0
DA:24,0
DA:25,0
DA:27,0
DA:28,0
DA:29,0
DA:30,0
DA:31,0
DA:32,0
DA:34,0
DA:35,0
DA:36,0
DA:37,0
DA:38,0
DA:39,0
DA:40,0
DA:42,0
DA:43,0
DA:44,0
DA:45,0
DA:46,0
DA:49,0
DA:50,0
DA:51,0
DA:52,0
DA:54,0
DA:55,0
DA:57,0
DA:58,0
DA:59,0
DA:60,0
DA:61,0
DA:64,0
DA:65,0
DA:68,0
DA:69,0
DA:72,0
DA:77,0
LF:41
LH:0
BRDA:17,0,0,0
BRDA:18,1,0,0
BRDA:30,2,0,0
BRDA:30,2,1,0
BRDA:30,3,0,0
BRDA:30,3,1,0
BRDA:39,4,0,0
BRDA:39,4,1,0
BRDA:42,5,0,0
BRDA:42,5,1,0
BRDA:43,6,0,0
BRDA:43,6,1,0
BRDA:45,7,0,0
BRDA:45,7,1,0
BRDA:54,8,0,0
BRDA:54,8,1,0
BRDA:58,9,0,0
BRDA:58,9,1,0
BRDA:60,10,0,0
BRDA:60,10,1,0
BRF:20
BRH:0
end_of_record
TN:
SF:src/assets/js/utils.ts
FN:36,(anonymous_0)
FN:57,(anonymous_1)
FN:66,(anonymous_2)
FN:88,(anonymous_3)
FN:105,(anonymous_4)
FN:111,(anonymous_5)
FN:121,(anonymous_6)
FN:141,(anonymous_7)
FN:149,(anonymous_8)
FN:157,(anonymous_9)
FN:165,(anonymous_10)
FN:320,(anonymous_11)
FN:347,(anonymous_12)
FN:355,replacPercentItems
FN:374,(anonymous_14)
FN:404,(anonymous_15)
FN:415,replacDollarItems
FN:435,replaceSplitItems
FN:453,(anonymous_18)
FN:471,(anonymous_19)
FN:477,(anonymous_20)
FN:499,(anonymous_21)
FN:505,(anonymous_22)
FN:511,(anonymous_23)
FN:513,(anonymous_24)
FN:556,(anonymous_25)
FN:596,(anonymous_26)
FN:604,(anonymous_27)
FN:622,(anonymous_28)
FN:650,(anonymous_29)
FN:655,(anonymous_30)
FN:660,(anonymous_31)
FN:667,(anonymous_32)
FN:674,(anonymous_33)
FN:681,(anonymous_34)
FN:688,(anonymous_35)
FN:699,(anonymous_36)
FN:706,(anonymous_37)
FN:716,(anonymous_38)
FN:723,(anonymous_39)
FN:730,(anonymous_40)
FN:740,(anonymous_41)
FN:747,(anonymous_42)
FN:757,(anonymous_43)
FN:764,(anonymous_44)
FN:772,buildCreateS3Link
FN:779,(anonymous_46)
FN:802,(anonymous_47)
FN:816,(anonymous_48)
FN:823,(anonymous_49)
FN:830,(anonymous_50)
FN:840,(anonymous_51)
FN:850,(anonymous_52)
FN:863,(anonymous_53)
FN:870,(anonymous_54)
FN:877,(anonymous_55)
FN:884,(anonymous_56)
FN:896,(anonymous_57)
FN:903,(anonymous_58)
FN:910,(anonymous_59)
FN:924,(anonymous_60)
FN:931,(anonymous_61)
FN:940,(anonymous_62)
FN:952,(anonymous_63)
FN:959,(anonymous_64)
FN:976,(anonymous_65)
FN:986,(anonymous_66)
FN:995,(anonymous_67)
FN:1001,(anonymous_68)
FN:1015,(anonymous_69)
FN:1024,(anonymous_70)
FN:1030,(anonymous_71)
FN:1067,containsNonLatinCodepoints
FN:1068,(anonymous_73)
FN:1071,generateEc2Permissions
FN:1127,(anonymous_75)
FN:1134,(anonymous_76)
FN:1135,(anonymous_77)
FN:1136,(anonymous_78)
FN:1144,(anonymous_79)
FN:1147,(anonymous_80)
FN:1148,(anonymous_81)
FN:1151,(anonymous_82)
FN:1152,(anonymous_83)
FN:1162,(anonymous_84)
FN:1166,(anonymous_85)
FN:1171,(anonymous_86)
FN:1172,(anonymous_87)
FN:1180,(anonymous_88)
FN:1183,(anonymous_89)
FN:1184,(anonymous_90)
FN:1201,(anonymous_91)
FN:1204,(anonymous_92)
FN:1208,(anonymous_93)
FN:1209,(anonymous_94)
FN:1212,(anonymous_95)
FN:1227,(anonymous_96)
FN:1231,(anonymous_97)
FN:1240,(anonymous_98)
FN:1253,(anonymous_99)
FNF:100
FNH:30
FNDA:4,(anonymous_0)
FNDA:4,(anonymous_1)
FNDA:4,(anonymous_2)
FNDA:7,(anonymous_3)
FNDA:5,(anonymous_4)
FNDA:6,(anonymous_5)
FNDA:10,(anonymous_6)
FNDA:0,(anonymous_7)
FNDA:1,(anonymous_8)
FNDA:0,(anonymous_9)
FNDA:9,(anonymous_10)
FNDA:0,(anonymous_11)
FNDA:0,(anonymous_12)
FNDA:0,replacPercentItems
FNDA:0,(anonymous_14)
FNDA:0,(anonymous_15)
FNDA:0,replacDollarItems
FNDA:0,replaceSplitItems
FNDA:0,(anonymous_18)
FNDA:0,(anonymous_19)
FNDA:0,(anonymous_20)
FNDA:0,(anonymous_21)
FNDA:0,(anonymous_22)
FNDA:0,(anonymous_23)
FNDA:0,(anonymous_24)
FNDA:0,(anonymous_25)
FNDA:0,(anonymous_26)
FNDA:0,(anonymous_27)
FNDA:0,(anonymous_28)
FNDA:0,(anonymous_29)
FNDA:0,(anonymous_30)
FNDA:2,(anonymous_31)
FNDA:2,(anonymous_32)
FNDA:2,(anonymous_33)
FNDA:2,(anonymous_34)
FNDA:0,(anonymous_35)
FNDA:0,(anonymous_36)
FNDA:0,(anonymous_37)
FNDA:0,(anonymous_38)
FNDA:0,(anonymous_39)
FNDA:0,(anonymous_40)
FNDA:0,(anonymous_41)
FNDA:0,(anonymous_42)
FNDA:0,(anonymous_43)
FNDA:0,(anonymous_44)
FNDA:0,buildCreateS3Link
FNDA:0,(anonymous_46)
FNDA:0,(anonymous_47)
FNDA:0,(anonymous_48)
FNDA:0,(anonymous_49)
FNDA:0,(anonymous_50)
FNDA:0,(anonymous_51)
FNDA:0,(anonymous_52)
FNDA:0,(anonymous_53)
FNDA:0,(anonymous_54)
FNDA:0,(anonymous_55)
FNDA:0,(anonymous_56)
FNDA:0,(anonymous_57)
FNDA:0,(anonymous_58)
FNDA:0,(anonymous_59)
FNDA:0,(anonymous_60)
FNDA:0,(anonymous_61)
FNDA:0,(anonymous_62)
FNDA:0,(anonymous_63)
FNDA:0,(anonymous_64)
FNDA:0,(anonymous_65)
FNDA:0,(anonymous_66)
FNDA:0,(anonymous_67)
FNDA:0,(anonymous_68)
FNDA:0,(anonymous_69)
FNDA:0,(anonymous_70)
FNDA:0,(anonymous_71)
FNDA:0,containsNonLatinCodepoints
FNDA:0,(anonymous_73)
FNDA:0,generateEc2Permissions
FNDA:0,(anonymous_75)
FNDA:11,(anonymous_76)
FNDA:14,(anonymous_77)
FNDA:0,(anonymous_78)
FNDA:0,(anonymous_79)
FNDA:1,(anonymous_80)
FNDA:0,(anonymous_81)
FNDA:7,(anonymous_82)
FNDA:0,(anonymous_83)
FNDA:0,(anonymous_84)
FNDA:0,(anonymous_85)
FNDA:5,(anonymous_86)
FNDA:0,(anonymous_87)
FNDA:2,(anonymous_88)
FNDA:3,(anonymous_89)
FNDA:4,(anonymous_90)
FNDA:18,(anonymous_91)
FNDA:7,(anonymous_92)
FNDA:16,(anonymous_93)
FNDA:14,(anonymous_94)
FNDA:3,(anonymous_95)
FNDA:4,(anonymous_96)
FNDA:7,(anonymous_97)
FNDA:11,(anonymous_98)
FNDA:9,(anonymous_99)
DA:32,2
DA:33,2
DA:36,2
DA:41,4
DA:42,2
DA:43,1
DA:45,1
DA:48,2
DA:49,1
DA:51,1
DA:57,2
DA:58,4
DA:66,2
DA:69,4
DA:73,4
DA:74,4
DA:75,4
DA:76,4
DA:77,4
DA:78,4
DA:79,4
DA:80,3
DA:82,4
DA:83,4
DA:84,4
DA:85,4
DA:88,2
DA:89,7
DA:90,7
DA:91,7
DA:92,7
DA:93,7
DA:95,7
DA:97,7
DA:98,7
DA:99,1
DA:101,6
DA:105,2
DA:106,5
DA:107,5
DA:111,2
DA:112,6
DA:113,6
DA:115,3
DA:117,3
DA:121,2
DA:123,10
DA:124,4
DA:128,10
DA:129,4
DA:133,10
DA:134,1
DA:137,10
DA:141,2
DA:142,0
DA:143,0
DA:144,0
DA:145,0
DA:149,2
DA:150,1
DA:151,0
DA:153,1
DA:157,2
DA:158,0
DA:159,0
DA:161,0
DA:165,2
DA:166,9
DA:168,9
DA:169,3
DA:172,6
DA:175,6
DA:176,6
DA:178,6
DA:179,8
DA:180,8
DA:186,6
DA:189,2
DA:320,2
DA:321,0
DA:324,0
DA:325,0
DA:327,0
DA:328,0
DA:329,0
DA:333,0
DA:335,0
DA:336,0
DA:337,0
DA:338,0
DA:341,0
DA:343,0
DA:344,0
DA:347,0
DA:349,0
DA:350,0
DA:354,0
DA:356,0
DA:357,0
DA:359,0
DA:360,0
DA:364,0
DA:365,0
DA:369,0
DA:370,0
DA:371,0
DA:374,2
DA:378,0
DA:380,0
DA:381,0
DA:383,0
DA:384,0
DA:385,0
DA:389,0
DA:394,0
DA:395,0
DA:396,0
DA:398,0
DA:400,0
DA:401,0
DA:404,0
DA:406,0
DA:407,0
DA:411,0
DA:413,0
DA:416,0
DA:417,0
DA:418,0
DA:420,0
DA:421,0
DA:422,0
DA:423,0
DA:424,0
DA:425,0
DA:426,0
DA:427,0
DA:429,0
DA:434,0
DA:436,0
DA:437,0
DA:438,0
DA:440,0
DA:444,0
DA:448,0
DA:449,0
DA:450,0
DA:453,2
DA:454,0
DA:455,0
DA:456,0
DA:468,0
DA:471,2
DA:472,0
DA:474,0
DA:475,0
DA:476,0
DA:477,0
DA:478,0
DA:479,0
DA:483,0
DA:487,2
DA:499,2
DA:501,0
DA:502,0
DA:505,0
DA:506,0
DA:508,0
DA:511,2
DA:512,0
DA:513,0
DA:515,0
DA:516,0
DA:520,0
DA:521,0
DA:522,0
DA:523,0
DA:524,0
DA:526,0
DA:527,0
DA:533,0
DA:534,0
DA:535,0
DA:538,0
DA:539,0
DA:542,0
DA:545,0
DA:549,2
DA:550,2
DA:551,2
DA:552,2
DA:553,2
DA:554,2
DA:556,2
DA:557,0
DA:596,2
DA:599,0
DA:600,0
DA:602,0
DA:605,0
DA:607,0
DA:609,0
DA:610,0
DA:611,0
DA:613,0
DA:618,0
DA:619,0
DA:622,0
DA:623,0
DA:624,0
DA:626,0
DA:627,0
DA:629,0
DA:630,0
DA:632,0
DA:633,0
DA:635,0
DA:636,0
DA:638,0
DA:639,0
DA:641,0
DA:642,0
DA:644,0
DA:647,0
DA:650,2
DA:651,0
DA:652,0
DA:655,2
DA:656,0
DA:657,0
DA:660,2
DA:661,2
DA:662,1
DA:664,1
DA:667,2
DA:668,2
DA:669,1
DA:671,1
DA:674,2
DA:675,2
DA:676,1
DA:678,1
DA:681,2
DA:682,2
DA:683,1
DA:685,1
DA:688,2
DA:689,0
DA:690,0
DA:694,0
DA:699,2
DA:700,0
DA:701,0
DA:703,0
DA:706,2
DA:710,0
DA:711,0
DA:713,0
DA:716,2
DA:717,0
DA:718,0
DA:720,0
DA:723,2
DA:724,0
DA:725,0
DA:727,0
DA:730,2
DA:734,0
DA:735,0
DA:737,0
DA:740,2
DA:741,0
DA:742,0
DA:744,0
DA:747,2
DA:751,0
DA:752,0
DA:754,0
DA:757,2
DA:758,0
DA:759,0
DA:761,0
DA:764,2
DA:765,0
DA:766,0
DA:767,0
DA:769,0
DA:773,0
DA:774,0
DA:776,0
DA:779,2
DA:784,0
DA:785,0
DA:786,0
DA:787,0
DA:788,0
DA:791,0
DA:793,0
DA:794,0
DA:795,0
DA:796,0
DA:799,0
DA:802,2
DA:803,0
DA:804,0
DA:806,0
DA:807,0
DA:808,0
DA:809,0
DA:810,0
DA:811,0
DA:813,0
DA:816,2
DA:817,0
DA:818,0
DA:820,0
DA:823,2
DA:824,0
DA:825,0
DA:827,0
DA:830,2
DA:834,0
DA:835,0
DA:837,0
DA:840,2
DA:844,0
DA:845,0
DA:847,0
DA:850,2
DA:855,0
DA:856,0
DA:857,0
DA:858,0
DA:860,0
DA:863,2
DA:864,0
DA:865,0
DA:867,0
DA:870,2
DA:871,0
DA:872,0
DA:874,0
DA:877,2
DA:878,0
DA:879,0
DA:881,0
DA:884,2
DA:885,0
DA:886,0
DA:888,0
DA:889,0
DA:891,0
DA:896,2
DA:897,0
DA:898,0
DA:900,0
DA:903,2
DA:904,0
DA:905,0
DA:907,0
DA:910,2
DA:914,0
DA:915,0
DA:919,0
DA:924,2
DA:925,0
DA:926,0
DA:928,0
DA:931,2
DA:937,0
DA:940,2
DA:941,0
DA:942,0
DA:943,0
DA:947,0
DA:952,2
DA:953,0
DA:954,0
DA:956,0
DA:959,2
DA:963,0
DA:964,0
DA:969,0
DA:976,2
DA:981,0
DA:986,2
DA:990,0
DA:995,2
DA:996,0
DA:1001,2
DA:1007,0
DA:1010,0
DA:1015,2
DA:1019,0
DA:1024,2
DA:1025,0
DA:1030,2
DA:1034,0
DA:1035,0
DA:1037,0
DA:1038,0
DA:1040,0
DA:1041,0
DA:1043,0
DA:1047,0
DA:1049,0
DA:1054,0
DA:1056,0
DA:1060,0
DA:1061,0
DA:1062,0
DA:1064,0
DA:1068,0
DA:1076,0
DA:1127,2
DA:1128,0
DA:1134,2
DA:1135,11
DA:1136,14
DA:1137,0
DA:1138,0
DA:1140,0
DA:1143,2
DA:1144,0
DA:1147,2
DA:1148,1
DA:1151,2
DA:1152,7
DA:1153,0
DA:1154,0
DA:1155,0
DA:1156,0
DA:1159,0
DA:1162,2
DA:1163,0
DA:1166,2
DA:1167,0
DA:1171,2
DA:1172,5
DA:1173,0
DA:1174,0
DA:1180,2
DA:1183,2
DA:1184,3
DA:1185,4
DA:1186,4
DA:1201,2
DA:1202,18
DA:1204,2
DA:1205,7
DA:1206,1
DA:1208,16
DA:1209,14
DA:1212,2
DA:1213,3
DA:1227,2
DA:1228,4
DA:1231,2
DA:1234,7
DA:1240,2
DA:1241,11
DA:1242,3
DA:1244,8
DA:1245,3
DA:1247,5
DA:1248,3
DA:1250,2
DA:1253,2
DA:1257,9
LF:468
LH:180
BRDA:41,0,0,2
BRDA:41,0,1,2
BRDA:42,1,0,1
BRDA:42,1,1,1
BRDA:48,2,0,1
BRDA:48,2,1,1
BRDA:79,3,0,3
BRDA:79,3,1,1
BRDA:79,4,0,4
BRDA:79,4,1,4
BRDA:89,5,0,7
BRDA:89,5,1,7
BRDA:90,6,0,7
BRDA:90,6,1,7
BRDA:91,7,0,7
BRDA:91,7,1,7
BRDA:92,8,0,7
BRDA:92,8,1,7
BRDA:93,9,0,7
BRDA:93,9,1,7
BRDA:95,10,0,7
BRDA:95,10,1,7
BRDA:97,11,0,7
BRDA:97,11,1,7
BRDA:97,11,2,6
BRDA:98,12,0,1
BRDA:98,12,1,6
BRDA:98,13,0,7
BRDA:98,13,1,4
BRDA:98,13,2,4
BRDA:98,13,3,3
BRDA:98,13,4,3
BRDA:98,13,5,3
BRDA:98,13,6,3
BRDA:123,14,0,4
BRDA:123,14,1,6
BRDA:128,15,0,4
BRDA:128,15,1,6
BRDA:133,16,0,1
BRDA:133,16,1,9
BRDA:133,17,0,10
BRDA:133,17,1,1
BRDA:150,18,0,0
BRDA:150,18,1,1
BRDA:158,19,0,0
BRDA:158,19,1,0
BRDA:165,20,0,5
BRDA:165,21,0,7
BRDA:166,22,0,3
BRDA:166,22,1,6
BRDA:168,23,0,3
BRDA:168,23,1,6
BRDA:172,24,0,3
BRDA:172,24,1,3
BRDA:182,25,0,8
BRDA:182,25,1,2
BRDA:327,26,0,0
BRDA:327,26,1,0
BRDA:343,27,0,0
BRDA:343,27,1,0
BRDA:349,28,0,0
BRDA:349,28,1,0
BRDA:356,29,0,0
BRDA:356,29,1,0
BRDA:383,30,0,0
BRDA:383,30,1,0
BRDA:400,31,0,0
BRDA:400,31,1,0
BRDA:406,32,0,0
BRDA:406,32,1,0
BRDA:417,33,0,0
BRDA:417,33,1,0
BRDA:420,34,0,0
BRDA:420,34,1,0
BRDA:422,35,0,0
BRDA:422,35,1,0
BRDA:424,36,0,0
BRDA:424,36,1,0
BRDA:426,37,0,0
BRDA:426,37,1,0
BRDA:455,38,0,0
BRDA:455,38,1,0
BRDA:475,39,0,0
BRDA:475,39,1,0
BRDA:478,40,0,0
BRDA:478,40,1,0
BRDA:501,41,0,0
BRDA:501,41,1,0
BRDA:515,42,0,0
BRDA:515,42,1,0
BRDA:520,43,0,0
BRDA:520,43,1,0
BRDA:522,44,0,0
BRDA:522,44,1,0
BRDA:526,45,0,0
BRDA:526,45,1,0
BRDA:526,46,0,0
BRDA:526,46,1,0
BRDA:534,47,0,0
BRDA:534,47,1,0
BRDA:538,48,0,0
BRDA:538,48,1,0
BRDA:605,49,0,0
BRDA:605,49,1,0
BRDA:609,50,0,0
BRDA:609,50,1,0
BRDA:626,51,0,0
BRDA:626,51,1,0
BRDA:629,52,0,0
BRDA:629,52,1,0
BRDA:632,53,0,0
BRDA:632,53,1,0
BRDA:635,54,0,0
BRDA:635,54,1,0
BRDA:638,55,0,0
BRDA:638,55,1,0
BRDA:641,56,0,0
BRDA:641,56,1,0
BRDA:661,57,0,1
BRDA:661,57,1,1
BRDA:668,58,0,1
BRDA:668,58,1,1
BRDA:675,59,0,1
BRDA:675,59,1,1
BRDA:682,60,0,1
BRDA:682,60,1,1
BRDA:689,61,0,0
BRDA:689,61,1,0
BRDA:700,62,0,0
BRDA:700,62,1,0
BRDA:710,63,0,0
BRDA:710,63,1,0
BRDA:717,64,0,0
BRDA:717,64,1,0
BRDA:724,65,0,0
BRDA:724,65,1,0
BRDA:734,66,0,0
BRDA:734,66,1,0
BRDA:741,67,0,0
BRDA:741,67,1,0
BRDA:751,68,0,0
BRDA:751,68,1,0
BRDA:758,69,0,0
BRDA:758,69,1,0
BRDA:765,70,0,0
BRDA:765,70,1,0
BRDA:765,71,0,0
BRDA:765,71,1,0
BRDA:773,72,0,0
BRDA:773,72,1,0
BRDA:784,73,0,0
BRDA:784,73,1,0
BRDA:785,74,0,0
BRDA:785,74,1,0
BRDA:787,75,0,0
BRDA:787,75,1,0
BRDA:793,76,0,0
BRDA:793,76,1,0
BRDA:795,77,0,0
BRDA:795,77,1,0
BRDA:803,78,0,0
BRDA:803,78,1,0
BRDA:806,79,0,0
BRDA:806,79,1,0
BRDA:809,80,0,0
BRDA:809,80,1,0
BRDA:810,81,0,0
BRDA:810,81,1,0
BRDA:817,82,0,0
BRDA:817,82,1,0
BRDA:824,83,0,0
BRDA:824,83,1,0
BRDA:834,84,0,0
BRDA:834,84,1,0
BRDA:844,85,0,0
BRDA:844,85,1,0
BRDA:857,86,0,0
BRDA:857,86,1,0
BRDA:864,87,0,0
BRDA:864,87,1,0
BRDA:871,88,0,0
BRDA:871,88,1,0
BRDA:878,89,0,0
BRDA:878,89,1,0
BRDA:885,90,0,0
BRDA:885,90,1,0
BRDA:888,91,0,0
BRDA:888,91,1,0
BRDA:897,92,0,0
BRDA:897,92,1,0
BRDA:904,93,0,0
BRDA:904,93,1,0
BRDA:914,94,0,0
BRDA:914,94,1,0
BRDA:916,95,0,0
BRDA:916,95,1,0
BRDA:920,96,0,0
BRDA:920,96,1,0
BRDA:925,97,0,0
BRDA:925,97,1,0
BRDA:942,98,0,0
BRDA:942,98,1,0
BRDA:953,99,0,0
BRDA:953,99,1,0
BRDA:963,100,0,0
BRDA:963,100,1,0
BRDA:978,101,0,0
BRDA:979,102,0,0
BRDA:982,103,0,0
BRDA:982,103,1,0
BRDA:988,104,0,0
BRDA:991,105,0,0
BRDA:991,105,1,0
BRDA:995,106,0,0
BRDA:997,107,0,0
BRDA:997,107,1,0
BRDA:1007,108,0,0
BRDA:1007,108,1,0
BRDA:1010,109,0,0
BRDA:1010,109,1,0
BRDA:1017,110,0,0
BRDA:1020,111,0,0
BRDA:1020,111,1,0
BRDA:1026,112,0,0
BRDA:1026,112,1,0
BRDA:1037,113,0,0
BRDA:1037,113,1,0
BRDA:1040,114,0,0
BRDA:1040,114,1,0
BRDA:1043,115,0,0
BRDA:1043,115,1,0
BRDA:1044,116,0,0
BRDA:1044,116,1,0
BRDA:1049,117,0,0
BRDA:1049,117,1,0
BRDA:1050,118,0,0
BRDA:1050,118,1,0
BRDA:1050,118,2,0
BRDA:1056,119,0,0
BRDA:1056,119,1,0
BRDA:1057,120,0,0
BRDA:1057,120,1,0
BRDA:1128,121,0,0
BRDA:1128,121,1,0
BRDA:1137,122,0,0
BRDA:1137,122,1,0
BRDA:1138,123,0,0
BRDA:1138,123,1,0
BRDA:1155,124,0,0
BRDA:1155,124,1,0
BRDA:1174,125,0,0
BRDA:1174,125,1,0
BRDA:1202,126,0,10
BRDA:1202,126,1,8
BRDA:1205,127,0,1
BRDA:1205,127,1,6
BRDA:1235,128,0,7
BRDA:1235,128,1,3
BRDA:1241,129,0,3
BRDA:1241,129,1,8
BRDA:1241,130,0,11
BRDA:1241,130,1,10
BRDA:1241,130,2,9
BRDA:1244,131,0,3
BRDA:1244,131,1,5
BRDA:1247,132,0,3
BRDA:1247,132,1,2
BRDA:1257,133,0,9
BRDA:1257,133,1,4
BRDA:1257,133,2,2
BRF:270
BRH:79
end_of_record
TN:
SF:src/assets/js/xss.ts
FN:127,(anonymous_0)
FN:128,(anonymous_1)
FN:158,(anonymous_2)
FN:159,(anonymous_3)
FNF:4
FNH:4
FNDA:5,(anonymous_0)
FNDA:6,(anonymous_1)
FNDA:3,(anonymous_2)
FNDA:4,(anonymous_3)
DA:18,2
DA:62,2
DA:127,2
DA:128,5
DA:129,6
DA:130,11
DA:134,6
DA:135,5
DA:136,1
DA:141,5
DA:143,5
DA:144,5
DA:145,5
DA:146,5
DA:147,5
DA:150,5
DA:154,5
DA:158,2
DA:159,3
DA:160,4
DA:161,8
DA:165,7
DA:166,1
DA:167,1
DA:172,3
DA:174,3
DA:175,3
DA:176,3
DA:177,3
DA:178,3
DA:181,3
DA:185,3
LF:32
LH:32
BRDA:130,0,0,6
BRDA:130,0,1,5
BRDA:131,1,0,11
BRDA:131,1,1,8
BRDA:135,2,0,1
BRDA:135,2,1,4
BRDA:135,3,0,5
BRDA:135,3,1,5
BRDA:141,4,0,5
BRDA:141,4,1,0
BRDA:145,5,0,5
BRDA:145,5,1,0
BRDA:147,6,0,0
BRDA:147,6,1,5
BRDA:161,7,0,7
BRDA:161,7,1,1
BRDA:162,8,0,8
BRDA:162,8,1,7
BRDA:166,9,0,1
BRDA:166,9,1,0
BRDA:166,10,0,1
BRDA:166,10,1,1
BRDA:172,11,0,3
BRDA:172,11,1,0
BRDA:176,12,0,3
BRDA:176,12,1,0
BRDA:178,13,0,0
BRDA:178,13,1,3
BRF:28
BRH:21
end_of_record
TN:
SF:src/assets/js/helpers/lightEngineHelper.ts
FN:32,(anonymous_0)
FNF:1
FNH:0
FNDA:0,(anonymous_0)
DA:30,1
DA:32,1
DA:40,0
DA:75,0
DA:76,0
LF:5
LH:2
BRDA:38,0,0,0
BRDA:49,1,0,0
BRDA:49,1,1,0
BRDA:56,2,0,0
BRDA:56,2,1,0
BRDA:58,3,0,0
BRDA:58,3,1,0
BRDA:60,4,0,0
BRDA:60,4,1,0
BRDA:61,5,0,0
BRDA:61,5,1,0
BRDA:65,6,0,0
BRDA:65,6,1,0
BRDA:67,7,0,0
BRDA:67,7,1,0
BRF:15
BRH:0
end_of_record
TN:
SF:src/assets/js/hooks/useAlarm.ts
FN:23,(anonymous_0)
FN:25,(anonymous_1)
FN:27,(anonymous_2)
FN:27,(anonymous_3)
FNF:4
FNH:0
FNDA:0,(anonymous_0)
FNDA:0,(anonymous_1)
FNDA:0,(anonymous_2)
FNDA:0,(anonymous_3)
DA:23,1
DA:24,0
DA:25,0
DA:26,0
DA:27,0
DA:28,0
DA:34,0
LF:7
LH:1
BRF:0
BRH:0
end_of_record
TN:
SF:src/assets/js/hooks/useAutoValidation.ts
FN:20,(anonymous_0)
FN:22,(anonymous_1)
FNF:2
FNH:0
FNDA:0,(anonymous_0)
FNDA:0,(anonymous_1)
DA:20,1
DA:21,0
DA:22,0
DA:24,0
DA:25,0
DA:27,0
LF:6
LH:1
BRDA:24,0,0,0
BRDA:24,0,1,0
BRF:2
BRH:0
end_of_record
TN:
SF:src/assets/js/hooks/useGrafana.ts
FN:23,(anonymous_0)
FN:25,(anonymous_1)
FN:27,(anonymous_2)
FN:27,(anonymous_3)
FNF:4
FNH:0
FNDA:0,(anonymous_0)
FNDA:0,(anonymous_1)
FNDA:0,(anonymous_2)
FNDA:0,(anonymous_3)
DA:23,1
DA:24,0
DA:25,0
DA:26,0
DA:27,0
DA:28,0
DA:32,0
LF:7
LH:1
BRF:0
BRH:0
end_of_record
TN:
SF:src/assets/js/hooks/useLightEngine.ts
FN:23,(anonymous_0)
FN:26,(anonymous_1)
FN:29,(anonymous_2)
FN:29,(anonymous_3)
FNF:4
FNH:0
FNDA:0,(anonymous_0)
FNDA:0,(anonymous_1)
FNDA:0,(anonymous_2)
FNDA:0,(anonymous_3)
DA:23,1
DA:24,0
DA:25,0
DA:26,0
DA:28,0
DA:29,0
DA:30,0
DA:36,0
LF:8
LH:1
BRF:0
BRH:0
end_of_record
TN:
SF:src/assets/js/hooks/useSelectProcessor.ts
FN:23,(anonymous_0)
FN:26,(anonymous_1)
FN:29,(anonymous_2)
FN:29,(anonymous_3)
FNF:4
FNH:0
FNDA:0,(anonymous_0)
FNDA:0,(anonymous_1)
FNDA:0,(anonymous_2)
FNDA:0,(anonymous_3)
DA:23,1
DA:24,0
DA:25,0
DA:26,0
DA:28,0
DA:29,0
DA:30,0
DA:36,0
LF:8
LH:1
BRF:0
BRH:0
end_of_record
TN:
SF:src/assets/js/hooks/useTags.ts
FN:23,(anonymous_0)
FN:25,(anonymous_1)
FN:27,(anonymous_2)
FN:27,(anonymous_3)
FNF:4
FNH:0
FNDA:0,(anonymous_0)
FNDA:0,(anonymous_1)
FNDA:0,(anonymous_2)
FNDA:0,(anonymous_3)
DA:23,1
DA:24,0
DA:25,0
DA:26,0
DA:27,0
DA:28,0
DA:34,0
LF:7
LH:1
BRF:0
BRH:0
end_of_record
TN:
SF:src/components/ButtonRefresh.tsx
FN:25,(anonymous_0)
FNF:1
FNH:0
FNDA:0,(anonymous_0)
DA:25,1
DA:28,0
DA:29,0
LF:3
LH:1
BRDA:31,0,0,0
BRDA:31,0,1,0
BRDA:34,1,0,0
BRDA:34,1,1,0
BRF:4
BRH:0
end_of_record
TN:
SF:src/components/CheckBox.tsx
FN:27,(anonymous_0)
FNF:1
FNH:0
FNDA:0,(anonymous_0)
DA:27,1
DA:28,0
DA:29,0
LF:3
LH:1
BRF:0
BRH:0
end_of_record
TN:
SF:src/components/ClickableRichTooltip.tsx
FN:29,(anonymous_0)
FN:43,(anonymous_1)
FN:53,(anonymous_2)
FNF:3
FNH:0
FNDA:0,(anonymous_0)
FNDA:0,(anonymous_1)
FNDA:0,(anonymous_2)
DA:29,1
DA:36,0
DA:38,0
DA:39,0
DA:42,0
DA:43,0
DA:44,0
DA:45,0
DA:48,0
DA:50,0
DA:53,0
LF:11
LH:1
BRDA:34,0,0,0
BRDA:38,1,0,0
BRDA:38,1,1,0
BRDA:45,2,0,0
BRDA:45,2,1,0
BRDA:48,3,0,0
BRDA:48,3,1,0
BRF:7
BRH:0
end_of_record
TN:
SF:src/components/ExtButton.tsx
FN:21,openLinkInNewTab
FN:31,ExtButton
FN:37,(anonymous_2)
FNF:3
FNH:0
FNDA:0,openLinkInNewTab
FNDA:0,ExtButton
FNDA:0,(anonymous_2)
DA:22,0
DA:23,0
DA:32,0
DA:33,0
DA:38,0
LF:5
LH:0
BRDA:23,0,0,0
BRDA:23,0,1,0
BRF:2
BRH:0
end_of_record
TN:
SF:src/components/IndeterminateCheckbox.tsx
FN:28,(anonymous_0)
FN:32,(anonymous_1)
FNF:2
FNH:0
FNDA:0,(anonymous_0)
FNDA:0,(anonymous_1)
DA:18,1
DA:19,1
DA:20,1
DA:28,1
DA:29,0
DA:30,0
DA:32,0
DA:33,0
DA:34,0
DA:35,0
DA:38,0
LF:11
LH:4
BRF:0
BRH:0
end_of_record
TN:
SF:src/components/SignOut.tsx
FN:25,(anonymous_0)
FN:27,(anonymous_1)
FNF:2
FNH:0
FNDA:0,(anonymous_0)
FNDA:0,(anonymous_1)
DA:25,2
DA:26,0
DA:27,0
DA:28,0
DA:29,0
DA:30,0
DA:33,0
LF:7
LH:1
BRF:0
BRH:0
end_of_record
TN:
SF:src/components/Alert/alert.tsx
FN:42,(anonymous_0)
FN:103,(anonymous_1)
FNF:2
FNH:2
FNDA:5,(anonymous_0)
FNDA:1,(anonymous_1)
DA:42,2
DA:53,5
DA:54,5
DA:104,1
LF:4
LH:4
BRDA:57,0,0,5
BRDA:57,0,1,0
BRDA:62,1,0,5
BRDA:62,1,1,0
BRDA:68,2,0,5
BRDA:68,2,1,0
BRDA:71,3,0,5
BRDA:71,3,1,0
BRDA:72,4,0,5
BRDA:72,4,1,0
BRDA:78,5,0,5
BRDA:78,5,1,0
BRDA:78,5,2,5
BRDA:83,6,0,1
BRDA:83,6,1,4
BRDA:89,7,0,4
BRDA:89,7,1,1
BRDA:91,8,0,5
BRDA:91,8,1,0
BRDA:94,9,0,5
BRDA:94,9,1,5
BRDA:99,10,0,5
BRDA:99,10,1,2
BRDA:104,11,0,1
BRDA:104,11,1,1
BRF:25
BRH:18
end_of_record
TN:
SF:src/components/Alert/index.tsx
FNF:0
FNH:0
LF:0
LH:0
BRF:0
BRH:0
end_of_record
TN:
SF:src/components/AutoComplete/autoComplete.tsx
FN:48,(anonymous_0)
FN:64,(anonymous_1)
FN:89,(anonymous_2)
FN:90,(anonymous_3)
FN:91,(anonymous_4)
FN:92,(anonymous_5)
FN:93,(anonymous_6)
FN:101,(anonymous_7)
FNF:8
FNH:0
FNDA:0,(anonymous_0)
FNDA:0,(anonymous_1)
FNDA:0,(anonymous_2)
FNDA:0,(anonymous_3)
FNDA:0,(anonymous_4)
FNDA:0,(anonymous_5)
FNDA:0,(anonymous_6)
FNDA:0,(anonymous_7)
DA:48,1
DA:49,0
DA:50,0
DA:64,1
DA:77,0
DA:79,0
DA:89,0
DA:90,0
DA:91,0
DA:92,0
DA:94,0
DA:102,0
LF:12
LH:2
BRDA:52,0,0,0
BRDA:52,0,1,0
BRDA:97,1,0,0
BRDA:97,1,1,0
BRDA:104,2,0,0
BRDA:104,2,1,0
BRDA:109,3,0,0
BRDA:109,3,1,0
BRDA:109,3,2,0
BRF:9
BRH:0
end_of_record
TN:
SF:src/components/AutoComplete/index.tsx
FNF:0
FNH:0
LF:0
LH:0
BRF:0
BRH:0
end_of_record
TN:
SF:src/components/Breadcrumb/breadcrumb.tsx
FN:31,(anonymous_0)
FN:39,(anonymous_1)
FNF:2
FNH:2
FNDA:4,(anonymous_0)
FNDA:4,(anonymous_1)
DA:31,2
DA:32,4
DA:33,4
DA:40,4
DA:41,2
DA:47,2
LF:6
LH:6
BRDA:40,0,0,2
BRDA:40,0,1,2
BRF:2
BRH:2
end_of_record
TN:
SF:src/components/Breadcrumb/index.tsx
FNF:0
FNH:0
LF:0
LH:0
BRF:0
BRH:0
end_of_record
TN:
SF:src/components/Button/button.tsx
FN:50,(anonymous_0)
FNF:1
FNH:1
FNDA:23,(anonymous_0)
DA:50,5
DA:61,23
DA:63,23
DA:68,23
DA:69,1
DA:76,22
DA:77,1
DA:83,21
DA:92,5
LF:9
LH:9
BRDA:66,0,0,23
BRDA:66,0,1,1
BRDA:68,1,0,1
BRDA:68,1,1,22
BRDA:71,2,0,0
BRDA:71,2,1,1
BRDA:76,3,0,1
BRDA:76,3,1,21
BRDA:76,4,0,22
BRDA:76,4,1,1
BRF:10
BRH:9
end_of_record
TN:
SF:src/components/Button/index.tsx
FNF:0
FNH:0
LF:0
LH:0
BRF:0
BRH:0
end_of_record
TN:
SF:src/components/ButtonDropdown/ButtonDropdown.tsx
FN:67,(anonymous_0)
FN:108,(anonymous_1)
FN:122,(anonymous_2)
FN:126,(anonymous_3)
FNF:4
FNH:4
FNDA:7,(anonymous_0)
FNDA:3,(anonymous_1)
FNDA:4,(anonymous_2)
FNDA:1,(anonymous_3)
DA:67,2
DA:81,7
DA:83,7
DA:88,7
DA:89,7
DA:90,7
DA:91,1
DA:98,6
DA:99,0
DA:105,6
DA:109,3
DA:123,4
DA:127,1
DA:128,1
DA:145,2
LF:15
LH:14
BRDA:86,0,0,7
BRDA:86,0,1,0
BRDA:90,1,0,1
BRDA:90,1,1,6
BRDA:93,2,0,0
BRDA:93,2,1,1
BRDA:98,3,0,0
BRDA:98,3,1,6
BRDA:98,4,0,6
BRDA:98,4,1,0
BRDA:117,5,0,2
BRDA:117,5,1,4
BRDA:120,6,0,6
BRDA:120,6,1,2
BRDA:127,7,0,1
BRDA:127,7,1,0
BRDA:133,8,0,0
BRDA:133,8,1,4
BRF:18
BRH:12
end_of_record
TN:
SF:src/components/ButtonDropdown/index.tsx
FNF:0
FNH:0
LF:0
LH:0
BRF:0
BRH:0
end_of_record
TN:
SF:src/components/CodeCopy/codeCopy.tsx
FN:28,(anonymous_0)
FN:32,(anonymous_1)
FN:37,(anonymous_2)
FN:43,(anonymous_3)
FN:47,(anonymous_4)
FNF:5
FNH:0
FNDA:0,(anonymous_0)
FNDA:0,(anonymous_1)
FNDA:0,(anonymous_2)
FNDA:0,(anonymous_3)
FNDA:0,(anonymous_4)
DA:28,1
DA:29,0
DA:30,0
DA:31,0
DA:32,0
DA:34,0
DA:35,0
DA:37,0
DA:38,0
DA:39,0
DA:43,0
DA:44,0
DA:47,0
DA:48,0
DA:49,0
DA:53,0
LF:16
LH:1
BRDA:35,0,0,0
BRDA:35,0,1,0
BRDA:38,1,0,0
BRDA:38,1,1,0
BRDA:48,2,0,0
BRDA:48,2,1,0
BRDA:57,3,0,0
BRDA:57,3,1,0
BRDA:61,4,0,0
BRDA:61,4,1,0
BRF:10
BRH:0
end_of_record
TN:
SF:src/components/CodeCopy/index.tsx
FNF:0
FNH:0
LF:0
LH:0
BRF:0
BRH:0
end_of_record
TN:
SF:src/components/CopyButton/copyButton.tsx
FN:30,(anonymous_0)
FN:34,(anonymous_1)
FN:42,(anonymous_2)
FNF:3
FNH:2
FNDA:3,(anonymous_0)
FNDA:1,(anonymous_1)
FNDA:0,(anonymous_2)
DA:30,2
DA:31,3
DA:32,3
DA:33,3
DA:34,3
DA:35,1
DA:37,3
DA:38,3
DA:39,3
DA:43,0
LF:10
LH:9
BRDA:35,0,0,0
BRDA:35,0,1,1
BRDA:38,1,0,1
BRDA:38,1,1,2
BRF:4
BRH:3
end_of_record
TN:
SF:src/components/CopyButton/index.tsx
FNF:0
FNH:0
LF:0
LH:0
BRF:0
BRH:0
end_of_record
TN:
SF:src/components/CopyText/copyText.tsx
FN:27,(anonymous_0)
FN:30,(anonymous_1)
FN:38,(anonymous_2)
FNF:3
FNH:0
FNDA:0,(anonymous_0)
FNDA:0,(anonymous_1)
FNDA:0,(anonymous_2)
DA:27,1
DA:28,0
DA:29,0
DA:30,0
DA:31,0
DA:33,0
DA:34,0
DA:35,0
DA:39,0
LF:9
LH:1
BRDA:31,0,0,0
BRDA:31,0,1,0
BRDA:34,1,0,0
BRDA:34,1,1,0
BRF:4
BRH:0
end_of_record
TN:
SF:src/components/CopyText/index.tsx
FNF:0
FNH:0
LF:0
LH:0
BRF:0
BRH:0
end_of_record
TN:
SF:src/components/CreateStep/createStep.tsx
FN:28,(anonymous_0)
FN:38,(anonymous_1)
FN:44,(anonymous_2)
FNF:3
FNH:0
FNDA:0,(anonymous_0)
FNDA:0,(anonymous_1)
FNDA:0,(anonymous_2)
DA:28,1
DA:31,0
DA:34,0
DA:39,0
DA:45,0
DA:61,1
LF:6
LH:2
BRDA:45,0,0,0
BRDA:45,0,1,0
BRDA:47,1,0,0
BRDA:47,1,1,0
BRF:4
BRH:0
end_of_record
TN:
SF:src/components/CreateStep/index.tsx
FNF:0
FNH:0
LF:0
LH:0
BRF:0
BRH:0
end_of_record
TN:
SF:src/components/ExpandableSection/ExpandableSection.tsx
FN:25,(anonymous_0)
FN:36,(anonymous_1)
FNF:2
FNH:2
FNDA:4,(anonymous_0)
FNDA:1,(anonymous_1)
DA:25,2
DA:28,4
DA:29,4
DA:32,4
DA:37,1
LF:5
LH:5
BRDA:30,0,0,4
BRDA:30,0,1,4
BRDA:41,1,0,4
BRDA:41,1,1,3
BRDA:42,2,0,4
BRDA:42,2,1,1
BRDA:50,3,0,3
BRDA:50,3,1,1
BRF:8
BRH:8
end_of_record
TN:
SF:src/components/ExpandableSection/index.tsx
FNF:0
FNH:0
LF:0
LH:0
BRF:0
BRH:0
end_of_record
TN:
SF:src/components/ExtLink/extLink.tsx
FN:30,(anonymous_0)
FNF:1
FNH:1
FNDA:7,(anonymous_0)
DA:24,3
DA:30,3
DA:31,7
DA:32,7
DA:33,2
DA:40,5
LF:6
LH:6
BRDA:32,0,0,2
BRDA:32,0,1,5
BRDA:32,1,0,7
BRDA:32,1,1,6
BRF:4
BRH:4
end_of_record
TN:
SF:src/components/ExtLink/index.tsx
FNF:0
FNH:0
LF:0
LH:0
BRF:0
BRH:0
end_of_record
TN:
SF:src/components/FormItem/formItem.tsx
FN:41,(anonymous_0)
FNF:1
FNH:1
FNDA:4,(anonymous_0)
DA:41,2
DA:52,4
DA:53,4
DA:54,4
LF:4
LH:4
BRDA:59,0,0,4
BRDA:59,0,1,0
BRDA:60,1,0,4
BRDA:60,1,1,0
BRDA:64,2,0,4
BRDA:64,2,1,1
BRDA:75,3,0,4
BRDA:75,3,1,1
BRDA:87,4,0,4
BRDA:87,4,1,1
BRDA:99,5,0,4
BRDA:99,5,1,1
BRF:12
BRH:10
end_of_record
TN:
SF:src/components/FormItem/index.tsx
FNF:0
FNH:0
LF:0
LH:0
BRF:0
BRH:0
end_of_record
TN:
SF:src/components/HeaderPanel/headerPanel.tsx
FN:33,(anonymous_0)
FNF:1
FNH:1
FNDA:6,(anonymous_0)
DA:33,2
DA:45,6
DA:48,6
DA:73,2
LF:4
LH:4
BRDA:54,0,0,1
BRDA:54,0,1,5
BRDA:55,1,0,6
BRDA:55,1,1,0
BRDA:57,2,0,6
BRDA:57,2,1,1
BRDA:59,3,0,6
BRDA:59,3,1,1
BRF:8
BRH:7
end_of_record
TN:
SF:src/components/HeaderPanel/index.tsx
FNF:0
FNH:0
LF:0
LH:0
BRF:0
BRH:0
end_of_record
TN:
SF:src/components/HelpPanel/helpPanel.tsx
FN:82,(anonymous_0)
FN:85,(anonymous_1)
FN:105,(anonymous_2)
FNF:3
FNH:0
FNDA:0,(anonymous_0)
FNDA:0,(anonymous_1)
FNDA:0,(anonymous_2)
DA:55,1
DA:82,1
DA:83,0
DA:84,0
DA:85,0
DA:87,0
DA:88,0
DA:90,0
DA:106,0
DA:204,1
LF:10
LH:3
BRDA:93,0,0,0
BRDA:93,0,1,0
BRDA:96,1,0,0
BRDA:96,1,1,0
BRDA:101,2,0,0
BRDA:101,2,1,0
BRDA:111,3,0,0
BRDA:111,3,1,0
BRDA:117,4,0,0
BRDA:117,4,1,0
BRDA:119,5,0,0
BRDA:119,5,1,0
BRDA:120,6,0,0
BRDA:120,6,1,0
BRDA:121,7,0,0
BRDA:121,7,1,0
BRDA:122,8,0,0
BRDA:122,8,1,0
BRDA:125,9,0,0
BRDA:125,9,1,0
BRDA:128,10,0,0
BRDA:128,10,1,0
BRDA:131,11,0,0
BRDA:131,11,1,0
BRDA:134,12,0,0
BRDA:134,12,1,0
BRDA:135,13,0,0
BRDA:135,13,1,0
BRDA:138,14,0,0
BRDA:138,14,1,0
BRDA:148,15,0,0
BRDA:148,15,1,0
BRDA:149,16,0,0
BRDA:149,16,1,0
BRDA:150,17,0,0
BRDA:150,17,1,0
BRDA:153,18,0,0
BRDA:153,18,1,0
BRDA:154,19,0,0
BRDA:154,19,1,0
BRDA:157,20,0,0
BRDA:157,20,1,0
BRDA:160,21,0,0
BRDA:160,21,1,0
BRDA:161,22,0,0
BRDA:161,22,1,0
BRDA:164,23,0,0
BRDA:164,23,1,0
BRDA:165,24,0,0
BRDA:165,24,1,0
BRDA:166,25,0,0
BRDA:166,25,1,0
BRDA:167,26,0,0
BRDA:167,26,1,0
BRDA:170,27,0,0
BRDA:170,27,1,0
BRDA:171,28,0,0
BRDA:171,28,1,0
BRDA:172,29,0,0
BRDA:172,29,1,0
BRDA:183,30,0,0
BRDA:183,30,1,0
BRDA:190,31,0,0
BRDA:190,31,1,0
BRDA:191,32,0,0
BRDA:191,32,1,0
BRDA:192,33,0,0
BRDA:192,33,1,0
BRDA:195,34,0,0
BRDA:195,34,1,0
BRF:70
BRH:0
end_of_record
TN:
SF:src/components/HelpPanel/index.tsx
FNF:0
FNH:0
LF:0
LH:0
BRF:0
BRH:0
end_of_record
TN:
SF:src/components/IndicatorWithLink/IndicatorWithLink.tsx
FN:39,(anonymous_0)
FN:48,(anonymous_1)
FN:58,(anonymous_2)
FNF:3
FNH:3
FNDA:3,(anonymous_0)
FNDA:6,(anonymous_1)
FNDA:4,(anonymous_2)
DA:39,2
DA:46,3
DA:47,3
DA:48,6
DA:51,3
DA:52,3
DA:59,4
LF:7
LH:7
BRDA:54,0,0,3
BRDA:54,0,1,3
BRF:2
BRH:2
end_of_record
TN:
SF:src/components/IndicatorWithLink/index.tsx
FNF:0
FNH:0
LF:0
LH:0
BRF:0
BRH:0
end_of_record
TN:
SF:src/components/InfoSpan/index.tsx
FNF:0
FNH:0
LF:0
LH:0
BRF:0
BRH:0
end_of_record
TN:
SF:src/components/InfoSpan/infoSpan.tsx
FN:25,(anonymous_0)
FN:29,(anonymous_1)
FNF:2
FNH:1
FNDA:2,(anonymous_0)
FNDA:0,(anonymous_1)
DA:25,6
DA:26,2
DA:27,2
DA:28,2
DA:29,2
DA:30,0
DA:31,0
DA:33,2
LF:8
LH:6
BRF:0
BRH:0
end_of_record
TN:
SF:src/components/LoadingText/index.tsx
FNF:0
FNH:0
LF:0
LH:0
BRF:0
BRH:0
end_of_record
TN:
SF:src/components/LoadingText/loadingText.tsx
FN:24,(anonymous_0)
FNF:1
FNH:1
FNDA:7,(anonymous_0)
DA:24,11
DA:25,7
DA:26,7
LF:3
LH:3
BRF:0
BRH:0
end_of_record
TN:
SF:src/components/Modal/index.tsx
FNF:0
FNH:0
LF:0
LH:0
BRF:0
BRH:0
end_of_record
TN:
SF:src/components/Modal/modal.tsx
FN:26,(anonymous_0)
FN:41,(anonymous_1)
FN:47,(anonymous_2)
FN:54,(anonymous_3)
FN:84,(anonymous_4)
FN:87,(anonymous_5)
FNF:6
FNH:6
FNDA:3,(anonymous_0)
FNDA:3,(anonymous_1)
FNDA:3,(anonymous_2)
FNDA:3,(anonymous_3)
FNDA:3,(anonymous_4)
FNDA:1,(anonymous_5)
DA:26,3
DA:41,3
DA:47,3
DA:54,2
DA:55,3
DA:56,3
DA:84,2
DA:86,3
DA:87,3
DA:88,1
DA:89,1
DA:90,1
DA:93,3
LF:13
LH:13
BRDA:61,0,0,3
BRDA:61,0,1,0
BRDA:89,1,0,1
BRDA:89,1,1,0
BRDA:96,2,0,3
BRDA:96,2,1,0
BRDA:104,3,0,0
BRDA:104,3,1,3
BRF:8
BRH:4
end_of_record
TN:
SF:src/components/MultiSelect/index.tsx
FNF:0
FNH:0
LF:0
LH:0
BRF:0
BRH:0
end_of_record
TN:
SF:src/components/MultiSelect/multiSelect.tsx
FN:35,(anonymous_0)
FN:41,(anonymous_1)
FN:46,(anonymous_2)
FN:78,(anonymous_3)
FN:94,(anonymous_4)
FN:100,(anonymous_5)
FN:123,(anonymous_6)
FN:130,(anonymous_7)
FN:148,(anonymous_8)
FN:164,(anonymous_9)
FN:169,(anonymous_10)
FN:177,(anonymous_11)
FN:200,(anonymous_12)
FNF:13
FNH:0
FNDA:0,(anonymous_0)
FNDA:0,(anonymous_1)
FNDA:0,(anonymous_2)
FNDA:0,(anonymous_3)
FNDA:0,(anonymous_4)
FNDA:0,(anonymous_5)
FNDA:0,(anonymous_6)
FNDA:0,(anonymous_7)
FNDA:0,(anonymous_8)
FNDA:0,(anonymous_9)
FNDA:0,(anonymous_10)
FNDA:0,(anonymous_11)
FNDA:0,(anonymous_12)
DA:27,1
DA:35,1
DA:41,1
DA:42,0
DA:43,0
DA:46,1
DA:78,1
DA:89,0
DA:90,0
DA:94,0
DA:95,0
DA:96,0
DA:97,0
DA:100,0
DA:101,0
DA:102,0
DA:103,0
DA:105,0
DA:108,0
DA:112,0
DA:123,0
DA:131,0
DA:149,0
DA:165,0
DA:169,0
DA:178,0
DA:181,0
DA:182,0
DA:183,0
DA:201,0
DA:202,0
DA:204,0
DA:205,0
LF:33
LH:5
BRDA:91,0,0,0
BRDA:91,0,1,0
BRDA:101,1,0,0
BRDA:101,1,1,0
BRDA:102,2,0,0
BRDA:102,2,1,0
BRDA:102,3,0,0
BRDA:102,3,1,0
BRDA:125,4,0,0
BRDA:125,4,1,0
BRDA:162,5,0,0
BRDA:162,5,1,0
BRDA:162,5,2,0
BRDA:169,6,0,0
BRDA:169,6,1,0
BRDA:174,7,0,0
BRDA:174,7,1,0
BRDA:195,8,0,0
BRDA:195,8,1,0
BRDA:201,9,0,0
BRDA:201,9,1,0
BRDA:204,10,0,0
BRDA:204,10,1,0
BRF:23
BRH:0
end_of_record
TN:
SF:src/components/PagePanel/index.tsx
FNF:0
FNH:0
LF:0
LH:0
BRF:0
BRH:0
end_of_record
TN:
SF:src/components/PagePanel/pagePanel.tsx
FN:26,(anonymous_0)
FNF:1
FNH:1
FNDA:5,(anonymous_0)
DA:26,2
DA:27,5
DA:30,5
DA:42,2
LF:4
LH:4
BRDA:36,0,0,5
BRDA:36,0,1,1
BRF:2
BRH:2
end_of_record
TN:
SF:src/components/Radio/index.tsx
FN:60,(anonymous_0)
FNF:1
FNH:1
FNDA:5,(anonymous_0)
DA:20,2
DA:60,2
DA:61,5
DA:63,5
LF:4
LH:4
BRF:0
BRH:0
end_of_record
TN:
SF:src/components/RichTooltip/index.tsx
FNF:0
FNH:0
LF:0
LH:0
BRF:0
BRH:0
end_of_record
TN:
SF:src/components/RichTooltip/richTooltip.tsx
FN:36,(anonymous_0)
FN:114,(anonymous_1)
FN:119,(anonymous_2)
FNF:3
FNH:2
FNDA:5,(anonymous_0)
FNDA:14,(anonymous_1)
FNDA:0,(anonymous_2)
DA:36,2
DA:37,5
DA:38,5
DA:114,2
DA:123,14
DA:124,14
DA:125,14
DA:127,14
DA:128,5
DA:135,9
LF:10
LH:10
BRDA:115,0,0,14
BRDA:116,1,0,9
BRDA:119,2,0,14
BRDA:127,3,0,5
BRDA:127,3,1,9
BRDA:127,4,0,14
BRDA:127,4,1,14
BRDA:158,5,0,8
BRDA:158,5,1,1
BRF:9
BRH:9
end_of_record
TN:
SF:src/components/Select/index.tsx
FNF:0
FNH:0
LF:0
LH:0
BRF:0
BRH:0
end_of_record
TN:
SF:src/components/Select/select.tsx
FN:38,(anonymous_0)
FN:44,(anonymous_1)
FN:49,(anonymous_2)
FN:89,(anonymous_3)
FN:138,(anonymous_4)
FN:173,(anonymous_5)
FN:181,(anonymous_6)
FN:203,(anonymous_7)
FNF:8
FNH:0
FNDA:0,(anonymous_0)
FNDA:0,(anonymous_1)
FNDA:0,(anonymous_2)
FNDA:0,(anonymous_3)
FNDA:0,(anonymous_4)
FNDA:0,(anonymous_5)
FNDA:0,(anonymous_6)
FNDA:0,(anonymous_7)
DA:30,1
DA:38,1
DA:44,1
DA:45,0
DA:46,0
DA:49,1
DA:50,0
DA:51,0
DA:89,1
DA:138,1
DA:154,0
DA:155,0
DA:156,0
DA:173,0
DA:182,0
DA:204,0
DA:205,0
DA:207,0
DA:208,0
LF:19
LH:6
BRDA:53,0,0,0
BRDA:53,0,1,0
BRDA:61,1,0,0
BRDA:61,1,1,0
BRDA:69,2,0,0
BRDA:69,2,1,0
BRDA:77,3,0,0
BRDA:77,3,1,0
BRDA:168,4,0,0
BRDA:168,4,1,0
BRDA:171,5,0,0
BRDA:171,5,1,0
BRDA:171,6,0,0
BRDA:171,6,1,0
BRDA:176,7,0,0
BRDA:176,7,1,0
BRDA:190,8,0,0
BRDA:190,8,1,0
BRDA:192,9,0,0
BRDA:192,9,1,0
BRDA:198,10,0,0
BRDA:198,10,1,0
BRDA:204,11,0,0
BRDA:204,11,1,0
BRDA:207,12,0,0
BRDA:207,12,1,0
BRDA:216,13,0,0
BRDA:216,13,1,0
BRDA:223,14,0,0
BRDA:223,14,1,0
BRF:30
BRH:0
end_of_record
TN:
SF:src/components/SideMenu/index.tsx
FNF:0
FNH:0
LF:0
LH:0
BRF:0
BRH:0
end_of_record
TN:
SF:src/components/SideMenu/sideMenu.tsx
FN:109,(anonymous_0)
FN:112,(anonymous_1)
FN:127,(anonymous_2)
FN:139,(anonymous_3)
FN:146,(anonymous_4)
FN:152,(anonymous_5)
FN:153,(anonymous_6)
FN:180,(anonymous_7)
FNF:8
FNH:0
FNDA:0,(anonymous_0)
FNDA:0,(anonymous_1)
FNDA:0,(anonymous_2)
FNDA:0,(anonymous_3)
FNDA:0,(anonymous_4)
FNDA:0,(anonymous_5)
FNDA:0,(anonymous_6)
FNDA:0,(anonymous_7)
DA:36,1
DA:109,1
DA:110,0
DA:111,0
DA:112,0
DA:114,0
DA:115,0
DA:116,0
DA:117,0
DA:119,0
DA:128,0
DA:129,0
DA:140,0
DA:141,0
DA:147,0
DA:153,0
DA:154,0
DA:155,0
DA:156,0
DA:181,0
DA:214,1
LF:21
LH:3
BRDA:122,0,0,0
BRDA:122,0,1,0
BRDA:124,1,0,0
BRDA:124,1,1,0
BRDA:135,2,0,0
BRDA:135,2,1,0
BRDA:149,3,0,0
BRDA:149,3,1,0
BRDA:149,4,0,0
BRDA:149,4,1,0
BRDA:162,5,0,0
BRDA:162,5,1,0
BRDA:170,6,0,0
BRDA:170,6,1,0
BRDA:176,7,0,0
BRDA:176,7,1,0
BRDA:176,7,2,0
BRDA:176,7,3,0
BRDA:185,8,0,0
BRDA:185,8,1,0
BRF:20
BRH:0
end_of_record
TN:
SF:src/components/Status/Status.tsx
FN:83,(anonymous_0)
FNF:1
FNH:1
FNDA:2,(anonymous_0)
DA:54,2
DA:83,2
DA:84,2
DA:85,2
DA:86,2
DA:87,0
DA:89,2
LF:7
LH:6
BRDA:86,0,0,0
BRDA:86,0,1,2
BRF:2
BRH:1
end_of_record
TN:
SF:src/components/StatusIndicator/StatusIndicator.tsx
FN:28,(anonymous_0)
FNF:1
FNH:1
FNDA:8,(anonymous_0)
DA:28,3
DA:31,8
DA:32,8
LF:3
LH:3
BRDA:35,0,0,8
BRDA:35,0,1,1
BRDA:40,1,0,8
BRDA:40,1,1,4
BRDA:45,2,0,8
BRDA:45,2,1,1
BRDA:50,3,0,8
BRDA:50,3,1,1
BRDA:55,4,0,8
BRDA:55,4,1,1
BRF:10
BRH:10
end_of_record
TN:
SF:src/components/StatusIndicator/index.tsx
FNF:0
FNH:0
LF:0
LH:0
BRF:0
BRH:0
end_of_record
TN:
SF:src/components/Switch/index.tsx
FNF:0
FNH:0
LF:0
LH:0
BRF:0
BRH:0
end_of_record
TN:
SF:src/components/Switch/switch.tsx
FN:27,(anonymous_0)
FNF:1
FNH:1
FNDA:4,(anonymous_0)
DA:27,2
DA:28,4
DA:29,4
LF:3
LH:3
BRDA:32,0,0,4
BRDA:32,0,1,3
BRDA:43,1,0,1
BRDA:43,1,1,3
BRDA:50,2,0,4
BRDA:50,2,1,1
BRF:6
BRH:6
end_of_record
TN:
SF:src/components/Tab/index.tsx
FNF:0
FNH:0
LF:0
LH:0
BRF:0
BRH:0
end_of_record
TN:
SF:src/components/Tab/tab.tsx
FN:36,(anonymous_0)
FN:58,(anonymous_1)
FN:66,(anonymous_2)
FNF:3
FNH:3
FNDA:2,(anonymous_0)
FNDA:8,(anonymous_1)
FNDA:2,(anonymous_2)
DA:27,2
DA:36,2
DA:37,2
DA:58,8
DA:66,2
DA:67,2
DA:69,2
LF:7
LH:7
BRDA:78,0,0,2
BRDA:78,0,1,1
BRF:2
BRH:2
end_of_record
TN:
SF:src/components/TablePanel/index.tsx
FNF:0
FNH:0
LF:0
LH:0
BRF:0
BRH:0
end_of_record
TN:
SF:src/components/TablePanel/tablePanel.tsx
FN:64,(anonymous_0)
FN:89,(anonymous_1)
FN:93,(anonymous_2)
FN:101,(anonymous_3)
FN:107,(anonymous_4)
FN:112,(anonymous_5)
FN:124,(anonymous_6)
FN:128,(anonymous_7)
FN:132,(anonymous_8)
FN:148,(anonymous_9)
FN:158,(anonymous_10)
FN:160,(anonymous_11)
FN:202,(anonymous_12)
FN:210,(anonymous_13)
FN:225,(anonymous_14)
FN:228,(anonymous_15)
FN:231,(anonymous_16)
FN:233,(anonymous_17)
FN:257,(anonymous_18)
FN:279,(anonymous_19)
FN:287,(anonymous_20)
FNF:21
FNH:0
FNDA:0,(anonymous_0)
FNDA:0,(anonymous_1)
FNDA:0,(anonymous_2)
FNDA:0,(anonymous_3)
FNDA:0,(anonymous_4)
FNDA:0,(anonymous_5)
FNDA:0,(anonymous_6)
FNDA:0,(anonymous_7)
FNDA:0,(anonymous_8)
FNDA:0,(anonymous_9)
FNDA:0,(anonymous_10)
FNDA:0,(anonymous_11)
FNDA:0,(anonymous_12)
FNDA:0,(anonymous_13)
FNDA:0,(anonymous_14)
FNDA:0,(anonymous_15)
FNDA:0,(anonymous_16)
FNDA:0,(anonymous_17)
FNDA:0,(anonymous_18)
FNDA:0,(anonymous_19)
FNDA:0,(anonymous_20)
DA:64,1
DA:85,0
DA:86,0
DA:87,0
DA:88,0
DA:89,0
DA:91,0
DA:93,0
DA:94,0
DA:95,0
DA:96,0
DA:97,0
DA:101,0
DA:102,0
DA:103,0
DA:107,0
DA:108,0
DA:109,0
DA:110,0
DA:111,0
DA:113,0
DA:114,0
DA:119,0
DA:120,0
DA:124,0
DA:125,0
DA:126,0
DA:127,0
DA:128,0
DA:132,0
DA:133,0
DA:134,0
DA:136,0
DA:140,0
DA:142,0
DA:145,0
DA:146,0
DA:147,0
DA:148,0
DA:149,0
DA:150,0
DA:154,0
DA:158,0
DA:159,0
DA:160,0
DA:164,0
DA:203,0
DA:211,0
DA:226,0
DA:229,0
DA:230,0
DA:231,0
DA:232,0
DA:233,0
DA:234,0
DA:236,0
DA:237,0
DA:258,0
DA:280,0
DA:288,0
DA:333,1
LF:61
LH:2
BRDA:89,0,0,0
BRDA:89,0,1,0
BRDA:96,1,0,0
BRDA:96,1,1,0
BRDA:102,2,0,0
BRDA:102,2,1,0
BRDA:109,3,0,0
BRDA:109,3,1,0
BRDA:113,4,0,0
BRDA:113,4,1,0
BRDA:127,5,0,0
BRDA:127,5,1,0
BRDA:133,6,0,0
BRDA:133,6,1,0
BRDA:133,7,0,0
BRDA:133,7,1,0
BRDA:136,8,0,0
BRDA:136,8,1,0
BRDA:137,9,0,0
BRDA:137,9,1,0
BRDA:145,10,0,0
BRDA:145,10,1,0
BRDA:147,11,0,0
BRDA:147,11,1,0
BRDA:147,12,0,0
BRDA:147,12,1,0
BRDA:149,13,0,0
BRDA:149,13,1,0
BRDA:159,14,0,0
BRDA:159,14,1,0
BRDA:160,15,0,0
BRDA:160,15,1,0
BRDA:167,16,0,0
BRDA:167,16,1,0
BRDA:170,17,0,0
BRDA:170,17,1,0
BRDA:170,17,2,0
BRDA:172,18,0,0
BRDA:172,18,1,0
BRDA:176,19,0,0
BRDA:176,19,1,0
BRDA:177,20,0,0
BRDA:177,20,1,0
BRDA:195,21,0,0
BRDA:195,21,1,0
BRDA:198,22,0,0
BRDA:198,22,1,0
BRDA:200,23,0,0
BRDA:200,23,1,0
BRDA:214,24,0,0
BRDA:214,24,1,0
BRDA:229,25,0,0
BRDA:229,25,1,0
BRDA:241,26,0,0
BRDA:241,26,1,0
BRDA:244,27,0,0
BRDA:244,27,1,0
BRDA:248,28,0,0
BRDA:248,28,1,0
BRDA:251,29,0,0
BRDA:251,29,1,0
BRDA:253,30,0,0
BRDA:253,30,1,0
BRDA:264,31,0,0
BRDA:264,31,1,0
BRDA:264,31,2,0
BRDA:270,32,0,0
BRDA:270,32,1,0
BRDA:275,33,0,0
BRDA:275,33,1,0
BRDA:275,33,2,0
BRDA:291,34,0,0
BRDA:291,34,1,0
BRDA:303,35,0,0
BRDA:303,35,1,0
BRDA:318,36,0,0
BRDA:318,36,1,0
BRDA:323,37,0,0
BRDA:323,37,1,0
BRDA:323,37,2,0
BRDA:325,38,0,0
BRDA:325,38,1,0
BRF:82
BRH:0
end_of_record
TN:
SF:src/components/TagFilter/index.tsx
FNF:0
FNH:0
LF:0
LH:0
BRF:0
BRH:0
end_of_record
TN:
SF:src/components/TagFilter/tagFilter.tsx
FN:34,(anonymous_0)
FN:39,(anonymous_1)
FN:56,(anonymous_2)
FN:57,(anonymous_3)
FN:70,(anonymous_4)
FN:71,(anonymous_5)
FN:89,(anonymous_6)
FN:97,(anonymous_7)
FN:107,(anonymous_8)
FNF:9
FNH:9
FNDA:5,(anonymous_0)
FNDA:1,(anonymous_1)
FNDA:1,(anonymous_2)
FNDA:1,(anonymous_3)
FNDA:1,(anonymous_4)
FNDA:1,(anonymous_5)
FNDA:1,(anonymous_6)
FNDA:2,(anonymous_7)
FNDA:1,(anonymous_8)
DA:34,2
DA:35,5
DA:36,5
DA:37,5
DA:39,5
DA:40,1
DA:41,1
DA:42,1
DA:45,5
DA:46,5
DA:57,1
DA:58,1
DA:71,1
DA:72,1
DA:90,1
DA:91,1
DA:92,1
DA:98,2
DA:108,1
LF:19
LH:19
BRDA:40,0,0,0
BRDA:40,0,1,1
BRDA:40,1,0,1
BRDA:40,1,1,1
BRDA:54,2,0,5
BRDA:54,2,1,0
BRDA:55,3,0,5
BRDA:55,3,1,3
BRDA:68,4,0,5
BRDA:68,4,1,0
BRDA:69,5,0,5
BRDA:69,5,1,4
BRDA:87,6,0,5
BRDA:87,6,1,1
BRDA:90,7,0,1
BRDA:90,7,1,0
BRDA:91,8,0,1
BRDA:91,8,1,0
BRDA:94,9,0,1
BRDA:94,9,1,1
BRDA:97,10,0,1
BRDA:97,10,1,0
BRDA:122,11,0,2
BRDA:122,11,1,1
BRDA:130,12,0,1
BRDA:130,12,1,1
BRDA:133,13,0,1
BRDA:133,13,1,0
BRF:28
BRH:21
end_of_record
TN:
SF:src/components/TagList/index.tsx
FNF:0
FNH:0
LF:0
LH:0
BRF:0
BRH:0
end_of_record
TN:
SF:src/components/TagList/tagList.tsx
FN:31,(anonymous_0)
FN:48,(anonymous_1)
FN:55,(anonymous_2)
FN:64,(anonymous_3)
FN:71,(anonymous_4)
FNF:5
FNH:4
FNDA:3,(anonymous_0)
FNDA:3,(anonymous_1)
FNDA:1,(anonymous_2)
FNDA:0,(anonymous_3)
FNDA:1,(anonymous_4)
DA:31,2
DA:32,3
DA:33,3
DA:34,3
DA:49,3
DA:56,1
DA:65,0
DA:72,1
LF:8
LH:7
BRDA:32,0,0,3
BRDA:36,1,0,3
BRDA:36,1,1,0
BRDA:36,2,0,3
BRDA:36,2,1,0
BRDA:39,3,0,3
BRDA:39,3,1,3
BRDA:39,4,0,3
BRDA:39,4,1,0
BRDA:54,5,0,3
BRDA:54,5,1,0
BRDA:56,6,0,1
BRDA:56,6,1,0
BRDA:63,7,0,3
BRDA:63,7,1,0
BRDA:65,8,0,0
BRDA:65,8,1,0
BRDA:83,9,0,3
BRDA:83,9,1,3
BRDA:83,10,0,3
BRDA:83,10,1,0
BRDA:87,11,0,3
BRDA:87,11,1,0
BRF:23
BRH:13
end_of_record
TN:
SF:src/components/TextArea/index.tsx
FNF:0
FNH:0
LF:0
LH:0
BRF:0
BRH:0
end_of_record
TN:
SF:src/components/TextArea/textArea.tsx
FN:32,(anonymous_0)
FN:44,(anonymous_1)
FNF:2
FNH:2
FNDA:3,(anonymous_0)
FNDA:1,(anonymous_1)
DA:32,2
DA:34,3
DA:36,3
DA:45,1
LF:4
LH:4
BRF:0
BRH:0
end_of_record
TN:
SF:src/components/TextInput/index.tsx
FNF:0
FNH:0
LF:0
LH:0
BRF:0
BRH:0
end_of_record
TN:
SF:src/components/TextInput/textInput.tsx
FN:35,(anonymous_0)
FN:65,(anonymous_1)
FN:67,(anonymous_2)
FNF:3
FNH:2
FNDA:20,(anonymous_0)
FNDA:0,(anonymous_1)
FNDA:4,(anonymous_2)
DA:33,4
DA:35,4
DA:48,20
DA:50,20
DA:65,0
DA:68,4
DA:73,0
DA:75,4
LF:8
LH:6
BRDA:58,0,0,20
BRDA:58,0,1,0
BRDA:64,1,0,1
BRDA:64,1,1,19
BRDA:66,2,0,20
BRDA:66,2,1,0
BRDA:68,3,0,0
BRDA:68,3,1,4
BRDA:69,4,0,4
BRDA:69,4,1,0
BRDA:69,4,2,0
BRF:11
BRH:6
end_of_record
TN:
SF:src/components/Tiles/index.tsx
FNF:0
FNH:0
LF:0
LH:0
BRF:0
BRH:0
end_of_record
TN:
SF:src/components/Tiles/tiles.tsx
FN:37,(anonymous_0)
FN:42,(anonymous_1)
FNF:2
FNH:2
FNDA:3,(anonymous_0)
FNDA:6,(anonymous_1)
DA:37,2
DA:38,3
DA:40,3
DA:43,6
DA:70,2
LF:5
LH:5
BRDA:41,0,0,0
BRDA:41,0,1,3
BRDA:60,1,0,6
BRDA:60,1,1,0
BRF:4
BRH:2
end_of_record
TN:
SF:src/components/TimeRange/TimeRange.tsx
FN:27,(anonymous_0)
FN:56,(anonymous_1)
FN:69,(anonymous_2)
FN:83,(anonymous_3)
FN:90,(anonymous_4)
FN:99,(anonymous_5)
FN:121,(anonymous_6)
FN:138,(anonymous_7)
FN:141,(anonymous_8)
FNF:9
FNH:5
FNDA:2,(anonymous_0)
FNDA:2,(anonymous_1)
FNDA:2,(anonymous_2)
FNDA:0,(anonymous_3)
FNDA:14,(anonymous_4)
FNDA:1,(anonymous_5)
FNDA:0,(anonymous_6)
FNDA:0,(anonymous_7)
FNDA:0,(anonymous_8)
DA:23,2
DA:25,2
DA:27,2
DA:28,2
DA:30,2
DA:32,0
DA:34,0
DA:36,0
DA:38,0
DA:40,0
DA:42,0
DA:56,2
DA:63,2
DA:64,2
DA:66,2
DA:67,2
DA:69,2
DA:70,2
DA:71,2
DA:72,2
DA:73,2
DA:77,2
DA:84,0
DA:91,14
DA:100,1
DA:122,0
DA:123,0
DA:124,0
DA:125,0
DA:126,0
DA:127,0
DA:128,0
DA:129,0
DA:130,0
DA:133,0
DA:136,0
DA:139,0
DA:142,0
LF:38
LH:18
BRDA:28,0,0,2
BRDA:28,0,1,0
BRDA:28,0,2,0
BRDA:28,0,3,0
BRDA:28,0,4,0
BRDA:28,0,5,0
BRDA:28,0,6,0
BRDA:70,1,0,2
BRDA:70,1,1,0
BRDA:70,2,0,2
BRDA:70,2,1,2
BRDA:80,3,0,2
BRDA:80,3,1,0
BRDA:107,4,0,2
BRDA:107,4,1,0
BRF:15
BRH:6
end_of_record
TN:
SF:src/components/ValueWithLabel/index.tsx
FNF:0
FNH:0
LF:0
LH:0
BRF:0
BRH:0
end_of_record
TN:
SF:src/components/ValueWithLabel/valueWithLabel.tsx
FN:26,(anonymous_0)
FNF:1
FNH:1
FNDA:2,(anonymous_0)
DA:26,2
DA:27,2
DA:28,2
LF:3
LH:3
BRDA:32,0,0,2
BRDA:32,0,1,0
BRF:2
BRH:1
end_of_record
TN:
SF:src/components/layout/footer.tsx
FN:40,(anonymous_0)
FN:42,(anonymous_1)
FN:50,(anonymous_2)
FN:53,(anonymous_3)
FN:64,(anonymous_4)
FN:73,(anonymous_5)
FN:89,(anonymous_6)
FNF:7
FNH:6
FNDA:7,(anonymous_0)
FNDA:14,(anonymous_1)
FNDA:7,(anonymous_2)
FNDA:0,(anonymous_3)
FNDA:1,(anonymous_4)
FNDA:2,(anonymous_5)
FNDA:4,(anonymous_6)
DA:29,2
DA:40,2
DA:41,7
DA:42,7
DA:43,14
DA:44,7
DA:47,7
DA:50,2
DA:51,7
DA:52,7
DA:53,0
DA:55,7
DA:56,7
DA:58,7
DA:59,0
DA:61,7
DA:62,7
DA:64,7
DA:65,1
DA:66,1
DA:67,1
DA:68,1
DA:69,1
DA:72,7
DA:73,7
DA:74,2
DA:77,7
DA:90,4
LF:28
LH:26
BRDA:43,0,0,7
BRDA:43,0,1,7
BRDA:47,1,0,7
BRDA:47,1,1,0
BRDA:55,2,0,7
BRDA:55,2,1,0
BRDA:58,3,0,0
BRDA:58,3,1,7
BRDA:86,4,0,2
BRDA:86,4,1,5
BRDA:114,5,0,7
BRDA:114,5,1,7
BRF:12
BRH:9
end_of_record
TN:
SF:src/components/layout/header.tsx
FN:25,(anonymous_0)
FN:29,(anonymous_1)
FN:31,(anonymous_2)
FN:50,(anonymous_3)
FNF:4
FNH:4
FNDA:2,(anonymous_0)
FNDA:4,(anonymous_1)
FNDA:1,(anonymous_2)
FNDA:1,(anonymous_3)
DA:25,2
DA:26,2
DA:27,2
DA:28,2
DA:29,4
DA:31,2
DA:32,1
DA:33,1
DA:34,1
DA:36,1
DA:39,2
DA:51,1
LF:12
LH:12
BRDA:33,0,0,1
BRDA:33,0,1,0
BRDA:45,1,0,2
BRDA:45,1,1,2
BRDA:57,2,0,2
BRDA:57,2,1,0
BRF:6
BRH:4
end_of_record
TN:
SF:src/graphql/mutations.ts
FNF:0
FNH:0
DA:5,1
DA:29,1
DA:44,1
DA:71,1
DA:94,1
DA:99,1
DA:104,1
DA:109,1
DA:114,1
DA:119,1
DA:124,1
DA:145,1
DA:173,1
DA:206,1
DA:211,1
DA:248,1
DA:273,1
DA:294,1
DA:299,1
DA:304,1
DA:321,1
DA:326,1
DA:339,1
DA:362,1
DA:377,1
DA:382,1
DA:413,1
DA:426,1
DA:431,1
DA:448,1
DA:463,1
DA:471,1
DA:481,1
DA:486,1
LF:34
LH:34
BRF:0
BRH:0
end_of_record
TN:
SF:src/graphql/queries.ts
FNF:0
FNH:0
DA:5,1
DA:17,1
DA:28,1
DA:46,1
DA:149,1
DA:220,1
DA:287,1
DA:308,1
DA:329,1
DA:351,1
DA:392,1
DA:429,1
DA:550,1
DA:667,1
DA:708,1
DA:733,1
DA:756,1
DA:761,1
DA:766,1
DA:796,1
DA:809,1
DA:834,1
DA:839,1
DA:897,1
DA:902,1
DA:964,1
DA:972,1
DA:1004,1
DA:1032,1
DA:1050,1
DA:1079,1
DA:1110,1
DA:1138,1
DA:1159,1
DA:1175,1
DA:1180,1
DA:1200,1
DA:1216,1
DA:1231,1
DA:1266,1
DA:1312,1
DA:1347,1
LF:42
LH:42
BRF:0
BRH:0
end_of_record
TN:
SF:src/help/AccessProxy.tsx
FN:25,(anonymous_0)
FNF:1
FNH:0
FNDA:0,(anonymous_0)
DA:25,1
DA:26,0
DA:27,0
LF:3
LH:1
BRF:0
BRH:0
end_of_record
TN:
SF:src/help/Alarms.tsx
FN:24,(anonymous_0)
FNF:1
FNH:0
FNDA:0,(anonymous_0)
DA:24,1
DA:25,0
DA:26,0
LF:3
LH:1
BRF:0
BRH:0
end_of_record
TN:
SF:src/help/ApacheLogFormat.tsx
FN:24,(anonymous_0)
FNF:1
FNH:0
FNDA:0,(anonymous_0)
DA:22,1
DA:24,1
DA:25,0
DA:26,0
LF:4
LH:2
BRF:0
BRH:0
end_of_record
TN:
SF:src/help/ApacheSampleLogParsing.tsx
FN:23,(anonymous_0)
FNF:1
FNH:0
FNDA:0,(anonymous_0)
DA:22,1
DA:23,1
DA:24,0
DA:25,0
LF:4
LH:2
BRF:0
BRH:0
end_of_record
TN:
SF:src/help/ConfigFilter.tsx
FN:24,(anonymous_0)
FNF:1
FNH:0
FNDA:0,(anonymous_0)
DA:24,1
DA:25,0
DA:26,0
LF:3
LH:1
BRF:0
BRH:0
end_of_record
TN:
SF:src/help/ConfigTimeFormat.tsx
FN:21,(anonymous_0)
FNF:1
FNH:0
FNDA:0,(anonymous_0)
DA:21,1
DA:22,0
DA:23,0
LF:3
LH:1
BRF:0
BRH:0
end_of_record
TN:
SF:src/help/CreationMethodNetwork.tsx
FN:21,(anonymous_0)
FNF:1
FNH:0
FNDA:0,(anonymous_0)
DA:21,1
DA:22,0
DA:23,0
LF:3
LH:1
BRF:0
BRH:0
end_of_record
TN:
SF:src/help/EKSIAMRole.tsx
FN:19,(anonymous_0)
FNF:1
FNH:0
FNDA:0,(anonymous_0)
DA:19,1
DA:20,0
DA:21,0
LF:3
LH:1
BRF:0
BRH:0
end_of_record
TN:
SF:src/help/EKSPattern.tsx
FN:21,(anonymous_0)
FNF:1
FNH:0
FNDA:0,(anonymous_0)
DA:21,1
DA:22,0
DA:23,0
LF:3
LH:1
BRF:0
BRH:0
end_of_record
TN:
SF:src/help/GeneralHelp.tsx
FN:23,(anonymous_0)
FN:27,(anonymous_1)
FNF:2
FNH:0
FNDA:0,(anonymous_0)
FNDA:0,(anonymous_1)
DA:23,1
DA:24,0
DA:25,0
DA:28,0
LF:4
LH:1
BRF:0
BRH:0
end_of_record
TN:
SF:src/help/IngestionCreationMethod.tsx
FN:19,(anonymous_0)
FNF:1
FNH:0
FNDA:0,(anonymous_0)
DA:19,1
DA:20,0
DA:21,0
LF:3
LH:1
BRF:0
BRH:0
end_of_record
TN:
SF:src/help/InstanceGroupCreationMethod.tsx
FN:20,(anonymous_0)
FNF:1
FNH:0
FNDA:0,(anonymous_0)
DA:20,1
DA:21,0
DA:22,0
LF:3
LH:1
BRF:0
BRH:0
end_of_record
TN:
SF:src/help/LightEngineSampleDashboard.tsx
FN:19,(anonymous_0)
FNF:1
FNH:0
FNDA:0,(anonymous_0)
DA:19,1
DA:20,0
DA:21,0
LF:3
LH:1
BRF:0
BRH:0
end_of_record
TN:
SF:src/help/LightEngineTableName.tsx
FN:20,(anonymous_0)
FNF:1
FNH:0
FNDA:0,(anonymous_0)
DA:20,1
DA:21,0
DA:22,0
LF:3
LH:1
BRF:0
BRH:0
end_of_record
TN:
SF:src/help/LogConfigPath.tsx
FN:19,(anonymous_0)
FNF:1
FNH:0
FNDA:0,(anonymous_0)
DA:19,1
DA:20,0
DA:21,0
LF:3
LH:1
BRF:0
BRH:0
end_of_record
TN:
SF:src/help/LogConfigPathEKS.tsx
FN:20,(anonymous_0)
FNF:1
FNH:0
FNDA:0,(anonymous_0)
DA:20,1
DA:21,0
DA:22,0
LF:3
LH:1
BRF:0
BRH:0
end_of_record
TN:
SF:src/help/LogLifecycle.tsx
FN:21,(anonymous_0)
FNF:1
FNH:0
FNDA:0,(anonymous_0)
DA:21,1
DA:22,0
DA:23,0
LF:3
LH:1
BRF:0
BRH:0
end_of_record
TN:
SF:src/help/LogProcessing.tsx
FN:20,(anonymous_0)
FNF:1
FNH:0
FNDA:0,(anonymous_0)
DA:20,1
DA:21,0
DA:22,0
LF:3
LH:1
BRF:0
BRH:0
end_of_record
TN:
SF:src/help/LogProcessingNetwork.tsx
FN:24,(anonymous_0)
FNF:1
FNH:0
FNDA:0,(anonymous_0)
DA:24,1
DA:25,0
DA:26,0
LF:3
LH:1
BRF:0
BRH:0
end_of_record
TN:
SF:src/help/NginxLogFormat.tsx
FN:26,(anonymous_0)
FNF:1
FNH:0
FNDA:0,(anonymous_0)
DA:22,1
DA:26,1
DA:27,0
DA:28,0
LF:4
LH:2
BRF:0
BRH:0
end_of_record
TN:
SF:src/help/NginxSampleLogParsing.tsx
FN:23,(anonymous_0)
FNF:1
FNH:0
FNDA:0,(anonymous_0)
DA:22,1
DA:23,1
DA:24,0
DA:25,0
LF:4
LH:2
BRF:0
BRH:0
end_of_record
TN:
SF:src/help/OSIPipeline.tsx
FN:21,(anonymous_0)
FNF:1
FNH:0
FNDA:0,(anonymous_0)
DA:21,1
DA:22,0
DA:23,0
LF:3
LH:1
BRF:0
BRH:0
end_of_record
TN:
SF:src/help/PipelineAlarms.tsx
FN:24,(anonymous_0)
FNF:1
FNH:0
FNDA:0,(anonymous_0)
DA:24,1
DA:25,0
DA:26,0
LF:3
LH:1
BRF:0
BRH:0
end_of_record
TN:
SF:src/help/ProxyInstance.tsx
FN:20,(anonymous_0)
FN:42,(anonymous_1)
FNF:2
FNH:0
FNDA:0,(anonymous_0)
FNDA:0,(anonymous_1)
DA:20,1
DA:21,0
DA:22,0
DA:43,0
LF:4
LH:1
BRF:0
BRH:0
end_of_record
TN:
SF:src/help/RegExLogFormat.tsx
FN:26,(anonymous_0)
FNF:1
FNH:0
FNDA:0,(anonymous_0)
DA:26,1
DA:27,0
DA:28,0
LF:3
LH:1
BRF:0
BRH:0
end_of_record
TN:
SF:src/help/S3FileType.tsx
FN:19,(anonymous_0)
FNF:1
FNH:0
FNDA:0,(anonymous_0)
DA:19,1
DA:20,0
DA:21,0
LF:3
LH:1
BRF:0
BRH:0
end_of_record
TN:
SF:src/help/SampleDashboard.tsx
FN:23,SampleDashboard
FNF:1
FNH:0
FNDA:0,SampleDashboard
DA:24,0
DA:25,0
LF:2
LH:0
BRF:0
BRH:0
end_of_record
TN:
SF:src/mock/data.ts
FNF:0
FNH:0
DA:22,1
DA:43,1
DA:83,1
DA:102,1
LF:4
LH:4
BRF:0
BRH:0
end_of_record
TN:
SF:src/pages/clusters/domain/DomainAlarm.tsx
FN:52,(anonymous_0)
FN:86,(anonymous_1)
FN:103,(anonymous_2)
FN:107,(anonymous_3)
FN:111,(anonymous_4)
FN:115,(anonymous_5)
FN:122,(anonymous_6)
FN:131,(anonymous_7)
FN:135,(anonymous_8)
FN:142,(anonymous_9)
FN:151,(anonymous_10)
FN:155,(anonymous_11)
FN:162,(anonymous_12)
FN:171,(anonymous_13)
FN:173,(anonymous_14)
FN:192,(anonymous_15)
FN:242,(anonymous_16)
FN:247,(anonymous_17)
FN:258,(anonymous_18)
FN:269,(anonymous_19)
FN:278,(anonymous_20)
FN:279,(anonymous_21)
FN:282,(anonymous_22)
FN:292,(anonymous_23)
FN:293,(anonymous_24)
FN:296,(anonymous_25)
FN:344,(anonymous_26)
FN:347,(anonymous_27)
FN:367,(anonymous_28)
FN:369,(anonymous_29)
FN:374,(anonymous_30)
FN:381,(anonymous_31)
FN:386,(anonymous_32)
FN:403,(anonymous_33)
FN:410,(anonymous_34)
FN:418,(anonymous_35)
FN:446,(anonymous_36)
FN:464,(anonymous_37)
FN:473,(anonymous_38)
FNF:39
FNH:0
FNDA:0,(anonymous_0)
FNDA:0,(anonymous_1)
FNDA:0,(anonymous_2)
FNDA:0,(anonymous_3)
FNDA:0,(anonymous_4)
FNDA:0,(anonymous_5)
FNDA:0,(anonymous_6)
FNDA:0,(anonymous_7)
FNDA:0,(anonymous_8)
FNDA:0,(anonymous_9)
FNDA:0,(anonymous_10)
FNDA:0,(anonymous_11)
FNDA:0,(anonymous_12)
FNDA:0,(anonymous_13)
FNDA:0,(anonymous_14)
FNDA:0,(anonymous_15)
FNDA:0,(anonymous_16)
FNDA:0,(anonymous_17)
FNDA:0,(anonymous_18)
FNDA:0,(anonymous_19)
FNDA:0,(anonymous_20)
FNDA:0,(anonymous_21)
FNDA:0,(anonymous_22)
FNDA:0,(anonymous_23)
FNDA:0,(anonymous_24)
FNDA:0,(anonymous_25)
FNDA:0,(anonymous_26)
FNDA:0,(anonymous_27)
FNDA:0,(anonymous_28)
FNDA:0,(anonymous_29)
FNDA:0,(anonymous_30)
FNDA:0,(anonymous_31)
FNDA:0,(anonymous_32)
FNDA:0,(anonymous_33)
FNDA:0,(anonymous_34)
FNDA:0,(anonymous_35)
FNDA:0,(anonymous_36)
FNDA:0,(anonymous_37)
FNDA:0,(anonymous_38)
DA:52,1
DA:53,0
DA:54,0
DA:55,0
DA:56,0
DA:65,0
DA:68,0
DA:69,0
DA:70,0
DA:71,0
DA:72,0
DA:73,0
DA:74,0
DA:75,0
DA:86,0
DA:87,0
DA:88,0
DA:89,0
DA:92,0
DA:93,0
DA:94,0
DA:95,0
DA:96,0
DA:98,0
DA:99,0
DA:103,0
DA:104,0
DA:107,0
DA:108,0
DA:111,0
DA:113,0
DA:115,0
DA:119,0
DA:122,0
DA:126,0
DA:128,0
DA:131,0
DA:133,0
DA:135,0
DA:139,0
DA:142,0
DA:146,0
DA:148,0
DA:151,0
DA:153,0
DA:155,0
DA:159,0
DA:162,0
DA:166,0
DA:168,0
DA:171,0
DA:172,0
DA:173,0
DA:174,0
DA:176,0
DA:177,0
DA:182,0
DA:189,0
DA:192,0
DA:193,0
DA:194,0
DA:195,0
DA:197,0
DA:198,0
DA:199,0
DA:201,0
DA:205,0
DA:206,0
DA:209,0
DA:210,0
DA:213,0
DA:214,0
DA:217,0
DA:218,0
DA:219,0
DA:221,0
DA:231,0
DA:232,0
DA:233,0
DA:237,0
DA:238,0
DA:239,0
DA:242,0
DA:243,0
DA:246,0
DA:247,0
DA:249,0
DA:250,0
DA:252,0
DA:257,0
DA:258,0
DA:260,0
DA:261,0
DA:263,0
DA:268,0
DA:269,0
DA:271,0
DA:272,0
DA:274,0
DA:278,0
DA:279,0
DA:280,0
DA:281,0
DA:282,0
DA:284,0
DA:285,0
DA:286,0
DA:288,0
DA:292,0
DA:293,0
DA:294,0
DA:295,0
DA:296,0
DA:298,0
DA:299,0
DA:300,0
DA:302,0
DA:303,0
DA:305,0
DA:307,0
DA:311,0
DA:345,0
DA:346,0
DA:347,0
DA:348,0
DA:368,0
DA:369,0
DA:370,0
DA:373,0
DA:375,0
DA:378,0
DA:381,0
DA:382,0
DA:385,0
DA:387,0
DA:390,0
DA:404,0
DA:411,0
DA:418,0
DA:447,0
DA:465,0
DA:474,0
LF:142
LH:1
BRDA:76,0,0,0
BRDA:76,0,1,0
BRDA:90,1,0,0
BRDA:90,1,1,0
BRDA:113,2,0,0
BRDA:113,2,1,0
BRDA:114,3,0,0
BRDA:114,3,1,0
BRDA:121,4,0,0
BRDA:121,4,1,0
BRDA:133,5,0,0
BRDA:133,5,1,0
BRDA:134,6,0,0
BRDA:134,6,1,0
BRDA:141,7,0,0
BRDA:141,7,1,0
BRDA:153,8,0,0
BRDA:153,8,1,0
BRDA:154,9,0,0
BRDA:154,9,1,0
BRDA:161,10,0,0
BRDA:161,10,1,0
BRDA:174,11,0,0
BRDA:174,11,1,0
BRDA:176,12,0,0
BRDA:176,12,1,0
BRDA:184,13,0,0
BRDA:184,13,1,0
BRDA:193,14,0,0
BRDA:193,14,1,0
BRDA:197,15,0,0
BRDA:197,15,1,0
BRDA:205,16,0,0
BRDA:205,16,1,0
BRDA:209,17,0,0
BRDA:209,17,1,0
BRDA:213,18,0,0
BRDA:213,18,1,0
BRDA:217,19,0,0
BRDA:217,19,1,0
BRDA:246,20,0,0
BRDA:246,20,1,0
BRDA:249,21,0,0
BRDA:249,21,1,0
BRDA:257,22,0,0
BRDA:257,22,1,0
BRDA:260,23,0,0
BRDA:260,23,1,0
BRDA:268,24,0,0
BRDA:268,24,1,0
BRDA:271,25,0,0
BRDA:271,25,1,0
BRDA:285,26,0,0
BRDA:285,26,1,0
BRDA:298,27,0,0
BRDA:298,27,1,0
BRDA:299,28,0,0
BRDA:299,28,1,0
BRDA:302,29,0,0
BRDA:302,29,1,0
BRDA:319,30,0,0
BRDA:319,30,1,0
BRDA:333,31,0,0
BRDA:333,31,1,0
BRDA:333,32,0,0
BRDA:333,32,1,0
BRDA:336,33,0,0
BRDA:336,33,1,0
BRDA:368,34,0,0
BRDA:368,34,1,0
BRDA:417,35,0,0
BRDA:417,35,1,0
BRDA:423,36,0,0
BRDA:423,36,1,0
BRDA:428,37,0,0
BRDA:428,37,1,0
BRDA:433,38,0,0
BRDA:433,38,1,0
BRDA:439,39,0,0
BRDA:439,39,1,0
BRF:80
BRH:0
end_of_record
TN:
SF:src/pages/clusters/domain/DomainDetail.tsx
FN:51,(anonymous_0)
FN:54,(anonymous_1)
FN:60,(anonymous_2)
FN:77,(anonymous_3)
FN:100,(anonymous_4)
FN:102,(anonymous_5)
FN:105,(anonymous_6)
FN:124,(anonymous_7)
FN:253,(anonymous_8)
FN:269,(anonymous_9)
FN:276,(anonymous_10)
FNF:11
FNH:0
FNDA:0,(anonymous_0)
FNDA:0,(anonymous_1)
FNDA:0,(anonymous_2)
FNDA:0,(anonymous_3)
FNDA:0,(anonymous_4)
FNDA:0,(anonymous_5)
FNDA:0,(anonymous_6)
FNDA:0,(anonymous_7)
FNDA:0,(anonymous_8)
FNDA:0,(anonymous_9)
FNDA:0,(anonymous_10)
DA:51,1
DA:52,0
DA:53,0
DA:54,0
DA:56,0
DA:57,0
DA:58,0
DA:59,0
DA:60,0
DA:61,0
DA:62,0
DA:64,0
DA:66,0
DA:77,0
DA:78,0
DA:79,0
DA:81,0
DA:83,0
DA:84,0
DA:88,0
DA:89,0
DA:90,0
DA:91,0
DA:92,0
DA:94,0
DA:95,0
DA:96,0
DA:100,0
DA:101,0
DA:102,0
DA:103,0
DA:105,0
DA:108,0
DA:125,0
DA:254,0
DA:270,0
DA:277,0
LF:37
LH:1
BRDA:73,0,0,0
BRDA:73,0,1,0
BRDA:78,1,0,0
BRDA:78,1,1,0
BRDA:85,2,0,0
BRDA:85,2,1,0
BRDA:114,3,0,0
BRDA:114,3,1,0
BRDA:118,4,0,0
BRDA:118,4,1,0
BRDA:123,5,0,0
BRDA:123,5,1,0
BRDA:142,6,0,0
BRDA:142,6,1,0
BRDA:156,7,0,0
BRDA:156,7,1,0
BRDA:175,8,0,0
BRDA:175,8,1,0
BRDA:181,9,0,0
BRDA:181,9,1,0
BRDA:187,10,0,0
BRDA:187,10,1,0
BRDA:196,11,0,0
BRDA:196,11,1,0
BRDA:196,11,2,0
BRDA:199,12,0,0
BRDA:199,12,1,0
BRDA:207,13,0,0
BRDA:207,13,1,0
BRDA:216,14,0,0
BRDA:216,14,1,0
BRDA:228,15,0,0
BRDA:228,15,1,0
BRDA:231,16,0,0
BRDA:231,16,1,0
BRDA:232,17,0,0
BRDA:232,17,1,0
BRDA:233,18,0,0
BRDA:233,18,1,0
BRDA:239,19,0,0
BRDA:239,19,1,0
BRDA:239,19,2,0
BRDA:242,20,0,0
BRDA:242,20,1,0
BRF:44
BRH:0
end_of_record
TN:
SF:src/pages/clusters/domain/DomainList.tsx
FN:55,(anonymous_0)
FN:58,(anonymous_1)
FN:103,(anonymous_2)
FN:107,(anonymous_3)
FN:118,(anonymous_4)
FN:131,(anonymous_5)
FN:149,(anonymous_6)
FN:157,(anonymous_7)
FN:165,(anonymous_8)
FN:171,(anonymous_9)
FN:198,(anonymous_10)
FN:202,(anonymous_11)
FN:208,(anonymous_12)
FN:222,(anonymous_13)
FN:234,(anonymous_14)
FN:238,(anonymous_15)
FN:241,(anonymous_16)
FN:259,(anonymous_17)
FN:276,(anonymous_18)
FN:283,(anonymous_19)
FN:288,(anonymous_20)
FN:293,(anonymous_21)
FN:298,(anonymous_22)
FN:306,(anonymous_23)
FN:315,(anonymous_24)
FN:322,(anonymous_25)
FN:331,(anonymous_26)
FN:339,(anonymous_27)
FN:356,(anonymous_28)
FN:365,(anonymous_29)
FN:378,(anonymous_30)
FN:402,(anonymous_31)
FN:409,(anonymous_32)
FN:417,(anonymous_33)
FN:422,(anonymous_34)
FNF:35
FNH:0
FNDA:0,(anonymous_0)
FNDA:0,(anonymous_1)
FNDA:0,(anonymous_2)
FNDA:0,(anonymous_3)
FNDA:0,(anonymous_4)
FNDA:0,(anonymous_5)
FNDA:0,(anonymous_6)
FNDA:0,(anonymous_7)
FNDA:0,(anonymous_8)
FNDA:0,(anonymous_9)
FNDA:0,(anonymous_10)
FNDA:0,(anonymous_11)
FNDA:0,(anonymous_12)
FNDA:0,(anonymous_13)
FNDA:0,(anonymous_14)
FNDA:0,(anonymous_15)
FNDA:0,(anonymous_16)
FNDA:0,(anonymous_17)
FNDA:0,(anonymous_18)
FNDA:0,(anonymous_19)
FNDA:0,(anonymous_20)
FNDA:0,(anonymous_21)
FNDA:0,(anonymous_22)
FNDA:0,(anonymous_23)
FNDA:0,(anonymous_24)
FNDA:0,(anonymous_25)
FNDA:0,(anonymous_26)
FNDA:0,(anonymous_27)
FNDA:0,(anonymous_28)
FNDA:0,(anonymous_29)
FNDA:0,(anonymous_30)
FNDA:0,(anonymous_31)
FNDA:0,(anonymous_32)
FNDA:0,(anonymous_33)
FNDA:0,(anonymous_34)
DA:55,1
DA:56,0
DA:57,0
DA:58,0
DA:60,0
DA:66,0
DA:67,0
DA:68,0
DA:69,0
DA:70,0
DA:71,0
DA:72,0
DA:73,0
DA:74,0
DA:75,0
DA:76,0
DA:77,0
DA:78,0
DA:79,0
DA:85,0
DA:95,0
DA:103,0
DA:104,0
DA:107,0
DA:108,0
DA:109,0
DA:110,0
DA:111,0
DA:112,0
DA:116,0
DA:117,0
DA:118,0
DA:119,0
DA:120,0
DA:124,0
DA:125,0
DA:127,0
DA:131,0
DA:132,0
DA:133,0
DA:134,0
DA:135,0
DA:139,0
DA:140,0
DA:141,0
DA:142,0
DA:144,0
DA:145,0
DA:149,0
DA:150,0
DA:151,0
DA:152,0
DA:154,0
DA:157,0
DA:158,0
DA:165,0
DA:168,0
DA:171,0
DA:172,0
DA:173,0
DA:174,0
DA:178,0
DA:180,0
DA:181,0
DA:182,0
DA:183,0
DA:185,0
DA:186,0
DA:187,0
DA:188,0
DA:190,0
DA:191,0
DA:192,0
DA:193,0
DA:194,0
DA:198,0
DA:199,0
DA:202,0
DA:203,0
DA:204,0
DA:208,0
DA:209,0
DA:210,0
DA:211,0
DA:213,0
DA:215,0
DA:216,0
DA:218,0
DA:222,0
DA:223,0
DA:234,0
DA:235,0
DA:238,0
DA:239,0
DA:242,0
DA:259,0
DA:260,0
DA:263,0
DA:277,0
DA:283,0
DA:288,0
DA:293,0
DA:299,0
DA:306,0
DA:316,0
DA:323,0
DA:332,0
DA:340,0
DA:357,0
DA:366,0
DA:379,0
DA:380,0
DA:382,0
DA:403,0
DA:410,0
DA:411,0
DA:417,0
DA:422,0
LF:118
LH:1
BRDA:104,0,0,0
BRDA:104,0,1,0
BRDA:119,1,0,0
BRDA:119,1,1,0
BRDA:176,2,0,0
BRDA:176,2,1,0
BRDA:182,3,0,0
BRDA:182,3,1,0
BRDA:203,4,0,0
BRDA:203,4,1,0
BRDA:210,5,0,0
BRDA:210,5,1,0
BRDA:215,6,0,0
BRDA:215,6,1,0
BRDA:235,7,0,0
BRDA:235,7,1,0
BRDA:300,8,0,0
BRDA:300,8,1,0
BRDA:361,9,0,0
BRDA:361,9,1,0
BRDA:376,10,0,0
BRDA:376,10,1,0
BRDA:379,11,0,0
BRDA:379,11,1,0
BRDA:386,12,0,0
BRDA:386,12,1,0
BRDA:410,13,0,0
BRDA:410,13,1,0
BRDA:425,14,0,0
BRDA:425,14,1,0
BRDA:429,15,0,0
BRDA:429,15,1,0
BRDA:441,16,0,0
BRDA:441,16,1,0
BRDA:441,16,2,0
BRDA:454,17,0,0
BRDA:454,17,1,0
BRF:37
BRH:0
end_of_record
TN:
SF:src/pages/clusters/domain/NginxForOpenSearch.tsx
FN:59,(anonymous_0)
FN:73,(anonymous_1)
FN:123,(anonymous_2)
FN:128,(anonymous_3)
FN:165,(anonymous_4)
FN:205,(anonymous_5)
FN:215,(anonymous_6)
FN:238,(anonymous_7)
FN:242,(anonymous_8)
FN:295,(anonymous_9)
FN:302,(anonymous_10)
FN:342,(anonymous_11)
FN:358,(anonymous_12)
FN:407,(anonymous_13)
FN:409,(anonymous_14)
FN:435,(anonymous_15)
FN:437,(anonymous_16)
FN:463,(anonymous_17)
FN:468,(anonymous_18)
FN:485,(anonymous_19)
FN:501,(anonymous_20)
FN:505,(anonymous_21)
FN:521,(anonymous_22)
FN:547,(anonymous_23)
FN:550,(anonymous_24)
FN:563,(anonymous_25)
FN:582,(anonymous_26)
FN:585,(anonymous_27)
FN:620,(anonymous_28)
FN:623,(anonymous_29)
FN:636,(anonymous_30)
FN:648,(anonymous_31)
FN:657,(anonymous_32)
FNF:33
FNH:0
FNDA:0,(anonymous_0)
FNDA:0,(anonymous_1)
FNDA:0,(anonymous_2)
FNDA:0,(anonymous_3)
FNDA:0,(anonymous_4)
FNDA:0,(anonymous_5)
FNDA:0,(anonymous_6)
FNDA:0,(anonymous_7)
FNDA:0,(anonymous_8)
FNDA:0,(anonymous_9)
FNDA:0,(anonymous_10)
FNDA:0,(anonymous_11)
FNDA:0,(anonymous_12)
FNDA:0,(anonymous_13)
FNDA:0,(anonymous_14)
FNDA:0,(anonymous_15)
FNDA:0,(anonymous_16)
FNDA:0,(anonymous_17)
FNDA:0,(anonymous_18)
FNDA:0,(anonymous_19)
FNDA:0,(anonymous_20)
FNDA:0,(anonymous_21)
FNDA:0,(anonymous_22)
FNDA:0,(anonymous_23)
FNDA:0,(anonymous_24)
FNDA:0,(anonymous_25)
FNDA:0,(anonymous_26)
FNDA:0,(anonymous_27)
FNDA:0,(anonymous_28)
FNDA:0,(anonymous_29)
FNDA:0,(anonymous_30)
FNDA:0,(anonymous_31)
FNDA:0,(anonymous_32)
DA:59,1
DA:60,0
DA:61,0
DA:62,0
DA:63,0
DA:72,0
DA:73,0
DA:75,0
DA:78,0
DA:79,0
DA:80,0
DA:81,0
DA:82,0
DA:83,0
DA:84,0
DA:85,0
DA:86,0
DA:87,0
DA:88,0
DA:90,0
DA:93,0
DA:94,0
DA:97,0
DA:100,0
DA:101,0
DA:103,0
DA:121,0
DA:123,0
DA:127,0
DA:128,0
DA:129,0
DA:130,0
DA:135,0
DA:136,0
DA:141,0
DA:142,0
DA:147,0
DA:148,0
DA:153,0
DA:154,0
DA:162,0
DA:165,0
DA:166,0
DA:167,0
DA:168,0
DA:169,0
DA:170,0
DA:171,0
DA:172,0
DA:174,0
DA:177,0
DA:181,0
DA:182,0
DA:184,0
DA:185,0
DA:187,0
DA:188,0
DA:189,0
DA:191,0
DA:192,0
DA:193,0
DA:195,0
DA:196,0
DA:197,0
DA:199,0
DA:201,0
DA:205,0
DA:206,0
DA:207,0
DA:208,0
DA:211,0
DA:212,0
DA:213,0
DA:214,0
DA:216,0
DA:231,0
DA:233,0
DA:234,0
DA:238,0
DA:239,0
DA:242,0
DA:244,0
DA:248,0
DA:249,0
DA:253,0
DA:254,0
DA:255,0
DA:259,0
DA:260,0
DA:261,0
DA:265,0
DA:269,0
DA:270,0
DA:274,0
DA:275,0
DA:276,0
DA:280,0
DA:281,0
DA:282,0
DA:286,0
DA:287,0
DA:288,0
DA:290,0
DA:291,0
DA:295,0
DA:296,0
DA:297,0
DA:298,0
DA:302,0
DA:303,0
DA:304,0
DA:305,0
DA:308,0
DA:343,0
DA:359,0
DA:408,0
DA:410,0
DA:436,0
DA:438,0
DA:464,0
DA:465,0
DA:466,0
DA:467,0
DA:469,0
DA:486,0
DA:502,0
DA:503,0
DA:504,0
DA:506,0
DA:522,0
DA:548,0
DA:549,0
DA:551,0
DA:564,0
DA:583,0
DA:584,0
DA:586,0
DA:621,0
DA:622,0
DA:624,0
DA:637,0
DA:649,0
DA:658,0
LF:143
LH:1
BRDA:129,0,0,0
BRDA:129,0,1,0
BRDA:135,1,0,0
BRDA:135,1,1,0
BRDA:141,2,0,0
BRDA:141,2,1,0
BRDA:147,3,0,0
BRDA:147,3,1,0
BRDA:153,4,0,0
BRDA:153,4,1,0
BRDA:157,5,0,0
BRDA:157,5,1,0
BRDA:167,6,0,0
BRDA:167,6,1,0
BRDA:169,7,0,0
BRDA:169,7,1,0
BRDA:171,8,0,0
BRDA:171,8,1,0
BRDA:184,9,0,0
BRDA:184,9,1,0
BRDA:187,10,0,0
BRDA:187,10,1,0
BRDA:191,11,0,0
BRDA:191,11,1,0
BRDA:195,12,0,0
BRDA:195,12,1,0
BRDA:209,13,0,0
BRDA:209,13,1,0
BRDA:213,14,0,0
BRDA:213,14,1,0
BRDA:221,15,0,0
BRDA:221,15,1,0
BRDA:224,16,0,0
BRDA:224,16,1,0
BRDA:225,17,0,0
BRDA:225,17,1,0
BRDA:244,18,0,0
BRDA:244,18,1,0
BRDA:245,19,0,0
BRDA:245,19,1,0
BRDA:253,20,0,0
BRDA:253,20,1,0
BRDA:259,21,0,0
BRDA:259,21,1,0
BRDA:265,22,0,0
BRDA:265,22,1,0
BRDA:266,23,0,0
BRDA:266,23,1,0
BRDA:274,24,0,0
BRDA:274,24,1,0
BRDA:296,25,0,0
BRDA:296,25,1,0
BRDA:316,26,0,0
BRDA:316,26,1,0
BRDA:324,27,0,0
BRDA:324,27,1,0
BRDA:328,28,0,0
BRDA:328,28,1,0
BRDA:331,29,0,0
BRDA:331,29,1,0
BRDA:359,30,0,0
BRDA:359,30,1,0
BRDA:383,31,0,0
BRDA:383,31,1,0
BRDA:386,32,0,0
BRDA:386,32,1,0
BRDA:406,33,0,0
BRDA:406,33,1,0
BRDA:432,34,0,0
BRDA:432,34,1,0
BRDA:455,35,0,0
BRDA:455,35,1,0
BRDA:464,36,0,0
BRDA:464,36,1,0
BRDA:494,37,0,0
BRDA:494,37,1,0
BRDA:540,38,0,0
BRDA:540,38,1,0
BRDA:574,39,0,0
BRDA:574,39,1,0
BRDA:581,40,0,0
BRDA:581,40,1,0
BRDA:613,41,0,0
BRDA:613,41,1,0
BRF:84
BRH:0
end_of_record
TN:
SF:src/pages/clusters/domain/detail/AccessProxy.tsx
FN:36,(anonymous_0)
FN:41,(anonymous_1)
FN:47,(anonymous_2)
FN:72,(anonymous_3)
FN:94,(anonymous_4)
FN:167,(anonymous_5)
FN:175,(anonymous_6)
FN:184,(anonymous_7)
FNF:8
FNH:0
FNDA:0,(anonymous_0)
FNDA:0,(anonymous_1)
FNDA:0,(anonymous_2)
FNDA:0,(anonymous_3)
FNDA:0,(anonymous_4)
FNDA:0,(anonymous_5)
FNDA:0,(anonymous_6)
FNDA:0,(anonymous_7)
DA:36,1
DA:40,0
DA:41,0
DA:43,0
DA:44,0
DA:45,0
DA:47,0
DA:48,0
DA:49,0
DA:50,0
DA:53,0
DA:54,0
DA:55,0
DA:56,0
DA:58,0
DA:59,0
DA:63,0
DA:73,0
DA:95,0
DA:168,0
DA:176,0
DA:185,0
LF:22
LH:1
BRDA:69,0,0,0
BRDA:69,0,1,0
BRDA:69,0,2,0
BRDA:82,1,0,0
BRDA:82,1,1,0
BRDA:86,2,0,0
BRDA:86,2,1,0
BRDA:87,3,0,0
BRDA:87,3,1,0
BRDA:95,4,0,0
BRDA:95,4,1,0
BRDA:115,5,0,0
BRDA:115,5,1,0
BRDA:116,6,0,0
BRDA:116,6,1,0
BRDA:120,7,0,0
BRDA:120,7,1,0
BRDA:121,8,0,0
BRDA:121,8,1,0
BRDA:127,9,0,0
BRDA:127,9,1,0
BRDA:131,10,0,0
BRDA:131,10,1,0
BRDA:134,11,0,0
BRDA:134,11,1,0
BRDA:143,12,0,0
BRDA:143,12,1,0
BRDA:148,13,0,0
BRDA:148,13,1,0
BRDA:151,14,0,0
BRDA:151,14,1,0
BRF:31
BRH:0
end_of_record
TN:
SF:src/pages/clusters/domain/detail/Alarms.tsx
FN:31,(anonymous_0)
FN:37,(anonymous_1)
FN:53,(anonymous_2)
FN:74,(anonymous_3)
FN:96,(anonymous_4)
FN:101,(anonymous_5)
FN:121,(anonymous_6)
FN:129,(anonymous_7)
FN:138,(anonymous_8)
FNF:9
FNH:0
FNDA:0,(anonymous_0)
FNDA:0,(anonymous_1)
FNDA:0,(anonymous_2)
FNDA:0,(anonymous_3)
FNDA:0,(anonymous_4)
FNDA:0,(anonymous_5)
FNDA:0,(anonymous_6)
FNDA:0,(anonymous_7)
FNDA:0,(anonymous_8)
DA:31,1
DA:32,0
DA:33,0
DA:34,0
DA:35,0
DA:37,0
DA:38,0
DA:39,0
DA:40,0
DA:43,0
DA:44,0
DA:45,0
DA:46,0
DA:48,0
DA:49,0
DA:53,0
DA:54,0
DA:55,0
DA:56,0
DA:58,0
DA:61,0
DA:65,0
DA:75,0
DA:97,0
DA:101,0
DA:122,0
DA:130,0
DA:139,0
LF:28
LH:1
BRDA:54,0,0,0
BRDA:54,0,1,0
BRDA:54,1,0,0
BRDA:54,1,1,0
BRDA:55,2,0,0
BRDA:55,2,1,0
BRDA:56,3,0,0
BRDA:56,3,1,0
BRDA:70,4,0,0
BRDA:70,4,1,0
BRDA:70,4,2,0
BRDA:70,4,3,0
BRDA:86,5,0,0
BRDA:86,5,1,0
BRDA:101,6,0,0
BRDA:101,6,1,0
BRF:16
BRH:0
end_of_record
TN:
SF:src/pages/clusters/domain/detail/Network.tsx
FN:38,(anonymous_0)
FN:40,(anonymous_1)
FN:64,(anonymous_2)
FN:96,(anonymous_3)
FN:154,(anonymous_4)
FN:168,(anonymous_5)
FNF:6
FNH:0
FNDA:0,(anonymous_0)
FNDA:0,(anonymous_1)
FNDA:0,(anonymous_2)
FNDA:0,(anonymous_3)
FNDA:0,(anonymous_4)
FNDA:0,(anonymous_5)
DA:38,1
DA:39,0
DA:40,0
DA:43,0
DA:65,0
DA:97,0
DA:155,0
DA:169,0
LF:8
LH:1
BRDA:49,0,0,0
BRDA:49,0,1,0
BRDA:53,1,0,0
BRDA:53,1,1,0
BRDA:56,2,0,0
BRDA:56,2,1,0
BRDA:70,3,0,0
BRDA:70,3,1,0
BRDA:123,4,0,0
BRDA:123,4,1,0
BRDA:127,5,0,0
BRDA:127,5,1,0
BRDA:130,6,0,0
BRDA:130,6,1,0
BRDA:141,7,0,0
BRDA:141,7,1,0
BRDA:144,8,0,0
BRDA:144,8,1,0
BRDA:169,9,0,0
BRDA:169,9,1,0
BRF:20
BRH:0
end_of_record
TN:
SF:src/pages/clusters/domain/detail/Overview.tsx
FN:28,(anonymous_0)
FNF:1
FNH:0
FNDA:0,(anonymous_0)
DA:28,1
DA:29,0
DA:30,0
LF:3
LH:1
BRDA:37,0,0,0
BRDA:37,0,1,0
BRDA:38,1,0,0
BRDA:38,1,1,0
BRDA:44,2,0,0
BRDA:44,2,1,0
BRDA:45,3,0,0
BRDA:45,3,1,0
BRDA:51,4,0,0
BRDA:51,4,1,0
BRDA:59,5,0,0
BRDA:59,5,1,0
BRDA:68,6,0,0
BRDA:68,6,1,0
BRDA:75,7,0,0
BRDA:75,7,1,0
BRDA:86,8,0,0
BRDA:86,8,1,0
BRDA:117,9,0,0
BRDA:117,9,1,0
BRF:20
BRH:0
end_of_record
TN:
SF:src/pages/clusters/importcluster/ImportCluster.tsx
FN:56,(anonymous_0)
FN:68,(anonymous_1)
FN:106,(anonymous_2)
FN:135,(anonymous_3)
FN:152,(anonymous_4)
FN:169,(anonymous_5)
FN:173,(anonymous_6)
FN:177,(anonymous_7)
FN:217,(anonymous_8)
FN:220,(anonymous_9)
FN:224,(anonymous_10)
FN:225,(anonymous_11)
FN:235,(anonymous_12)
FN:237,(anonymous_13)
FN:249,(anonymous_14)
FN:250,(anonymous_15)
FN:261,(anonymous_16)
FN:262,(anonymous_17)
FN:269,(anonymous_18)
FN:270,(anonymous_19)
FN:277,(anonymous_20)
FN:278,(anonymous_21)
FN:285,(anonymous_22)
FN:286,(anonymous_23)
FN:293,(anonymous_24)
FN:294,(anonymous_25)
FN:301,(anonymous_26)
FN:302,(anonymous_27)
FN:321,(anonymous_28)
FN:329,(anonymous_29)
FN:330,(anonymous_30)
FN:347,(anonymous_31)
FN:367,(anonymous_32)
FN:381,(anonymous_33)
FN:394,(anonymous_34)
FNF:35
FNH:0
FNDA:0,(anonymous_0)
FNDA:0,(anonymous_1)
FNDA:0,(anonymous_2)
FNDA:0,(anonymous_3)
FNDA:0,(anonymous_4)
FNDA:0,(anonymous_5)
FNDA:0,(anonymous_6)
FNDA:0,(anonymous_7)
FNDA:0,(anonymous_8)
FNDA:0,(anonymous_9)
FNDA:0,(anonymous_10)
FNDA:0,(anonymous_11)
FNDA:0,(anonymous_12)
FNDA:0,(anonymous_13)
FNDA:0,(anonymous_14)
FNDA:0,(anonymous_15)
FNDA:0,(anonymous_16)
FNDA:0,(anonymous_17)
FNDA:0,(anonymous_18)
FNDA:0,(anonymous_19)
FNDA:0,(anonymous_20)
FNDA:0,(anonymous_21)
FNDA:0,(anonymous_22)
FNDA:0,(anonymous_23)
FNDA:0,(anonymous_24)
FNDA:0,(anonymous_25)
FNDA:0,(anonymous_26)
FNDA:0,(anonymous_27)
FNDA:0,(anonymous_28)
FNDA:0,(anonymous_29)
FNDA:0,(anonymous_30)
FNDA:0,(anonymous_31)
FNDA:0,(anonymous_32)
FNDA:0,(anonymous_33)
FNDA:0,(anonymous_34)
DA:56,1
DA:57,0
DA:58,0
DA:64,0
DA:65,0
DA:67,0
DA:68,0
DA:70,0
DA:71,0
DA:72,0
DA:89,0
DA:90,0
DA:97,0
DA:98,0
DA:99,0
DA:100,0
DA:101,0
DA:104,0
DA:106,0
DA:107,0
DA:108,0
DA:109,0
DA:110,0
DA:111,0
DA:112,0
DA:113,0
DA:114,0
DA:115,0
DA:117,0
DA:118,0
DA:122,0
DA:123,0
DA:124,0
DA:125,0
DA:126,0
DA:128,0
DA:129,0
DA:130,0
DA:135,0
DA:136,0
DA:137,0
DA:138,0
DA:142,0
DA:143,0
DA:144,0
DA:145,0
DA:147,0
DA:148,0
DA:152,0
DA:153,0
DA:154,0
DA:155,0
DA:159,0
DA:160,0
DA:161,0
DA:164,0
DA:165,0
DA:169,0
DA:170,0
DA:173,0
DA:174,0
DA:177,0
DA:178,0
DA:179,0
DA:180,0
DA:184,0
DA:218,0
DA:219,0
DA:220,0
DA:221,0
DA:225,0
DA:226,0
DA:236,0
DA:237,0
DA:238,0
DA:250,0
DA:251,0
DA:262,0
DA:263,0
DA:270,0
DA:271,0
DA:278,0
DA:279,0
DA:286,0
DA:287,0
DA:294,0
DA:295,0
DA:302,0
DA:303,0
DA:322,0
DA:330,0
DA:331,0
DA:348,0
DA:349,0
DA:350,0
DA:353,0
DA:358,0
DA:360,0
DA:365,0
DA:367,0
DA:368,0
DA:382,0
DA:383,0
DA:395,0
LF:104
LH:1
BRDA:114,0,0,0
BRDA:114,0,1,0
BRDA:160,1,0,0
BRDA:160,1,1,0
BRDA:179,2,0,0
BRDA:179,2,1,0
BRDA:212,3,0,0
BRDA:212,3,1,0
BRDA:231,4,0,0
BRDA:231,4,1,0
BRDA:311,5,0,0
BRDA:311,5,1,0
BRDA:312,6,0,0
BRDA:312,6,1,0
BRDA:327,7,0,0
BRDA:327,7,1,0
BRDA:327,7,2,0
BRDA:331,8,0,0
BRDA:331,8,1,0
BRDA:339,9,0,0
BRDA:339,9,1,0
BRDA:348,10,0,0
BRDA:348,10,1,0
BRDA:353,11,0,0
BRDA:353,11,1,0
BRDA:354,12,0,0
BRDA:354,12,1,0
BRDA:360,13,0,0
BRDA:360,13,1,0
BRDA:361,14,0,0
BRDA:361,14,1,0
BRDA:368,15,0,0
BRDA:368,15,1,0
BRDA:377,16,0,0
BRDA:377,16,1,0
BRDA:389,17,0,0
BRDA:389,17,1,0
BRF:37
BRH:0
end_of_record
TN:
SF:src/pages/clusters/importcluster/steps/ConfigNetwork.tsx
FN:50,(anonymous_0)
FN:67,(anonymous_1)
FN:72,(anonymous_2)
FN:77,(anonymous_3)
FN:102,(anonymous_4)
FN:127,(anonymous_5)
FN:152,(anonymous_6)
FN:172,(anonymous_7)
FN:200,(anonymous_8)
FN:244,(anonymous_9)
FN:275,(anonymous_10)
FN:294,(anonymous_11)
FNF:12
FNH:0
FNDA:0,(anonymous_0)
FNDA:0,(anonymous_1)
FNDA:0,(anonymous_2)
FNDA:0,(anonymous_3)
FNDA:0,(anonymous_4)
FNDA:0,(anonymous_5)
FNDA:0,(anonymous_6)
FNDA:0,(anonymous_7)
FNDA:0,(anonymous_8)
FNDA:0,(anonymous_9)
FNDA:0,(anonymous_10)
FNDA:0,(anonymous_11)
DA:50,1
DA:64,0
DA:65,0
DA:66,0
DA:67,0
DA:70,0
DA:72,0
DA:76,0
DA:77,0
DA:78,0
DA:79,0
DA:84,0
DA:85,0
DA:90,0
DA:91,0
DA:99,0
DA:102,0
DA:103,0
DA:104,0
DA:105,0
DA:109,0
DA:110,0
DA:111,0
DA:112,0
DA:113,0
DA:115,0
DA:116,0
DA:118,0
DA:119,0
DA:121,0
DA:123,0
DA:127,0
DA:128,0
DA:131,0
DA:153,0
DA:173,0
DA:201,0
DA:245,0
DA:246,0
DA:247,0
DA:248,0
DA:249,0
DA:251,0
DA:276,0
DA:277,0
DA:278,0
DA:295,0
LF:47
LH:1
BRDA:78,0,0,0
BRDA:78,0,1,0
BRDA:84,1,0,0
BRDA:84,1,1,0
BRDA:90,2,0,0
BRDA:90,2,1,0
BRDA:94,3,0,0
BRDA:94,3,1,0
BRDA:112,4,0,0
BRDA:112,4,1,0
BRDA:115,5,0,0
BRDA:115,5,1,0
BRDA:118,6,0,0
BRDA:118,6,1,0
BRDA:158,7,0,0
BRDA:158,7,1,0
BRDA:220,8,0,0
BRDA:220,8,1,0
BRDA:227,9,0,0
BRDA:227,9,1,0
BRDA:248,10,0,0
BRDA:248,10,1,0
BRDA:271,11,0,0
BRDA:271,11,1,0
BRDA:277,12,0,0
BRDA:277,12,1,0
BRF:26
BRH:0
end_of_record
TN:
SF:src/pages/clusters/importcluster/steps/ImportDomain.tsx
FN:45,(anonymous_0)
FN:87,(anonymous_1)
FN:89,(anonymous_2)
FN:100,(anonymous_3)
FN:102,(anonymous_4)
FN:113,(anonymous_5)
FN:115,(anonymous_6)
FN:127,(anonymous_7)
FN:129,(anonymous_8)
FN:140,(anonymous_9)
FN:142,(anonymous_10)
FN:153,(anonymous_11)
FN:166,(anonymous_12)
FNF:13
FNH:0
FNDA:0,(anonymous_0)
FNDA:0,(anonymous_1)
FNDA:0,(anonymous_2)
FNDA:0,(anonymous_3)
FNDA:0,(anonymous_4)
FNDA:0,(anonymous_5)
FNDA:0,(anonymous_6)
FNDA:0,(anonymous_7)
FNDA:0,(anonymous_8)
FNDA:0,(anonymous_9)
FNDA:0,(anonymous_10)
FNDA:0,(anonymous_11)
FNDA:0,(anonymous_12)
DA:45,1
DA:48,0
DA:49,0
DA:52,0
DA:60,0
DA:63,0
DA:65,0
DA:68,0
DA:70,0
DA:73,0
DA:76,0
DA:77,0
DA:82,0
DA:83,0
DA:87,0
DA:88,0
DA:89,0
DA:91,0
DA:92,0
DA:94,0
DA:95,0
DA:96,0
DA:100,0
DA:101,0
DA:102,0
DA:104,0
DA:105,0
DA:107,0
DA:108,0
DA:109,0
DA:113,0
DA:114,0
DA:115,0
DA:117,0
DA:118,0
DA:120,0
DA:121,0
DA:122,0
DA:123,0
DA:127,0
DA:128,0
DA:129,0
DA:131,0
DA:132,0
DA:134,0
DA:135,0
DA:136,0
DA:140,0
DA:141,0
DA:142,0
DA:144,0
DA:145,0
DA:147,0
DA:148,0
DA:149,0
DA:153,0
DA:154,0
DA:156,0
DA:157,0
DA:158,0
DA:159,0
DA:160,0
DA:162,0
DA:166,0
DA:167,0
DA:168,0
DA:172,0
LF:67
LH:1
BRDA:91,0,0,0
BRDA:91,0,1,0
BRDA:94,1,0,0
BRDA:94,1,1,0
BRDA:94,2,0,0
BRDA:94,2,1,0
BRDA:96,3,0,0
BRDA:96,3,1,0
BRDA:104,4,0,0
BRDA:104,4,1,0
BRDA:107,5,0,0
BRDA:107,5,1,0
BRDA:107,6,0,0
BRDA:107,6,1,0
BRDA:109,7,0,0
BRDA:109,7,1,0
BRDA:117,8,0,0
BRDA:117,8,1,0
BRDA:120,9,0,0
BRDA:120,9,1,0
BRDA:120,10,0,0
BRDA:120,10,1,0
BRDA:122,11,0,0
BRDA:122,11,1,0
BRDA:131,12,0,0
BRDA:131,12,1,0
BRDA:134,13,0,0
BRDA:134,13,1,0
BRDA:134,14,0,0
BRDA:134,14,1,0
BRDA:136,15,0,0
BRDA:136,15,1,0
BRDA:144,16,0,0
BRDA:144,16,1,0
BRDA:147,17,0,0
BRDA:147,17,1,0
BRDA:147,18,0,0
BRDA:147,18,1,0
BRDA:149,19,0,0
BRDA:149,19,1,0
BRDA:167,20,0,0
BRDA:167,20,1,0
BRDA:176,21,0,0
BRDA:176,21,1,0
BRDA:210,22,0,0
BRDA:210,22,1,0
BRDA:210,23,0,0
BRDA:210,23,1,0
BRDA:210,23,2,0
BRDA:210,23,3,0
BRDA:210,23,4,0
BRDA:210,23,5,0
BRDA:220,24,0,0
BRDA:220,24,1,0
BRDA:224,25,0,0
BRDA:224,25,1,0
BRDA:228,26,0,0
BRDA:228,26,1,0
BRDA:232,27,0,0
BRDA:232,27,1,0
BRDA:236,28,0,0
BRDA:236,28,1,0
BRF:62
BRH:0
end_of_record
TN:
SF:src/pages/clusters/importcluster/steps/SelectDomain.tsx
FN:57,(anonymous_0)
FN:70,(anonymous_1)
FN:96,(anonymous_2)
FN:104,(anonymous_3)
FN:118,(anonymous_4)
FN:130,(anonymous_5)
FN:136,(anonymous_6)
FN:141,(anonymous_7)
FN:151,(anonymous_8)
FN:160,(anonymous_9)
FN:169,(anonymous_10)
FN:175,(anonymous_11)
FN:187,(anonymous_12)
FN:209,(anonymous_13)
FN:213,(anonymous_14)
FN:246,(anonymous_15)
FN:254,(anonymous_16)
FN:301,(anonymous_17)
FNF:18
FNH:0
FNDA:0,(anonymous_0)
FNDA:0,(anonymous_1)
FNDA:0,(anonymous_2)
FNDA:0,(anonymous_3)
FNDA:0,(anonymous_4)
FNDA:0,(anonymous_5)
FNDA:0,(anonymous_6)
FNDA:0,(anonymous_7)
FNDA:0,(anonymous_8)
FNDA:0,(anonymous_9)
FNDA:0,(anonymous_10)
FNDA:0,(anonymous_11)
FNDA:0,(anonymous_12)
FNDA:0,(anonymous_13)
FNDA:0,(anonymous_14)
FNDA:0,(anonymous_15)
FNDA:0,(anonymous_16)
FNDA:0,(anonymous_17)
DA:57,1
DA:67,0
DA:68,0
DA:69,0
DA:70,0
DA:72,0
DA:73,0
DA:74,0
DA:75,0
DA:77,0
DA:78,0
DA:79,0
DA:82,0
DA:83,0
DA:86,0
DA:90,0
DA:94,0
DA:96,0
DA:97,0
DA:98,0
DA:99,0
DA:101,0
DA:102,0
DA:103,0
DA:104,0
DA:105,0
DA:112,0
DA:114,0
DA:118,0
DA:119,0
DA:120,0
DA:121,0
DA:122,0
DA:123,0
DA:124,0
DA:125,0
DA:126,0
DA:127,0
DA:130,0
DA:131,0
DA:136,0
DA:140,0
DA:141,0
DA:143,0
DA:144,0
DA:145,0
DA:146,0
DA:147,0
DA:150,0
DA:151,0
DA:153,0
DA:154,0
DA:155,0
DA:156,0
DA:157,0
DA:159,0
DA:160,0
DA:163,0
DA:164,0
DA:165,0
DA:166,0
DA:167,0
DA:169,0
DA:174,0
DA:175,0
DA:177,0
DA:178,0
DA:179,0
DA:180,0
DA:181,0
DA:187,0
DA:188,0
DA:189,0
DA:190,0
DA:194,0
DA:195,0
DA:197,0
DA:198,0
DA:203,0
DA:205,0
DA:209,0
DA:210,0
DA:213,0
DA:214,0
DA:215,0
DA:219,0
DA:247,0
DA:248,0
DA:249,0
DA:250,0
DA:251,0
DA:255,0
DA:302,0
LF:93
LH:1
BRDA:106,0,0,0
BRDA:106,0,1,0
BRDA:107,1,0,0
BRDA:107,1,1,0
BRDA:108,2,0,0
BRDA:108,2,1,0
BRDA:109,3,0,0
BRDA:109,3,1,0
BRDA:109,4,0,0
BRDA:109,4,1,0
BRDA:131,5,0,0
BRDA:131,5,1,0
BRDA:143,6,0,0
BRDA:143,6,1,0
BRDA:147,7,0,0
BRDA:147,7,1,0
BRDA:153,8,0,0
BRDA:153,8,1,0
BRDA:157,9,0,0
BRDA:157,9,1,0
BRDA:163,10,0,0
BRDA:163,10,1,0
BRDA:169,11,0,0
BRDA:169,11,1,0
BRDA:177,12,0,0
BRDA:177,12,1,0
BRDA:182,13,0,0
BRDA:182,13,1,0
BRDA:195,14,0,0
BRDA:195,14,1,0
BRDA:199,15,0,0
BRDA:199,15,1,0
BRDA:214,16,0,0
BRDA:214,16,1,0
BRDA:235,17,0,0
BRDA:235,17,1,0
BRDA:249,18,0,0
BRDA:249,18,1,0
BRDA:260,19,0,0
BRDA:260,19,1,0
BRDA:326,20,0,0
BRDA:326,20,1,0
[...]
SF:src/pages/resources/logConfig/ConfigDetail.tsx
FN:36,(anonymous_0)
FN:55,(anonymous_1)
FN:60,(anonymous_2)
FN:76,(anonymous_3)
FN:97,(anonymous_4)
FN:119,(anonymous_5)
FN:129,(anonymous_6)
FN:206,(anonymous_7)
FN:214,(anonymous_8)
FN:223,(anonymous_9)
FNF:10
FNH:0
FNDA:0,(anonymous_0)
FNDA:0,(anonymous_1)
FNDA:0,(anonymous_2)
FNDA:0,(anonymous_3)
FNDA:0,(anonymous_4)
FNDA:0,(anonymous_5)
FNDA:0,(anonymous_6)
FNDA:0,(anonymous_7)
FNDA:0,(anonymous_8)
FNDA:0,(anonymous_9)
DA:36,1
DA:37,0
DA:38,0
DA:39,0
DA:40,0
DA:41,0
DA:42,0
DA:43,0
DA:45,0
DA:55,0
DA:56,0
DA:60,0
DA:61,0
DA:62,0
DA:63,0
DA:66,0
DA:67,0
DA:68,0
DA:69,0
DA:71,0
DA:72,0
DA:76,0
DA:77,0
DA:78,0
DA:79,0
DA:83,0
DA:84,0
DA:85,0
DA:86,0
DA:87,0
DA:89,0
DA:90,0
DA:92,0
DA:93,0
DA:97,0
DA:98,0
DA:101,0
DA:120,0
DA:121,0
DA:130,0
DA:207,0
DA:215,0
DA:224,0
LF:43
LH:1
BRDA:51,0,0,0
BRDA:51,0,1,0
BRDA:81,1,0,0
BRDA:81,1,1,0
BRDA:85,2,0,0
BRDA:85,2,1,0
BRDA:109,3,0,0
BRDA:109,3,1,0
BRDA:114,4,0,0
BRDA:114,4,1,0
BRDA:116,5,0,0
BRDA:116,5,1,0
BRDA:140,6,0,0
BRDA:140,6,1,0
BRDA:175,7,0,0
BRDA:175,7,1,0
BRDA:183,8,0,0
BRDA:183,8,1,0
BRF:18
BRH:0
end_of_record
TN:
SF:src/pages/resources/logConfig/ConfigDetailComps.tsx
FN:34,(anonymous_0)
FN:46,(anonymous_1)
FN:195,(anonymous_2)
FN:230,(anonymous_3)
FN:265,(anonymous_4)
FN:312,(anonymous_5)
FN:319,(anonymous_6)
FNF:7
FNH:0
FNDA:0,(anonymous_0)
FNDA:0,(anonymous_1)
FNDA:0,(anonymous_2)
FNDA:0,(anonymous_3)
FNDA:0,(anonymous_4)
FNDA:0,(anonymous_5)
FNDA:0,(anonymous_6)
DA:34,1
DA:35,0
DA:36,0
DA:42,0
DA:46,1
DA:49,0
DA:50,0
DA:51,0
DA:196,0
DA:231,0
DA:232,0
DA:265,0
DA:313,0
DA:320,0
LF:14
LH:2
BRDA:35,0,0,0
BRDA:35,0,1,0
BRDA:53,1,0,0
BRDA:53,1,1,0
BRDA:83,2,0,0
BRDA:83,2,1,0
BRDA:93,3,0,0
BRDA:93,3,1,0
BRDA:103,4,0,0
BRDA:103,4,1,0
BRDA:103,4,2,0
BRDA:117,5,0,0
BRDA:117,5,1,0
BRDA:117,5,2,0
BRDA:126,6,0,0
BRDA:126,6,1,0
BRDA:126,6,2,0
BRDA:137,7,0,0
BRDA:137,7,1,0
BRDA:137,7,2,0
BRDA:137,7,3,0
BRDA:137,7,4,0
BRDA:137,7,5,0
BRDA:149,8,0,0
BRDA:149,8,1,0
BRDA:149,8,2,0
BRDA:153,9,0,0
BRDA:153,9,1,0
BRDA:165,10,0,0
BRDA:165,10,1,0
BRDA:165,11,0,0
BRDA:165,11,1,0
BRDA:165,11,2,0
BRDA:165,11,3,0
BRDA:165,11,4,0
BRDA:165,11,5,0
BRDA:165,11,6,0
BRDA:165,11,7,0
BRDA:165,11,8,0
BRDA:208,12,0,0
BRDA:208,12,1,0
BRDA:224,13,0,0
BRDA:224,13,1,0
BRDA:224,13,2,0
BRDA:224,13,3,0
BRDA:224,13,4,0
BRDA:224,13,5,0
BRDA:224,13,6,0
BRDA:231,14,0,0
BRDA:231,14,1,0
BRDA:239,15,0,0
BRDA:239,15,1,0
BRDA:246,16,0,0
BRDA:246,16,1,0
BRDA:246,16,2,0
BRDA:246,16,3,0
BRDA:246,16,4,0
BRDA:246,16,5,0
BRDA:255,17,0,0
BRDA:255,17,1,0
BRDA:259,18,0,0
BRDA:259,18,1,0
BRDA:264,19,0,0
BRDA:264,19,1,0
BRDA:273,20,0,0
BRDA:273,20,1,0
BRDA:273,20,2,0
BRDA:273,20,3,0
BRDA:273,20,4,0
BRDA:286,21,0,0
BRDA:286,21,1,0
BRDA:292,22,0,0
BRDA:292,22,1,0
BRDA:294,23,0,0
BRDA:294,23,1,0
BRDA:318,24,0,0
BRDA:318,24,1,0
BRF:77
BRH:0
end_of_record
TN:
SF:src/pages/resources/logConfig/ConfigEditor.tsx
FN:54,(anonymous_0)
FN:107,(anonymous_1)
FN:114,(anonymous_2)
FN:122,(anonymous_3)
FN:135,(anonymous_4)
FN:141,(anonymous_5)
FN:174,(anonymous_6)
FN:207,(anonymous_7)
FN:232,(anonymous_8)
FN:293,(anonymous_9)
FN:320,(anonymous_10)
FN:322,(anonymous_11)
FN:338,(anonymous_12)
FN:339,(anonymous_13)
FN:354,(anonymous_14)
FN:390,(anonymous_15)
FN:393,(anonymous_16)
FN:395,(anonymous_17)
FN:399,(anonymous_18)
FN:403,(anonymous_19)
FN:421,(anonymous_20)
FN:422,(anonymous_21)
FN:436,(anonymous_22)
FN:445,(anonymous_23)
FN:456,(anonymous_24)
FN:457,(anonymous_25)
FN:461,(anonymous_26)
FN:462,(anonymous_27)
FN:466,(anonymous_28)
FN:467,(anonymous_29)
FN:474,(anonymous_30)
FN:475,(anonymous_31)
FN:479,(anonymous_32)
FN:483,(anonymous_33)
FN:491,(anonymous_34)
FN:495,(anonymous_35)
FN:503,(anonymous_36)
FN:515,(anonymous_37)
FN:523,(anonymous_38)
FN:528,(anonymous_39)
FN:529,(anonymous_40)
FN:533,(anonymous_41)
FN:547,(anonymous_42)
FN:567,(anonymous_43)
FN:580,(anonymous_44)
FNF:45
FNH:0
FNDA:0,(anonymous_0)
FNDA:0,(anonymous_1)
FNDA:0,(anonymous_2)
FNDA:0,(anonymous_3)
FNDA:0,(anonymous_4)
FNDA:0,(anonymous_5)
FNDA:0,(anonymous_6)
FNDA:0,(anonymous_7)
FNDA:0,(anonymous_8)
FNDA:0,(anonymous_9)
FNDA:0,(anonymous_10)
FNDA:0,(anonymous_11)
FNDA:0,(anonymous_12)
FNDA:0,(anonymous_13)
FNDA:0,(anonymous_14)
FNDA:0,(anonymous_15)
FNDA:0,(anonymous_16)
FNDA:0,(anonymous_17)
FNDA:0,(anonymous_18)
FNDA:0,(anonymous_19)
FNDA:0,(anonymous_20)
FNDA:0,(anonymous_21)
FNDA:0,(anonymous_22)
FNDA:0,(anonymous_23)
FNDA:0,(anonymous_24)
FNDA:0,(anonymous_25)
FNDA:0,(anonymous_26)
FNDA:0,(anonymous_27)
FNDA:0,(anonymous_28)
FNDA:0,(anonymous_29)
FNDA:0,(anonymous_30)
FNDA:0,(anonymous_31)
FNDA:0,(anonymous_32)
FNDA:0,(anonymous_33)
FNDA:0,(anonymous_34)
FNDA:0,(anonymous_35)
FNDA:0,(anonymous_36)
FNDA:0,(anonymous_37)
FNDA:0,(anonymous_38)
FNDA:0,(anonymous_39)
FNDA:0,(anonymous_40)
FNDA:0,(anonymous_41)
FNDA:0,(anonymous_42)
FNDA:0,(anonymous_43)
FNDA:0,(anonymous_44)
DA:47,1
DA:54,1
DA:57,0
DA:58,0
DA:59,0
DA:60,0
DA:62,0
DA:81,0
DA:94,0
DA:95,0
DA:96,0
DA:97,0
DA:98,0
DA:100,0
DA:102,0
DA:103,0
DA:105,0
DA:107,0
DA:108,0
DA:114,0
DA:115,0
DA:122,0
DA:123,0
DA:124,0
DA:127,0
DA:131,0
DA:135,0
DA:136,0
DA:137,0
DA:141,0
DA:142,0
DA:143,0
DA:144,0
DA:145,0
DA:147,0
DA:148,0
DA:153,0
DA:157,0
DA:158,0
DA:159,0
DA:160,0
DA:164,0
DA:169,0
DA:171,0
DA:174,0
DA:175,0
DA:179,0
DA:180,0
DA:182,0
DA:183,0
DA:184,0
DA:187,0
DA:188,0
DA:193,0
DA:197,0
DA:198,0
DA:201,0
DA:202,0
DA:204,0
DA:207,0
DA:208,0
DA:212,0
DA:215,0
DA:216,0
DA:217,0
DA:220,0
DA:221,0
DA:222,0
DA:225,0
DA:226,0
DA:229,0
DA:232,0
DA:233,0
DA:234,0
DA:237,0
DA:239,0
DA:243,0
DA:244,0
DA:246,0
DA:249,0
DA:253,0
DA:256,0
DA:261,0
DA:262,0
DA:263,0
DA:266,0
DA:269,0
DA:270,0
DA:271,0
DA:272,0
DA:276,0
DA:278,0
DA:282,0
DA:284,0
DA:285,0
DA:287,0
DA:288,0
DA:289,0
DA:293,0
DA:294,0
DA:295,0
DA:296,0
DA:300,0
DA:301,0
DA:302,0
DA:307,0
DA:308,0
DA:309,0
DA:311,0
DA:312,0
DA:314,0
DA:315,0
DA:316,0
DA:320,0
DA:321,0
DA:322,0
DA:323,0
DA:333,0
DA:335,0
DA:338,0
DA:339,0
DA:340,0
DA:342,0
DA:346,0
DA:350,0
DA:354,0
DA:355,0
DA:356,0
DA:360,0
DA:391,0
DA:394,0
DA:395,0
DA:396,0
DA:400,0
DA:401,0
DA:402,0
DA:403,0
DA:404,0
DA:422,0
DA:423,0
DA:437,0
DA:438,0
DA:439,0
DA:440,0
DA:441,0
DA:442,0
DA:445,0
DA:446,0
DA:457,0
DA:458,0
DA:462,0
DA:463,0
DA:467,0
DA:468,0
DA:475,0
DA:476,0
DA:480,0
DA:481,0
DA:483,0
DA:484,0
DA:492,0
DA:495,0
DA:496,0
DA:504,0
DA:509,0
DA:510,0
DA:512,0
DA:514,0
DA:515,0
DA:516,0
DA:523,0
DA:524,0
DA:529,0
DA:530,0
DA:534,0
DA:536,0
DA:537,0
DA:541,0
DA:542,0
DA:544,0
DA:547,0
DA:548,0
DA:568,0
DA:569,0
DA:571,0
DA:581,0
LF:186
LH:2
BRDA:88,0,0,0
BRDA:88,0,1,0
BRDA:109,1,0,0
BRDA:109,1,1,0
BRDA:116,2,0,0
BRDA:116,2,1,0
BRDA:116,2,2,0
BRDA:123,3,0,0
BRDA:123,3,1,0
BRDA:123,4,0,0
BRDA:123,4,1,0
BRDA:124,5,0,0
BRDA:124,5,1,0
BRDA:127,6,0,0
BRDA:127,6,1,0
BRDA:128,7,0,0
BRDA:128,7,1,0
BRDA:129,8,0,0
BRDA:129,8,1,0
BRDA:131,9,0,0
BRDA:131,9,1,0
BRDA:136,10,0,0
BRDA:136,10,1,0
BRDA:137,11,0,0
BRDA:137,11,1,0
BRDA:142,12,0,0
BRDA:142,12,1,0
BRDA:143,13,0,0
BRDA:143,13,1,0
BRDA:147,14,0,0
BRDA:147,14,1,0
BRDA:149,15,0,0
BRDA:149,15,1,0
BRDA:150,16,0,0
BRDA:150,16,1,0
BRDA:157,17,0,0
BRDA:157,17,1,0
BRDA:158,18,0,0
BRDA:158,18,1,0
BRDA:164,19,0,0
BRDA:164,19,1,0
BRDA:165,20,0,0
BRDA:165,20,1,0
BRDA:165,20,2,0
BRDA:175,21,0,0
BRDA:175,21,1,0
BRDA:176,22,0,0
BRDA:176,22,1,0
BRDA:179,23,0,0
BRDA:179,23,1,0
BRDA:179,24,0,0
BRDA:179,24,1,0
BRDA:182,25,0,0
BRDA:182,25,1,0
BRDA:187,26,0,0
BRDA:187,26,1,0
BRDA:187,27,0,0
BRDA:187,27,1,0
BRDA:189,28,0,0
BRDA:189,28,1,0
BRDA:190,29,0,0
BRDA:190,29,1,0
BRDA:197,30,0,0
BRDA:197,30,1,0
BRDA:201,31,0,0
BRDA:201,31,1,0
BRDA:208,32,0,0
BRDA:208,32,1,0
BRDA:209,33,0,0
BRDA:209,33,1,0
BRDA:215,34,0,0
BRDA:215,34,1,0
BRDA:220,35,0,0
BRDA:220,35,1,0
BRDA:225,36,0,0
BRDA:225,36,1,0
BRDA:233,37,0,0
BRDA:233,37,1,0
BRDA:239,38,0,0
BRDA:239,38,1,0
BRDA:240,39,0,0
BRDA:240,39,1,0
BRDA:243,40,0,0
BRDA:243,40,1,0
BRDA:249,41,0,0
BRDA:249,41,1,0
BRDA:250,42,0,0
BRDA:250,42,1,0
BRDA:261,43,0,0
BRDA:261,43,1,0
BRDA:262,44,0,0
BRDA:262,44,1,0
BRDA:271,45,0,0
BRDA:271,45,1,0
BRDA:301,46,0,0
BRDA:301,46,1,0
BRDA:308,47,0,0
BRDA:308,47,1,0
BRDA:308,48,0,0
BRDA:308,48,1,0
BRDA:340,49,0,0
BRDA:340,49,1,0
BRDA:346,50,0,0
BRDA:346,50,1,0
BRDA:347,51,0,0
BRDA:347,51,1,0
BRDA:355,52,0,0
BRDA:355,52,1,0
BRDA:368,53,0,0
BRDA:368,53,1,0
BRDA:372,54,0,0
BRDA:372,54,1,0
BRDA:372,55,0,0
BRDA:372,55,1,0
BRDA:408,56,0,0
BRDA:408,56,1,0
BRDA:428,57,0,0
BRDA:428,57,1,0
BRDA:439,58,0,0
BRDA:439,58,1,0
BRDA:441,59,0,0
BRDA:441,59,1,0
BRDA:480,60,0,0
BRDA:480,60,1,0
BRDA:504,61,0,0
BRDA:504,61,1,0
BRDA:505,62,0,0
BRDA:505,62,1,0
BRDA:509,63,0,0
BRDA:509,63,1,0
BRDA:537,64,0,0
BRDA:537,64,1,0
BRDA:538,65,0,0
BRDA:538,65,1,0
BRDA:541,66,0,0
BRDA:541,66,1,0
BRDA:551,67,0,0
BRDA:551,67,1,0
BRDA:551,68,0,0
BRDA:551,68,1,0
BRDA:557,69,0,0
BRDA:557,69,1,0
BRDA:568,70,0,0
BRDA:568,70,1,0
BRDA:584,71,0,0
BRDA:584,71,1,0
BRF:146
BRH:0
end_of_record
TN:
SF:src/pages/resources/logConfig/CreateLogConfig.tsx
FN:21,(anonymous_0)
FNF:1
FNH:0
FNDA:0,(anonymous_0)
DA:21,1
DA:22,0
DA:23,0
DA:32,0
LF:4
LH:1
BRF:0
BRH:0
end_of_record
TN:
SF:src/pages/resources/logConfig/EditLogConfig.tsx
FN:20,(anonymous_0)
FNF:1
FNH:0
FNDA:0,(anonymous_0)
DA:20,1
DA:21,0
LF:2
LH:1
BRF:0
BRH:0
end_of_record
TN:
SF:src/pages/resources/logConfig/FieldDisplay.tsx
FN:25,(anonymous_0)
FN:35,(anonymous_1)
FNF:2
FNH:0
FNDA:0,(anonymous_0)
FNDA:0,(anonymous_1)
DA:25,1
DA:28,0
DA:29,0
DA:30,0
DA:36,0
DA:41,0
LF:6
LH:1
BRDA:29,0,0,0
BRDA:29,0,1,0
BRF:2
BRH:0
end_of_record
TN:
SF:src/pages/resources/logConfig/JSONSpecView.tsx
FN:55,schemaToTree
FN:65,(anonymous_1)
FN:74,(anonymous_2)
FN:84,(anonymous_3)
FN:90,(anonymous_4)
FN:129,(anonymous_5)
FN:140,(anonymous_6)
FN:165,(anonymous_7)
FNF:8
FNH:0
FNDA:0,schemaToTree
FNDA:0,(anonymous_1)
FNDA:0,(anonymous_2)
FNDA:0,(anonymous_3)
FNDA:0,(anonymous_4)
FNDA:0,(anonymous_5)
FNDA:0,(anonymous_6)
FNDA:0,(anonymous_7)
DA:56,0
DA:64,0
DA:65,0
DA:66,0
DA:72,0
DA:73,0
DA:74,0
DA:75,0
DA:78,0
DA:81,0
DA:84,1
DA:85,0
DA:86,0
DA:90,0
DA:91,0
DA:92,0
DA:95,0
DA:130,0
DA:140,1
DA:143,0
DA:144,0
DA:145,0
DA:146,0
DA:148,0
DA:149,0
DA:150,0
DA:152,0
DA:153,0
DA:166,0
LF:29
LH:2
BRDA:55,0,0,0
BRDA:60,1,0,0
BRDA:60,1,1,0
BRDA:64,2,0,0
BRDA:64,2,1,0
BRDA:64,3,0,0
BRDA:64,3,1,0
BRDA:68,4,0,0
BRDA:68,4,1,0
BRDA:72,5,0,0
BRDA:72,5,1,0
BRDA:72,6,0,0
BRDA:72,6,1,0
BRDA:73,7,0,0
BRDA:73,7,1,0
BRDA:96,8,0,0
BRDA:96,8,1,0
BRDA:100,9,0,0
BRDA:100,9,1,0
BRDA:108,10,0,0
BRDA:108,10,1,0
BRDA:125,11,0,0
BRDA:125,11,1,0
BRDA:128,12,0,0
BRDA:128,12,1,0
BRDA:145,13,0,0
BRDA:145,13,1,0
BRDA:145,14,0,0
BRDA:145,14,1,0
BRDA:148,15,0,0
BRDA:148,15,1,0
BRF:31
BRH:0
end_of_record
TN:
SF:src/pages/resources/logConfig/LogConfig.tsx
FN:37,(anonymous_0)
FN:57,(anonymous_1)
FN:77,(anonymous_2)
FN:82,(anonymous_3)
FN:88,(anonymous_4)
FN:105,(anonymous_5)
FN:110,(anonymous_6)
FN:115,(anonymous_7)
FN:129,(anonymous_8)
FN:146,(anonymous_9)
FN:156,(anonymous_10)
FN:161,(anonymous_11)
FN:169,(anonymous_12)
FN:180,(anonymous_13)
FN:192,(anonymous_14)
FN:200,(anonymous_15)
FN:208,(anonymous_16)
FN:231,(anonymous_17)
FN:239,(anonymous_18)
FN:248,(anonymous_19)
FNF:20
FNH:0
FNDA:0,(anonymous_0)
FNDA:0,(anonymous_1)
FNDA:0,(anonymous_2)
FNDA:0,(anonymous_3)
FNDA:0,(anonymous_4)
FNDA:0,(anonymous_5)
FNDA:0,(anonymous_6)
FNDA:0,(anonymous_7)
FNDA:0,(anonymous_8)
FNDA:0,(anonymous_9)
FNDA:0,(anonymous_10)
FNDA:0,(anonymous_11)
FNDA:0,(anonymous_12)
FNDA:0,(anonymous_13)
FNDA:0,(anonymous_14)
FNDA:0,(anonymous_15)
FNDA:0,(anonymous_16)
FNDA:0,(anonymous_17)
FNDA:0,(anonymous_18)
FNDA:0,(anonymous_19)
DA:35,1
DA:37,1
DA:38,0
DA:39,0
DA:44,0
DA:45,0
DA:46,0
DA:47,0
DA:48,0
DA:49,0
DA:50,0
DA:51,0
DA:52,0
DA:53,0
DA:54,0
DA:57,0
DA:58,0
DA:59,0
DA:60,0
DA:61,0
DA:62,0
DA:66,0
DA:68,0
DA:69,0
DA:70,0
DA:71,0
DA:73,0
DA:77,0
DA:78,0
DA:82,0
DA:83,0
DA:84,0
DA:88,0
DA:89,0
DA:90,0
DA:91,0
DA:94,0
DA:95,0
DA:96,0
DA:97,0
DA:99,0
DA:100,0
DA:105,0
DA:106,0
DA:110,0
DA:111,0
DA:115,0
DA:116,0
DA:117,0
DA:118,0
DA:120,0
DA:122,0
DA:123,0
DA:125,0
DA:129,0
DA:130,0
DA:135,0
DA:147,0
DA:148,0
DA:156,0
DA:162,0
DA:170,0
DA:181,0
DA:182,0
DA:184,0
DA:193,0
DA:201,0
DA:209,0
DA:232,0
DA:240,0
DA:249,0
LF:71
LH:2
BRDA:117,0,0,0
BRDA:117,0,1,0
BRDA:122,1,0,0
BRDA:122,1,1,0
BRDA:170,2,0,0
BRDA:170,2,1,0
BRDA:181,3,0,0
BRDA:181,3,1,0
BRF:8
BRH:0
end_of_record
TN:
SF:src/reducer/appReducer.ts
FN:168,(anonymous_0)
FNF:1
FNH:0
FNDA:0,(anonymous_0)
DA:73,7
DA:121,7
DA:168,7
DA:169,0
DA:171,0
DA:173,0
DA:175,0
DA:177,0
DA:179,0
DA:181,0
DA:183,0
DA:185,0
DA:187,0
DA:189,0
DA:191,0
LF:15
LH:3
BRDA:127,0,0,0
BRDA:127,0,1,7
BRDA:168,1,0,0
BRDA:169,2,0,0
BRDA:169,2,1,0
BRDA:169,2,2,0
BRDA:169,2,3,0
BRDA:169,2,4,0
BRDA:169,2,5,0
BRDA:169,2,6,0
BRDA:169,2,7,0
BRDA:169,2,8,0
BRDA:169,2,9,0
BRDA:169,2,10,0
BRF:14
BRH:1
end_of_record
TN:
SF:src/reducer/createAlarm.ts
FN:111,(anonymous_0)
FN:123,(anonymous_1)
FN:135,(anonymous_2)
FN:147,(anonymous_3)
FN:152,(anonymous_4)
FNF:5
FNH:0
FNDA:0,(anonymous_0)
FNDA:0,(anonymous_1)
FNDA:0,(anonymous_2)
FNDA:0,(anonymous_3)
FNDA:0,(anonymous_4)
DA:36,1
DA:111,1
DA:112,0
DA:116,0
DA:117,0
DA:120,0
DA:123,1
DA:124,0
DA:128,0
DA:129,0
DA:132,0
DA:135,1
DA:136,0
DA:140,0
DA:141,0
DA:144,0
DA:147,1
DA:148,0
DA:152,1
DA:156,0
DA:158,0
DA:169,0
DA:184,0
DA:195,0
DA:200,0
DA:205,0
DA:210,0
DA:215,0
DA:217,0
DA:224,0
LF:30
LH:6
BRDA:112,0,0,0
BRDA:112,0,1,0
BRDA:113,1,0,0
BRDA:113,1,1,0
BRDA:116,2,0,0
BRDA:116,2,1,0
BRDA:116,3,0,0
BRDA:116,3,1,0
BRDA:124,4,0,0
BRDA:124,4,1,0
BRDA:125,5,0,0
BRDA:125,5,1,0
BRDA:128,6,0,0
BRDA:128,6,1,0
BRDA:136,7,0,0
BRDA:136,7,1,0
BRDA:137,8,0,0
BRDA:137,8,1,0
BRDA:140,9,0,0
BRDA:140,9,1,0
BRDA:140,10,0,0
BRDA:140,10,1,0
BRDA:148,11,0,0
BRDA:148,11,1,0
BRDA:148,11,2,0
BRDA:153,12,0,0
BRDA:156,13,0,0
BRDA:156,13,1,0
BRDA:156,13,2,0
BRDA:156,13,3,0
BRDA:156,13,4,0
BRDA:156,13,5,0
BRDA:156,13,6,0
BRDA:156,13,7,0
BRDA:156,13,8,0
BRDA:156,13,9,0
BRDA:163,14,0,0
BRDA:163,14,1,0
BRDA:190,15,0,0
BRDA:190,15,1,0
BRDA:191,16,0,0
BRDA:191,16,1,0
BRF:42
BRH:0
end_of_record
TN:
SF:src/reducer/createLightEngine.ts
FN:156,(anonymous_0)
FN:164,(anonymous_1)
FN:174,(anonymous_2)
FN:180,(anonymous_3)
FN:194,(anonymous_4)
FN:205,(anonymous_5)
FN:214,(anonymous_6)
FN:229,(anonymous_7)
FN:231,(anonymous_8)
FN:247,(anonymous_9)
FNF:10
FNH:0
FNDA:0,(anonymous_0)
FNDA:0,(anonymous_1)
FNDA:0,(anonymous_2)
FNDA:0,(anonymous_3)
FNDA:0,(anonymous_4)
FNDA:0,(anonymous_5)
FNDA:0,(anonymous_6)
FNDA:0,(anonymous_7)
FNDA:0,(anonymous_8)
FNDA:0,(anonymous_9)
DA:34,1
DA:58,1
DA:155,1
DA:156,0
DA:160,1
DA:162,1
DA:164,0
DA:166,1
DA:169,1
DA:173,1
DA:175,0
DA:179,1
DA:181,0
DA:185,1
DA:190,1
DA:195,0
DA:201,1
DA:206,0
DA:213,1
DA:218,0
DA:219,0
DA:221,0
DA:225,0
DA:227,0
DA:229,0
DA:231,1
DA:235,0
DA:247,1
DA:251,0
DA:253,0
DA:258,0
DA:266,0
DA:272,0
DA:278,0
DA:284,0
DA:290,0
DA:299,0
DA:308,0
DA:317,0
DA:326,0
DA:354,0
DA:356,0
LF:42
LH:15
BRDA:156,0,0,0
BRDA:156,0,1,0
BRDA:195,1,0,0
BRDA:195,1,1,0
BRDA:195,1,2,0
BRDA:206,2,0,0
BRDA:206,2,1,0
BRDA:206,2,2,0
BRDA:218,3,0,0
BRDA:218,3,1,0
BRDA:221,4,0,0
BRDA:221,4,1,0
BRDA:222,5,0,0
BRDA:222,5,1,0
BRDA:235,6,0,0
BRDA:235,6,1,0
BRDA:235,6,2,0
BRDA:235,6,3,0
BRDA:235,6,4,0
BRDA:235,6,5,0
BRDA:235,6,6,0
BRDA:235,6,7,0
BRDA:235,7,0,0
BRDA:235,7,1,0
BRDA:236,8,0,0
BRDA:236,8,1,0
BRDA:236,9,0,0
BRDA:236,9,1,0
BRDA:239,10,0,0
BRDA:239,10,1,0
BRDA:248,11,0,0
BRDA:251,12,0,0
BRDA:251,12,1,0
BRDA:251,12,2,0
BRDA:251,12,3,0
BRDA:251,12,4,0
BRDA:251,12,5,0
BRDA:251,12,6,0
BRDA:251,12,7,0
BRDA:251,12,8,0
BRDA:251,12,9,0
BRDA:251,12,10,0
BRDA:251,12,11,0
BRDA:251,12,12,0
BRDA:261,13,0,0
BRDA:261,13,1,0
BRDA:328,14,0,0
BRDA:328,14,1,0
BRDA:332,15,0,0
BRDA:332,15,1,0
BRF:50
BRH:0
end_of_record
TN:
SF:src/reducer/createTags.ts
FN:54,(anonymous_0)
FNF:1
FNH:0
FNDA:0,(anonymous_0)
DA:19,1
DA:54,1
DA:58,0
DA:60,0
DA:71,0
DA:79,0
DA:91,0
DA:93,0
LF:8
LH:2
BRDA:55,0,0,0
BRDA:58,1,0,0
BRDA:58,1,1,0
BRDA:58,1,2,0
BRDA:58,1,3,0
BRDA:58,1,4,0
BRF:6
BRH:0
end_of_record
TN:
SF:src/reducer/grafana.ts
FN:93,(anonymous_0)
FN:107,(anonymous_1)
FN:111,(anonymous_2)
FN:115,(anonymous_3)
FN:122,(anonymous_4)
FN:127,(anonymous_5)
FN:132,(anonymous_6)
FN:137,(anonymous_7)
FN:142,(anonymous_8)
FN:145,(anonymous_9)
FN:149,(anonymous_10)
FN:150,(anonymous_11)
FN:155,(anonymous_12)
FN:163,(anonymous_13)
FNF:14
FNH:0
FNDA:0,(anonymous_0)
FNDA:0,(anonymous_1)
FNDA:0,(anonymous_2)
FNDA:0,(anonymous_3)
FNDA:0,(anonymous_4)
FNDA:0,(anonymous_5)
FNDA:0,(anonymous_6)
FNDA:0,(anonymous_7)
FNDA:0,(anonymous_8)
FNDA:0,(anonymous_9)
FNDA:0,(anonymous_10)
FNDA:0,(anonymous_11)
FNDA:0,(anonymous_12)
FNDA:0,(anonymous_13)
DA:65,1
DA:82,1
DA:91,1
DA:94,0
DA:95,0
DA:101,0
DA:102,0
DA:106,1
DA:107,0
DA:110,1
DA:111,0
DA:114,1
DA:115,0
DA:118,1
DA:123,0
DA:124,0
DA:125,0
DA:128,0
DA:129,0
DA:130,0
DA:133,0
DA:134,0
DA:135,0
DA:138,0
DA:139,0
DA:140,0
DA:143,0
DA:146,0
DA:150,0
DA:151,0
DA:153,0
DA:154,0
DA:155,0
DA:157,0
DA:158,0
DA:161,0
DA:163,0
DA:164,0
DA:165,0
DA:166,0
DA:168,0
LF:41
LH:7
BRDA:151,0,0,0
BRDA:151,0,1,0
BRDA:157,1,0,0
BRDA:157,1,1,0
BRDA:158,2,0,0
BRDA:158,2,1,0
BRF:6
BRH:0
end_of_record
TN:
SF:src/reducer/reducers.ts
FNF:0
FNH:0
DA:43,0
DA:68,0
LF:2
LH:0
BRF:0
BRH:0
end_of_record
TN:
SF:src/reducer/selectProcessor.ts
FN:115,(anonymous_0)
FN:125,(anonymous_1)
FN:137,(anonymous_2)
FN:140,(anonymous_3)
FNF:4
FNH:0
FNDA:0,(anonymous_0)
FNDA:0,(anonymous_1)
FNDA:0,(anonymous_2)
FNDA:0,(anonymous_3)
DA:38,2
DA:49,2
DA:115,2
DA:116,0
DA:120,0
DA:122,0
DA:125,2
DA:126,0
DA:132,0
DA:134,0
DA:137,2
DA:138,0
DA:140,2
DA:144,0
DA:146,0
DA:151,0
DA:157,0
DA:163,0
DA:169,0
DA:175,0
DA:180,0
DA:182,0
LF:22
LH:6
BRDA:116,0,0,0
BRDA:116,0,1,0
BRDA:117,1,0,0
BRDA:117,1,1,0
BRDA:117,1,2,0
BRDA:126,2,0,0
BRDA:126,2,1,0
BRDA:127,3,0,0
BRDA:127,3,1,0
BRDA:127,3,2,0
BRDA:127,3,3,0
BRDA:138,4,0,0
BRDA:138,4,1,0
BRDA:141,5,0,0
BRDA:144,6,0,0
BRDA:144,6,1,0
BRDA:144,6,2,0
BRDA:144,6,3,0
BRDA:144,6,4,0
BRDA:144,6,5,0
BRDA:144,6,6,0
BRDA:144,6,7,0
BRF:22
BRH:0
end_of_record
TN:
SF:src/reducer/store.tsx
FN:21,(anonymous_0)
FNF:1
FNH:0
FNDA:0,(anonymous_0)
DA:19,0
DA:21,0
LF:2
LH:0
BRF:0
BRH:0
end_of_record
TN:
SF:src/router/AmplifyAppRouter.tsx
FN:27,(anonymous_0)
FN:31,(anonymous_1)
FN:37,(anonymous_2)
FN:44,(anonymous_3)
FN:49,(anonymous_4)
FN:54,(anonymous_5)
FN:57,(anonymous_6)
FN:64,(anonymous_7)
FN:68,(anonymous_8)
FNF:9
FNH:4
FNDA:3,(anonymous_0)
FNDA:0,(anonymous_1)
FNDA:0,(anonymous_2)
FNDA:0,(anonymous_3)
FNDA:0,(anonymous_4)
FNDA:3,(anonymous_5)
FNDA:1,(anonymous_6)
FNDA:1,(anonymous_7)
FNDA:0,(anonymous_8)
DA:27,1
DA:28,3
DA:30,3
DA:31,3
DA:32,0
DA:33,0
DA:34,0
DA:36,0
DA:38,0
DA:42,0
DA:45,0
DA:49,3
DA:50,0
DA:51,0
DA:54,3
DA:55,3
DA:56,2
DA:58,1
DA:62,1
DA:65,1
DA:68,3
DA:69,0
DA:70,0
DA:77,3
LF:24
LH:13
BRDA:32,0,0,0
BRDA:32,0,1,0
BRDA:55,1,0,2
BRDA:55,1,1,1
BRDA:77,2,0,1
BRDA:77,2,1,2
BRF:6
BRH:4
end_of_record
TN:
SF:src/router/AmplifyLoginPage.tsx
FN:22,(anonymous_0)
FN:30,(anonymous_1)
FNF:2
FNH:1
FNDA:0,(anonymous_0)
FNDA:1,(anonymous_1)
DA:21,1
DA:23,0
DA:24,0
DA:30,1
DA:31,1
DA:32,1
LF:6
LH:4
BRDA:40,0,0,1
BRDA:40,0,1,0
BRDA:41,1,0,1
BRDA:41,1,1,0
BRDA:45,2,0,1
BRDA:45,2,1,0
BRDA:46,3,0,1
BRDA:46,3,1,0
BRF:8
BRH:4
end_of_record
TN:
SF:src/router/OIDCAppRouter.tsx
FN:28,(anonymous_0)
FN:33,(anonymous_1)
FN:34,(anonymous_2)
FN:63,(anonymous_3)
FN:80,(anonymous_4)
FNF:5
FNH:3
FNDA:3,(anonymous_0)
FNDA:3,(anonymous_1)
FNDA:0,(anonymous_2)
FNDA:0,(anonymous_3)
FNDA:1,(anonymous_4)
DA:28,1
DA:29,3
DA:30,3
DA:31,3
DA:33,3
DA:34,3
DA:35,0
DA:39,3
DA:40,1
DA:47,2
DA:48,1
DA:49,0
DA:50,0
DA:52,1
DA:55,1
DA:56,0
DA:60,0
DA:64,0
DA:71,1
DA:81,1
LF:20
LH:14
BRDA:39,0,0,1
BRDA:39,0,1,2
BRDA:47,1,0,1
BRDA:47,1,1,1
BRDA:48,2,0,0
BRDA:48,2,1,1
BRDA:55,3,0,0
BRDA:55,3,1,1
BRF:8
BRH:6
end_of_record
TN:
SF:src/router/SignedInApp.tsx
FN:25,(anonymous_0)
FNF:1
FNH:1
FNDA:3,(anonymous_0)
DA:25,2
DA:26,3
LF:2
LH:2
BRF:0
BRH:0
end_of_record
TN:
SF:src/types/index.ts
FNF:0
FNH:0
DA:72,3
DA:83,3
DA:90,3
DA:97,3
DA:104,3
DA:117,3
DA:128,3
DA:145,3
DA:155,3
DA:165,3
DA:181,3
DA:193,3
LF:12
LH:12
BRF:0
BRH:0
end_of_record
